[2024-10-09T08:13:47.363+0000] {local_task_job_runner.py:120} INFO - ::group::Pre task execution logs
[2024-10-09T08:13:47.396+0000] {taskinstance.py:2076} INFO - Dependencies all met for dep_context=non-requeueable deps ti=<TaskInstance: dag_ETL_JsonData.Create_Insert_Query manual__2024-10-09T08:13:36.624784+00:00 [queued]>
[2024-10-09T08:13:47.408+0000] {taskinstance.py:2076} INFO - Dependencies all met for dep_context=requeueable deps ti=<TaskInstance: dag_ETL_JsonData.Create_Insert_Query manual__2024-10-09T08:13:36.624784+00:00 [queued]>
[2024-10-09T08:13:47.409+0000] {taskinstance.py:2306} INFO - Starting attempt 1 of 6
[2024-10-09T08:13:47.425+0000] {taskinstance.py:2330} INFO - Executing <Task(PythonOperator): Create_Insert_Query> on 2024-10-09 08:13:36.624784+00:00
[2024-10-09T08:13:47.435+0000] {standard_task_runner.py:90} INFO - Running: ['***', 'tasks', 'run', 'dag_ETL_JsonData', 'Create_Insert_Query', 'manual__2024-10-09T08:13:36.624784+00:00', '--job-id', '733', '--raw', '--subdir', 'DAGS_FOLDER/ETLProject/main.py', '--cfg-path', '/tmp/tmp2rwow1xo']
[2024-10-09T08:13:47.436+0000] {logging_mixin.py:188} WARNING - /home/***/.local/lib/python3.12/site-packages/***/task/task_runner/standard_task_runner.py:61 DeprecationWarning: This process (pid=13616) is multi-threaded, use of fork() may lead to deadlocks in the child.
[2024-10-09T08:13:47.438+0000] {standard_task_runner.py:63} INFO - Started process 13618 to run task
[2024-10-09T08:13:47.437+0000] {standard_task_runner.py:91} INFO - Job 733: Subtask Create_Insert_Query
[2024-10-09T08:13:47.491+0000] {task_command.py:426} INFO - Running <TaskInstance: dag_ETL_JsonData.Create_Insert_Query manual__2024-10-09T08:13:36.624784+00:00 [running]> on host ecb02e117702
[2024-10-09T08:13:47.589+0000] {taskinstance.py:2648} INFO - Exporting env vars: AIRFLOW_CTX_DAG_OWNER='admin' AIRFLOW_CTX_DAG_ID='dag_ETL_JsonData' AIRFLOW_CTX_TASK_ID='Create_Insert_Query' AIRFLOW_CTX_EXECUTION_DATE='2024-10-09T08:13:36.624784+00:00' AIRFLOW_CTX_TRY_NUMBER='1' AIRFLOW_CTX_DAG_RUN_ID='manual__2024-10-09T08:13:36.624784+00:00'
[2024-10-09T08:13:47.590+0000] {taskinstance.py:430} INFO - ::endgroup::
[2024-10-09T08:13:47.652+0000] {logging_mixin.py:188} INFO - Insert các cột:  ['date', 'track_id', 'page_id', 'search_term', 'block_id', 'region', 'platform', 'max_position', 'count_event']
[2024-10-09T08:13:47.653+0000] {logging_mixin.py:188} INFO - Table:  test1
[2024-10-09T08:13:47.666+0000] {logging_mixin.py:188} INFO - Đã insert dữ liệu thành công
[2024-10-09T08:13:47.685+0000] {python.py:237} INFO - Done. Returned value was: None
[2024-10-09T08:13:47.686+0000] {taskinstance.py:441} INFO - ::group::Post task execution logs
[2024-10-09T08:13:47.697+0000] {taskinstance.py:1206} INFO - Marking task as SUCCESS. dag_id=dag_ETL_JsonData, task_id=Create_Insert_Query, run_id=manual__2024-10-09T08:13:36.624784+00:00, execution_date=20241009T081336, start_date=20241009T081347, end_date=20241009T081347
[2024-10-09T08:13:47.733+0000] {local_task_job_runner.py:240} INFO - Task exited with return code 0
[2024-10-09T08:13:47.752+0000] {taskinstance.py:3498} INFO - 0 downstream tasks scheduled from follow-on schedule check
[2024-10-09T08:13:47.756+0000] {local_task_job_runner.py:222} INFO - ::endgroup::
