[2024-10-10T02:13:14.889+0000] {local_task_job_runner.py:120} INFO - ::group::Pre task execution logs
[2024-10-10T02:13:14.973+0000] {taskinstance.py:2076} INFO - Dependencies all met for dep_context=non-requeueable deps ti=<TaskInstance: dag_ETL_JsonData.Load_Data scheduled__2024-10-09T00:00:00+00:00 [queued]>
[2024-10-10T02:13:15.006+0000] {taskinstance.py:2076} INFO - Dependencies all met for dep_context=requeueable deps ti=<TaskInstance: dag_ETL_JsonData.Load_Data scheduled__2024-10-09T00:00:00+00:00 [queued]>
[2024-10-10T02:13:15.008+0000] {taskinstance.py:2306} INFO - Starting attempt 1 of 6
[2024-10-10T02:13:15.065+0000] {taskinstance.py:2330} INFO - Executing <Task(PythonOperator): Load_Data> on 2024-10-09 00:00:00+00:00
[2024-10-10T02:13:15.090+0000] {logging_mixin.py:188} WARNING - /home/***/.local/lib/python3.12/site-packages/***/task/task_runner/standard_task_runner.py:61 DeprecationWarning: This process (pid=190) is multi-threaded, use of fork() may lead to deadlocks in the child.
[2024-10-10T02:13:15.095+0000] {standard_task_runner.py:90} INFO - Running: ['***', 'tasks', 'run', 'dag_ETL_JsonData', 'Load_Data', 'scheduled__2024-10-09T00:00:00+00:00', '--job-id', '874', '--raw', '--subdir', 'DAGS_FOLDER/ETLProject/main.py', '--cfg-path', '/tmp/tmplz8s5tu2']
[2024-10-10T02:13:15.103+0000] {standard_task_runner.py:91} INFO - Job 874: Subtask Load_Data
[2024-10-10T02:13:15.102+0000] {standard_task_runner.py:63} INFO - Started process 226 to run task
[2024-10-10T02:13:15.239+0000] {task_command.py:426} INFO - Running <TaskInstance: dag_ETL_JsonData.Load_Data scheduled__2024-10-09T00:00:00+00:00 [running]> on host ecb02e117702
[2024-10-10T02:13:15.466+0000] {taskinstance.py:2648} INFO - Exporting env vars: AIRFLOW_CTX_DAG_OWNER='admin' AIRFLOW_CTX_DAG_ID='dag_ETL_JsonData' AIRFLOW_CTX_TASK_ID='Load_Data' AIRFLOW_CTX_EXECUTION_DATE='2024-10-09T00:00:00+00:00' AIRFLOW_CTX_TRY_NUMBER='1' AIRFLOW_CTX_DAG_RUN_ID='scheduled__2024-10-09T00:00:00+00:00'
[2024-10-10T02:13:15.467+0000] {taskinstance.py:430} INFO - ::endgroup::
[2024-10-10T02:13:15.555+0000] {logging_mixin.py:188} INFO - Kh么ng c贸 data
[2024-10-10T02:13:15.556+0000] {python.py:237} INFO - Done. Returned value was: None
[2024-10-10T02:13:15.557+0000] {taskinstance.py:441} INFO - ::group::Post task execution logs
[2024-10-10T02:13:15.573+0000] {taskinstance.py:1206} INFO - Marking task as SUCCESS. dag_id=dag_ETL_JsonData, task_id=Load_Data, run_id=scheduled__2024-10-09T00:00:00+00:00, execution_date=20241009T000000, start_date=20241010T021314, end_date=20241010T021315
[2024-10-10T02:13:15.648+0000] {local_task_job_runner.py:240} INFO - Task exited with return code 0
[2024-10-10T02:13:15.675+0000] {local_task_job_runner.py:222} INFO - ::endgroup::
[2024-10-10T04:05:07.044+0000] {local_task_job_runner.py:120} INFO - ::group::Pre task execution logs
[2024-10-10T04:05:07.106+0000] {taskinstance.py:2076} INFO - Dependencies all met for dep_context=non-requeueable deps ti=<TaskInstance: dag_ETL_JsonData.Load_Data scheduled__2024-10-09T00:00:00+00:00 [queued]>
[2024-10-10T04:05:07.123+0000] {taskinstance.py:2076} INFO - Dependencies all met for dep_context=requeueable deps ti=<TaskInstance: dag_ETL_JsonData.Load_Data scheduled__2024-10-09T00:00:00+00:00 [queued]>
[2024-10-10T04:05:07.125+0000] {taskinstance.py:2306} INFO - Starting attempt 1 of 6
[2024-10-10T04:05:07.149+0000] {taskinstance.py:2330} INFO - Executing <Task(PythonOperator): Load_Data> on 2024-10-09 00:00:00+00:00
[2024-10-10T04:05:07.179+0000] {standard_task_runner.py:90} INFO - Running: ['***', 'tasks', 'run', 'dag_ETL_JsonData', 'Load_Data', 'scheduled__2024-10-09T00:00:00+00:00', '--job-id', '994', '--raw', '--subdir', 'DAGS_FOLDER/ETLProject/main.py', '--cfg-path', '/tmp/tmpltx5v7o9']
[2024-10-10T04:05:07.185+0000] {standard_task_runner.py:91} INFO - Job 994: Subtask Load_Data
[2024-10-10T04:05:07.235+0000] {logging_mixin.py:188} WARNING - /home/***/.local/lib/python3.12/site-packages/***/task/task_runner/standard_task_runner.py:61 DeprecationWarning: This process (pid=6553) is multi-threaded, use of fork() may lead to deadlocks in the child.
[2024-10-10T04:05:07.236+0000] {standard_task_runner.py:63} INFO - Started process 6574 to run task
[2024-10-10T04:05:07.312+0000] {task_command.py:426} INFO - Running <TaskInstance: dag_ETL_JsonData.Load_Data scheduled__2024-10-09T00:00:00+00:00 [running]> on host ecb02e117702
[2024-10-10T04:05:07.510+0000] {taskinstance.py:2648} INFO - Exporting env vars: AIRFLOW_CTX_DAG_OWNER='admin' AIRFLOW_CTX_DAG_ID='dag_ETL_JsonData' AIRFLOW_CTX_TASK_ID='Load_Data' AIRFLOW_CTX_EXECUTION_DATE='2024-10-09T00:00:00+00:00' AIRFLOW_CTX_TRY_NUMBER='1' AIRFLOW_CTX_DAG_RUN_ID='scheduled__2024-10-09T00:00:00+00:00'
[2024-10-10T04:05:07.516+0000] {taskinstance.py:430} INFO - ::endgroup::
[2024-10-10T04:05:07.562+0000] {logging_mixin.py:188} INFO - Kh么ng c贸 data
[2024-10-10T04:05:07.563+0000] {python.py:237} INFO - Done. Returned value was: None
[2024-10-10T04:05:07.564+0000] {taskinstance.py:441} INFO - ::group::Post task execution logs
[2024-10-10T04:05:07.582+0000] {taskinstance.py:1206} INFO - Marking task as SUCCESS. dag_id=dag_ETL_JsonData, task_id=Load_Data, run_id=scheduled__2024-10-09T00:00:00+00:00, execution_date=20241009T000000, start_date=20241010T040507, end_date=20241010T040507
[2024-10-10T04:05:07.663+0000] {local_task_job_runner.py:240} INFO - Task exited with return code 0
[2024-10-10T04:05:07.698+0000] {taskinstance.py:3498} INFO - 0 downstream tasks scheduled from follow-on schedule check
[2024-10-10T04:05:07.705+0000] {local_task_job_runner.py:222} INFO - ::endgroup::
