[2024-10-09T08:01:09.655+0000] {local_task_job_runner.py:120} INFO - ::group::Pre task execution logs
[2024-10-09T08:01:09.690+0000] {taskinstance.py:2076} INFO - Dependencies all met for dep_context=non-requeueable deps ti=<TaskInstance: dag_ETL_JsonData.Load_Data_Into_Database manual__2024-10-09T08:01:08.559676+00:00 [queued]>
[2024-10-09T08:01:09.700+0000] {taskinstance.py:2076} INFO - Dependencies all met for dep_context=requeueable deps ti=<TaskInstance: dag_ETL_JsonData.Load_Data_Into_Database manual__2024-10-09T08:01:08.559676+00:00 [queued]>
[2024-10-09T08:01:09.701+0000] {taskinstance.py:2306} INFO - Starting attempt 1 of 6
[2024-10-09T08:01:09.719+0000] {taskinstance.py:2330} INFO - Executing <Task(PostgresOperator): Load_Data_Into_Database> on 2024-10-09 08:01:08.559676+00:00
[2024-10-09T08:01:09.734+0000] {logging_mixin.py:188} WARNING - /home/***/.local/lib/python3.12/site-packages/***/task/task_runner/standard_task_runner.py:61 DeprecationWarning: This process (pid=12806) is multi-threaded, use of fork() may lead to deadlocks in the child.
[2024-10-09T08:01:09.732+0000] {standard_task_runner.py:90} INFO - Running: ['***', 'tasks', 'run', 'dag_ETL_JsonData', 'Load_Data_Into_Database', 'manual__2024-10-09T08:01:08.559676+00:00', '--job-id', '709', '--raw', '--subdir', 'DAGS_FOLDER/ETLProject/main.py', '--cfg-path', '/tmp/tmpfi3ziy3b']
[2024-10-09T08:01:09.736+0000] {standard_task_runner.py:63} INFO - Started process 12812 to run task
[2024-10-09T08:01:09.736+0000] {standard_task_runner.py:91} INFO - Job 709: Subtask Load_Data_Into_Database
[2024-10-09T08:01:09.792+0000] {task_command.py:426} INFO - Running <TaskInstance: dag_ETL_JsonData.Load_Data_Into_Database manual__2024-10-09T08:01:08.559676+00:00 [running]> on host ecb02e117702
[2024-10-09T08:01:09.891+0000] {taskinstance.py:2648} INFO - Exporting env vars: AIRFLOW_CTX_DAG_OWNER='admin' AIRFLOW_CTX_DAG_ID='dag_ETL_JsonData' AIRFLOW_CTX_TASK_ID='Load_Data_Into_Database' AIRFLOW_CTX_EXECUTION_DATE='2024-10-09T08:01:08.559676+00:00' AIRFLOW_CTX_TRY_NUMBER='1' AIRFLOW_CTX_DAG_RUN_ID='manual__2024-10-09T08:01:08.559676+00:00'
[2024-10-09T08:01:09.892+0000] {taskinstance.py:430} INFO - ::endgroup::
[2024-10-09T08:01:09.903+0000] {sql.py:276} INFO - Executing: <function insert_data at 0x7f3a47430c20>
[2024-10-09T08:01:09.913+0000] {base.py:84} INFO - Using connection ID 'postgres_localhost' for task execution.
[2024-10-09T08:01:09.924+0000] {base.py:84} INFO - Using connection ID 'postgres_localhost' for task execution.
[2024-10-09T08:01:10.081+0000] {taskinstance.py:441} INFO - ::group::Post task execution logs
[2024-10-09T08:01:10.082+0000] {taskinstance.py:2905} ERROR - Task failed with exception
Traceback (most recent call last):
  File "/home/airflow/.local/lib/python3.12/site-packages/airflow/models/taskinstance.py", line 465, in _execute_task
    result = _execute_callable(context=context, **execute_callable_kwargs)
             ^^^^^^^^^^^^^^^^^^^^^^^^^^^^^^^^^^^^^^^^^^^^^^^^^^^^^^^^^^^^^
  File "/home/airflow/.local/lib/python3.12/site-packages/airflow/models/taskinstance.py", line 432, in _execute_callable
    return execute_callable(context=context, **execute_callable_kwargs)
           ^^^^^^^^^^^^^^^^^^^^^^^^^^^^^^^^^^^^^^^^^^^^^^^^^^^^^^^^^^^^
  File "/home/airflow/.local/lib/python3.12/site-packages/airflow/models/baseoperator.py", line 400, in wrapper
    return func(self, *args, **kwargs)
           ^^^^^^^^^^^^^^^^^^^^^^^^^^^
  File "/home/airflow/.local/lib/python3.12/site-packages/airflow/providers/common/sql/operators/sql.py", line 282, in execute
    output = hook.run(
             ^^^^^^^^^
  File "/home/airflow/.local/lib/python3.12/site-packages/airflow/providers/common/sql/hooks/sql.py", line 417, in run
    for sql_statement in sql_list:
TypeError: 'function' object is not iterable
[2024-10-09T08:01:10.094+0000] {taskinstance.py:1206} INFO - Marking task as UP_FOR_RETRY. dag_id=dag_ETL_JsonData, task_id=Load_Data_Into_Database, run_id=manual__2024-10-09T08:01:08.559676+00:00, execution_date=20241009T080108, start_date=20241009T080109, end_date=20241009T080110
[2024-10-09T08:01:10.109+0000] {standard_task_runner.py:110} ERROR - Failed to execute job 709 for task Load_Data_Into_Database ('function' object is not iterable; 12812)
[2024-10-09T08:01:10.153+0000] {local_task_job_runner.py:240} INFO - Task exited with return code 1
[2024-10-09T08:01:10.171+0000] {taskinstance.py:3498} INFO - 0 downstream tasks scheduled from follow-on schedule check
[2024-10-09T08:01:10.174+0000] {local_task_job_runner.py:222} INFO - ::endgroup::
