[2024-10-10T03:28:13.156+0000] {local_task_job_runner.py:120} INFO - ::group::Pre task execution logs
[2024-10-10T03:28:13.205+0000] {taskinstance.py:2076} INFO - Dependencies all met for dep_context=non-requeueable deps ti=<TaskInstance: dag_ETL_JsonData.check_folder manual__2024-10-10T03:28:11.487205+00:00 [queued]>
[2024-10-10T03:28:13.220+0000] {taskinstance.py:2076} INFO - Dependencies all met for dep_context=requeueable deps ti=<TaskInstance: dag_ETL_JsonData.check_folder manual__2024-10-10T03:28:11.487205+00:00 [queued]>
[2024-10-10T03:28:13.221+0000] {taskinstance.py:2306} INFO - Starting attempt 1 of 6
[2024-10-10T03:28:13.249+0000] {taskinstance.py:2330} INFO - Executing <Task(PythonOperator): check_folder> on 2024-10-10 03:28:11.487205+00:00
[2024-10-10T03:28:13.269+0000] {standard_task_runner.py:90} INFO - Running: ['***', 'tasks', 'run', 'dag_ETL_JsonData', 'check_folder', 'manual__2024-10-10T03:28:11.487205+00:00', '--job-id', '919', '--raw', '--subdir', 'DAGS_FOLDER/ETLProject/main.py', '--cfg-path', '/tmp/tmprpvh23jg']
[2024-10-10T03:28:13.273+0000] {standard_task_runner.py:91} INFO - Job 919: Subtask check_folder
[2024-10-10T03:28:13.290+0000] {logging_mixin.py:188} WARNING - /home/***/.local/lib/python3.12/site-packages/***/task/task_runner/standard_task_runner.py:61 DeprecationWarning: This process (pid=4360) is multi-threaded, use of fork() may lead to deadlocks in the child.
[2024-10-10T03:28:13.292+0000] {standard_task_runner.py:63} INFO - Started process 4370 to run task
[2024-10-10T03:28:13.359+0000] {task_command.py:426} INFO - Running <TaskInstance: dag_ETL_JsonData.check_folder manual__2024-10-10T03:28:11.487205+00:00 [running]> on host ecb02e117702
[2024-10-10T03:28:13.601+0000] {taskinstance.py:2648} INFO - Exporting env vars: AIRFLOW_CTX_DAG_OWNER='admin' AIRFLOW_CTX_DAG_ID='dag_ETL_JsonData' AIRFLOW_CTX_TASK_ID='check_folder' AIRFLOW_CTX_EXECUTION_DATE='2024-10-10T03:28:11.487205+00:00' AIRFLOW_CTX_TRY_NUMBER='1' AIRFLOW_CTX_DAG_RUN_ID='manual__2024-10-10T03:28:11.487205+00:00'
[2024-10-10T03:28:13.613+0000] {taskinstance.py:430} INFO - ::endgroup::
[2024-10-10T03:28:13.634+0000] {logging_mixin.py:188} INFO - Check for files from today: 20241010
[2024-10-10T03:28:13.639+0000] {logging_mixin.py:188} INFO - File to process: dags/ETLProject/og_item_impression.20240830_/og_item_impression.20240830_0840_3.json.gz
[2024-10-10T03:28:13.640+0000] {logging_mixin.py:188} INFO - File to process: dags/ETLProject/og_item_impression.20240830_/og_item_impression.20240830_0950_2.json.gz
[2024-10-10T03:28:13.641+0000] {logging_mixin.py:188} INFO - File to process: dags/ETLProject/og_item_impression.20240830_/og_item_impression.20240830_1020_3.json.gz
[2024-10-10T03:28:13.642+0000] {logging_mixin.py:188} INFO - File to process: dags/ETLProject/og_item_impression.20240830_/og_item_impression.20240830_1100_1.json.gz
[2024-10-10T03:28:13.643+0000] {logging_mixin.py:188} INFO - File to process: dags/ETLProject/og_item_impression.20240830_/og_item_impression.20240830_1130_1.json.gz
[2024-10-10T03:28:13.644+0000] {logging_mixin.py:188} INFO - File to process: dags/ETLProject/og_item_impression.20240830_/og_item_impression.20240830_1930_0.json.gz
[2024-10-10T03:28:13.646+0000] {logging_mixin.py:188} INFO - File to process: dags/ETLProject/og_item_impression.20240830_/og_item_impression.20240830_2010_2.json.gz
[2024-10-10T03:28:13.647+0000] {logging_mixin.py:188} INFO - File to process: dags/ETLProject/og_item_impression.20240830_/og_item_impression.20240830_2030_3.json.gz
[2024-10-10T03:28:13.698+0000] {logging_mixin.py:188} INFO - File in folder '20240830': ['og_item_impression.20240830_0840_3.json.gz', 'og_item_impression.20240830_0950_2.json.gz', 'og_item_impression.20240830_1020_3.json.gz', 'og_item_impression.20240830_1100_1.json.gz', 'og_item_impression.20240830_1130_1.json.gz', 'og_item_impression.20240830_1930_0.json.gz', 'og_item_impression.20240830_2010_2.json.gz', 'og_item_impression.20240830_2030_3.json.gz']
[2024-10-10T03:28:13.699+0000] {python.py:237} INFO - Done. Returned value was: None
[2024-10-10T03:28:13.701+0000] {taskinstance.py:441} INFO - ::group::Post task execution logs
[2024-10-10T03:28:13.712+0000] {taskinstance.py:1206} INFO - Marking task as SUCCESS. dag_id=dag_ETL_JsonData, task_id=check_folder, run_id=manual__2024-10-10T03:28:11.487205+00:00, execution_date=20241010T032811, start_date=20241010T032813, end_date=20241010T032813
[2024-10-10T03:28:13.751+0000] {local_task_job_runner.py:240} INFO - Task exited with return code 0
[2024-10-10T03:28:13.775+0000] {taskinstance.py:3498} INFO - 0 downstream tasks scheduled from follow-on schedule check
[2024-10-10T03:28:13.779+0000] {local_task_job_runner.py:222} INFO - ::endgroup::
