[2024-10-09T08:59:36.131+0000] {local_task_job_runner.py:120} INFO - ::group::Pre task execution logs
[2024-10-09T08:59:36.162+0000] {taskinstance.py:2076} INFO - Dependencies all met for dep_context=non-requeueable deps ti=<TaskInstance: dag_ETL_JsonData.Transfrom_Data_To_DataFrame manual__2024-10-09T08:59:29.846386+00:00 [queued]>
[2024-10-09T08:59:36.175+0000] {taskinstance.py:2076} INFO - Dependencies all met for dep_context=requeueable deps ti=<TaskInstance: dag_ETL_JsonData.Transfrom_Data_To_DataFrame manual__2024-10-09T08:59:29.846386+00:00 [queued]>
[2024-10-09T08:59:36.176+0000] {taskinstance.py:2306} INFO - Starting attempt 1 of 6
[2024-10-09T08:59:36.191+0000] {taskinstance.py:2330} INFO - Executing <Task(PythonOperator): Transfrom_Data_To_DataFrame> on 2024-10-09 08:59:29.846386+00:00
[2024-10-09T08:59:36.200+0000] {standard_task_runner.py:90} INFO - Running: ['***', 'tasks', 'run', 'dag_ETL_JsonData', 'Transfrom_Data_To_DataFrame', 'manual__2024-10-09T08:59:29.846386+00:00', '--job-id', '747', '--raw', '--subdir', 'DAGS_FOLDER/ETLProject/main.py', '--cfg-path', '/tmp/tmpl28kub08']
[2024-10-09T08:59:36.203+0000] {standard_task_runner.py:91} INFO - Job 747: Subtask Transfrom_Data_To_DataFrame
[2024-10-09T08:59:36.202+0000] {logging_mixin.py:188} WARNING - /home/***/.local/lib/python3.12/site-packages/***/task/task_runner/standard_task_runner.py:61 DeprecationWarning: This process (pid=16132) is multi-threaded, use of fork() may lead to deadlocks in the child.
[2024-10-09T08:59:36.204+0000] {standard_task_runner.py:63} INFO - Started process 16134 to run task
[2024-10-09T08:59:36.254+0000] {task_command.py:426} INFO - Running <TaskInstance: dag_ETL_JsonData.Transfrom_Data_To_DataFrame manual__2024-10-09T08:59:29.846386+00:00 [running]> on host ecb02e117702
[2024-10-09T08:59:36.347+0000] {taskinstance.py:2648} INFO - Exporting env vars: AIRFLOW_CTX_DAG_OWNER='admin' AIRFLOW_CTX_DAG_ID='dag_ETL_JsonData' AIRFLOW_CTX_TASK_ID='Transfrom_Data_To_DataFrame' AIRFLOW_CTX_EXECUTION_DATE='2024-10-09T08:59:29.846386+00:00' AIRFLOW_CTX_TRY_NUMBER='1' AIRFLOW_CTX_DAG_RUN_ID='manual__2024-10-09T08:59:29.846386+00:00'
[2024-10-09T08:59:36.349+0000] {taskinstance.py:430} INFO - ::endgroup::
[2024-10-09T08:59:40.066+0000] {logging_mixin.py:188} INFO - shape: (2_878, 9)
┌────────────┬────────────┬────────────┬───────────┬───┬────────┬──────────┬───────────┬───────────┐
│ date       ┆ track_id   ┆ page_id    ┆ search_te ┆ … ┆ region ┆ platform ┆ max_posit ┆ count_eve │
│ ---        ┆ ---        ┆ ---        ┆ rm        ┆   ┆ ---    ┆ ---      ┆ ion       ┆ nt        │
│ str        ┆ str        ┆ str        ┆ ---       ┆   ┆ str    ┆ str      ┆ ---       ┆ ---       │
│            ┆            ┆            ┆ str       ┆   ┆        ┆          ┆ str       ┆ u32       │
╞════════════╪════════════╪════════════╪═══════════╪═══╪════════╪══════════╪═══════════╪═══════════╡
│ 2024-08-30 ┆ a95536b56f ┆ og_home    ┆           ┆ … ┆ 1      ┆ zma      ┆ 81        ┆ 188       │
│ T00:00:00+ ┆ cf8b135aab ┆            ┆           ┆   ┆        ┆          ┆           ┆           │
│ 07:00      ┆ d5334c846c ┆            ┆           ┆   ┆        ┆          ┆           ┆           │
│            ┆ …          ┆            ┆           ┆   ┆        ┆          ┆           ┆           │
│ 2024-08-30 ┆ 2ab9b3094d ┆ og_home    ┆           ┆ … ┆ 1      ┆ zma      ┆ 87        ┆ 91        │
│ T00:00:00+ ┆ f36e18ec03 ┆            ┆           ┆   ┆        ┆          ┆           ┆           │
│ 07:00      ┆ 326dae4fbe ┆            ┆           ┆   ┆        ┆          ┆           ┆           │
│            ┆ …          ┆            ┆           ┆   ┆        ┆          ┆           ┆           │
│ 2024-08-30 ┆ 2fd6b195-a ┆            ┆           ┆ … ┆ 2      ┆ android  ┆ 49        ┆ 3         │
│ T00:00:00+ ┆ b6b-409b-b ┆            ┆           ┆   ┆        ┆          ┆           ┆           │
│ 07:00      ┆ c99-7ab7ac ┆            ┆           ┆   ┆        ┆          ┆           ┆           │
│            ┆ …          ┆            ┆           ┆   ┆        ┆          ┆           ┆           │
│ 2024-08-30 ┆ b1853546-1 ┆ og_listing ┆           ┆ … ┆ 1      ┆ android  ┆ 68        ┆ 22        │
│ T00:00:00+ ┆ 267-42f8-b ┆            ┆           ┆   ┆        ┆          ┆           ┆           │
│ 07:00      ┆ 04f-901dbc ┆            ┆           ┆   ┆        ┆          ┆           ┆           │
│            ┆ …          ┆            ┆           ┆   ┆        ┆          ┆           ┆           │
│ 2024-08-30 ┆ d831af13-4 ┆ og_search  ┆ Xúc xích  ┆ … ┆ 2      ┆ android  ┆ 9         ┆ 66        │
│ T00:00:00+ ┆ 008-4ee9-8 ┆            ┆ vealz     ┆   ┆        ┆          ┆           ┆           │
│ 07:00      ┆ d42-f0f981 ┆            ┆           ┆   ┆        ┆          ┆           ┆           │
│            ┆ …          ┆            ┆           ┆   ┆        ┆          ┆           ┆           │
│ …          ┆ …          ┆ …          ┆ …         ┆ … ┆ …      ┆ …        ┆ …         ┆ …         │
│ 2024-08-30 ┆ 5CAA3D96-1 ┆ og_home    ┆           ┆ … ┆ 1      ┆ ios      ┆ 2         ┆ 6         │
│ T00:00:00+ ┆ 2FD-47AB-8 ┆            ┆           ┆   ┆        ┆          ┆           ┆           │
│ 07:00      ┆ 584-5978F0 ┆            ┆           ┆   ┆        ┆          ┆           ┆           │
│            ┆ …          ┆            ┆           ┆   ┆        ┆          ┆           ┆           │
│ 2024-08-30 ┆ D3DFA23F-C ┆ og_search  ┆           ┆ … ┆ 2      ┆ ios      ┆ 4         ┆ 5         │
│ T00:00:00+ ┆ 0E4-4142-8 ┆            ┆           ┆   ┆        ┆          ┆           ┆           │
│ 07:00      ┆ BD1-F9F3CD ┆            ┆           ┆   ┆        ┆          ┆           ┆           │
│            ┆ …          ┆            ┆           ┆   ┆        ┆          ┆           ┆           │
│ 2024-08-30 ┆ B60BF844-F ┆            ┆           ┆ … ┆ 1      ┆ ios      ┆ 9         ┆ 26        │
│ T00:00:00+ ┆ 3CF-4476-8 ┆            ┆           ┆   ┆        ┆          ┆           ┆           │
│ 07:00      ┆ B66-A56F7A ┆            ┆           ┆   ┆        ┆          ┆           ┆           │
│            ┆ …          ┆            ┆           ┆   ┆        ┆          ┆           ┆           │
│ 2024-08-30 ┆ A34642F1-2 ┆ og_home    ┆           ┆ … ┆ 1      ┆ ios      ┆ 0         ┆ 2         │
│ T00:00:00+ ┆ 629-435C-B ┆            ┆           ┆   ┆        ┆          ┆           ┆           │
│ 07:00      ┆ 502-27A8DB ┆            ┆           ┆   ┆        ┆          ┆           ┆           │
│            ┆ …          ┆            ┆           ┆   ┆        ┆          ┆           ┆           │
│ 2024-08-30 ┆ C8E74A2E-3 ┆ og_search  ┆ xúc xích  ┆ … ┆ 2      ┆ ios      ┆ 9         ┆ 21        │
│ T00:00:00+ ┆ 3EF-4D3F-8 ┆            ┆ phô mai   ┆   ┆        ┆          ┆           ┆           │
│ 07:00      ┆ AD0-E88CDD ┆            ┆           ┆   ┆        ┆          ┆           ┆           │
│            ┆ …          ┆            ┆           ┆   ┆        ┆          ┆           ┆           │
└────────────┴────────────┴────────────┴───────────┴───┴────────┴──────────┴───────────┴───────────┘
[2024-10-09T08:59:40.238+0000] {python.py:237} INFO - Done. Returned value was: None
[2024-10-09T08:59:40.239+0000] {taskinstance.py:441} INFO - ::group::Post task execution logs
[2024-10-09T08:59:40.251+0000] {taskinstance.py:1206} INFO - Marking task as SUCCESS. dag_id=dag_ETL_JsonData, task_id=Transfrom_Data_To_DataFrame, run_id=manual__2024-10-09T08:59:29.846386+00:00, execution_date=20241009T085929, start_date=20241009T085936, end_date=20241009T085940
[2024-10-09T08:59:40.319+0000] {local_task_job_runner.py:240} INFO - Task exited with return code 0
[2024-10-09T08:59:40.342+0000] {taskinstance.py:3498} INFO - 1 downstream tasks scheduled from follow-on schedule check
[2024-10-09T08:59:40.346+0000] {local_task_job_runner.py:222} INFO - ::endgroup::
