[2024-10-08T03:23:22.219+0000] {local_task_job_runner.py:120} INFO - ::group::Pre task execution logs
[2024-10-08T03:23:22.250+0000] {taskinstance.py:2076} INFO - Dependencies all met for dep_context=non-requeueable deps ti=<TaskInstance: dag_ETL_JsonData.Transfrom_Data_To_DataFrame manual__2024-10-08T03:23:16.403409+00:00 [queued]>
[2024-10-08T03:23:22.264+0000] {taskinstance.py:2076} INFO - Dependencies all met for dep_context=requeueable deps ti=<TaskInstance: dag_ETL_JsonData.Transfrom_Data_To_DataFrame manual__2024-10-08T03:23:16.403409+00:00 [queued]>
[2024-10-08T03:23:22.265+0000] {taskinstance.py:2306} INFO - Starting attempt 1 of 6
[2024-10-08T03:23:22.281+0000] {taskinstance.py:2330} INFO - Executing <Task(PythonOperator): Transfrom_Data_To_DataFrame> on 2024-10-08 03:23:16.403409+00:00
[2024-10-08T03:23:22.292+0000] {logging_mixin.py:188} WARNING - /home/***/.local/lib/python3.12/site-packages/***/task/task_runner/standard_task_runner.py:61 DeprecationWarning: This process (pid=4386) is multi-threaded, use of fork() may lead to deadlocks in the child.
[2024-10-08T03:23:22.293+0000] {standard_task_runner.py:63} INFO - Started process 4388 to run task
[2024-10-08T03:23:22.291+0000] {standard_task_runner.py:90} INFO - Running: ['***', 'tasks', 'run', 'dag_ETL_JsonData', 'Transfrom_Data_To_DataFrame', 'manual__2024-10-08T03:23:16.403409+00:00', '--job-id', '645', '--raw', '--subdir', 'DAGS_FOLDER/ETLProject/main.py', '--cfg-path', '/tmp/tmpvo6dk5km']
[2024-10-08T03:23:22.294+0000] {standard_task_runner.py:91} INFO - Job 645: Subtask Transfrom_Data_To_DataFrame
[2024-10-08T03:23:22.361+0000] {task_command.py:426} INFO - Running <TaskInstance: dag_ETL_JsonData.Transfrom_Data_To_DataFrame manual__2024-10-08T03:23:16.403409+00:00 [running]> on host ecb02e117702
[2024-10-08T03:23:22.465+0000] {taskinstance.py:2648} INFO - Exporting env vars: AIRFLOW_CTX_DAG_OWNER='admin' AIRFLOW_CTX_DAG_ID='dag_ETL_JsonData' AIRFLOW_CTX_TASK_ID='Transfrom_Data_To_DataFrame' AIRFLOW_CTX_EXECUTION_DATE='2024-10-08T03:23:16.403409+00:00' AIRFLOW_CTX_TRY_NUMBER='1' AIRFLOW_CTX_DAG_RUN_ID='manual__2024-10-08T03:23:16.403409+00:00'
[2024-10-08T03:23:22.467+0000] {taskinstance.py:430} INFO - ::endgroup::
[2024-10-08T03:23:25.833+0000] {logging_mixin.py:188} INFO - shape: (2_878, 9)
┌────────────┬────────────┬────────────┬───────────┬───┬────────┬──────────┬───────────┬───────────┐
│ date       ┆ track_id   ┆ page_id    ┆ search_te ┆ … ┆ region ┆ platform ┆ max_posit ┆ count_eve │
│ ---        ┆ ---        ┆ ---        ┆ rm        ┆   ┆ ---    ┆ ---      ┆ ion       ┆ nt        │
│ str        ┆ str        ┆ str        ┆ ---       ┆   ┆ str    ┆ str      ┆ ---       ┆ ---       │
│            ┆            ┆            ┆ str       ┆   ┆        ┆          ┆ str       ┆ u32       │
╞════════════╪════════════╪════════════╪═══════════╪═══╪════════╪══════════╪═══════════╪═══════════╡
│ 2024-08-30 ┆ 563B3572-9 ┆ og_search  ┆ xúc xích  ┆ … ┆ 2      ┆ ios      ┆ 9         ┆ 10        │
│ T00:00:00+ ┆ B17-4BB5-A ┆            ┆           ┆   ┆        ┆          ┆           ┆           │
│ 07:00      ┆ C9B-6F3D88 ┆            ┆           ┆   ┆        ┆          ┆           ┆           │
│            ┆ …          ┆            ┆           ┆   ┆        ┆          ┆           ┆           │
│ 2024-08-30 ┆ b25856a3-1 ┆ og_home    ┆           ┆ … ┆ 1      ┆ android  ┆ 2         ┆ 9         │
│ T00:00:00+ ┆ 922-41a6-9 ┆            ┆           ┆   ┆        ┆          ┆           ┆           │
│ 07:00      ┆ 4b3-1e5018 ┆            ┆           ┆   ┆        ┆          ┆           ┆           │
│            ┆ …          ┆            ┆           ┆   ┆        ┆          ┆           ┆           │
│ 2024-08-30 ┆ 646f5a5b-9 ┆ og_home    ┆           ┆ … ┆ 1      ┆ android  ┆ 2         ┆ 6         │
│ T00:00:00+ ┆ 661-44fa-a ┆            ┆           ┆   ┆        ┆          ┆           ┆           │
│ 07:00      ┆ b68-953a30 ┆            ┆           ┆   ┆        ┆          ┆           ┆           │
│            ┆ …          ┆            ┆           ┆   ┆        ┆          ┆           ┆           │
│ 2024-08-30 ┆ 92190d738d ┆ og_home    ┆           ┆ … ┆ 1      ┆ zma      ┆ 32        ┆ 6         │
│ T00:00:00+ ┆ 85d1d878c9 ┆            ┆           ┆   ┆        ┆          ┆           ┆           │
│ 07:00      ┆ 5c4fde2624 ┆            ┆           ┆   ┆        ┆          ┆           ┆           │
│            ┆ …          ┆            ┆           ┆   ┆        ┆          ┆           ┆           │
│ 2024-08-30 ┆ 4009C172-3 ┆ og_listing ┆           ┆ … ┆ 2      ┆ ios      ┆ 3         ┆ 4         │
│ T00:00:00+ ┆ 738-4BF2-B ┆            ┆           ┆   ┆        ┆          ┆           ┆           │
│ 07:00      ┆ EEE-70951F ┆            ┆           ┆   ┆        ┆          ┆           ┆           │
│            ┆ …          ┆            ┆           ┆   ┆        ┆          ┆           ┆           │
│ …          ┆ …          ┆ …          ┆ …         ┆ … ┆ …      ┆ …        ┆ …         ┆ …         │
│ 2024-08-30 ┆ 83C4CBD4-7 ┆ og_flashsa ┆           ┆ … ┆ 1      ┆ ios      ┆ 99        ┆ 77        │
│ T00:00:00+ ┆ B76-40FE-9 ┆ le         ┆           ┆   ┆        ┆          ┆           ┆           │
│ 07:00      ┆ F19-771179 ┆            ┆           ┆   ┆        ┆          ┆           ┆           │
│            ┆ …          ┆            ┆           ┆   ┆        ┆          ┆           ┆           │
│ 2024-08-30 ┆ 3350DAF0-C ┆ og_flashsa ┆           ┆ … ┆ 2      ┆ ios      ┆ 9         ┆ 52        │
│ T00:00:00+ ┆ C00-40ED-B ┆ le         ┆           ┆   ┆        ┆          ┆           ┆           │
│ 07:00      ┆ D60-1D91D8 ┆            ┆           ┆   ┆        ┆          ┆           ┆           │
│            ┆ …          ┆            ┆           ┆   ┆        ┆          ┆           ┆           │
│ 2024-08-30 ┆ 6342cd61-8 ┆ og_search  ┆ Bún       ┆ … ┆ 1      ┆ android  ┆ 6         ┆ 7         │
│ T00:00:00+ ┆ 076-4885-a ┆            ┆           ┆   ┆        ┆          ┆           ┆           │
│ 07:00      ┆ 7ce-0a0faa ┆            ┆           ┆   ┆        ┆          ┆           ┆           │
│            ┆ …          ┆            ┆           ┆   ┆        ┆          ┆           ┆           │
│ 2024-08-30 ┆ 57c3e1e4-0 ┆ og_listing ┆           ┆ … ┆ 1      ┆ android  ┆ 9         ┆ 90        │
│ T00:00:00+ ┆ 36c-488f-b ┆            ┆           ┆   ┆        ┆          ┆           ┆           │
│ 07:00      ┆ f17-7d4151 ┆            ┆           ┆   ┆        ┆          ┆           ┆           │
│            ┆ …          ┆            ┆           ┆   ┆        ┆          ┆           ┆           │
│ 2024-08-30 ┆ E422454C-7 ┆ og_home    ┆           ┆ … ┆ 1      ┆ ios      ┆ 8         ┆ 14        │
│ T00:00:00+ ┆ 539-4722-A ┆            ┆           ┆   ┆        ┆          ┆           ┆           │
│ 07:00      ┆ E63-B547A2 ┆            ┆           ┆   ┆        ┆          ┆           ┆           │
│            ┆ …          ┆            ┆           ┆   ┆        ┆          ┆           ┆           │
└────────────┴────────────┴────────────┴───────────┴───┴────────┴──────────┴───────────┴───────────┘
[2024-10-08T03:23:25.842+0000] {xcom.py:675} ERROR - Object of type Series is not JSON serializable. If you are using pickle instead of JSON for XCom, then you need to enable pickle support for XCom in your *** config or make sure to decorate your object with attr.
[2024-10-08T03:23:25.844+0000] {logging_mixin.py:188} INFO - Lỗi: Object of type Series is not JSON serializable
[2024-10-08T03:23:25.970+0000] {python.py:237} INFO - Done. Returned value was: []
[2024-10-08T03:23:25.971+0000] {taskinstance.py:441} INFO - ::group::Post task execution logs
[2024-10-08T03:23:25.995+0000] {taskinstance.py:1206} INFO - Marking task as SUCCESS. dag_id=dag_ETL_JsonData, task_id=Transfrom_Data_To_DataFrame, run_id=manual__2024-10-08T03:23:16.403409+00:00, execution_date=20241008T032316, start_date=20241008T032322, end_date=20241008T032325
[2024-10-08T03:23:26.046+0000] {local_task_job_runner.py:240} INFO - Task exited with return code 0
[2024-10-08T03:23:26.064+0000] {taskinstance.py:3498} INFO - 0 downstream tasks scheduled from follow-on schedule check
[2024-10-08T03:23:26.068+0000] {local_task_job_runner.py:222} INFO - ::endgroup::
