[2024-10-09T10:11:49.418+0000] {local_task_job_runner.py:120} INFO - ::group::Pre task execution logs
[2024-10-09T10:11:49.450+0000] {taskinstance.py:2076} INFO - Dependencies all met for dep_context=non-requeueable deps ti=<TaskInstance: dag_ETL_JsonData.check_folder manual__2024-10-09T10:06:47.150110+00:00 [queued]>
[2024-10-09T10:11:49.460+0000] {taskinstance.py:2076} INFO - Dependencies all met for dep_context=requeueable deps ti=<TaskInstance: dag_ETL_JsonData.check_folder manual__2024-10-09T10:06:47.150110+00:00 [queued]>
[2024-10-09T10:11:49.461+0000] {taskinstance.py:2306} INFO - Starting attempt 2 of 6
[2024-10-09T10:11:49.478+0000] {taskinstance.py:2330} INFO - Executing <Task(PythonOperator): check_folder> on 2024-10-09 10:06:47.150110+00:00
[2024-10-09T10:11:49.486+0000] {standard_task_runner.py:90} INFO - Running: ['***', 'tasks', 'run', 'dag_ETL_JsonData', 'check_folder', 'manual__2024-10-09T10:06:47.150110+00:00', '--job-id', '803', '--raw', '--subdir', 'DAGS_FOLDER/ETLProject/main.py', '--cfg-path', '/tmp/tmpwdssxxhp']
[2024-10-09T10:11:49.488+0000] {standard_task_runner.py:91} INFO - Job 803: Subtask check_folder
[2024-10-09T10:11:49.488+0000] {logging_mixin.py:188} WARNING - /home/***/.local/lib/python3.12/site-packages/***/task/task_runner/standard_task_runner.py:61 DeprecationWarning: This process (pid=543) is multi-threaded, use of fork() may lead to deadlocks in the child.
[2024-10-09T10:11:49.489+0000] {standard_task_runner.py:63} INFO - Started process 545 to run task
[2024-10-09T10:11:49.543+0000] {task_command.py:426} INFO - Running <TaskInstance: dag_ETL_JsonData.check_folder manual__2024-10-09T10:06:47.150110+00:00 [running]> on host ecb02e117702
[2024-10-09T10:11:49.644+0000] {taskinstance.py:2648} INFO - Exporting env vars: AIRFLOW_CTX_DAG_OWNER='admin' AIRFLOW_CTX_DAG_ID='dag_ETL_JsonData' AIRFLOW_CTX_TASK_ID='check_folder' AIRFLOW_CTX_EXECUTION_DATE='2024-10-09T10:06:47.150110+00:00' AIRFLOW_CTX_TRY_NUMBER='2' AIRFLOW_CTX_DAG_RUN_ID='manual__2024-10-09T10:06:47.150110+00:00'
[2024-10-09T10:11:49.645+0000] {taskinstance.py:430} INFO - ::endgroup::
[2024-10-09T10:11:49.676+0000] {taskinstance.py:441} INFO - ::group::Post task execution logs
[2024-10-09T10:11:49.677+0000] {taskinstance.py:2905} ERROR - Task failed with exception
Traceback (most recent call last):
  File "/home/airflow/.local/lib/python3.12/site-packages/airflow/models/taskinstance.py", line 465, in _execute_task
    result = _execute_callable(context=context, **execute_callable_kwargs)
             ^^^^^^^^^^^^^^^^^^^^^^^^^^^^^^^^^^^^^^^^^^^^^^^^^^^^^^^^^^^^^
  File "/home/airflow/.local/lib/python3.12/site-packages/airflow/models/taskinstance.py", line 432, in _execute_callable
    return execute_callable(context=context, **execute_callable_kwargs)
           ^^^^^^^^^^^^^^^^^^^^^^^^^^^^^^^^^^^^^^^^^^^^^^^^^^^^^^^^^^^^
  File "/home/airflow/.local/lib/python3.12/site-packages/airflow/models/baseoperator.py", line 400, in wrapper
    return func(self, *args, **kwargs)
           ^^^^^^^^^^^^^^^^^^^^^^^^^^^
  File "/home/airflow/.local/lib/python3.12/site-packages/airflow/operators/python.py", line 235, in execute
    return_value = self.execute_callable()
                   ^^^^^^^^^^^^^^^^^^^^^^^
  File "/home/airflow/.local/lib/python3.12/site-packages/airflow/operators/python.py", line 252, in execute_callable
    return self.python_callable(*self.op_args, **self.op_kwargs)
           ^^^^^^^^^^^^^^^^^^^^^^^^^^^^^^^^^^^^^^^^^^^^^^^^^^^^^
  File "/opt/airflow/dags/ETLProject/main.py", line 191, in check_folder_new
    with open(processed_file_list, 'a') as f:
         ^^^^^^^^^^^^^^^^^^^^^^^^^^^^^^
FileNotFoundError: [Errno 2] No such file or directory: 'dag/processed_list.txt'
[2024-10-09T10:11:49.694+0000] {taskinstance.py:1206} INFO - Marking task as UP_FOR_RETRY. dag_id=dag_ETL_JsonData, task_id=check_folder, run_id=manual__2024-10-09T10:06:47.150110+00:00, execution_date=20241009T100647, start_date=20241009T101149, end_date=20241009T101149
[2024-10-09T10:11:49.708+0000] {standard_task_runner.py:110} ERROR - Failed to execute job 803 for task check_folder ([Errno 2] No such file or directory: 'dag/processed_list.txt'; 545)
[2024-10-09T10:11:49.744+0000] {local_task_job_runner.py:240} INFO - Task exited with return code 1
[2024-10-09T10:11:49.764+0000] {taskinstance.py:3498} INFO - 0 downstream tasks scheduled from follow-on schedule check
[2024-10-09T10:11:49.767+0000] {local_task_job_runner.py:222} INFO - ::endgroup::
