[2024-10-09T10:21:51.206+0000] {local_task_job_runner.py:120} INFO - ::group::Pre task execution logs
[2024-10-09T10:21:51.237+0000] {taskinstance.py:2076} INFO - Dependencies all met for dep_context=non-requeueable deps ti=<TaskInstance: dag_ETL_JsonData.check_folder manual__2024-10-09T10:06:47.150110+00:00 [queued]>
[2024-10-09T10:21:51.248+0000] {taskinstance.py:2076} INFO - Dependencies all met for dep_context=requeueable deps ti=<TaskInstance: dag_ETL_JsonData.check_folder manual__2024-10-09T10:06:47.150110+00:00 [queued]>
[2024-10-09T10:21:51.249+0000] {taskinstance.py:2306} INFO - Starting attempt 4 of 6
[2024-10-09T10:21:51.263+0000] {taskinstance.py:2330} INFO - Executing <Task(PythonOperator): check_folder> on 2024-10-09 10:06:47.150110+00:00
[2024-10-09T10:21:51.273+0000] {standard_task_runner.py:90} INFO - Running: ['***', 'tasks', 'run', 'dag_ETL_JsonData', 'check_folder', 'manual__2024-10-09T10:06:47.150110+00:00', '--job-id', '811', '--raw', '--subdir', 'DAGS_FOLDER/ETLProject/main.py', '--cfg-path', '/tmp/tmpunls72go']
[2024-10-09T10:21:51.275+0000] {logging_mixin.py:188} WARNING - /home/***/.local/lib/python3.12/site-packages/***/task/task_runner/standard_task_runner.py:61 DeprecationWarning: This process (pid=1093) is multi-threaded, use of fork() may lead to deadlocks in the child.
[2024-10-09T10:21:51.275+0000] {standard_task_runner.py:91} INFO - Job 811: Subtask check_folder
[2024-10-09T10:21:51.276+0000] {standard_task_runner.py:63} INFO - Started process 1099 to run task
[2024-10-09T10:21:51.328+0000] {task_command.py:426} INFO - Running <TaskInstance: dag_ETL_JsonData.check_folder manual__2024-10-09T10:06:47.150110+00:00 [running]> on host ecb02e117702
[2024-10-09T10:21:51.446+0000] {taskinstance.py:2648} INFO - Exporting env vars: AIRFLOW_CTX_DAG_OWNER='admin' AIRFLOW_CTX_DAG_ID='dag_ETL_JsonData' AIRFLOW_CTX_TASK_ID='check_folder' AIRFLOW_CTX_EXECUTION_DATE='2024-10-09T10:06:47.150110+00:00' AIRFLOW_CTX_TRY_NUMBER='4' AIRFLOW_CTX_DAG_RUN_ID='manual__2024-10-09T10:06:47.150110+00:00'
[2024-10-09T10:21:51.447+0000] {taskinstance.py:430} INFO - ::endgroup::
[2024-10-09T10:21:51.477+0000] {taskinstance.py:441} INFO - ::group::Post task execution logs
[2024-10-09T10:21:51.478+0000] {taskinstance.py:2905} ERROR - Task failed with exception
Traceback (most recent call last):
  File "/home/airflow/.local/lib/python3.12/site-packages/airflow/models/taskinstance.py", line 465, in _execute_task
    result = _execute_callable(context=context, **execute_callable_kwargs)
             ^^^^^^^^^^^^^^^^^^^^^^^^^^^^^^^^^^^^^^^^^^^^^^^^^^^^^^^^^^^^^
  File "/home/airflow/.local/lib/python3.12/site-packages/airflow/models/taskinstance.py", line 432, in _execute_callable
    return execute_callable(context=context, **execute_callable_kwargs)
           ^^^^^^^^^^^^^^^^^^^^^^^^^^^^^^^^^^^^^^^^^^^^^^^^^^^^^^^^^^^^
  File "/home/airflow/.local/lib/python3.12/site-packages/airflow/models/baseoperator.py", line 400, in wrapper
    return func(self, *args, **kwargs)
           ^^^^^^^^^^^^^^^^^^^^^^^^^^^
  File "/home/airflow/.local/lib/python3.12/site-packages/airflow/operators/python.py", line 235, in execute
    return_value = self.execute_callable()
                   ^^^^^^^^^^^^^^^^^^^^^^^
  File "/home/airflow/.local/lib/python3.12/site-packages/airflow/operators/python.py", line 252, in execute_callable
    return self.python_callable(*self.op_args, **self.op_kwargs)
           ^^^^^^^^^^^^^^^^^^^^^^^^^^^^^^^^^^^^^^^^^^^^^^^^^^^^^
  File "/opt/airflow/dags/ETLProject/main.py", line 191, in check_folder_new
    with open(processed_file_list, 'a') as f:
         ^^^^^^^^^^^^^^^^^^^^^^^^^^^^^^
FileNotFoundError: [Errno 2] No such file or directory: '/dag/processed_list.txt'
[2024-10-09T10:21:51.495+0000] {taskinstance.py:1206} INFO - Marking task as UP_FOR_RETRY. dag_id=dag_ETL_JsonData, task_id=check_folder, run_id=manual__2024-10-09T10:06:47.150110+00:00, execution_date=20241009T100647, start_date=20241009T102151, end_date=20241009T102151
[2024-10-09T10:21:51.509+0000] {standard_task_runner.py:110} ERROR - Failed to execute job 811 for task check_folder ([Errno 2] No such file or directory: '/dag/processed_list.txt'; 1099)
[2024-10-09T10:21:51.530+0000] {local_task_job_runner.py:240} INFO - Task exited with return code 1
[2024-10-09T10:21:51.548+0000] {taskinstance.py:3498} INFO - 0 downstream tasks scheduled from follow-on schedule check
[2024-10-09T10:21:51.552+0000] {local_task_job_runner.py:222} INFO - ::endgroup::
