[2024-10-09T04:17:33.920+0000] {local_task_job_runner.py:120} INFO - ::group::Pre task execution logs
[2024-10-09T04:17:33.948+0000] {taskinstance.py:2076} INFO - Dependencies all met for dep_context=non-requeueable deps ti=<TaskInstance: dag_ETL_JsonData.Transfrom_Data_To_DataFrame manual__2024-10-09T04:17:27.371367+00:00 [queued]>
[2024-10-09T04:17:33.960+0000] {taskinstance.py:2076} INFO - Dependencies all met for dep_context=requeueable deps ti=<TaskInstance: dag_ETL_JsonData.Transfrom_Data_To_DataFrame manual__2024-10-09T04:17:27.371367+00:00 [queued]>
[2024-10-09T04:17:33.961+0000] {taskinstance.py:2306} INFO - Starting attempt 1 of 6
[2024-10-09T04:17:33.976+0000] {taskinstance.py:2330} INFO - Executing <Task(PythonOperator): Transfrom_Data_To_DataFrame> on 2024-10-09 04:17:27.371367+00:00
[2024-10-09T04:17:33.984+0000] {standard_task_runner.py:90} INFO - Running: ['***', 'tasks', 'run', 'dag_ETL_JsonData', 'Transfrom_Data_To_DataFrame', 'manual__2024-10-09T04:17:27.371367+00:00', '--job-id', '661', '--raw', '--subdir', 'DAGS_FOLDER/ETLProject/main.py', '--cfg-path', '/tmp/tmpyjdnd7do']
[2024-10-09T04:17:33.986+0000] {logging_mixin.py:188} WARNING - /home/***/.local/lib/python3.12/site-packages/***/task/task_runner/standard_task_runner.py:61 DeprecationWarning: This process (pid=694) is multi-threaded, use of fork() may lead to deadlocks in the child.
[2024-10-09T04:17:33.987+0000] {standard_task_runner.py:91} INFO - Job 661: Subtask Transfrom_Data_To_DataFrame
[2024-10-09T04:17:33.987+0000] {standard_task_runner.py:63} INFO - Started process 696 to run task
[2024-10-09T04:17:34.040+0000] {task_command.py:426} INFO - Running <TaskInstance: dag_ETL_JsonData.Transfrom_Data_To_DataFrame manual__2024-10-09T04:17:27.371367+00:00 [running]> on host ecb02e117702
[2024-10-09T04:17:34.139+0000] {taskinstance.py:2648} INFO - Exporting env vars: AIRFLOW_CTX_DAG_OWNER='admin' AIRFLOW_CTX_DAG_ID='dag_ETL_JsonData' AIRFLOW_CTX_TASK_ID='Transfrom_Data_To_DataFrame' AIRFLOW_CTX_EXECUTION_DATE='2024-10-09T04:17:27.371367+00:00' AIRFLOW_CTX_TRY_NUMBER='1' AIRFLOW_CTX_DAG_RUN_ID='manual__2024-10-09T04:17:27.371367+00:00'
[2024-10-09T04:17:34.140+0000] {taskinstance.py:430} INFO - ::endgroup::
[2024-10-09T04:17:37.395+0000] {logging_mixin.py:188} INFO - shape: (2_878, 9)
┌────────────┬────────────┬────────────┬───────────┬───┬────────┬──────────┬───────────┬───────────┐
│ date       ┆ track_id   ┆ page_id    ┆ search_te ┆ … ┆ region ┆ platform ┆ max_posit ┆ count_eve │
│ ---        ┆ ---        ┆ ---        ┆ rm        ┆   ┆ ---    ┆ ---      ┆ ion       ┆ nt        │
│ str        ┆ str        ┆ str        ┆ ---       ┆   ┆ str    ┆ str      ┆ ---       ┆ ---       │
│            ┆            ┆            ┆ str       ┆   ┆        ┆          ┆ str       ┆ u32       │
╞════════════╪════════════╪════════════╪═══════════╪═══╪════════╪══════════╪═══════════╪═══════════╡
│ 2024-08-30 ┆ 087d3f71-f ┆ og_search  ┆ Giấy ăn   ┆ … ┆ 2      ┆ android  ┆ 9         ┆ 97        │
│ T00:00:00+ ┆ 6c7-4bf2-8 ┆            ┆           ┆   ┆        ┆          ┆           ┆           │
│ 07:00      ┆ fb4-54f3b9 ┆            ┆           ┆   ┆        ┆          ┆           ┆           │
│            ┆ …          ┆            ┆           ┆   ┆        ┆          ┆           ┆           │
│ 2024-08-30 ┆ 9b463c7d48 ┆ og_home    ┆           ┆ … ┆ 1      ┆ zma      ┆ 8         ┆ 35        │
│ T00:00:00+ ┆ 10f37aa6a2 ┆            ┆           ┆   ┆        ┆          ┆           ┆           │
│ 07:00      ┆ eb237df011 ┆            ┆           ┆   ┆        ┆          ┆           ┆           │
│            ┆ …          ┆            ┆           ┆   ┆        ┆          ┆           ┆           │
│ 2024-08-30 ┆ E26072D1-6 ┆ og_listing ┆           ┆ … ┆ 2      ┆ ios      ┆ 9         ┆ 12        │
│ T00:00:00+ ┆ 35C-4A3F-B ┆            ┆           ┆   ┆        ┆          ┆           ┆           │
│ 07:00      ┆ 020-2D0A63 ┆            ┆           ┆   ┆        ┆          ┆           ┆           │
│            ┆ …          ┆            ┆           ┆   ┆        ┆          ┆           ┆           │
│ 2024-08-30 ┆ dfd048b9-7 ┆ og_home    ┆           ┆ … ┆ 1      ┆ android  ┆ 2         ┆ 3         │
│ T00:00:00+ ┆ aff-43d0-a ┆            ┆           ┆   ┆        ┆          ┆           ┆           │
│ 07:00      ┆ 16e-92da73 ┆            ┆           ┆   ┆        ┆          ┆           ┆           │
│            ┆ …          ┆            ┆           ┆   ┆        ┆          ┆           ┆           │
│ 2024-08-30 ┆ 71d1a585-f ┆ og_home    ┆           ┆ … ┆ 2      ┆ android  ┆ 3         ┆ 4         │
│ T00:00:00+ ┆ c39-4335-9 ┆            ┆           ┆   ┆        ┆          ┆           ┆           │
│ 07:00      ┆ a81-a5c158 ┆            ┆           ┆   ┆        ┆          ┆           ┆           │
│            ┆ …          ┆            ┆           ┆   ┆        ┆          ┆           ┆           │
│ …          ┆ …          ┆ …          ┆ …         ┆ … ┆ …      ┆ …        ┆ …         ┆ …         │
│ 2024-08-30 ┆ b13efa3700 ┆ og_home    ┆           ┆ … ┆ 2      ┆ zma      ┆ 50        ┆ 42        │
│ T00:00:00+ ┆ 2744b51f5d ┆            ┆           ┆   ┆        ┆          ┆           ┆           │
│ 07:00      ┆ 2a9f8ee2d5 ┆            ┆           ┆   ┆        ┆          ┆           ┆           │
│            ┆ …          ┆            ┆           ┆   ┆        ┆          ┆           ┆           │
│ 2024-08-30 ┆ 4014009eb2 ┆ og_home    ┆           ┆ … ┆ 2      ┆ zma      ┆ 3         ┆ 7         │
│ T00:00:00+ ┆ a9d142e92c ┆            ┆           ┆   ┆        ┆          ┆           ┆           │
│ 07:00      ┆ 92d6a6b73a ┆            ┆           ┆   ┆        ┆          ┆           ┆           │
│            ┆ …          ┆            ┆           ┆   ┆        ┆          ┆           ┆           │
│ 2024-08-30 ┆ 269CE7BA-1 ┆ og_search  ┆ Bánh mì   ┆ … ┆ 2      ┆ ios      ┆ 9         ┆ 47        │
│ T00:00:00+ ┆ 16B-4C94-B ┆            ┆           ┆   ┆        ┆          ┆           ┆           │
│ 07:00      ┆ 4B2-4AD590 ┆            ┆           ┆   ┆        ┆          ┆           ┆           │
│            ┆ …          ┆            ┆           ┆   ┆        ┆          ┆           ┆           │
│ 2024-08-30 ┆ 6219cf8d-7 ┆ og_home    ┆           ┆ … ┆ 1      ┆ android  ┆ 5         ┆ 4         │
│ T00:00:00+ ┆ f1c-45cd-9 ┆            ┆           ┆   ┆        ┆          ┆           ┆           │
│ 07:00      ┆ 905-56be31 ┆            ┆           ┆   ┆        ┆          ┆           ┆           │
│            ┆ …          ┆            ┆           ┆   ┆        ┆          ┆           ┆           │
│ 2024-08-30 ┆ 0F45EF83-6 ┆ og_search  ┆           ┆ … ┆ 1      ┆ ios      ┆ 19        ┆ 5         │
│ T00:00:00+ ┆ B51-4AC3-8 ┆            ┆           ┆   ┆        ┆          ┆           ┆           │
│ 07:00      ┆ 2C1-5CB1CB ┆            ┆           ┆   ┆        ┆          ┆           ┆           │
│            ┆ …          ┆            ┆           ┆   ┆        ┆          ┆           ┆           │
└────────────┴────────────┴────────────┴───────────┴───┴────────┴──────────┴───────────┴───────────┘
[2024-10-09T04:17:37.573+0000] {python.py:237} INFO - Done. Returned value was: None
[2024-10-09T04:17:37.574+0000] {taskinstance.py:441} INFO - ::group::Post task execution logs
[2024-10-09T04:17:37.584+0000] {taskinstance.py:1206} INFO - Marking task as SUCCESS. dag_id=dag_ETL_JsonData, task_id=Transfrom_Data_To_DataFrame, run_id=manual__2024-10-09T04:17:27.371367+00:00, execution_date=20241009T041727, start_date=20241009T041733, end_date=20241009T041737
[2024-10-09T04:17:37.659+0000] {local_task_job_runner.py:240} INFO - Task exited with return code 0
[2024-10-09T04:17:37.676+0000] {taskinstance.py:3498} INFO - 0 downstream tasks scheduled from follow-on schedule check
[2024-10-09T04:17:37.680+0000] {local_task_job_runner.py:222} INFO - ::endgroup::
