[2024-10-08T02:45:16.744+0000] {local_task_job_runner.py:120} INFO - ::group::Pre task execution logs
[2024-10-08T02:45:16.796+0000] {taskinstance.py:2076} INFO - Dependencies all met for dep_context=non-requeueable deps ti=<TaskInstance: dag_ETL_JsonData.unzip manual__2024-10-08T02:45:15.578534+00:00 [queued]>
[2024-10-08T02:45:16.815+0000] {taskinstance.py:2076} INFO - Dependencies all met for dep_context=requeueable deps ti=<TaskInstance: dag_ETL_JsonData.unzip manual__2024-10-08T02:45:15.578534+00:00 [queued]>
[2024-10-08T02:45:16.816+0000] {taskinstance.py:2306} INFO - Starting attempt 1 of 6
[2024-10-08T02:45:16.844+0000] {taskinstance.py:2330} INFO - Executing <Task(PythonOperator): unzip> on 2024-10-08 02:45:15.578534+00:00
[2024-10-08T02:45:16.867+0000] {standard_task_runner.py:90} INFO - Running: ['***', 'tasks', 'run', 'dag_ETL_JsonData', 'unzip', 'manual__2024-10-08T02:45:15.578534+00:00', '--job-id', '628', '--raw', '--subdir', 'DAGS_FOLDER/ETLProject/main.py', '--cfg-path', '/tmp/tmpp3fhh7ga']
[2024-10-08T02:45:16.872+0000] {logging_mixin.py:188} WARNING - /home/***/.local/lib/python3.12/site-packages/***/task/task_runner/standard_task_runner.py:61 DeprecationWarning: This process (pid=2179) is multi-threaded, use of fork() may lead to deadlocks in the child.
[2024-10-08T02:45:16.872+0000] {standard_task_runner.py:91} INFO - Job 628: Subtask unzip
[2024-10-08T02:45:16.873+0000] {standard_task_runner.py:63} INFO - Started process 2199 to run task
[2024-10-08T02:45:17.056+0000] {task_command.py:426} INFO - Running <TaskInstance: dag_ETL_JsonData.unzip manual__2024-10-08T02:45:15.578534+00:00 [running]> on host ecb02e117702
[2024-10-08T02:45:17.180+0000] {taskinstance.py:2648} INFO - Exporting env vars: AIRFLOW_CTX_DAG_OWNER='admin' AIRFLOW_CTX_DAG_ID='dag_ETL_JsonData' AIRFLOW_CTX_TASK_ID='unzip' AIRFLOW_CTX_EXECUTION_DATE='2024-10-08T02:45:15.578534+00:00' AIRFLOW_CTX_TRY_NUMBER='1' AIRFLOW_CTX_DAG_RUN_ID='manual__2024-10-08T02:45:15.578534+00:00'
[2024-10-08T02:45:17.181+0000] {taskinstance.py:430} INFO - ::endgroup::
[2024-10-08T02:45:22.533+0000] {logging_mixin.py:188} INFO - <function parse_json_item at 0x7f3a001ce200>
[2024-10-08T02:45:22.547+0000] {xcom.py:675} ERROR - Object of type function is not JSON serializable. If you are using pickle instead of JSON for XCom, then you need to enable pickle support for XCom in your *** config or make sure to decorate your object with attr.
[2024-10-08T02:45:22.552+0000] {logging_mixin.py:188} INFO - Lỗi khi giải nén file:Object of type function is not JSON serializable
[2024-10-08T02:45:22.566+0000] {python.py:237} INFO - Done. Returned value was: None
[2024-10-08T02:45:22.568+0000] {taskinstance.py:441} INFO - ::group::Post task execution logs
[2024-10-08T02:45:22.580+0000] {taskinstance.py:1206} INFO - Marking task as SUCCESS. dag_id=dag_ETL_JsonData, task_id=unzip, run_id=manual__2024-10-08T02:45:15.578534+00:00, execution_date=20241008T024515, start_date=20241008T024516, end_date=20241008T024522
[2024-10-08T02:45:22.649+0000] {local_task_job_runner.py:240} INFO - Task exited with return code 0
[2024-10-08T02:45:22.675+0000] {taskinstance.py:3498} INFO - 0 downstream tasks scheduled from follow-on schedule check
[2024-10-08T02:45:22.679+0000] {local_task_job_runner.py:222} INFO - ::endgroup::
