[2024-10-09T04:08:49.273+0000] {local_task_job_runner.py:120} INFO - ::group::Pre task execution logs
[2024-10-09T04:08:49.354+0000] {taskinstance.py:2076} INFO - Dependencies all met for dep_context=non-requeueable deps ti=<TaskInstance: dag_ETL_JsonData.Transfrom_Data_To_DataFrame scheduled__2024-10-08T00:00:00+00:00 [queued]>
[2024-10-09T04:08:49.386+0000] {taskinstance.py:2076} INFO - Dependencies all met for dep_context=requeueable deps ti=<TaskInstance: dag_ETL_JsonData.Transfrom_Data_To_DataFrame scheduled__2024-10-08T00:00:00+00:00 [queued]>
[2024-10-09T04:08:49.387+0000] {taskinstance.py:2306} INFO - Starting attempt 1 of 6
[2024-10-09T04:08:49.415+0000] {taskinstance.py:2330} INFO - Executing <Task(PythonOperator): Transfrom_Data_To_DataFrame> on 2024-10-08 00:00:00+00:00
[2024-10-09T04:08:49.426+0000] {standard_task_runner.py:90} INFO - Running: ['***', 'tasks', 'run', 'dag_ETL_JsonData', 'Transfrom_Data_To_DataFrame', 'scheduled__2024-10-08T00:00:00+00:00', '--job-id', '659', '--raw', '--subdir', 'DAGS_FOLDER/ETLProject/main.py', '--cfg-path', '/tmp/tmpuaalgwua']
[2024-10-09T04:08:49.430+0000] {standard_task_runner.py:91} INFO - Job 659: Subtask Transfrom_Data_To_DataFrame
[2024-10-09T04:08:49.433+0000] {logging_mixin.py:188} WARNING - /home/***/.local/lib/python3.12/site-packages/***/task/task_runner/standard_task_runner.py:61 DeprecationWarning: This process (pid=216) is multi-threaded, use of fork() may lead to deadlocks in the child.
[2024-10-09T04:08:49.435+0000] {standard_task_runner.py:63} INFO - Started process 218 to run task
[2024-10-09T04:08:49.525+0000] {task_command.py:426} INFO - Running <TaskInstance: dag_ETL_JsonData.Transfrom_Data_To_DataFrame scheduled__2024-10-08T00:00:00+00:00 [running]> on host ecb02e117702
[2024-10-09T04:08:49.682+0000] {taskinstance.py:2648} INFO - Exporting env vars: AIRFLOW_CTX_DAG_OWNER='admin' AIRFLOW_CTX_DAG_ID='dag_ETL_JsonData' AIRFLOW_CTX_TASK_ID='Transfrom_Data_To_DataFrame' AIRFLOW_CTX_EXECUTION_DATE='2024-10-08T00:00:00+00:00' AIRFLOW_CTX_TRY_NUMBER='1' AIRFLOW_CTX_DAG_RUN_ID='scheduled__2024-10-08T00:00:00+00:00'
[2024-10-09T04:08:49.687+0000] {taskinstance.py:430} INFO - ::endgroup::
[2024-10-09T04:08:54.188+0000] {logging_mixin.py:188} INFO - shape: (2_878, 9)
┌────────────┬────────────┬────────────┬───────────┬───┬────────┬──────────┬───────────┬───────────┐
│ date       ┆ track_id   ┆ page_id    ┆ search_te ┆ … ┆ region ┆ platform ┆ max_posit ┆ count_eve │
│ ---        ┆ ---        ┆ ---        ┆ rm        ┆   ┆ ---    ┆ ---      ┆ ion       ┆ nt        │
│ str        ┆ str        ┆ str        ┆ ---       ┆   ┆ str    ┆ str      ┆ ---       ┆ ---       │
│            ┆            ┆            ┆ str       ┆   ┆        ┆          ┆ str       ┆ u32       │
╞════════════╪════════════╪════════════╪═══════════╪═══╪════════╪══════════╪═══════════╪═══════════╡
│ 2024-08-30 ┆ F21295B5-2 ┆ og_home    ┆           ┆ … ┆ 1      ┆ ios      ┆ 97        ┆ 24        │
│ T00:00:00+ ┆ 83C-4E01-9 ┆            ┆           ┆   ┆        ┆          ┆           ┆           │
│ 07:00      ┆ DF6-430C5C ┆            ┆           ┆   ┆        ┆          ┆           ┆           │
│            ┆ …          ┆            ┆           ┆   ┆        ┆          ┆           ┆           │
│ 2024-08-30 ┆ 3a6fa7cd45 ┆ og_home    ┆           ┆ … ┆ 1      ┆ zma      ┆ 1         ┆ 2         │
│ T00:00:00+ ┆ 643db26c03 ┆            ┆           ┆   ┆        ┆          ┆           ┆           │
│ 07:00      ┆ 06030be0e6 ┆            ┆           ┆   ┆        ┆          ┆           ┆           │
│            ┆ …          ┆            ┆           ┆   ┆        ┆          ┆           ┆           │
│ 2024-08-30 ┆ 2EF03DCE-4 ┆ og_home    ┆           ┆ … ┆ 1      ┆ ios      ┆ 6         ┆ 6         │
│ T00:00:00+ ┆ 7F4-480F-A ┆            ┆           ┆   ┆        ┆          ┆           ┆           │
│ 07:00      ┆ 9C1-B23A5B ┆            ┆           ┆   ┆        ┆          ┆           ┆           │
│            ┆ …          ┆            ┆           ┆   ┆        ┆          ┆           ┆           │
│ 2024-08-30 ┆ 2bbf81225e ┆ og_home    ┆           ┆ … ┆ 1      ┆ zma      ┆ 8         ┆ 67        │
│ T00:00:00+ ┆ e4ccab9ed9 ┆            ┆           ┆   ┆        ┆          ┆           ┆           │
│ 07:00      ┆ 0d4fbe5284 ┆            ┆           ┆   ┆        ┆          ┆           ┆           │
│            ┆ …          ┆            ┆           ┆   ┆        ┆          ┆           ┆           │
│ 2024-08-30 ┆ fc5952da-0 ┆ og_home    ┆           ┆ … ┆ 1      ┆ android  ┆ 8         ┆ 57        │
│ T00:00:00+ ┆ 94f-4c89-8 ┆            ┆           ┆   ┆        ┆          ┆           ┆           │
│ 07:00      ┆ eb6-f1501b ┆            ┆           ┆   ┆        ┆          ┆           ┆           │
│            ┆ …          ┆            ┆           ┆   ┆        ┆          ┆           ┆           │
│ …          ┆ …          ┆ …          ┆ …         ┆ … ┆ …      ┆ …        ┆ …         ┆ …         │
│ 2024-08-30 ┆ D0895C69-A ┆ og_search  ┆ Trà sữa   ┆ … ┆ 1      ┆ ios      ┆ 35        ┆ 6         │
│ T00:00:00+ ┆ 5C0-4402-B ┆            ┆           ┆   ┆        ┆          ┆           ┆           │
│ 07:00      ┆ DEE-6F123A ┆            ┆           ┆   ┆        ┆          ┆           ┆           │
│            ┆ …          ┆            ┆           ┆   ┆        ┆          ┆           ┆           │
│ 2024-08-30 ┆ e6e74fba-f ┆ og_home    ┆           ┆ … ┆ 1      ┆ android  ┆ 3         ┆ 4         │
│ T00:00:00+ ┆ d7f-41da-8 ┆            ┆           ┆   ┆        ┆          ┆           ┆           │
│ 07:00      ┆ f45-ecaa5c ┆            ┆           ┆   ┆        ┆          ┆           ┆           │
│            ┆ …          ┆            ┆           ┆   ┆        ┆          ┆           ┆           │
│ 2024-08-30 ┆ e0f653a6-6 ┆ og_listing ┆           ┆ … ┆ 2      ┆ android  ┆ 99        ┆ 234       │
│ T00:00:00+ ┆ 698-4edf-9 ┆            ┆           ┆   ┆        ┆          ┆           ┆           │
│ 07:00      ┆ 093-b941a2 ┆            ┆           ┆   ┆        ┆          ┆           ┆           │
│            ┆ …          ┆            ┆           ┆   ┆        ┆          ┆           ┆           │
│ 2024-08-30 ┆ 92D17217-4 ┆ og_search  ┆ dưa lưới  ┆ … ┆ 2      ┆ ios      ┆ 4         ┆ 5         │
│ T00:00:00+ ┆ 405-4E25-8 ┆            ┆           ┆   ┆        ┆          ┆           ┆           │
│ 07:00      ┆ A50-7CF1EA ┆            ┆           ┆   ┆        ┆          ┆           ┆           │
│            ┆ …          ┆            ┆           ┆   ┆        ┆          ┆           ┆           │
│ 2024-08-30 ┆ adcc33a7-9 ┆ og_search  ┆ Num       ┆ … ┆ 2      ┆ android  ┆ 9         ┆ 12        │
│ T00:00:00+ ┆ e12-3671-9 ┆            ┆           ┆   ┆        ┆          ┆           ┆           │
│ 07:00      ┆ 17d-f4cd51 ┆            ┆           ┆   ┆        ┆          ┆           ┆           │
│            ┆ …          ┆            ┆           ┆   ┆        ┆          ┆           ┆           │
└────────────┴────────────┴────────────┴───────────┴───┴────────┴──────────┴───────────┴───────────┘
[2024-10-09T04:08:54.344+0000] {python.py:237} INFO - Done. Returned value was: None
[2024-10-09T04:08:54.345+0000] {taskinstance.py:441} INFO - ::group::Post task execution logs
[2024-10-09T04:08:54.355+0000] {taskinstance.py:1206} INFO - Marking task as SUCCESS. dag_id=dag_ETL_JsonData, task_id=Transfrom_Data_To_DataFrame, run_id=scheduled__2024-10-08T00:00:00+00:00, execution_date=20241008T000000, start_date=20241009T040849, end_date=20241009T040854
[2024-10-09T04:08:54.398+0000] {local_task_job_runner.py:240} INFO - Task exited with return code 0
[2024-10-09T04:08:54.420+0000] {taskinstance.py:3498} INFO - 0 downstream tasks scheduled from follow-on schedule check
[2024-10-09T04:08:54.423+0000] {local_task_job_runner.py:222} INFO - ::endgroup::
[2024-10-10T04:05:04.548+0000] {local_task_job_runner.py:120} INFO - ::group::Pre task execution logs
[2024-10-10T04:05:04.670+0000] {taskinstance.py:2076} INFO - Dependencies all met for dep_context=non-requeueable deps ti=<TaskInstance: dag_ETL_JsonData.Transfrom_Data_To_DataFrame scheduled__2024-10-08T00:00:00+00:00 [queued]>
[2024-10-10T04:05:04.688+0000] {taskinstance.py:2076} INFO - Dependencies all met for dep_context=requeueable deps ti=<TaskInstance: dag_ETL_JsonData.Transfrom_Data_To_DataFrame scheduled__2024-10-08T00:00:00+00:00 [queued]>
[2024-10-10T04:05:04.689+0000] {taskinstance.py:2306} INFO - Starting attempt 1 of 6
[2024-10-10T04:05:04.746+0000] {taskinstance.py:2330} INFO - Executing <Task(PythonOperator): Transfrom_Data_To_DataFrame> on 2024-10-08 00:00:00+00:00
[2024-10-10T04:05:04.776+0000] {standard_task_runner.py:90} INFO - Running: ['***', 'tasks', 'run', 'dag_ETL_JsonData', 'Transfrom_Data_To_DataFrame', 'scheduled__2024-10-08T00:00:00+00:00', '--job-id', '982', '--raw', '--subdir', 'DAGS_FOLDER/ETLProject/main.py', '--cfg-path', '/tmp/tmphdfjhm8b']
[2024-10-10T04:05:04.787+0000] {standard_task_runner.py:91} INFO - Job 982: Subtask Transfrom_Data_To_DataFrame
[2024-10-10T04:05:04.809+0000] {logging_mixin.py:188} WARNING - /home/***/.local/lib/python3.12/site-packages/***/task/task_runner/standard_task_runner.py:61 DeprecationWarning: This process (pid=6504) is multi-threaded, use of fork() may lead to deadlocks in the child.
[2024-10-10T04:05:04.813+0000] {standard_task_runner.py:63} INFO - Started process 6533 to run task
[2024-10-10T04:05:04.981+0000] {task_command.py:426} INFO - Running <TaskInstance: dag_ETL_JsonData.Transfrom_Data_To_DataFrame scheduled__2024-10-08T00:00:00+00:00 [running]> on host ecb02e117702
[2024-10-10T04:05:05.280+0000] {taskinstance.py:2648} INFO - Exporting env vars: AIRFLOW_CTX_DAG_OWNER='admin' AIRFLOW_CTX_DAG_ID='dag_ETL_JsonData' AIRFLOW_CTX_TASK_ID='Transfrom_Data_To_DataFrame' AIRFLOW_CTX_EXECUTION_DATE='2024-10-08T00:00:00+00:00' AIRFLOW_CTX_TRY_NUMBER='1' AIRFLOW_CTX_DAG_RUN_ID='scheduled__2024-10-08T00:00:00+00:00'
[2024-10-10T04:05:05.282+0000] {taskinstance.py:430} INFO - ::endgroup::
[2024-10-10T04:05:05.368+0000] {logging_mixin.py:188} INFO - Không tìm thấy dữ liệu
[2024-10-10T04:05:05.370+0000] {python.py:237} INFO - Done. Returned value was: None
[2024-10-10T04:05:05.374+0000] {taskinstance.py:441} INFO - ::group::Post task execution logs
[2024-10-10T04:05:05.414+0000] {taskinstance.py:1206} INFO - Marking task as SUCCESS. dag_id=dag_ETL_JsonData, task_id=Transfrom_Data_To_DataFrame, run_id=scheduled__2024-10-08T00:00:00+00:00, execution_date=20241008T000000, start_date=20241010T040504, end_date=20241010T040505
[2024-10-10T04:05:05.491+0000] {local_task_job_runner.py:240} INFO - Task exited with return code 0
[2024-10-10T04:05:05.526+0000] {taskinstance.py:3498} INFO - 0 downstream tasks scheduled from follow-on schedule check
[2024-10-10T04:05:05.533+0000] {local_task_job_runner.py:222} INFO - ::endgroup::
