[2024-10-08T02:50:08.809+0000] {local_task_job_runner.py:120} INFO - ::group::Pre task execution logs
[2024-10-08T02:50:08.840+0000] {taskinstance.py:2076} INFO - Dependencies all met for dep_context=non-requeueable deps ti=<TaskInstance: dag_ETL_JsonData.unzip manual__2024-10-08T02:50:07.844406+00:00 [queued]>
[2024-10-08T02:50:08.852+0000] {taskinstance.py:2076} INFO - Dependencies all met for dep_context=requeueable deps ti=<TaskInstance: dag_ETL_JsonData.unzip manual__2024-10-08T02:50:07.844406+00:00 [queued]>
[2024-10-08T02:50:08.853+0000] {taskinstance.py:2306} INFO - Starting attempt 1 of 6
[2024-10-08T02:50:08.869+0000] {taskinstance.py:2330} INFO - Executing <Task(PythonOperator): unzip> on 2024-10-08 02:50:07.844406+00:00
[2024-10-08T02:50:08.878+0000] {standard_task_runner.py:90} INFO - Running: ['***', 'tasks', 'run', 'dag_ETL_JsonData', 'unzip', 'manual__2024-10-08T02:50:07.844406+00:00', '--job-id', '631', '--raw', '--subdir', 'DAGS_FOLDER/ETLProject/main.py', '--cfg-path', '/tmp/tmpx_zi0n6t']
[2024-10-08T02:50:08.880+0000] {standard_task_runner.py:91} INFO - Job 631: Subtask unzip
[2024-10-08T02:50:08.881+0000] {logging_mixin.py:188} WARNING - /home/***/.local/lib/python3.12/site-packages/***/task/task_runner/standard_task_runner.py:61 DeprecationWarning: This process (pid=2467) is multi-threaded, use of fork() may lead to deadlocks in the child.
[2024-10-08T02:50:08.882+0000] {standard_task_runner.py:63} INFO - Started process 2478 to run task
[2024-10-08T02:50:08.932+0000] {task_command.py:426} INFO - Running <TaskInstance: dag_ETL_JsonData.unzip manual__2024-10-08T02:50:07.844406+00:00 [running]> on host ecb02e117702
[2024-10-08T02:50:09.029+0000] {taskinstance.py:2648} INFO - Exporting env vars: AIRFLOW_CTX_DAG_OWNER='admin' AIRFLOW_CTX_DAG_ID='dag_ETL_JsonData' AIRFLOW_CTX_TASK_ID='unzip' AIRFLOW_CTX_EXECUTION_DATE='2024-10-08T02:50:07.844406+00:00' AIRFLOW_CTX_TRY_NUMBER='1' AIRFLOW_CTX_DAG_RUN_ID='manual__2024-10-08T02:50:07.844406+00:00'
[2024-10-08T02:50:09.030+0000] {taskinstance.py:430} INFO - ::endgroup::
[2024-10-08T02:50:11.682+0000] {logging_mixin.py:188} INFO - <function parse_json_item at 0x7f3a001ce2a0>
[2024-10-08T02:50:11.691+0000] {xcom.py:675} ERROR - Object of type function is not JSON serializable. If you are using pickle instead of JSON for XCom, then you need to enable pickle support for XCom in your *** config or make sure to decorate your object with attr.
[2024-10-08T02:50:11.693+0000] {logging_mixin.py:188} INFO - Lỗi khi giải nén file:Object of type function is not JSON serializable
[2024-10-08T02:50:11.694+0000] {python.py:237} INFO - Done. Returned value was: None
[2024-10-08T02:50:11.695+0000] {taskinstance.py:441} INFO - ::group::Post task execution logs
[2024-10-08T02:50:11.705+0000] {taskinstance.py:1206} INFO - Marking task as SUCCESS. dag_id=dag_ETL_JsonData, task_id=unzip, run_id=manual__2024-10-08T02:50:07.844406+00:00, execution_date=20241008T025007, start_date=20241008T025008, end_date=20241008T025011
[2024-10-08T02:50:11.748+0000] {local_task_job_runner.py:240} INFO - Task exited with return code 0
[2024-10-08T02:50:11.766+0000] {taskinstance.py:3498} INFO - 0 downstream tasks scheduled from follow-on schedule check
[2024-10-08T02:50:11.769+0000] {local_task_job_runner.py:222} INFO - ::endgroup::
