[2024-10-03T08:00:00.700+0000] {local_task_job_runner.py:120} INFO - ::group::Pre task execution logs
[2024-10-03T08:00:00.742+0000] {taskinstance.py:2076} INFO - Dependencies all met for dep_context=non-requeueable deps ti=<TaskInstance: dag_with_postgres_operator_v2.create_postgres_table manual__2024-10-03T07:59:59.732800+00:00 [queued]>
[2024-10-03T08:00:00.753+0000] {taskinstance.py:2076} INFO - Dependencies all met for dep_context=requeueable deps ti=<TaskInstance: dag_with_postgres_operator_v2.create_postgres_table manual__2024-10-03T07:59:59.732800+00:00 [queued]>
[2024-10-03T08:00:00.754+0000] {taskinstance.py:2306} INFO - Starting attempt 1 of 6
[2024-10-03T08:00:00.892+0000] {taskinstance.py:2330} INFO - Executing <Task(PostgresOperator): create_postgres_table> on 2024-10-03 07:59:59.732800+00:00
[2024-10-03T08:00:00.913+0000] {standard_task_runner.py:90} INFO - Running: ['***', 'tasks', 'run', 'dag_with_postgres_operator_v2', 'create_postgres_table', 'manual__2024-10-03T07:59:59.732800+00:00', '--job-id', '20', '--raw', '--subdir', 'DAGS_FOLDER/dag_with_postgres_operator.py', '--cfg-path', '/tmp/tmpxc1a95b8']
[2024-10-03T08:00:00.918+0000] {standard_task_runner.py:91} INFO - Job 20: Subtask create_postgres_table
[2024-10-03T08:00:00.932+0000] {logging_mixin.py:188} WARNING - /home/***/.local/lib/python3.12/site-packages/***/task/task_runner/standard_task_runner.py:61 DeprecationWarning: This process (pid=651) is multi-threaded, use of fork() may lead to deadlocks in the child.
[2024-10-03T08:00:00.947+0000] {standard_task_runner.py:63} INFO - Started process 653 to run task
[2024-10-03T08:00:01.053+0000] {task_command.py:426} INFO - Running <TaskInstance: dag_with_postgres_operator_v2.create_postgres_table manual__2024-10-03T07:59:59.732800+00:00 [running]> on host fb5d174c2391
[2024-10-03T08:00:01.236+0000] {taskinstance.py:2648} INFO - Exporting env vars: AIRFLOW_CTX_DAG_OWNER='admin' AIRFLOW_CTX_DAG_ID='dag_with_postgres_operator_v2' AIRFLOW_CTX_TASK_ID='create_postgres_table' AIRFLOW_CTX_EXECUTION_DATE='2024-10-03T07:59:59.732800+00:00' AIRFLOW_CTX_TRY_NUMBER='1' AIRFLOW_CTX_DAG_RUN_ID='manual__2024-10-03T07:59:59.732800+00:00'
[2024-10-03T08:00:01.239+0000] {taskinstance.py:430} INFO - ::endgroup::
[2024-10-03T08:00:01.283+0000] {sql.py:276} INFO - Executing: 
            create table if not exists dag_run(
            dt date,
            dag_id character varying,
            primary key (dt, dag_id)
            )
            
[2024-10-03T08:00:01.300+0000] {base.py:84} INFO - Using connection ID 'postgres_localhost' for task execution.
[2024-10-03T08:00:01.327+0000] {base.py:84} INFO - Using connection ID 'postgres_localhost' for task execution.
[2024-10-03T08:00:01.441+0000] {sql.py:470} INFO - Running statement: 
            create table if not exists dag_run(
            dt date,
            dag_id character varying,
            primary key (dt, dag_id)
            )
            , parameters: None
[2024-10-03T08:00:01.508+0000] {taskinstance.py:441} INFO - ::group::Post task execution logs
[2024-10-03T08:00:01.510+0000] {taskinstance.py:2905} ERROR - Task failed with exception
Traceback (most recent call last):
  File "/home/airflow/.local/lib/python3.12/site-packages/airflow/models/taskinstance.py", line 465, in _execute_task
    result = _execute_callable(context=context, **execute_callable_kwargs)
             ^^^^^^^^^^^^^^^^^^^^^^^^^^^^^^^^^^^^^^^^^^^^^^^^^^^^^^^^^^^^^
  File "/home/airflow/.local/lib/python3.12/site-packages/airflow/models/taskinstance.py", line 432, in _execute_callable
    return execute_callable(context=context, **execute_callable_kwargs)
           ^^^^^^^^^^^^^^^^^^^^^^^^^^^^^^^^^^^^^^^^^^^^^^^^^^^^^^^^^^^^
  File "/home/airflow/.local/lib/python3.12/site-packages/airflow/models/baseoperator.py", line 400, in wrapper
    return func(self, *args, **kwargs)
           ^^^^^^^^^^^^^^^^^^^^^^^^^^^
  File "/home/airflow/.local/lib/python3.12/site-packages/airflow/providers/common/sql/operators/sql.py", line 282, in execute
    output = hook.run(
             ^^^^^^^^^
  File "/home/airflow/.local/lib/python3.12/site-packages/airflow/providers/common/sql/hooks/sql.py", line 418, in run
    self._run_command(cur, sql_statement, parameters)
  File "/home/airflow/.local/lib/python3.12/site-packages/airflow/providers/common/sql/hooks/sql.py", line 475, in _run_command
    cur.execute(sql_statement)
psycopg2.errors.UniqueViolation: duplicate key value violates unique constraint "pg_type_typname_nsp_index"
DETAIL:  Key (typname, typnamespace)=(dag_run, 2200) already exists.

[2024-10-03T08:00:01.534+0000] {taskinstance.py:1206} INFO - Marking task as UP_FOR_RETRY. dag_id=dag_with_postgres_operator_v2, task_id=create_postgres_table, run_id=manual__2024-10-03T07:59:59.732800+00:00, execution_date=20241003T075959, start_date=20241003T080000, end_date=20241003T080001
[2024-10-03T08:00:01.567+0000] {standard_task_runner.py:110} ERROR - Failed to execute job 20 for task create_postgres_table (duplicate key value violates unique constraint "pg_type_typname_nsp_index"
DETAIL:  Key (typname, typnamespace)=(dag_run, 2200) already exists.
; 653)
[2024-10-03T08:00:01.616+0000] {local_task_job_runner.py:240} INFO - Task exited with return code 1
[2024-10-03T08:00:01.637+0000] {local_task_job_runner.py:222} INFO - ::endgroup::
