[2024-10-10T02:13:14.844+0000] {local_task_job_runner.py:120} INFO - ::group::Pre task execution logs
[2024-10-10T02:13:14.947+0000] {taskinstance.py:2076} INFO - Dependencies all met for dep_context=non-requeueable deps ti=<TaskInstance: dag_ETL_JsonData.Transfrom_Data_To_DataFrame scheduled__2024-10-09T00:00:00+00:00 [queued]>
[2024-10-10T02:13:14.966+0000] {taskinstance.py:2076} INFO - Dependencies all met for dep_context=requeueable deps ti=<TaskInstance: dag_ETL_JsonData.Transfrom_Data_To_DataFrame scheduled__2024-10-09T00:00:00+00:00 [queued]>
[2024-10-10T02:13:14.970+0000] {taskinstance.py:2306} INFO - Starting attempt 1 of 6
[2024-10-10T02:13:15.024+0000] {taskinstance.py:2330} INFO - Executing <Task(PythonOperator): Transfrom_Data_To_DataFrame> on 2024-10-09 00:00:00+00:00
[2024-10-10T02:13:15.043+0000] {standard_task_runner.py:90} INFO - Running: ['***', 'tasks', 'run', 'dag_ETL_JsonData', 'Transfrom_Data_To_DataFrame', 'scheduled__2024-10-09T00:00:00+00:00', '--job-id', '871', '--raw', '--subdir', 'DAGS_FOLDER/ETLProject/main.py', '--cfg-path', '/tmp/tmp4nqcjcmf']
[2024-10-10T02:13:15.053+0000] {standard_task_runner.py:91} INFO - Job 871: Subtask Transfrom_Data_To_DataFrame
[2024-10-10T02:13:15.057+0000] {logging_mixin.py:188} WARNING - /home/***/.local/lib/python3.12/site-packages/***/task/task_runner/standard_task_runner.py:61 DeprecationWarning: This process (pid=187) is multi-threaded, use of fork() may lead to deadlocks in the child.
[2024-10-10T02:13:15.058+0000] {standard_task_runner.py:63} INFO - Started process 221 to run task
[2024-10-10T02:13:15.180+0000] {task_command.py:426} INFO - Running <TaskInstance: dag_ETL_JsonData.Transfrom_Data_To_DataFrame scheduled__2024-10-09T00:00:00+00:00 [running]> on host ecb02e117702
[2024-10-10T02:13:15.419+0000] {taskinstance.py:2648} INFO - Exporting env vars: AIRFLOW_CTX_DAG_OWNER='admin' AIRFLOW_CTX_DAG_ID='dag_ETL_JsonData' AIRFLOW_CTX_TASK_ID='Transfrom_Data_To_DataFrame' AIRFLOW_CTX_EXECUTION_DATE='2024-10-09T00:00:00+00:00' AIRFLOW_CTX_TRY_NUMBER='1' AIRFLOW_CTX_DAG_RUN_ID='scheduled__2024-10-09T00:00:00+00:00'
[2024-10-10T02:13:15.424+0000] {taskinstance.py:430} INFO - ::endgroup::
[2024-10-10T02:13:15.540+0000] {logging_mixin.py:188} INFO - Không tìm thấy dữ liệu
[2024-10-10T02:13:15.543+0000] {python.py:237} INFO - Done. Returned value was: None
[2024-10-10T02:13:15.544+0000] {taskinstance.py:441} INFO - ::group::Post task execution logs
[2024-10-10T02:13:15.565+0000] {taskinstance.py:1206} INFO - Marking task as SUCCESS. dag_id=dag_ETL_JsonData, task_id=Transfrom_Data_To_DataFrame, run_id=scheduled__2024-10-09T00:00:00+00:00, execution_date=20241009T000000, start_date=20241010T021314, end_date=20241010T021315
[2024-10-10T02:13:15.643+0000] {local_task_job_runner.py:240} INFO - Task exited with return code 0
[2024-10-10T02:13:15.678+0000] {taskinstance.py:3498} INFO - 0 downstream tasks scheduled from follow-on schedule check
[2024-10-10T02:13:15.691+0000] {local_task_job_runner.py:222} INFO - ::endgroup::
[2024-10-10T04:05:04.510+0000] {local_task_job_runner.py:120} INFO - ::group::Pre task execution logs
[2024-10-10T04:05:04.627+0000] {taskinstance.py:2076} INFO - Dependencies all met for dep_context=non-requeueable deps ti=<TaskInstance: dag_ETL_JsonData.Transfrom_Data_To_DataFrame scheduled__2024-10-09T00:00:00+00:00 [queued]>
[2024-10-10T04:05:04.666+0000] {taskinstance.py:2076} INFO - Dependencies all met for dep_context=requeueable deps ti=<TaskInstance: dag_ETL_JsonData.Transfrom_Data_To_DataFrame scheduled__2024-10-09T00:00:00+00:00 [queued]>
[2024-10-10T04:05:04.668+0000] {taskinstance.py:2306} INFO - Starting attempt 1 of 6
[2024-10-10T04:05:04.715+0000] {taskinstance.py:2330} INFO - Executing <Task(PythonOperator): Transfrom_Data_To_DataFrame> on 2024-10-09 00:00:00+00:00
[2024-10-10T04:05:04.745+0000] {logging_mixin.py:188} WARNING - /home/***/.local/lib/python3.12/site-packages/***/task/task_runner/standard_task_runner.py:61 DeprecationWarning: This process (pid=6493) is multi-threaded, use of fork() may lead to deadlocks in the child.
[2024-10-10T04:05:04.743+0000] {standard_task_runner.py:90} INFO - Running: ['***', 'tasks', 'run', 'dag_ETL_JsonData', 'Transfrom_Data_To_DataFrame', 'scheduled__2024-10-09T00:00:00+00:00', '--job-id', '979', '--raw', '--subdir', 'DAGS_FOLDER/ETLProject/main.py', '--cfg-path', '/tmp/tmpxxuqqb4b']
[2024-10-10T04:05:04.752+0000] {standard_task_runner.py:91} INFO - Job 979: Subtask Transfrom_Data_To_DataFrame
[2024-10-10T04:05:04.751+0000] {standard_task_runner.py:63} INFO - Started process 6529 to run task
[2024-10-10T04:05:04.990+0000] {task_command.py:426} INFO - Running <TaskInstance: dag_ETL_JsonData.Transfrom_Data_To_DataFrame scheduled__2024-10-09T00:00:00+00:00 [running]> on host ecb02e117702
[2024-10-10T04:05:05.251+0000] {taskinstance.py:2648} INFO - Exporting env vars: AIRFLOW_CTX_DAG_OWNER='admin' AIRFLOW_CTX_DAG_ID='dag_ETL_JsonData' AIRFLOW_CTX_TASK_ID='Transfrom_Data_To_DataFrame' AIRFLOW_CTX_EXECUTION_DATE='2024-10-09T00:00:00+00:00' AIRFLOW_CTX_TRY_NUMBER='1' AIRFLOW_CTX_DAG_RUN_ID='scheduled__2024-10-09T00:00:00+00:00'
[2024-10-10T04:05:05.258+0000] {taskinstance.py:430} INFO - ::endgroup::
[2024-10-10T04:05:05.312+0000] {logging_mixin.py:188} INFO - Không tìm thấy dữ liệu
[2024-10-10T04:05:05.319+0000] {python.py:237} INFO - Done. Returned value was: None
[2024-10-10T04:05:05.320+0000] {taskinstance.py:441} INFO - ::group::Post task execution logs
[2024-10-10T04:05:05.353+0000] {taskinstance.py:1206} INFO - Marking task as SUCCESS. dag_id=dag_ETL_JsonData, task_id=Transfrom_Data_To_DataFrame, run_id=scheduled__2024-10-09T00:00:00+00:00, execution_date=20241009T000000, start_date=20241010T040504, end_date=20241010T040505
[2024-10-10T04:05:05.445+0000] {local_task_job_runner.py:240} INFO - Task exited with return code 0
[2024-10-10T04:05:05.478+0000] {taskinstance.py:3498} INFO - 0 downstream tasks scheduled from follow-on schedule check
[2024-10-10T04:05:05.489+0000] {local_task_job_runner.py:222} INFO - ::endgroup::
