[2024-10-10T04:04:04.220+0000] {local_task_job_runner.py:120} INFO - ::group::Pre task execution logs
[2024-10-10T04:04:04.337+0000] {taskinstance.py:2076} INFO - Dependencies all met for dep_context=non-requeueable deps ti=<TaskInstance: dag_ETL_JsonData.check_folder scheduled__2024-10-06T00:00:00+00:00 [queued]>
[2024-10-10T04:04:04.383+0000] {taskinstance.py:2076} INFO - Dependencies all met for dep_context=requeueable deps ti=<TaskInstance: dag_ETL_JsonData.check_folder scheduled__2024-10-06T00:00:00+00:00 [queued]>
[2024-10-10T04:04:04.385+0000] {taskinstance.py:2306} INFO - Starting attempt 1 of 6
[2024-10-10T04:04:04.451+0000] {taskinstance.py:2330} INFO - Executing <Task(PythonOperator): check_folder> on 2024-10-06 00:00:00+00:00
[2024-10-10T04:04:04.494+0000] {standard_task_runner.py:90} INFO - Running: ['***', 'tasks', 'run', 'dag_ETL_JsonData', 'check_folder', 'scheduled__2024-10-06T00:00:00+00:00', '--job-id', '960', '--raw', '--subdir', 'DAGS_FOLDER/ETLProject/main.py', '--cfg-path', '/tmp/tmpufwxvik_']
[2024-10-10T04:04:04.532+0000] {standard_task_runner.py:91} INFO - Job 960: Subtask check_folder
[2024-10-10T04:04:04.547+0000] {logging_mixin.py:188} WARNING - /home/***/.local/lib/python3.12/site-packages/***/task/task_runner/standard_task_runner.py:61 DeprecationWarning: This process (pid=6376) is multi-threaded, use of fork() may lead to deadlocks in the child.
[2024-10-10T04:04:04.551+0000] {standard_task_runner.py:63} INFO - Started process 6407 to run task
[2024-10-10T04:04:04.791+0000] {task_command.py:426} INFO - Running <TaskInstance: dag_ETL_JsonData.check_folder scheduled__2024-10-06T00:00:00+00:00 [running]> on host ecb02e117702
[2024-10-10T04:04:05.323+0000] {taskinstance.py:2648} INFO - Exporting env vars: AIRFLOW_CTX_DAG_OWNER='admin' AIRFLOW_CTX_DAG_ID='dag_ETL_JsonData' AIRFLOW_CTX_TASK_ID='check_folder' AIRFLOW_CTX_EXECUTION_DATE='2024-10-06T00:00:00+00:00' AIRFLOW_CTX_TRY_NUMBER='1' AIRFLOW_CTX_DAG_RUN_ID='scheduled__2024-10-06T00:00:00+00:00'
[2024-10-10T04:04:05.344+0000] {taskinstance.py:430} INFO - ::endgroup::
[2024-10-10T04:04:05.418+0000] {logging_mixin.py:188} INFO - Check for files from today: 20241010
[2024-10-10T04:04:05.453+0000] {logging_mixin.py:188} INFO - File to process: dags/ETLProject/og_item_impression.20240830_/og_item_impression.20240830_0840_3.json.gz
[2024-10-10T04:04:05.457+0000] {logging_mixin.py:188} INFO - File to process: dags/ETLProject/og_item_impression.20240830_/og_item_impression.20240830_0950_2.json.gz
[2024-10-10T04:04:05.463+0000] {logging_mixin.py:188} INFO - File to process: dags/ETLProject/og_item_impression.20240830_/og_item_impression.20240830_1020_3.json.gz
[2024-10-10T04:04:05.469+0000] {logging_mixin.py:188} INFO - File to process: dags/ETLProject/og_item_impression.20240830_/og_item_impression.20240830_1100_1.json.gz
[2024-10-10T04:04:05.477+0000] {logging_mixin.py:188} INFO - File to process: dags/ETLProject/og_item_impression.20240830_/og_item_impression.20240830_1130_1.json.gz
[2024-10-10T04:04:05.484+0000] {logging_mixin.py:188} INFO - File to process: dags/ETLProject/og_item_impression.20240830_/og_item_impression.20240830_1930_0.json.gz
[2024-10-10T04:04:05.499+0000] {logging_mixin.py:188} INFO - File to process: dags/ETLProject/og_item_impression.20240830_/og_item_impression.20240830_2010_2.json.gz
[2024-10-10T04:04:05.501+0000] {logging_mixin.py:188} INFO - File to process: dags/ETLProject/og_item_impression.20240830_/og_item_impression.20240830_2030_3.json.gz
[2024-10-10T04:04:05.630+0000] {logging_mixin.py:188} INFO - File in folder '20240830': ['og_item_impression.20240830_0840_3.json.gz', 'og_item_impression.20240830_0950_2.json.gz', 'og_item_impression.20240830_1020_3.json.gz', 'og_item_impression.20240830_1100_1.json.gz', 'og_item_impression.20240830_1130_1.json.gz', 'og_item_impression.20240830_1930_0.json.gz', 'og_item_impression.20240830_2010_2.json.gz', 'og_item_impression.20240830_2030_3.json.gz']
[2024-10-10T04:04:05.634+0000] {python.py:237} INFO - Done. Returned value was: None
[2024-10-10T04:04:05.636+0000] {taskinstance.py:441} INFO - ::group::Post task execution logs
[2024-10-10T04:04:05.673+0000] {taskinstance.py:1206} INFO - Marking task as SUCCESS. dag_id=dag_ETL_JsonData, task_id=check_folder, run_id=scheduled__2024-10-06T00:00:00+00:00, execution_date=20241006T000000, start_date=20241010T040404, end_date=20241010T040405
[2024-10-10T04:04:05.799+0000] {local_task_job_runner.py:240} INFO - Task exited with return code 0
[2024-10-10T04:04:05.827+0000] {local_task_job_runner.py:222} INFO - ::endgroup::
