[2024-10-10T02:43:44.023+0000] {local_task_job_runner.py:120} INFO - ::group::Pre task execution logs
[2024-10-10T02:43:44.187+0000] {taskinstance.py:2076} INFO - Dependencies all met for dep_context=non-requeueable deps ti=<TaskInstance: dag_ETL_JsonData.check_folder manual__2024-10-10T02:43:40.948400+00:00 [queued]>
[2024-10-10T02:43:44.207+0000] {taskinstance.py:2076} INFO - Dependencies all met for dep_context=requeueable deps ti=<TaskInstance: dag_ETL_JsonData.check_folder manual__2024-10-10T02:43:40.948400+00:00 [queued]>
[2024-10-10T02:43:44.208+0000] {taskinstance.py:2306} INFO - Starting attempt 1 of 6
[2024-10-10T02:43:44.246+0000] {taskinstance.py:2330} INFO - Executing <Task(PythonOperator): check_folder> on 2024-10-10 02:43:40.948400+00:00
[2024-10-10T02:43:44.257+0000] {standard_task_runner.py:90} INFO - Running: ['***', 'tasks', 'run', 'dag_ETL_JsonData', 'check_folder', 'manual__2024-10-10T02:43:40.948400+00:00', '--job-id', '901', '--raw', '--subdir', 'DAGS_FOLDER/ETLProject/main.py', '--cfg-path', '/tmp/tmp_kdcpl6b']
[2024-10-10T02:43:44.260+0000] {standard_task_runner.py:91} INFO - Job 901: Subtask check_folder
[2024-10-10T02:43:44.261+0000] {logging_mixin.py:188} WARNING - /home/***/.local/lib/python3.12/site-packages/***/task/task_runner/standard_task_runner.py:61 DeprecationWarning: This process (pid=1912) is multi-threaded, use of fork() may lead to deadlocks in the child.
[2024-10-10T02:43:44.262+0000] {standard_task_runner.py:63} INFO - Started process 1922 to run task
[2024-10-10T02:43:44.339+0000] {task_command.py:426} INFO - Running <TaskInstance: dag_ETL_JsonData.check_folder manual__2024-10-10T02:43:40.948400+00:00 [running]> on host ecb02e117702
[2024-10-10T02:43:44.552+0000] {taskinstance.py:2648} INFO - Exporting env vars: AIRFLOW_CTX_DAG_OWNER='admin' AIRFLOW_CTX_DAG_ID='dag_ETL_JsonData' AIRFLOW_CTX_TASK_ID='check_folder' AIRFLOW_CTX_EXECUTION_DATE='2024-10-10T02:43:40.948400+00:00' AIRFLOW_CTX_TRY_NUMBER='1' AIRFLOW_CTX_DAG_RUN_ID='manual__2024-10-10T02:43:40.948400+00:00'
[2024-10-10T02:43:44.555+0000] {taskinstance.py:430} INFO - ::endgroup::
[2024-10-10T02:43:44.630+0000] {logging_mixin.py:188} INFO - Check for files from today: 20241010
[2024-10-10T02:43:44.664+0000] {logging_mixin.py:188} INFO - File in folder '20241010': []
[2024-10-10T02:43:44.665+0000] {python.py:237} INFO - Done. Returned value was: None
[2024-10-10T02:43:44.666+0000] {taskinstance.py:441} INFO - ::group::Post task execution logs
[2024-10-10T02:43:44.679+0000] {taskinstance.py:1206} INFO - Marking task as SUCCESS. dag_id=dag_ETL_JsonData, task_id=check_folder, run_id=manual__2024-10-10T02:43:40.948400+00:00, execution_date=20241010T024340, start_date=20241010T024344, end_date=20241010T024344
[2024-10-10T02:43:44.744+0000] {local_task_job_runner.py:240} INFO - Task exited with return code 0
[2024-10-10T02:43:44.768+0000] {taskinstance.py:3498} INFO - 0 downstream tasks scheduled from follow-on schedule check
[2024-10-10T02:43:44.771+0000] {local_task_job_runner.py:222} INFO - ::endgroup::
