[2024-10-04T04:11:34.265+0000] {local_task_job_runner.py:120} INFO - ::group::Pre task execution logs
[2024-10-04T04:11:34.392+0000] {taskinstance.py:2076} INFO - Dependencies all met for dep_context=non-requeueable deps ti=<TaskInstance: dag_ETL_JsonData.unzip manual__2024-10-04T02:53:51.966131+00:00 [queued]>
[2024-10-04T04:11:34.454+0000] {taskinstance.py:2076} INFO - Dependencies all met for dep_context=requeueable deps ti=<TaskInstance: dag_ETL_JsonData.unzip manual__2024-10-04T02:53:51.966131+00:00 [queued]>
[2024-10-04T04:11:34.462+0000] {taskinstance.py:2306} INFO - Starting attempt 6 of 6
[2024-10-04T04:11:34.540+0000] {taskinstance.py:2330} INFO - Executing <Task(BashOperator): unzip> on 2024-10-04 02:53:51.966131+00:00
[2024-10-04T04:11:34.574+0000] {logging_mixin.py:188} WARNING - /home/***/.local/lib/python3.12/site-packages/***/task/task_runner/standard_task_runner.py:61 DeprecationWarning: This process (pid=5119) is multi-threaded, use of fork() may lead to deadlocks in the child.
[2024-10-04T04:11:34.577+0000] {standard_task_runner.py:63} INFO - Started process 5148 to run task
[2024-10-04T04:11:34.583+0000] {standard_task_runner.py:90} INFO - Running: ['***', 'tasks', 'run', 'dag_ETL_JsonData', 'unzip', 'manual__2024-10-04T02:53:51.966131+00:00', '--job-id', '475', '--raw', '--subdir', 'DAGS_FOLDER/ETLProject/main.py', '--cfg-path', '/tmp/tmpzbchv71x']
[2024-10-04T04:11:34.594+0000] {standard_task_runner.py:91} INFO - Job 475: Subtask unzip
[2024-10-04T04:11:34.843+0000] {task_command.py:426} INFO - Running <TaskInstance: dag_ETL_JsonData.unzip manual__2024-10-04T02:53:51.966131+00:00 [running]> on host ecb02e117702
[2024-10-04T04:11:35.445+0000] {taskinstance.py:2648} INFO - Exporting env vars: AIRFLOW_CTX_DAG_OWNER='admin' AIRFLOW_CTX_DAG_ID='dag_ETL_JsonData' AIRFLOW_CTX_TASK_ID='unzip' AIRFLOW_CTX_EXECUTION_DATE='2024-10-04T02:53:51.966131+00:00' AIRFLOW_CTX_TRY_NUMBER='6' AIRFLOW_CTX_DAG_RUN_ID='manual__2024-10-04T02:53:51.966131+00:00'
[2024-10-04T04:11:35.454+0000] {taskinstance.py:430} INFO - ::endgroup::
[2024-10-04T04:11:35.514+0000] {subprocess.py:63} INFO - Tmp dir root location: /tmp
[2024-10-04T04:11:35.519+0000] {subprocess.py:75} INFO - Running command: ['/usr/bin/bash', '-c', 'gunzip /mnt/og_item_data/og_item_impression.20240830_0840_3.json.gz']
[2024-10-04T04:11:35.557+0000] {subprocess.py:86} INFO - Output:
[2024-10-04T04:11:35.568+0000] {subprocess.py:93} INFO - gzip: /mnt/og_item_data/og_item_impression.20240830_0840_3.json.gz: No such file or directory
[2024-10-04T04:11:35.571+0000] {subprocess.py:97} INFO - Command exited with return code 1
[2024-10-04T04:11:35.577+0000] {taskinstance.py:441} INFO - ::group::Post task execution logs
[2024-10-04T04:11:35.619+0000] {taskinstance.py:2905} ERROR - Task failed with exception
Traceback (most recent call last):
  File "/home/airflow/.local/lib/python3.12/site-packages/airflow/models/taskinstance.py", line 465, in _execute_task
    result = _execute_callable(context=context, **execute_callable_kwargs)
             ^^^^^^^^^^^^^^^^^^^^^^^^^^^^^^^^^^^^^^^^^^^^^^^^^^^^^^^^^^^^^
  File "/home/airflow/.local/lib/python3.12/site-packages/airflow/models/taskinstance.py", line 432, in _execute_callable
    return execute_callable(context=context, **execute_callable_kwargs)
           ^^^^^^^^^^^^^^^^^^^^^^^^^^^^^^^^^^^^^^^^^^^^^^^^^^^^^^^^^^^^
  File "/home/airflow/.local/lib/python3.12/site-packages/airflow/models/baseoperator.py", line 400, in wrapper
    return func(self, *args, **kwargs)
           ^^^^^^^^^^^^^^^^^^^^^^^^^^^
  File "/home/airflow/.local/lib/python3.12/site-packages/airflow/operators/bash.py", line 243, in execute
    raise AirflowException(
airflow.exceptions.AirflowException: Bash command failed. The command returned a non-zero exit code 1.
[2024-10-04T04:11:35.638+0000] {taskinstance.py:1206} INFO - Marking task as FAILED. dag_id=dag_ETL_JsonData, task_id=unzip, run_id=manual__2024-10-04T02:53:51.966131+00:00, execution_date=20241004T025351, start_date=20241004T041134, end_date=20241004T041135
[2024-10-04T04:11:35.683+0000] {standard_task_runner.py:110} ERROR - Failed to execute job 475 for task unzip (Bash command failed. The command returned a non-zero exit code 1.; 5148)
[2024-10-04T04:11:35.721+0000] {local_task_job_runner.py:240} INFO - Task exited with return code 1
[2024-10-04T04:11:35.752+0000] {taskinstance.py:3498} INFO - 0 downstream tasks scheduled from follow-on schedule check
[2024-10-04T04:11:35.756+0000] {local_task_job_runner.py:222} INFO - ::endgroup::
