[2024-10-10T03:39:59.921+0000] {local_task_job_runner.py:120} INFO - ::group::Pre task execution logs
[2024-10-10T03:39:59.961+0000] {taskinstance.py:2076} INFO - Dependencies all met for dep_context=non-requeueable deps ti=<TaskInstance: dag_ETL_JsonData.check_folder manual__2024-10-10T03:39:58.131694+00:00 [queued]>
[2024-10-10T03:39:59.972+0000] {taskinstance.py:2076} INFO - Dependencies all met for dep_context=requeueable deps ti=<TaskInstance: dag_ETL_JsonData.check_folder manual__2024-10-10T03:39:58.131694+00:00 [queued]>
[2024-10-10T03:39:59.973+0000] {taskinstance.py:2306} INFO - Starting attempt 1 of 6
[2024-10-10T03:39:59.989+0000] {taskinstance.py:2330} INFO - Executing <Task(PythonOperator): check_folder> on 2024-10-10 03:39:58.131694+00:00
[2024-10-10T03:40:00.000+0000] {standard_task_runner.py:90} INFO - Running: ['***', 'tasks', 'run', 'dag_ETL_JsonData', 'check_folder', 'manual__2024-10-10T03:39:58.131694+00:00', '--job-id', '922', '--raw', '--subdir', 'DAGS_FOLDER/ETLProject/main.py', '--cfg-path', '/tmp/tmpp2n61j_p']
[2024-10-10T03:40:00.005+0000] {standard_task_runner.py:91} INFO - Job 922: Subtask check_folder
[2024-10-10T03:40:00.006+0000] {logging_mixin.py:188} WARNING - /home/***/.local/lib/python3.12/site-packages/***/task/task_runner/standard_task_runner.py:61 DeprecationWarning: This process (pid=5015) is multi-threaded, use of fork() may lead to deadlocks in the child.
[2024-10-10T03:40:00.008+0000] {standard_task_runner.py:63} INFO - Started process 5025 to run task
[2024-10-10T03:40:00.073+0000] {task_command.py:426} INFO - Running <TaskInstance: dag_ETL_JsonData.check_folder manual__2024-10-10T03:39:58.131694+00:00 [running]> on host ecb02e117702
[2024-10-10T03:40:00.190+0000] {taskinstance.py:2648} INFO - Exporting env vars: AIRFLOW_CTX_DAG_OWNER='admin' AIRFLOW_CTX_DAG_ID='dag_ETL_JsonData' AIRFLOW_CTX_TASK_ID='check_folder' AIRFLOW_CTX_EXECUTION_DATE='2024-10-10T03:39:58.131694+00:00' AIRFLOW_CTX_TRY_NUMBER='1' AIRFLOW_CTX_DAG_RUN_ID='manual__2024-10-10T03:39:58.131694+00:00'
[2024-10-10T03:40:00.192+0000] {taskinstance.py:430} INFO - ::endgroup::
[2024-10-10T03:40:00.208+0000] {logging_mixin.py:188} INFO - Check for files from today: 20241010
[2024-10-10T03:40:00.213+0000] {logging_mixin.py:188} INFO - File to process: dags/ETLProject/og_item_impression.20240830_/og_item_impression.20240830_0840_3.json.gz
[2024-10-10T03:40:00.214+0000] {logging_mixin.py:188} INFO - File to process: dags/ETLProject/og_item_impression.20240830_/og_item_impression.20240830_0950_2.json.gz
[2024-10-10T03:40:00.214+0000] {logging_mixin.py:188} INFO - File to process: dags/ETLProject/og_item_impression.20240830_/og_item_impression.20240830_1020_3.json.gz
[2024-10-10T03:40:00.215+0000] {logging_mixin.py:188} INFO - File to process: dags/ETLProject/og_item_impression.20240830_/og_item_impression.20240830_1100_1.json.gz
[2024-10-10T03:40:00.215+0000] {logging_mixin.py:188} INFO - File to process: dags/ETLProject/og_item_impression.20240830_/og_item_impression.20240830_1130_1.json.gz
[2024-10-10T03:40:00.216+0000] {logging_mixin.py:188} INFO - File to process: dags/ETLProject/og_item_impression.20240830_/og_item_impression.20240830_1930_0.json.gz
[2024-10-10T03:40:00.217+0000] {logging_mixin.py:188} INFO - File to process: dags/ETLProject/og_item_impression.20240830_/og_item_impression.20240830_2010_2.json.gz
[2024-10-10T03:40:00.218+0000] {logging_mixin.py:188} INFO - File to process: dags/ETLProject/og_item_impression.20240830_/og_item_impression.20240830_2030_3.json.gz
[2024-10-10T03:40:00.259+0000] {logging_mixin.py:188} INFO - File in folder '20240830': ['og_item_impression.20240830_0840_3.json.gz', 'og_item_impression.20240830_0950_2.json.gz', 'og_item_impression.20240830_1020_3.json.gz', 'og_item_impression.20240830_1100_1.json.gz', 'og_item_impression.20240830_1130_1.json.gz', 'og_item_impression.20240830_1930_0.json.gz', 'og_item_impression.20240830_2010_2.json.gz', 'og_item_impression.20240830_2030_3.json.gz']
[2024-10-10T03:40:00.260+0000] {python.py:237} INFO - Done. Returned value was: None
[2024-10-10T03:40:00.262+0000] {taskinstance.py:441} INFO - ::group::Post task execution logs
[2024-10-10T03:40:00.277+0000] {taskinstance.py:1206} INFO - Marking task as SUCCESS. dag_id=dag_ETL_JsonData, task_id=check_folder, run_id=manual__2024-10-10T03:39:58.131694+00:00, execution_date=20241010T033958, start_date=20241010T033959, end_date=20241010T034000
[2024-10-10T03:40:00.305+0000] {local_task_job_runner.py:240} INFO - Task exited with return code 0
[2024-10-10T03:40:00.333+0000] {taskinstance.py:3498} INFO - 1 downstream tasks scheduled from follow-on schedule check
[2024-10-10T03:40:00.337+0000] {local_task_job_runner.py:222} INFO - ::endgroup::
