[2024-10-09T09:13:19.668+0000] {local_task_job_runner.py:120} INFO - ::group::Pre task execution logs
[2024-10-09T09:13:19.715+0000] {taskinstance.py:2076} INFO - Dependencies all met for dep_context=non-requeueable deps ti=<TaskInstance: dag_ETL_JsonData.Create_Insert_Query manual__2024-10-09T09:05:06.339601+00:00 [queued]>
[2024-10-09T09:13:19.731+0000] {taskinstance.py:2076} INFO - Dependencies all met for dep_context=requeueable deps ti=<TaskInstance: dag_ETL_JsonData.Create_Insert_Query manual__2024-10-09T09:05:06.339601+00:00 [queued]>
[2024-10-09T09:13:19.733+0000] {taskinstance.py:2306} INFO - Starting attempt 4 of 9
[2024-10-09T09:13:19.755+0000] {taskinstance.py:2330} INFO - Executing <Task(PythonOperator): Create_Insert_Query> on 2024-10-09 09:05:06.339601+00:00
[2024-10-09T09:13:19.768+0000] {standard_task_runner.py:90} INFO - Running: ['***', 'tasks', 'run', 'dag_ETL_JsonData', 'Create_Insert_Query', 'manual__2024-10-09T09:05:06.339601+00:00', '--job-id', '762', '--raw', '--subdir', 'DAGS_FOLDER/ETLProject/main.py', '--cfg-path', '/tmp/tmpvqzn9oic']
[2024-10-09T09:13:19.773+0000] {standard_task_runner.py:91} INFO - Job 762: Subtask Create_Insert_Query
[2024-10-09T09:13:19.773+0000] {logging_mixin.py:188} WARNING - /home/***/.local/lib/python3.12/site-packages/***/task/task_runner/standard_task_runner.py:61 DeprecationWarning: This process (pid=16956) is multi-threaded, use of fork() may lead to deadlocks in the child.
[2024-10-09T09:13:19.774+0000] {standard_task_runner.py:63} INFO - Started process 16958 to run task
[2024-10-09T09:13:19.843+0000] {task_command.py:426} INFO - Running <TaskInstance: dag_ETL_JsonData.Create_Insert_Query manual__2024-10-09T09:05:06.339601+00:00 [running]> on host ecb02e117702
[2024-10-09T09:13:20.015+0000] {taskinstance.py:2648} INFO - Exporting env vars: AIRFLOW_CTX_DAG_OWNER='admin' AIRFLOW_CTX_DAG_ID='dag_ETL_JsonData' AIRFLOW_CTX_TASK_ID='Create_Insert_Query' AIRFLOW_CTX_EXECUTION_DATE='2024-10-09T09:05:06.339601+00:00' AIRFLOW_CTX_TRY_NUMBER='4' AIRFLOW_CTX_DAG_RUN_ID='manual__2024-10-09T09:05:06.339601+00:00'
[2024-10-09T09:13:20.016+0000] {taskinstance.py:430} INFO - ::endgroup::
[2024-10-09T09:13:20.075+0000] {logging_mixin.py:188} INFO - Số lượng bản ghi: 2878
[2024-10-09T09:13:20.077+0000] {logging_mixin.py:188} INFO - shape: (2_878, 9)
┌────────────┬────────────┬────────────┬───────────┬───┬────────┬──────────┬───────────┬───────────┐
│ date       ┆ track_id   ┆ page_id    ┆ search_te ┆ … ┆ region ┆ platform ┆ max_posit ┆ count_eve │
│ ---        ┆ ---        ┆ ---        ┆ rm        ┆   ┆ ---    ┆ ---      ┆ ion       ┆ nt        │
│ str        ┆ str        ┆ str        ┆ ---       ┆   ┆ str    ┆ str      ┆ ---       ┆ ---       │
│            ┆            ┆            ┆ str       ┆   ┆        ┆          ┆ str       ┆ i64       │
╞════════════╪════════════╪════════════╪═══════════╪═══╪════════╪══════════╪═══════════╪═══════════╡
│ 2024-08-30 ┆ 18e8e835-a ┆ og_listing ┆           ┆ … ┆ 2      ┆ android  ┆ 9         ┆ 24        │
│ T00:00:00+ ┆ adc-4f41-a ┆            ┆           ┆   ┆        ┆          ┆           ┆           │
│ 07:00      ┆ 205-c38d0f ┆            ┆           ┆   ┆        ┆          ┆           ┆           │
│            ┆ …          ┆            ┆           ┆   ┆        ┆          ┆           ┆           │
│ 2024-08-30 ┆ 9d65e1aa-f ┆ og_home    ┆           ┆ … ┆ 1      ┆ android  ┆ 19        ┆ 10        │
│ T00:00:00+ ┆ ca3-4bb5-8 ┆            ┆           ┆   ┆        ┆          ┆           ┆           │
│ 07:00      ┆ 898-96a0b3 ┆            ┆           ┆   ┆        ┆          ┆           ┆           │
│            ┆ …          ┆            ┆           ┆   ┆        ┆          ┆           ┆           │
│ 2024-08-30 ┆ 42320DA5-5 ┆ og_flashsa ┆           ┆ … ┆ 2      ┆ ios      ┆ 9         ┆ 68        │
│ T00:00:00+ ┆ EA1-4A98-B ┆ le         ┆           ┆   ┆        ┆          ┆           ┆           │
│ 07:00      ┆ BE4-13E8E6 ┆            ┆           ┆   ┆        ┆          ┆           ┆           │
│            ┆ …          ┆            ┆           ┆   ┆        ┆          ┆           ┆           │
│ 2024-08-30 ┆ 3ba39eb0-e ┆ og_flashsa ┆           ┆ … ┆ 1      ┆ android  ┆ 42        ┆ 7         │
│ T00:00:00+ ┆ 356-4de6-b ┆ le         ┆           ┆   ┆        ┆          ┆           ┆           │
│ 07:00      ┆ eeb-2b9031 ┆            ┆           ┆   ┆        ┆          ┆           ┆           │
│            ┆ …          ┆            ┆           ┆   ┆        ┆          ┆           ┆           │
│ 2024-08-30 ┆ BB8075CF-0 ┆ og_flashsa ┆           ┆ … ┆ 1      ┆ ios      ┆ 9         ┆ 30        │
│ T00:00:00+ ┆ 949-4EF7-8 ┆ le         ┆           ┆   ┆        ┆          ┆           ┆           │
│ 07:00      ┆ 92C-9945FF ┆            ┆           ┆   ┆        ┆          ┆           ┆           │
│            ┆ …          ┆            ┆           ┆   ┆        ┆          ┆           ┆           │
│ …          ┆ …          ┆ …          ┆ …         ┆ … ┆ …      ┆ …        ┆ …         ┆ …         │
│ 2024-08-30 ┆ F3A4DFD2-3 ┆ og_listing ┆           ┆ … ┆ 2      ┆ ios      ┆ 361       ┆ 104       │
│ T00:00:00+ ┆ 744-45AE-8 ┆            ┆           ┆   ┆        ┆          ┆           ┆           │
│ 07:00      ┆ FE3-FFA0D3 ┆            ┆           ┆   ┆        ┆          ┆           ┆           │
│            ┆ …          ┆            ┆           ┆   ┆        ┆          ┆           ┆           │
│ 2024-08-30 ┆ 3c60a773-5 ┆ og_home    ┆           ┆ … ┆ 1      ┆ android  ┆ 9         ┆ 37        │
│ T00:00:00+ ┆ 885-4f45-a ┆            ┆           ┆   ┆        ┆          ┆           ┆           │
│ 07:00      ┆ 20c-2077fc ┆            ┆           ┆   ┆        ┆          ┆           ┆           │
│            ┆ …          ┆            ┆           ┆   ┆        ┆          ┆           ┆           │
│ 2024-08-30 ┆ d8e1d9a5-f ┆ og_listing ┆           ┆ … ┆ 1      ┆ android  ┆ 99        ┆ 233       │
│ T00:00:00+ ┆ f2e-4751-8 ┆            ┆           ┆   ┆        ┆          ┆           ┆           │
│ 07:00      ┆ dba-bdedb9 ┆            ┆           ┆   ┆        ┆          ┆           ┆           │
│            ┆ …          ┆            ┆           ┆   ┆        ┆          ┆           ┆           │
│ 2024-08-30 ┆ 9ED1CD58-A ┆ og_home    ┆           ┆ … ┆ 2      ┆ ios      ┆ 2         ┆ 3         │
│ T00:00:00+ ┆ 05E-42BE-B ┆            ┆           ┆   ┆        ┆          ┆           ┆           │
│ 07:00      ┆ B43-FAE319 ┆            ┆           ┆   ┆        ┆          ┆           ┆           │
│            ┆ …          ┆            ┆           ┆   ┆        ┆          ┆           ┆           │
│ 2024-08-30 ┆ 413F8AF4-8 ┆ og_search  ┆ Xả tồn    ┆ … ┆ 1      ┆ ios      ┆ 9         ┆ 19        │
│ T00:00:00+ ┆ 90C-4CA1-A ┆            ┆           ┆   ┆        ┆          ┆           ┆           │
│ 07:00      ┆ 01A-3A202C ┆            ┆           ┆   ┆        ┆          ┆           ┆           │
│            ┆ …          ┆            ┆           ┆   ┆        ┆          ┆           ┆           │
└────────────┴────────────┴────────────┴───────────┴───┴────────┴──────────┴───────────┴───────────┘
[2024-10-09T09:13:20.078+0000] {logging_mixin.py:188} INFO - Insert các cột:  ['date', 'track_id', 'page_id', 'search_term', 'block_id', 'region', 'platform', 'max_position', 'count_event']
[2024-10-09T09:13:20.079+0000] {logging_mixin.py:188} INFO - Table:  test1
[2024-10-09T09:13:20.098+0000] {base.py:84} INFO - Using connection ID 'postgres_localhost' for task execution.
[2024-10-09T09:13:23.464+0000] {logging_mixin.py:188} INFO - Đã insert dữ liệu thành công
[2024-10-09T09:13:23.466+0000] {python.py:237} INFO - Done. Returned value was: None
[2024-10-09T09:13:23.467+0000] {taskinstance.py:441} INFO - ::group::Post task execution logs
[2024-10-09T09:13:23.481+0000] {taskinstance.py:1206} INFO - Marking task as SUCCESS. dag_id=dag_ETL_JsonData, task_id=Create_Insert_Query, run_id=manual__2024-10-09T09:05:06.339601+00:00, execution_date=20241009T090506, start_date=20241009T091319, end_date=20241009T091323
[2024-10-09T09:13:23.522+0000] {local_task_job_runner.py:240} INFO - Task exited with return code 0
[2024-10-09T09:13:23.540+0000] {taskinstance.py:3498} INFO - 0 downstream tasks scheduled from follow-on schedule check
[2024-10-09T09:13:23.544+0000] {local_task_job_runner.py:222} INFO - ::endgroup::
