[2024-10-09T09:05:59.341+0000] {local_task_job_runner.py:120} INFO - ::group::Pre task execution logs
[2024-10-09T09:05:59.381+0000] {taskinstance.py:2076} INFO - Dependencies all met for dep_context=non-requeueable deps ti=<TaskInstance: dag_ETL_JsonData.Create_Insert_Query manual__2024-10-09T09:05:06.339601+00:00 [queued]>
[2024-10-09T09:05:59.395+0000] {taskinstance.py:2076} INFO - Dependencies all met for dep_context=requeueable deps ti=<TaskInstance: dag_ETL_JsonData.Create_Insert_Query manual__2024-10-09T09:05:06.339601+00:00 [queued]>
[2024-10-09T09:05:59.396+0000] {taskinstance.py:2306} INFO - Starting attempt 2 of 7
[2024-10-09T09:05:59.413+0000] {taskinstance.py:2330} INFO - Executing <Task(PythonOperator): Create_Insert_Query> on 2024-10-09 09:05:06.339601+00:00
[2024-10-09T09:05:59.422+0000] {standard_task_runner.py:90} INFO - Running: ['***', 'tasks', 'run', 'dag_ETL_JsonData', 'Create_Insert_Query', 'manual__2024-10-09T09:05:06.339601+00:00', '--job-id', '754', '--raw', '--subdir', 'DAGS_FOLDER/ETLProject/main.py', '--cfg-path', '/tmp/tmpg0yx2xwv']
[2024-10-09T09:05:59.425+0000] {standard_task_runner.py:91} INFO - Job 754: Subtask Create_Insert_Query
[2024-10-09T09:05:59.427+0000] {logging_mixin.py:188} WARNING - /home/***/.local/lib/python3.12/site-packages/***/task/task_runner/standard_task_runner.py:61 DeprecationWarning: This process (pid=16529) is multi-threaded, use of fork() may lead to deadlocks in the child.
[2024-10-09T09:05:59.428+0000] {standard_task_runner.py:63} INFO - Started process 16531 to run task
[2024-10-09T09:05:59.482+0000] {task_command.py:426} INFO - Running <TaskInstance: dag_ETL_JsonData.Create_Insert_Query manual__2024-10-09T09:05:06.339601+00:00 [running]> on host ecb02e117702
[2024-10-09T09:05:59.594+0000] {taskinstance.py:2648} INFO - Exporting env vars: AIRFLOW_CTX_DAG_OWNER='admin' AIRFLOW_CTX_DAG_ID='dag_ETL_JsonData' AIRFLOW_CTX_TASK_ID='Create_Insert_Query' AIRFLOW_CTX_EXECUTION_DATE='2024-10-09T09:05:06.339601+00:00' AIRFLOW_CTX_TRY_NUMBER='2' AIRFLOW_CTX_DAG_RUN_ID='manual__2024-10-09T09:05:06.339601+00:00'
[2024-10-09T09:05:59.596+0000] {taskinstance.py:430} INFO - ::endgroup::
[2024-10-09T09:05:59.655+0000] {logging_mixin.py:188} INFO - Số lượng bản ghi: 2878
[2024-10-09T09:05:59.656+0000] {logging_mixin.py:188} INFO - shape: (2_878, 9)
┌────────────┬────────────┬────────────┬───────────┬───┬────────┬──────────┬───────────┬───────────┐
│ date       ┆ track_id   ┆ page_id    ┆ search_te ┆ … ┆ region ┆ platform ┆ max_posit ┆ count_eve │
│ ---        ┆ ---        ┆ ---        ┆ rm        ┆   ┆ ---    ┆ ---      ┆ ion       ┆ nt        │
│ str        ┆ str        ┆ str        ┆ ---       ┆   ┆ str    ┆ str      ┆ ---       ┆ ---       │
│            ┆            ┆            ┆ str       ┆   ┆        ┆          ┆ str       ┆ i64       │
╞════════════╪════════════╪════════════╪═══════════╪═══╪════════╪══════════╪═══════════╪═══════════╡
│ 2024-08-30 ┆ 18e8e835-a ┆ og_listing ┆           ┆ … ┆ 2      ┆ android  ┆ 9         ┆ 24        │
│ T00:00:00+ ┆ adc-4f41-a ┆            ┆           ┆   ┆        ┆          ┆           ┆           │
│ 07:00      ┆ 205-c38d0f ┆            ┆           ┆   ┆        ┆          ┆           ┆           │
│            ┆ …          ┆            ┆           ┆   ┆        ┆          ┆           ┆           │
│ 2024-08-30 ┆ 9d65e1aa-f ┆ og_home    ┆           ┆ … ┆ 1      ┆ android  ┆ 19        ┆ 10        │
│ T00:00:00+ ┆ ca3-4bb5-8 ┆            ┆           ┆   ┆        ┆          ┆           ┆           │
│ 07:00      ┆ 898-96a0b3 ┆            ┆           ┆   ┆        ┆          ┆           ┆           │
│            ┆ …          ┆            ┆           ┆   ┆        ┆          ┆           ┆           │
│ 2024-08-30 ┆ 42320DA5-5 ┆ og_flashsa ┆           ┆ … ┆ 2      ┆ ios      ┆ 9         ┆ 68        │
│ T00:00:00+ ┆ EA1-4A98-B ┆ le         ┆           ┆   ┆        ┆          ┆           ┆           │
│ 07:00      ┆ BE4-13E8E6 ┆            ┆           ┆   ┆        ┆          ┆           ┆           │
│            ┆ …          ┆            ┆           ┆   ┆        ┆          ┆           ┆           │
│ 2024-08-30 ┆ 3ba39eb0-e ┆ og_flashsa ┆           ┆ … ┆ 1      ┆ android  ┆ 42        ┆ 7         │
│ T00:00:00+ ┆ 356-4de6-b ┆ le         ┆           ┆   ┆        ┆          ┆           ┆           │
│ 07:00      ┆ eeb-2b9031 ┆            ┆           ┆   ┆        ┆          ┆           ┆           │
│            ┆ …          ┆            ┆           ┆   ┆        ┆          ┆           ┆           │
│ 2024-08-30 ┆ BB8075CF-0 ┆ og_flashsa ┆           ┆ … ┆ 1      ┆ ios      ┆ 9         ┆ 30        │
│ T00:00:00+ ┆ 949-4EF7-8 ┆ le         ┆           ┆   ┆        ┆          ┆           ┆           │
│ 07:00      ┆ 92C-9945FF ┆            ┆           ┆   ┆        ┆          ┆           ┆           │
│            ┆ …          ┆            ┆           ┆   ┆        ┆          ┆           ┆           │
│ …          ┆ …          ┆ …          ┆ …         ┆ … ┆ …      ┆ …        ┆ …         ┆ …         │
│ 2024-08-30 ┆ F3A4DFD2-3 ┆ og_listing ┆           ┆ … ┆ 2      ┆ ios      ┆ 361       ┆ 104       │
│ T00:00:00+ ┆ 744-45AE-8 ┆            ┆           ┆   ┆        ┆          ┆           ┆           │
│ 07:00      ┆ FE3-FFA0D3 ┆            ┆           ┆   ┆        ┆          ┆           ┆           │
│            ┆ …          ┆            ┆           ┆   ┆        ┆          ┆           ┆           │
│ 2024-08-30 ┆ 3c60a773-5 ┆ og_home    ┆           ┆ … ┆ 1      ┆ android  ┆ 9         ┆ 37        │
│ T00:00:00+ ┆ 885-4f45-a ┆            ┆           ┆   ┆        ┆          ┆           ┆           │
│ 07:00      ┆ 20c-2077fc ┆            ┆           ┆   ┆        ┆          ┆           ┆           │
│            ┆ …          ┆            ┆           ┆   ┆        ┆          ┆           ┆           │
│ 2024-08-30 ┆ d8e1d9a5-f ┆ og_listing ┆           ┆ … ┆ 1      ┆ android  ┆ 99        ┆ 233       │
│ T00:00:00+ ┆ f2e-4751-8 ┆            ┆           ┆   ┆        ┆          ┆           ┆           │
│ 07:00      ┆ dba-bdedb9 ┆            ┆           ┆   ┆        ┆          ┆           ┆           │
│            ┆ …          ┆            ┆           ┆   ┆        ┆          ┆           ┆           │
│ 2024-08-30 ┆ 9ED1CD58-A ┆ og_home    ┆           ┆ … ┆ 2      ┆ ios      ┆ 2         ┆ 3         │
│ T00:00:00+ ┆ 05E-42BE-B ┆            ┆           ┆   ┆        ┆          ┆           ┆           │
│ 07:00      ┆ B43-FAE319 ┆            ┆           ┆   ┆        ┆          ┆           ┆           │
│            ┆ …          ┆            ┆           ┆   ┆        ┆          ┆           ┆           │
│ 2024-08-30 ┆ 413F8AF4-8 ┆ og_search  ┆ Xả tồn    ┆ … ┆ 1      ┆ ios      ┆ 9         ┆ 19        │
│ T00:00:00+ ┆ 90C-4CA1-A ┆            ┆           ┆   ┆        ┆          ┆           ┆           │
│ 07:00      ┆ 01A-3A202C ┆            ┆           ┆   ┆        ┆          ┆           ┆           │
│            ┆ …          ┆            ┆           ┆   ┆        ┆          ┆           ┆           │
└────────────┴────────────┴────────────┴───────────┴───┴────────┴──────────┴───────────┴───────────┘
[2024-10-09T09:05:59.657+0000] {logging_mixin.py:188} INFO - Insert các cột:  ['date', 'track_id', 'page_id', 'search_term', 'block_id', 'region', 'platform', 'max_position', 'count_event']
[2024-10-09T09:05:59.658+0000] {logging_mixin.py:188} INFO - Table:  test1
[2024-10-09T09:05:59.670+0000] {base.py:84} INFO - Using connection ID 'postgres_localhost' for task execution.
[2024-10-09T09:05:59.860+0000] {base.py:84} INFO - Using connection ID 'postgres_localhost' for task execution.
[2024-10-09T09:05:59.955+0000] {base.py:84} INFO - Using connection ID 'postgres_localhost' for task execution.
[2024-10-09T09:06:00.047+0000] {base.py:84} INFO - Using connection ID 'postgres_localhost' for task execution.
[2024-10-09T09:06:00.130+0000] {base.py:84} INFO - Using connection ID 'postgres_localhost' for task execution.
[2024-10-09T09:06:00.200+0000] {base.py:84} INFO - Using connection ID 'postgres_localhost' for task execution.
[2024-10-09T09:06:00.269+0000] {base.py:84} INFO - Using connection ID 'postgres_localhost' for task execution.
[2024-10-09T09:06:00.349+0000] {base.py:84} INFO - Using connection ID 'postgres_localhost' for task execution.
[2024-10-09T09:06:00.431+0000] {base.py:84} INFO - Using connection ID 'postgres_localhost' for task execution.
[2024-10-09T09:06:00.509+0000] {base.py:84} INFO - Using connection ID 'postgres_localhost' for task execution.
[2024-10-09T09:06:00.587+0000] {base.py:84} INFO - Using connection ID 'postgres_localhost' for task execution.
[2024-10-09T09:06:00.669+0000] {base.py:84} INFO - Using connection ID 'postgres_localhost' for task execution.
[2024-10-09T09:06:00.754+0000] {base.py:84} INFO - Using connection ID 'postgres_localhost' for task execution.
[2024-10-09T09:06:00.854+0000] {base.py:84} INFO - Using connection ID 'postgres_localhost' for task execution.
[2024-10-09T09:06:00.948+0000] {base.py:84} INFO - Using connection ID 'postgres_localhost' for task execution.
[2024-10-09T09:06:01.037+0000] {base.py:84} INFO - Using connection ID 'postgres_localhost' for task execution.
[2024-10-09T09:06:01.130+0000] {base.py:84} INFO - Using connection ID 'postgres_localhost' for task execution.
[2024-10-09T09:06:01.217+0000] {base.py:84} INFO - Using connection ID 'postgres_localhost' for task execution.
[2024-10-09T09:06:01.312+0000] {base.py:84} INFO - Using connection ID 'postgres_localhost' for task execution.
[2024-10-09T09:06:01.399+0000] {base.py:84} INFO - Using connection ID 'postgres_localhost' for task execution.
[2024-10-09T09:06:01.491+0000] {base.py:84} INFO - Using connection ID 'postgres_localhost' for task execution.
[2024-10-09T09:06:01.610+0000] {base.py:84} INFO - Using connection ID 'postgres_localhost' for task execution.
[2024-10-09T09:06:01.725+0000] {base.py:84} INFO - Using connection ID 'postgres_localhost' for task execution.
[2024-10-09T09:06:01.971+0000] {base.py:84} INFO - Using connection ID 'postgres_localhost' for task execution.
[2024-10-09T09:06:02.096+0000] {base.py:84} INFO - Using connection ID 'postgres_localhost' for task execution.
[2024-10-09T09:06:02.205+0000] {base.py:84} INFO - Using connection ID 'postgres_localhost' for task execution.
[2024-10-09T09:06:02.300+0000] {base.py:84} INFO - Using connection ID 'postgres_localhost' for task execution.
[2024-10-09T09:06:02.395+0000] {base.py:84} INFO - Using connection ID 'postgres_localhost' for task execution.
[2024-10-09T09:06:02.492+0000] {base.py:84} INFO - Using connection ID 'postgres_localhost' for task execution.
[2024-10-09T09:06:02.690+0000] {base.py:84} INFO - Using connection ID 'postgres_localhost' for task execution.
[2024-10-09T09:06:02.793+0000] {base.py:84} INFO - Using connection ID 'postgres_localhost' for task execution.
[2024-10-09T09:06:02.896+0000] {base.py:84} INFO - Using connection ID 'postgres_localhost' for task execution.
[2024-10-09T09:06:03.006+0000] {base.py:84} INFO - Using connection ID 'postgres_localhost' for task execution.
[2024-10-09T09:06:03.217+0000] {base.py:84} INFO - Using connection ID 'postgres_localhost' for task execution.
[2024-10-09T09:06:03.331+0000] {base.py:84} INFO - Using connection ID 'postgres_localhost' for task execution.
[2024-10-09T09:06:03.439+0000] {base.py:84} INFO - Using connection ID 'postgres_localhost' for task execution.
[2024-10-09T09:06:03.559+0000] {base.py:84} INFO - Using connection ID 'postgres_localhost' for task execution.
[2024-10-09T09:06:03.667+0000] {base.py:84} INFO - Using connection ID 'postgres_localhost' for task execution.
[2024-10-09T09:06:03.771+0000] {base.py:84} INFO - Using connection ID 'postgres_localhost' for task execution.
[2024-10-09T09:06:03.879+0000] {base.py:84} INFO - Using connection ID 'postgres_localhost' for task execution.
[2024-10-09T09:06:03.999+0000] {base.py:84} INFO - Using connection ID 'postgres_localhost' for task execution.
[2024-10-09T09:06:04.110+0000] {base.py:84} INFO - Using connection ID 'postgres_localhost' for task execution.
[2024-10-09T09:06:04.226+0000] {base.py:84} INFO - Using connection ID 'postgres_localhost' for task execution.
[2024-10-09T09:06:04.446+0000] {base.py:84} INFO - Using connection ID 'postgres_localhost' for task execution.
[2024-10-09T09:06:04.556+0000] {base.py:84} INFO - Using connection ID 'postgres_localhost' for task execution.
[2024-10-09T09:06:04.665+0000] {base.py:84} INFO - Using connection ID 'postgres_localhost' for task execution.
[2024-10-09T09:06:04.895+0000] {base.py:84} INFO - Using connection ID 'postgres_localhost' for task execution.
[2024-10-09T09:06:05.015+0000] {base.py:84} INFO - Using connection ID 'postgres_localhost' for task execution.
[2024-10-09T09:06:05.131+0000] {base.py:84} INFO - Using connection ID 'postgres_localhost' for task execution.
[2024-10-09T09:06:05.250+0000] {base.py:84} INFO - Using connection ID 'postgres_localhost' for task execution.
[2024-10-09T09:06:05.480+0000] {base.py:84} INFO - Using connection ID 'postgres_localhost' for task execution.
[2024-10-09T09:06:05.603+0000] {base.py:84} INFO - Using connection ID 'postgres_localhost' for task execution.
[2024-10-09T09:06:05.733+0000] {base.py:84} INFO - Using connection ID 'postgres_localhost' for task execution.
[2024-10-09T09:06:05.858+0000] {base.py:84} INFO - Using connection ID 'postgres_localhost' for task execution.
[2024-10-09T09:06:05.996+0000] {base.py:84} INFO - Using connection ID 'postgres_localhost' for task execution.
[2024-10-09T09:06:06.251+0000] {base.py:84} INFO - Using connection ID 'postgres_localhost' for task execution.
[2024-10-09T09:06:06.398+0000] {base.py:84} INFO - Using connection ID 'postgres_localhost' for task execution.
[2024-10-09T09:06:06.641+0000] {base.py:84} INFO - Using connection ID 'postgres_localhost' for task execution.
[2024-10-09T09:06:06.770+0000] {base.py:84} INFO - Using connection ID 'postgres_localhost' for task execution.
[2024-10-09T09:06:06.902+0000] {base.py:84} INFO - Using connection ID 'postgres_localhost' for task execution.
[2024-10-09T09:06:07.040+0000] {base.py:84} INFO - Using connection ID 'postgres_localhost' for task execution.
[2024-10-09T09:06:07.200+0000] {base.py:84} INFO - Using connection ID 'postgres_localhost' for task execution.
[2024-10-09T09:06:07.346+0000] {base.py:84} INFO - Using connection ID 'postgres_localhost' for task execution.
[2024-10-09T09:06:07.477+0000] {base.py:84} INFO - Using connection ID 'postgres_localhost' for task execution.
[2024-10-09T09:06:07.610+0000] {base.py:84} INFO - Using connection ID 'postgres_localhost' for task execution.
[2024-10-09T09:06:07.780+0000] {base.py:84} INFO - Using connection ID 'postgres_localhost' for task execution.
[2024-10-09T09:06:07.986+0000] {base.py:84} INFO - Using connection ID 'postgres_localhost' for task execution.
[2024-10-09T09:06:08.244+0000] {base.py:84} INFO - Using connection ID 'postgres_localhost' for task execution.
[2024-10-09T09:06:08.383+0000] {base.py:84} INFO - Using connection ID 'postgres_localhost' for task execution.
[2024-10-09T09:06:08.519+0000] {base.py:84} INFO - Using connection ID 'postgres_localhost' for task execution.
[2024-10-09T09:06:08.674+0000] {base.py:84} INFO - Using connection ID 'postgres_localhost' for task execution.
[2024-10-09T09:06:08.826+0000] {base.py:84} INFO - Using connection ID 'postgres_localhost' for task execution.
[2024-10-09T09:06:09.084+0000] {base.py:84} INFO - Using connection ID 'postgres_localhost' for task execution.
[2024-10-09T09:06:09.246+0000] {base.py:84} INFO - Using connection ID 'postgres_localhost' for task execution.
[2024-10-09T09:06:09.398+0000] {base.py:84} INFO - Using connection ID 'postgres_localhost' for task execution.
[2024-10-09T09:06:09.548+0000] {local_task_job_runner.py:310} WARNING - State of this instance has been externally set to up_for_retry. Terminating instance.
[2024-10-09T09:06:09.549+0000] {local_task_job_runner.py:222} INFO - ::endgroup::
[2024-10-09T09:06:09.551+0000] {base.py:84} INFO - Using connection ID 'postgres_localhost' for task execution.
[2024-10-09T09:06:09.552+0000] {process_utils.py:132} INFO - Sending 15 to group 16531. PIDs of all processes in the group: [16531]
[2024-10-09T09:06:09.552+0000] {process_utils.py:87} INFO - Sending the signal 15 to group 16531
[2024-10-09T09:06:09.600+0000] {taskinstance.py:2611} ERROR - Received SIGTERM. Terminating subprocesses.
[2024-10-09T09:06:09.601+0000] {taskinstance.py:441} INFO - ::group::Post task execution logs
[2024-10-09T09:06:09.612+0000] {taskinstance.py:2905} ERROR - Task failed with exception
Traceback (most recent call last):
  File "/home/airflow/.local/lib/python3.12/site-packages/airflow/models/taskinstance.py", line 465, in _execute_task
    result = _execute_callable(context=context, **execute_callable_kwargs)
             ^^^^^^^^^^^^^^^^^^^^^^^^^^^^^^^^^^^^^^^^^^^^^^^^^^^^^^^^^^^^^
  File "/home/airflow/.local/lib/python3.12/site-packages/airflow/models/taskinstance.py", line 432, in _execute_callable
    return execute_callable(context=context, **execute_callable_kwargs)
           ^^^^^^^^^^^^^^^^^^^^^^^^^^^^^^^^^^^^^^^^^^^^^^^^^^^^^^^^^^^^
  File "/home/airflow/.local/lib/python3.12/site-packages/airflow/models/baseoperator.py", line 400, in wrapper
    return func(self, *args, **kwargs)
           ^^^^^^^^^^^^^^^^^^^^^^^^^^^
  File "/home/airflow/.local/lib/python3.12/site-packages/airflow/operators/python.py", line 235, in execute
    return_value = self.execute_callable()
                   ^^^^^^^^^^^^^^^^^^^^^^^
  File "/home/airflow/.local/lib/python3.12/site-packages/airflow/operators/python.py", line 252, in execute_callable
    return self.python_callable(*self.op_args, **self.op_kwargs)
           ^^^^^^^^^^^^^^^^^^^^^^^^^^^^^^^^^^^^^^^^^^^^^^^^^^^^^
  File "/opt/airflow/dags/ETLProject/main.py", line 145, in insert_data
    with postgres_hook.get_conn() as conn:
         ^^^^^^^^^^^^^^^^^^^^^^^^
  File "/home/airflow/.local/lib/python3.12/site-packages/airflow/providers/postgres/hooks/postgres.py", line 161, in get_conn
    self.conn = psycopg2.connect(**conn_args)
                ^^^^^^^^^^^^^^^^^^^^^^^^^^^^^
  File "/home/airflow/.local/lib/python3.12/site-packages/psycopg2/__init__.py", line 122, in connect
    conn = _connect(dsn, connection_factory=connection_factory, **kwasync)
           ^^^^^^^^^^^^^^^^^^^^^^^^^^^^^^^^^^^^^^^^^^^^^^^^^^^^^^^^^^^^^^^
  File "/home/airflow/.local/lib/python3.12/site-packages/airflow/models/taskinstance.py", line 2613, in signal_handler
    raise AirflowTaskTerminated("Task received SIGTERM signal")
airflow.exceptions.AirflowTaskTerminated: Task received SIGTERM signal
[2024-10-09T09:06:09.625+0000] {taskinstance.py:1206} INFO - Marking task as UP_FOR_RETRY. dag_id=dag_ETL_JsonData, task_id=Create_Insert_Query, run_id=manual__2024-10-09T09:05:06.339601+00:00, execution_date=20241009T090506, start_date=20241009T090559, end_date=20241009T090609
[2024-10-09T09:06:09.686+0000] {process_utils.py:80} INFO - Process psutil.Process(pid=16531, status='terminated', exitcode=2, started='09:05:58') (16531) terminated with exit code 2
