[2024-10-09T08:13:42.636+0000] {local_task_job_runner.py:120} INFO - ::group::Pre task execution logs
[2024-10-09T08:13:42.668+0000] {taskinstance.py:2076} INFO - Dependencies all met for dep_context=non-requeueable deps ti=<TaskInstance: dag_ETL_JsonData.Transfrom_Data_To_DataFrame manual__2024-10-09T08:13:36.624784+00:00 [queued]>
[2024-10-09T08:13:42.679+0000] {taskinstance.py:2076} INFO - Dependencies all met for dep_context=requeueable deps ti=<TaskInstance: dag_ETL_JsonData.Transfrom_Data_To_DataFrame manual__2024-10-09T08:13:36.624784+00:00 [queued]>
[2024-10-09T08:13:42.680+0000] {taskinstance.py:2306} INFO - Starting attempt 1 of 6
[2024-10-09T08:13:42.696+0000] {taskinstance.py:2330} INFO - Executing <Task(PythonOperator): Transfrom_Data_To_DataFrame> on 2024-10-09 08:13:36.624784+00:00
[2024-10-09T08:13:42.706+0000] {logging_mixin.py:188} WARNING - /home/***/.local/lib/python3.12/site-packages/***/task/task_runner/standard_task_runner.py:61 DeprecationWarning: This process (pid=13601) is multi-threaded, use of fork() may lead to deadlocks in the child.
[2024-10-09T08:13:42.705+0000] {standard_task_runner.py:90} INFO - Running: ['***', 'tasks', 'run', 'dag_ETL_JsonData', 'Transfrom_Data_To_DataFrame', 'manual__2024-10-09T08:13:36.624784+00:00', '--job-id', '732', '--raw', '--subdir', 'DAGS_FOLDER/ETLProject/main.py', '--cfg-path', '/tmp/tmpih8z0_sn']
[2024-10-09T08:13:42.707+0000] {standard_task_runner.py:63} INFO - Started process 13603 to run task
[2024-10-09T08:13:42.708+0000] {standard_task_runner.py:91} INFO - Job 732: Subtask Transfrom_Data_To_DataFrame
[2024-10-09T08:13:42.760+0000] {task_command.py:426} INFO - Running <TaskInstance: dag_ETL_JsonData.Transfrom_Data_To_DataFrame manual__2024-10-09T08:13:36.624784+00:00 [running]> on host ecb02e117702
[2024-10-09T08:13:42.855+0000] {taskinstance.py:2648} INFO - Exporting env vars: AIRFLOW_CTX_DAG_OWNER='admin' AIRFLOW_CTX_DAG_ID='dag_ETL_JsonData' AIRFLOW_CTX_TASK_ID='Transfrom_Data_To_DataFrame' AIRFLOW_CTX_EXECUTION_DATE='2024-10-09T08:13:36.624784+00:00' AIRFLOW_CTX_TRY_NUMBER='1' AIRFLOW_CTX_DAG_RUN_ID='manual__2024-10-09T08:13:36.624784+00:00'
[2024-10-09T08:13:42.857+0000] {taskinstance.py:430} INFO - ::endgroup::
[2024-10-09T08:13:46.304+0000] {logging_mixin.py:188} INFO - shape: (2_878, 9)
┌────────────┬────────────┬────────────┬───────────┬───┬────────┬──────────┬───────────┬───────────┐
│ date       ┆ track_id   ┆ page_id    ┆ search_te ┆ … ┆ region ┆ platform ┆ max_posit ┆ count_eve │
│ ---        ┆ ---        ┆ ---        ┆ rm        ┆   ┆ ---    ┆ ---      ┆ ion       ┆ nt        │
│ str        ┆ str        ┆ str        ┆ ---       ┆   ┆ str    ┆ str      ┆ ---       ┆ ---       │
│            ┆            ┆            ┆ str       ┆   ┆        ┆          ┆ str       ┆ u32       │
╞════════════╪════════════╪════════════╪═══════════╪═══╪════════╪══════════╪═══════════╪═══════════╡
│ 2024-08-30 ┆ d8958a1b-f ┆ og_search  ┆ Rau       ┆ … ┆ 1      ┆ android  ┆ 4         ┆ 5         │
│ T00:00:00+ ┆ c7e-40af-a ┆            ┆           ┆   ┆        ┆          ┆           ┆           │
│ 07:00      ┆ 940-44b3f8 ┆            ┆           ┆   ┆        ┆          ┆           ┆           │
│            ┆ …          ┆            ┆           ┆   ┆        ┆          ┆           ┆           │
│ 2024-08-30 ┆ b59095b8-e ┆ og_home    ┆           ┆ … ┆ 1      ┆ android  ┆ 2         ┆ 3         │
│ T00:00:00+ ┆ d87-4215-8 ┆            ┆           ┆   ┆        ┆          ┆           ┆           │
│ 07:00      ┆ 34d-0f4060 ┆            ┆           ┆   ┆        ┆          ┆           ┆           │
│            ┆ …          ┆            ┆           ┆   ┆        ┆          ┆           ┆           │
│ 2024-08-30 ┆ CB799E8F-F ┆ og_home    ┆           ┆ … ┆ 2      ┆ ios      ┆ 2         ┆ 3         │
│ T00:00:00+ ┆ 229-487F-B ┆            ┆           ┆   ┆        ┆          ┆           ┆           │
│ 07:00      ┆ 48B-A319B9 ┆            ┆           ┆   ┆        ┆          ┆           ┆           │
│            ┆ …          ┆            ┆           ┆   ┆        ┆          ┆           ┆           │
│ 2024-08-30 ┆ 35E85A05-4 ┆ og_home    ┆           ┆ … ┆ 2      ┆ ios      ┆ 3         ┆ 9         │
│ T00:00:00+ ┆ A86-425F-A ┆            ┆           ┆   ┆        ┆          ┆           ┆           │
│ 07:00      ┆ E41-9E490F ┆            ┆           ┆   ┆        ┆          ┆           ┆           │
│            ┆ …          ┆            ┆           ┆   ┆        ┆          ┆           ┆           │
│ 2024-08-30 ┆ BB867A8E-2 ┆ og_home    ┆           ┆ … ┆ 1      ┆ ios      ┆ 2         ┆ 3         │
│ T00:00:00+ ┆ A45-4034-B ┆            ┆           ┆   ┆        ┆          ┆           ┆           │
│ 07:00      ┆ 18E-354C2A ┆            ┆           ┆   ┆        ┆          ┆           ┆           │
│            ┆ …          ┆            ┆           ┆   ┆        ┆          ┆           ┆           │
│ …          ┆ …          ┆ …          ┆ …         ┆ … ┆ …      ┆ …        ┆ …         ┆ …         │
│ 2024-08-30 ┆ 62f95b5c-b ┆ og_home    ┆           ┆ … ┆ 1      ┆ android  ┆ 2         ┆ 3         │
│ T00:00:00+ ┆ 2ed-4574-a ┆            ┆           ┆   ┆        ┆          ┆           ┆           │
│ 07:00      ┆ f09-53fd5c ┆            ┆           ┆   ┆        ┆          ┆           ┆           │
│            ┆ …          ┆            ┆           ┆   ┆        ┆          ┆           ┆           │
│ 2024-08-30 ┆ 6b6dcd83-0 ┆ og_listing ┆           ┆ … ┆ 2      ┆ android  ┆ 9         ┆ 13        │
│ T00:00:00+ ┆ 76e-4c6a-9 ┆            ┆           ┆   ┆        ┆          ┆           ┆           │
│ 07:00      ┆ a03-4263ed ┆            ┆           ┆   ┆        ┆          ┆           ┆           │
│            ┆ …          ┆            ┆           ┆   ┆        ┆          ┆           ┆           │
│ 2024-08-30 ┆ F5F5C115-A ┆ og_listing ┆           ┆ … ┆ 2      ┆ ios      ┆ 48        ┆ 37        │
│ T00:00:00+ ┆ 216-44E6-8 ┆            ┆           ┆   ┆        ┆          ┆           ┆           │
│ 07:00      ┆ 77A-2044EE ┆            ┆           ┆   ┆        ┆          ┆           ┆           │
│            ┆ …          ┆            ┆           ┆   ┆        ┆          ┆           ┆           │
│ 2024-08-30 ┆ 8718102832 ┆ og_search  ┆ dầu ăn    ┆ … ┆ 2      ┆ zma      ┆ 70        ┆ 6         │
│ T00:00:00+ ┆ 31bf6821d1 ┆            ┆           ┆   ┆        ┆          ┆           ┆           │
│ 07:00      ┆ 2aa9a1d0f0 ┆            ┆           ┆   ┆        ┆          ┆           ┆           │
│            ┆ …          ┆            ┆           ┆   ┆        ┆          ┆           ┆           │
│ 2024-08-30 ┆ A34642F1-2 ┆ og_home    ┆           ┆ … ┆ 1      ┆ ios      ┆ 0         ┆ 2         │
│ T00:00:00+ ┆ 629-435C-B ┆            ┆           ┆   ┆        ┆          ┆           ┆           │
│ 07:00      ┆ 502-27A8DB ┆            ┆           ┆   ┆        ┆          ┆           ┆           │
│            ┆ …          ┆            ┆           ┆   ┆        ┆          ┆           ┆           │
└────────────┴────────────┴────────────┴───────────┴───┴────────┴──────────┴───────────┴───────────┘
[2024-10-09T08:13:46.479+0000] {python.py:237} INFO - Done. Returned value was: None
[2024-10-09T08:13:46.480+0000] {taskinstance.py:441} INFO - ::group::Post task execution logs
[2024-10-09T08:13:46.492+0000] {taskinstance.py:1206} INFO - Marking task as SUCCESS. dag_id=dag_ETL_JsonData, task_id=Transfrom_Data_To_DataFrame, run_id=manual__2024-10-09T08:13:36.624784+00:00, execution_date=20241009T081336, start_date=20241009T081342, end_date=20241009T081346
[2024-10-09T08:13:46.541+0000] {local_task_job_runner.py:240} INFO - Task exited with return code 0
[2024-10-09T08:13:46.564+0000] {taskinstance.py:3498} INFO - 1 downstream tasks scheduled from follow-on schedule check
[2024-10-09T08:13:46.567+0000] {local_task_job_runner.py:222} INFO - ::endgroup::
