[2024-10-10T02:28:18.464+0000] {local_task_job_runner.py:120} INFO - ::group::Pre task execution logs
[2024-10-10T02:28:18.499+0000] {taskinstance.py:2076} INFO - Dependencies all met for dep_context=non-requeueable deps ti=<TaskInstance: dag_ETL_JsonData.check_folder manual__2024-10-09T10:26:31.366241+00:00 [queued]>
[2024-10-10T02:28:18.509+0000] {taskinstance.py:2076} INFO - Dependencies all met for dep_context=requeueable deps ti=<TaskInstance: dag_ETL_JsonData.check_folder manual__2024-10-09T10:26:31.366241+00:00 [queued]>
[2024-10-10T02:28:18.509+0000] {taskinstance.py:2306} INFO - Starting attempt 6 of 6
[2024-10-10T02:28:18.526+0000] {taskinstance.py:2330} INFO - Executing <Task(PythonOperator): check_folder> on 2024-10-09 10:26:31.366241+00:00
[2024-10-10T02:28:18.536+0000] {standard_task_runner.py:90} INFO - Running: ['***', 'tasks', 'run', 'dag_ETL_JsonData', 'check_folder', 'manual__2024-10-09T10:26:31.366241+00:00', '--job-id', '890', '--raw', '--subdir', 'DAGS_FOLDER/ETLProject/main.py', '--cfg-path', '/tmp/tmpz0b1ukes']
[2024-10-10T02:28:18.540+0000] {standard_task_runner.py:91} INFO - Job 890: Subtask check_folder
[2024-10-10T02:28:18.540+0000] {logging_mixin.py:188} WARNING - /home/***/.local/lib/python3.12/site-packages/***/task/task_runner/standard_task_runner.py:61 DeprecationWarning: This process (pid=1069) is multi-threaded, use of fork() may lead to deadlocks in the child.
[2024-10-10T02:28:18.542+0000] {standard_task_runner.py:63} INFO - Started process 1077 to run task
[2024-10-10T02:28:18.595+0000] {task_command.py:426} INFO - Running <TaskInstance: dag_ETL_JsonData.check_folder manual__2024-10-09T10:26:31.366241+00:00 [running]> on host ecb02e117702
[2024-10-10T02:28:18.694+0000] {taskinstance.py:2648} INFO - Exporting env vars: AIRFLOW_CTX_DAG_OWNER='admin' AIRFLOW_CTX_DAG_ID='dag_ETL_JsonData' AIRFLOW_CTX_TASK_ID='check_folder' AIRFLOW_CTX_EXECUTION_DATE='2024-10-09T10:26:31.366241+00:00' AIRFLOW_CTX_TRY_NUMBER='6' AIRFLOW_CTX_DAG_RUN_ID='manual__2024-10-09T10:26:31.366241+00:00'
[2024-10-10T02:28:18.695+0000] {taskinstance.py:430} INFO - ::endgroup::
[2024-10-10T02:28:18.725+0000] {taskinstance.py:441} INFO - ::group::Post task execution logs
[2024-10-10T02:28:18.726+0000] {taskinstance.py:2905} ERROR - Task failed with exception
Traceback (most recent call last):
  File "/home/airflow/.local/lib/python3.12/site-packages/airflow/models/taskinstance.py", line 465, in _execute_task
    result = _execute_callable(context=context, **execute_callable_kwargs)
             ^^^^^^^^^^^^^^^^^^^^^^^^^^^^^^^^^^^^^^^^^^^^^^^^^^^^^^^^^^^^^
  File "/home/airflow/.local/lib/python3.12/site-packages/airflow/models/taskinstance.py", line 432, in _execute_callable
    return execute_callable(context=context, **execute_callable_kwargs)
           ^^^^^^^^^^^^^^^^^^^^^^^^^^^^^^^^^^^^^^^^^^^^^^^^^^^^^^^^^^^^
  File "/home/airflow/.local/lib/python3.12/site-packages/airflow/models/baseoperator.py", line 400, in wrapper
    return func(self, *args, **kwargs)
           ^^^^^^^^^^^^^^^^^^^^^^^^^^^
  File "/home/airflow/.local/lib/python3.12/site-packages/airflow/operators/python.py", line 235, in execute
    return_value = self.execute_callable()
                   ^^^^^^^^^^^^^^^^^^^^^^^
  File "/home/airflow/.local/lib/python3.12/site-packages/airflow/operators/python.py", line 252, in execute_callable
    return self.python_callable(*self.op_args, **self.op_kwargs)
           ^^^^^^^^^^^^^^^^^^^^^^^^^^^^^^^^^^^^^^^^^^^^^^^^^^^^^
  File "/opt/airflow/dags/ETLProject/main.py", line 190, in check_folder_new
    with open(processed_file_list, 'a') as f:
         ^^^^^^^^^^^^^^^^^^^^^^^^^^^^^^
FileNotFoundError: [Errno 2] No such file or directory: 'dag/processed_list.txt'
[2024-10-10T02:28:18.741+0000] {taskinstance.py:1206} INFO - Marking task as FAILED. dag_id=dag_ETL_JsonData, task_id=check_folder, run_id=manual__2024-10-09T10:26:31.366241+00:00, execution_date=20241009T102631, start_date=20241010T022818, end_date=20241010T022818
[2024-10-10T02:28:18.755+0000] {standard_task_runner.py:110} ERROR - Failed to execute job 890 for task check_folder ([Errno 2] No such file or directory: 'dag/processed_list.txt'; 1077)
[2024-10-10T02:28:18.798+0000] {local_task_job_runner.py:240} INFO - Task exited with return code 1
[2024-10-10T02:28:18.815+0000] {taskinstance.py:3498} INFO - 0 downstream tasks scheduled from follow-on schedule check
[2024-10-10T02:28:18.819+0000] {local_task_job_runner.py:222} INFO - ::endgroup::
