[2024-10-15T04:13:01.323+0000] {processor.py:161} INFO - Started process (PID=8390) to work on /opt/airflow/dags/dag_with_postgres_operator.py
[2024-10-15T04:13:01.324+0000] {processor.py:830} INFO - Processing file /opt/airflow/dags/dag_with_postgres_operator.py for tasks to queue
[2024-10-15T04:13:01.325+0000] {logging_mixin.py:188} INFO - [2024-10-15T04:13:01.325+0000] {dagbag.py:545} INFO - Filling up the DagBag from /opt/airflow/dags/dag_with_postgres_operator.py
[2024-10-15T04:13:01.357+0000] {processor.py:840} INFO - DAG(s) 'dag_with_postgres_operator_v2' retrieved from /opt/airflow/dags/dag_with_postgres_operator.py
[2024-10-15T04:13:01.402+0000] {logging_mixin.py:188} INFO - [2024-10-15T04:13:01.401+0000] {dag.py:3096} INFO - Sync 1 DAGs
[2024-10-15T04:13:01.427+0000] {logging_mixin.py:188} INFO - [2024-10-15T04:13:01.427+0000] {dag.py:3954} INFO - Setting next_dagrun for dag_with_postgres_operator_v2 to 2024-10-03 00:00:00+00:00, run_after=2024-10-04 00:00:00+00:00
[2024-10-15T04:13:01.581+0000] {processor.py:183} INFO - Processing /opt/airflow/dags/dag_with_postgres_operator.py took 0.263 seconds
[2024-10-15T04:13:31.922+0000] {processor.py:161} INFO - Started process (PID=8412) to work on /opt/airflow/dags/dag_with_postgres_operator.py
[2024-10-15T04:13:31.923+0000] {processor.py:830} INFO - Processing file /opt/airflow/dags/dag_with_postgres_operator.py for tasks to queue
[2024-10-15T04:13:31.925+0000] {logging_mixin.py:188} INFO - [2024-10-15T04:13:31.925+0000] {dagbag.py:545} INFO - Filling up the DagBag from /opt/airflow/dags/dag_with_postgres_operator.py
[2024-10-15T04:13:31.950+0000] {processor.py:840} INFO - DAG(s) 'dag_with_postgres_operator_v2' retrieved from /opt/airflow/dags/dag_with_postgres_operator.py
[2024-10-15T04:13:31.979+0000] {logging_mixin.py:188} INFO - [2024-10-15T04:13:31.978+0000] {dag.py:3096} INFO - Sync 1 DAGs
[2024-10-15T04:13:32.124+0000] {logging_mixin.py:188} INFO - [2024-10-15T04:13:32.124+0000] {dag.py:3954} INFO - Setting next_dagrun for dag_with_postgres_operator_v2 to 2024-10-03 00:00:00+00:00, run_after=2024-10-04 00:00:00+00:00
[2024-10-15T04:13:32.148+0000] {processor.py:183} INFO - Processing /opt/airflow/dags/dag_with_postgres_operator.py took 0.232 seconds
[2024-10-15T04:14:02.525+0000] {processor.py:161} INFO - Started process (PID=8434) to work on /opt/airflow/dags/dag_with_postgres_operator.py
[2024-10-15T04:14:02.526+0000] {processor.py:830} INFO - Processing file /opt/airflow/dags/dag_with_postgres_operator.py for tasks to queue
[2024-10-15T04:14:02.527+0000] {logging_mixin.py:188} INFO - [2024-10-15T04:14:02.526+0000] {dagbag.py:545} INFO - Filling up the DagBag from /opt/airflow/dags/dag_with_postgres_operator.py
[2024-10-15T04:14:02.551+0000] {processor.py:840} INFO - DAG(s) 'dag_with_postgres_operator_v2' retrieved from /opt/airflow/dags/dag_with_postgres_operator.py
[2024-10-15T04:14:02.581+0000] {logging_mixin.py:188} INFO - [2024-10-15T04:14:02.581+0000] {dag.py:3096} INFO - Sync 1 DAGs
[2024-10-15T04:14:02.607+0000] {logging_mixin.py:188} INFO - [2024-10-15T04:14:02.606+0000] {dag.py:3954} INFO - Setting next_dagrun for dag_with_postgres_operator_v2 to 2024-10-03 00:00:00+00:00, run_after=2024-10-04 00:00:00+00:00
[2024-10-15T04:14:02.648+0000] {processor.py:183} INFO - Processing /opt/airflow/dags/dag_with_postgres_operator.py took 0.128 seconds
[2024-10-15T04:14:33.008+0000] {processor.py:161} INFO - Started process (PID=8456) to work on /opt/airflow/dags/dag_with_postgres_operator.py
[2024-10-15T04:14:33.009+0000] {processor.py:830} INFO - Processing file /opt/airflow/dags/dag_with_postgres_operator.py for tasks to queue
[2024-10-15T04:14:33.011+0000] {logging_mixin.py:188} INFO - [2024-10-15T04:14:33.010+0000] {dagbag.py:545} INFO - Filling up the DagBag from /opt/airflow/dags/dag_with_postgres_operator.py
[2024-10-15T04:14:33.033+0000] {processor.py:840} INFO - DAG(s) 'dag_with_postgres_operator_v2' retrieved from /opt/airflow/dags/dag_with_postgres_operator.py
[2024-10-15T04:14:33.067+0000] {logging_mixin.py:188} INFO - [2024-10-15T04:14:33.066+0000] {dag.py:3096} INFO - Sync 1 DAGs
[2024-10-15T04:14:33.095+0000] {logging_mixin.py:188} INFO - [2024-10-15T04:14:33.095+0000] {dag.py:3954} INFO - Setting next_dagrun for dag_with_postgres_operator_v2 to 2024-10-03 00:00:00+00:00, run_after=2024-10-04 00:00:00+00:00
[2024-10-15T04:14:33.122+0000] {processor.py:183} INFO - Processing /opt/airflow/dags/dag_with_postgres_operator.py took 0.119 seconds
[2024-10-15T04:15:03.470+0000] {processor.py:161} INFO - Started process (PID=8478) to work on /opt/airflow/dags/dag_with_postgres_operator.py
[2024-10-15T04:15:03.471+0000] {processor.py:830} INFO - Processing file /opt/airflow/dags/dag_with_postgres_operator.py for tasks to queue
[2024-10-15T04:15:03.473+0000] {logging_mixin.py:188} INFO - [2024-10-15T04:15:03.472+0000] {dagbag.py:545} INFO - Filling up the DagBag from /opt/airflow/dags/dag_with_postgres_operator.py
[2024-10-15T04:15:03.497+0000] {processor.py:840} INFO - DAG(s) 'dag_with_postgres_operator_v2' retrieved from /opt/airflow/dags/dag_with_postgres_operator.py
[2024-10-15T04:15:03.530+0000] {logging_mixin.py:188} INFO - [2024-10-15T04:15:03.529+0000] {dag.py:3096} INFO - Sync 1 DAGs
[2024-10-15T04:15:03.556+0000] {logging_mixin.py:188} INFO - [2024-10-15T04:15:03.555+0000] {dag.py:3954} INFO - Setting next_dagrun for dag_with_postgres_operator_v2 to 2024-10-03 00:00:00+00:00, run_after=2024-10-04 00:00:00+00:00
[2024-10-15T04:15:03.595+0000] {processor.py:183} INFO - Processing /opt/airflow/dags/dag_with_postgres_operator.py took 0.131 seconds
[2024-10-15T04:15:33.903+0000] {processor.py:161} INFO - Started process (PID=8500) to work on /opt/airflow/dags/dag_with_postgres_operator.py
[2024-10-15T04:15:33.904+0000] {processor.py:830} INFO - Processing file /opt/airflow/dags/dag_with_postgres_operator.py for tasks to queue
[2024-10-15T04:15:33.906+0000] {logging_mixin.py:188} INFO - [2024-10-15T04:15:33.905+0000] {dagbag.py:545} INFO - Filling up the DagBag from /opt/airflow/dags/dag_with_postgres_operator.py
[2024-10-15T04:15:33.927+0000] {processor.py:840} INFO - DAG(s) 'dag_with_postgres_operator_v2' retrieved from /opt/airflow/dags/dag_with_postgres_operator.py
[2024-10-15T04:15:33.959+0000] {logging_mixin.py:188} INFO - [2024-10-15T04:15:33.958+0000] {dag.py:3096} INFO - Sync 1 DAGs
[2024-10-15T04:15:34.109+0000] {logging_mixin.py:188} INFO - [2024-10-15T04:15:34.109+0000] {dag.py:3954} INFO - Setting next_dagrun for dag_with_postgres_operator_v2 to 2024-10-03 00:00:00+00:00, run_after=2024-10-04 00:00:00+00:00
[2024-10-15T04:15:34.146+0000] {processor.py:183} INFO - Processing /opt/airflow/dags/dag_with_postgres_operator.py took 0.249 seconds
[2024-10-15T04:16:04.493+0000] {processor.py:161} INFO - Started process (PID=8522) to work on /opt/airflow/dags/dag_with_postgres_operator.py
[2024-10-15T04:16:04.495+0000] {processor.py:830} INFO - Processing file /opt/airflow/dags/dag_with_postgres_operator.py for tasks to queue
[2024-10-15T04:16:04.496+0000] {logging_mixin.py:188} INFO - [2024-10-15T04:16:04.495+0000] {dagbag.py:545} INFO - Filling up the DagBag from /opt/airflow/dags/dag_with_postgres_operator.py
[2024-10-15T04:16:04.523+0000] {processor.py:840} INFO - DAG(s) 'dag_with_postgres_operator_v2' retrieved from /opt/airflow/dags/dag_with_postgres_operator.py
[2024-10-15T04:16:04.695+0000] {logging_mixin.py:188} INFO - [2024-10-15T04:16:04.694+0000] {dag.py:3096} INFO - Sync 1 DAGs
[2024-10-15T04:16:04.717+0000] {logging_mixin.py:188} INFO - [2024-10-15T04:16:04.717+0000] {dag.py:3954} INFO - Setting next_dagrun for dag_with_postgres_operator_v2 to 2024-10-03 00:00:00+00:00, run_after=2024-10-04 00:00:00+00:00
[2024-10-15T04:16:04.754+0000] {processor.py:183} INFO - Processing /opt/airflow/dags/dag_with_postgres_operator.py took 0.267 seconds
[2024-10-15T04:16:35.108+0000] {processor.py:161} INFO - Started process (PID=8544) to work on /opt/airflow/dags/dag_with_postgres_operator.py
[2024-10-15T04:16:35.109+0000] {processor.py:830} INFO - Processing file /opt/airflow/dags/dag_with_postgres_operator.py for tasks to queue
[2024-10-15T04:16:35.111+0000] {logging_mixin.py:188} INFO - [2024-10-15T04:16:35.110+0000] {dagbag.py:545} INFO - Filling up the DagBag from /opt/airflow/dags/dag_with_postgres_operator.py
[2024-10-15T04:16:35.133+0000] {processor.py:840} INFO - DAG(s) 'dag_with_postgres_operator_v2' retrieved from /opt/airflow/dags/dag_with_postgres_operator.py
[2024-10-15T04:16:35.163+0000] {logging_mixin.py:188} INFO - [2024-10-15T04:16:35.163+0000] {dag.py:3096} INFO - Sync 1 DAGs
[2024-10-15T04:16:35.189+0000] {logging_mixin.py:188} INFO - [2024-10-15T04:16:35.189+0000] {dag.py:3954} INFO - Setting next_dagrun for dag_with_postgres_operator_v2 to 2024-10-03 00:00:00+00:00, run_after=2024-10-04 00:00:00+00:00
[2024-10-15T04:16:35.215+0000] {processor.py:183} INFO - Processing /opt/airflow/dags/dag_with_postgres_operator.py took 0.113 seconds
[2024-10-15T04:17:05.577+0000] {processor.py:161} INFO - Started process (PID=8566) to work on /opt/airflow/dags/dag_with_postgres_operator.py
[2024-10-15T04:17:05.578+0000] {processor.py:830} INFO - Processing file /opt/airflow/dags/dag_with_postgres_operator.py for tasks to queue
[2024-10-15T04:17:05.580+0000] {logging_mixin.py:188} INFO - [2024-10-15T04:17:05.579+0000] {dagbag.py:545} INFO - Filling up the DagBag from /opt/airflow/dags/dag_with_postgres_operator.py
[2024-10-15T04:17:05.605+0000] {processor.py:840} INFO - DAG(s) 'dag_with_postgres_operator_v2' retrieved from /opt/airflow/dags/dag_with_postgres_operator.py
[2024-10-15T04:17:05.637+0000] {logging_mixin.py:188} INFO - [2024-10-15T04:17:05.636+0000] {dag.py:3096} INFO - Sync 1 DAGs
[2024-10-15T04:17:05.663+0000] {logging_mixin.py:188} INFO - [2024-10-15T04:17:05.663+0000] {dag.py:3954} INFO - Setting next_dagrun for dag_with_postgres_operator_v2 to 2024-10-03 00:00:00+00:00, run_after=2024-10-04 00:00:00+00:00
[2024-10-15T04:17:05.691+0000] {processor.py:183} INFO - Processing /opt/airflow/dags/dag_with_postgres_operator.py took 0.121 seconds
[2024-10-15T04:17:36.058+0000] {processor.py:161} INFO - Started process (PID=8588) to work on /opt/airflow/dags/dag_with_postgres_operator.py
[2024-10-15T04:17:36.060+0000] {processor.py:830} INFO - Processing file /opt/airflow/dags/dag_with_postgres_operator.py for tasks to queue
[2024-10-15T04:17:36.061+0000] {logging_mixin.py:188} INFO - [2024-10-15T04:17:36.061+0000] {dagbag.py:545} INFO - Filling up the DagBag from /opt/airflow/dags/dag_with_postgres_operator.py
[2024-10-15T04:17:36.085+0000] {processor.py:840} INFO - DAG(s) 'dag_with_postgres_operator_v2' retrieved from /opt/airflow/dags/dag_with_postgres_operator.py
[2024-10-15T04:17:36.116+0000] {logging_mixin.py:188} INFO - [2024-10-15T04:17:36.115+0000] {dag.py:3096} INFO - Sync 1 DAGs
[2024-10-15T04:17:36.142+0000] {logging_mixin.py:188} INFO - [2024-10-15T04:17:36.141+0000] {dag.py:3954} INFO - Setting next_dagrun for dag_with_postgres_operator_v2 to 2024-10-03 00:00:00+00:00, run_after=2024-10-04 00:00:00+00:00
[2024-10-15T04:17:36.302+0000] {processor.py:183} INFO - Processing /opt/airflow/dags/dag_with_postgres_operator.py took 0.250 seconds
[2024-10-15T04:18:06.661+0000] {processor.py:161} INFO - Started process (PID=8610) to work on /opt/airflow/dags/dag_with_postgres_operator.py
[2024-10-15T04:18:06.662+0000] {processor.py:830} INFO - Processing file /opt/airflow/dags/dag_with_postgres_operator.py for tasks to queue
[2024-10-15T04:18:06.663+0000] {logging_mixin.py:188} INFO - [2024-10-15T04:18:06.663+0000] {dagbag.py:545} INFO - Filling up the DagBag from /opt/airflow/dags/dag_with_postgres_operator.py
[2024-10-15T04:18:06.690+0000] {processor.py:840} INFO - DAG(s) 'dag_with_postgres_operator_v2' retrieved from /opt/airflow/dags/dag_with_postgres_operator.py
[2024-10-15T04:18:06.721+0000] {logging_mixin.py:188} INFO - [2024-10-15T04:18:06.721+0000] {dag.py:3096} INFO - Sync 1 DAGs
[2024-10-15T04:18:06.882+0000] {logging_mixin.py:188} INFO - [2024-10-15T04:18:06.881+0000] {dag.py:3954} INFO - Setting next_dagrun for dag_with_postgres_operator_v2 to 2024-10-03 00:00:00+00:00, run_after=2024-10-04 00:00:00+00:00
[2024-10-15T04:18:06.907+0000] {processor.py:183} INFO - Processing /opt/airflow/dags/dag_with_postgres_operator.py took 0.252 seconds
[2024-10-15T04:18:37.264+0000] {processor.py:161} INFO - Started process (PID=8632) to work on /opt/airflow/dags/dag_with_postgres_operator.py
[2024-10-15T04:18:37.266+0000] {processor.py:830} INFO - Processing file /opt/airflow/dags/dag_with_postgres_operator.py for tasks to queue
[2024-10-15T04:18:37.267+0000] {logging_mixin.py:188} INFO - [2024-10-15T04:18:37.267+0000] {dagbag.py:545} INFO - Filling up the DagBag from /opt/airflow/dags/dag_with_postgres_operator.py
[2024-10-15T04:18:37.290+0000] {processor.py:840} INFO - DAG(s) 'dag_with_postgres_operator_v2' retrieved from /opt/airflow/dags/dag_with_postgres_operator.py
[2024-10-15T04:18:37.443+0000] {logging_mixin.py:188} INFO - [2024-10-15T04:18:37.442+0000] {dag.py:3096} INFO - Sync 1 DAGs
[2024-10-15T04:18:37.465+0000] {logging_mixin.py:188} INFO - [2024-10-15T04:18:37.465+0000] {dag.py:3954} INFO - Setting next_dagrun for dag_with_postgres_operator_v2 to 2024-10-03 00:00:00+00:00, run_after=2024-10-04 00:00:00+00:00
[2024-10-15T04:18:37.488+0000] {processor.py:183} INFO - Processing /opt/airflow/dags/dag_with_postgres_operator.py took 0.229 seconds
[2024-10-15T04:19:07.852+0000] {processor.py:161} INFO - Started process (PID=8655) to work on /opt/airflow/dags/dag_with_postgres_operator.py
[2024-10-15T04:19:07.854+0000] {processor.py:830} INFO - Processing file /opt/airflow/dags/dag_with_postgres_operator.py for tasks to queue
[2024-10-15T04:19:07.855+0000] {logging_mixin.py:188} INFO - [2024-10-15T04:19:07.855+0000] {dagbag.py:545} INFO - Filling up the DagBag from /opt/airflow/dags/dag_with_postgres_operator.py
[2024-10-15T04:19:07.878+0000] {processor.py:840} INFO - DAG(s) 'dag_with_postgres_operator_v2' retrieved from /opt/airflow/dags/dag_with_postgres_operator.py
[2024-10-15T04:19:07.909+0000] {logging_mixin.py:188} INFO - [2024-10-15T04:19:07.909+0000] {dag.py:3096} INFO - Sync 1 DAGs
[2024-10-15T04:19:07.935+0000] {logging_mixin.py:188} INFO - [2024-10-15T04:19:07.934+0000] {dag.py:3954} INFO - Setting next_dagrun for dag_with_postgres_operator_v2 to 2024-10-03 00:00:00+00:00, run_after=2024-10-04 00:00:00+00:00
[2024-10-15T04:19:07.972+0000] {processor.py:183} INFO - Processing /opt/airflow/dags/dag_with_postgres_operator.py took 0.125 seconds
[2024-10-15T04:19:38.335+0000] {processor.py:161} INFO - Started process (PID=8677) to work on /opt/airflow/dags/dag_with_postgres_operator.py
[2024-10-15T04:19:38.336+0000] {processor.py:830} INFO - Processing file /opt/airflow/dags/dag_with_postgres_operator.py for tasks to queue
[2024-10-15T04:19:38.337+0000] {logging_mixin.py:188} INFO - [2024-10-15T04:19:38.337+0000] {dagbag.py:545} INFO - Filling up the DagBag from /opt/airflow/dags/dag_with_postgres_operator.py
[2024-10-15T04:19:38.361+0000] {processor.py:840} INFO - DAG(s) 'dag_with_postgres_operator_v2' retrieved from /opt/airflow/dags/dag_with_postgres_operator.py
[2024-10-15T04:19:38.392+0000] {logging_mixin.py:188} INFO - [2024-10-15T04:19:38.391+0000] {dag.py:3096} INFO - Sync 1 DAGs
[2024-10-15T04:19:38.417+0000] {logging_mixin.py:188} INFO - [2024-10-15T04:19:38.416+0000] {dag.py:3954} INFO - Setting next_dagrun for dag_with_postgres_operator_v2 to 2024-10-03 00:00:00+00:00, run_after=2024-10-04 00:00:00+00:00
[2024-10-15T04:19:38.571+0000] {processor.py:183} INFO - Processing /opt/airflow/dags/dag_with_postgres_operator.py took 0.242 seconds
[2024-10-15T04:20:09.136+0000] {processor.py:161} INFO - Started process (PID=8699) to work on /opt/airflow/dags/dag_with_postgres_operator.py
[2024-10-15T04:20:09.137+0000] {processor.py:830} INFO - Processing file /opt/airflow/dags/dag_with_postgres_operator.py for tasks to queue
[2024-10-15T04:20:09.138+0000] {logging_mixin.py:188} INFO - [2024-10-15T04:20:09.138+0000] {dagbag.py:545} INFO - Filling up the DagBag from /opt/airflow/dags/dag_with_postgres_operator.py
[2024-10-15T04:20:09.164+0000] {processor.py:840} INFO - DAG(s) 'dag_with_postgres_operator_v2' retrieved from /opt/airflow/dags/dag_with_postgres_operator.py
[2024-10-15T04:20:09.196+0000] {logging_mixin.py:188} INFO - [2024-10-15T04:20:09.196+0000] {dag.py:3096} INFO - Sync 1 DAGs
[2024-10-15T04:20:09.350+0000] {logging_mixin.py:188} INFO - [2024-10-15T04:20:09.350+0000] {dag.py:3954} INFO - Setting next_dagrun for dag_with_postgres_operator_v2 to 2024-10-03 00:00:00+00:00, run_after=2024-10-04 00:00:00+00:00
[2024-10-15T04:20:09.387+0000] {processor.py:183} INFO - Processing /opt/airflow/dags/dag_with_postgres_operator.py took 0.257 seconds
[2024-10-15T04:20:39.884+0000] {processor.py:161} INFO - Started process (PID=8721) to work on /opt/airflow/dags/dag_with_postgres_operator.py
[2024-10-15T04:20:39.885+0000] {processor.py:830} INFO - Processing file /opt/airflow/dags/dag_with_postgres_operator.py for tasks to queue
[2024-10-15T04:20:39.886+0000] {logging_mixin.py:188} INFO - [2024-10-15T04:20:39.886+0000] {dagbag.py:545} INFO - Filling up the DagBag from /opt/airflow/dags/dag_with_postgres_operator.py
[2024-10-15T04:20:39.912+0000] {processor.py:840} INFO - DAG(s) 'dag_with_postgres_operator_v2' retrieved from /opt/airflow/dags/dag_with_postgres_operator.py
[2024-10-15T04:20:40.106+0000] {logging_mixin.py:188} INFO - [2024-10-15T04:20:40.106+0000] {dag.py:3096} INFO - Sync 1 DAGs
[2024-10-15T04:20:40.129+0000] {logging_mixin.py:188} INFO - [2024-10-15T04:20:40.128+0000] {dag.py:3954} INFO - Setting next_dagrun for dag_with_postgres_operator_v2 to 2024-10-03 00:00:00+00:00, run_after=2024-10-04 00:00:00+00:00
[2024-10-15T04:20:40.165+0000] {processor.py:183} INFO - Processing /opt/airflow/dags/dag_with_postgres_operator.py took 0.287 seconds
[2024-10-15T04:21:10.698+0000] {processor.py:161} INFO - Started process (PID=8743) to work on /opt/airflow/dags/dag_with_postgres_operator.py
[2024-10-15T04:21:10.699+0000] {processor.py:830} INFO - Processing file /opt/airflow/dags/dag_with_postgres_operator.py for tasks to queue
[2024-10-15T04:21:10.701+0000] {logging_mixin.py:188} INFO - [2024-10-15T04:21:10.700+0000] {dagbag.py:545} INFO - Filling up the DagBag from /opt/airflow/dags/dag_with_postgres_operator.py
[2024-10-15T04:21:10.725+0000] {processor.py:840} INFO - DAG(s) 'dag_with_postgres_operator_v2' retrieved from /opt/airflow/dags/dag_with_postgres_operator.py
[2024-10-15T04:21:10.755+0000] {logging_mixin.py:188} INFO - [2024-10-15T04:21:10.754+0000] {dag.py:3096} INFO - Sync 1 DAGs
[2024-10-15T04:21:10.779+0000] {logging_mixin.py:188} INFO - [2024-10-15T04:21:10.779+0000] {dag.py:3954} INFO - Setting next_dagrun for dag_with_postgres_operator_v2 to 2024-10-03 00:00:00+00:00, run_after=2024-10-04 00:00:00+00:00
[2024-10-15T04:21:10.807+0000] {processor.py:183} INFO - Processing /opt/airflow/dags/dag_with_postgres_operator.py took 0.116 seconds
[2024-10-15T04:21:41.180+0000] {processor.py:161} INFO - Started process (PID=8765) to work on /opt/airflow/dags/dag_with_postgres_operator.py
[2024-10-15T04:21:41.182+0000] {processor.py:830} INFO - Processing file /opt/airflow/dags/dag_with_postgres_operator.py for tasks to queue
[2024-10-15T04:21:41.183+0000] {logging_mixin.py:188} INFO - [2024-10-15T04:21:41.183+0000] {dagbag.py:545} INFO - Filling up the DagBag from /opt/airflow/dags/dag_with_postgres_operator.py
[2024-10-15T04:21:41.206+0000] {processor.py:840} INFO - DAG(s) 'dag_with_postgres_operator_v2' retrieved from /opt/airflow/dags/dag_with_postgres_operator.py
[2024-10-15T04:21:41.234+0000] {logging_mixin.py:188} INFO - [2024-10-15T04:21:41.234+0000] {dag.py:3096} INFO - Sync 1 DAGs
[2024-10-15T04:21:41.259+0000] {logging_mixin.py:188} INFO - [2024-10-15T04:21:41.259+0000] {dag.py:3954} INFO - Setting next_dagrun for dag_with_postgres_operator_v2 to 2024-10-03 00:00:00+00:00, run_after=2024-10-04 00:00:00+00:00
[2024-10-15T04:21:41.298+0000] {processor.py:183} INFO - Processing /opt/airflow/dags/dag_with_postgres_operator.py took 0.123 seconds
[2024-10-15T04:22:11.663+0000] {processor.py:161} INFO - Started process (PID=8787) to work on /opt/airflow/dags/dag_with_postgres_operator.py
[2024-10-15T04:22:11.664+0000] {processor.py:830} INFO - Processing file /opt/airflow/dags/dag_with_postgres_operator.py for tasks to queue
[2024-10-15T04:22:11.665+0000] {logging_mixin.py:188} INFO - [2024-10-15T04:22:11.665+0000] {dagbag.py:545} INFO - Filling up the DagBag from /opt/airflow/dags/dag_with_postgres_operator.py
[2024-10-15T04:22:11.693+0000] {processor.py:840} INFO - DAG(s) 'dag_with_postgres_operator_v2' retrieved from /opt/airflow/dags/dag_with_postgres_operator.py
[2024-10-15T04:22:11.723+0000] {logging_mixin.py:188} INFO - [2024-10-15T04:22:11.723+0000] {dag.py:3096} INFO - Sync 1 DAGs
[2024-10-15T04:22:11.749+0000] {logging_mixin.py:188} INFO - [2024-10-15T04:22:11.748+0000] {dag.py:3954} INFO - Setting next_dagrun for dag_with_postgres_operator_v2 to 2024-10-03 00:00:00+00:00, run_after=2024-10-04 00:00:00+00:00
[2024-10-15T04:22:11.775+0000] {processor.py:183} INFO - Processing /opt/airflow/dags/dag_with_postgres_operator.py took 0.120 seconds
[2024-10-15T04:22:42.139+0000] {processor.py:161} INFO - Started process (PID=8809) to work on /opt/airflow/dags/dag_with_postgres_operator.py
[2024-10-15T04:22:42.140+0000] {processor.py:830} INFO - Processing file /opt/airflow/dags/dag_with_postgres_operator.py for tasks to queue
[2024-10-15T04:22:42.141+0000] {logging_mixin.py:188} INFO - [2024-10-15T04:22:42.141+0000] {dagbag.py:545} INFO - Filling up the DagBag from /opt/airflow/dags/dag_with_postgres_operator.py
[2024-10-15T04:22:42.164+0000] {processor.py:840} INFO - DAG(s) 'dag_with_postgres_operator_v2' retrieved from /opt/airflow/dags/dag_with_postgres_operator.py
[2024-10-15T04:22:42.193+0000] {logging_mixin.py:188} INFO - [2024-10-15T04:22:42.193+0000] {dag.py:3096} INFO - Sync 1 DAGs
[2024-10-15T04:22:42.218+0000] {logging_mixin.py:188} INFO - [2024-10-15T04:22:42.217+0000] {dag.py:3954} INFO - Setting next_dagrun for dag_with_postgres_operator_v2 to 2024-10-03 00:00:00+00:00, run_after=2024-10-04 00:00:00+00:00
[2024-10-15T04:22:42.246+0000] {processor.py:183} INFO - Processing /opt/airflow/dags/dag_with_postgres_operator.py took 0.113 seconds
[2024-10-15T04:23:12.620+0000] {processor.py:161} INFO - Started process (PID=8831) to work on /opt/airflow/dags/dag_with_postgres_operator.py
[2024-10-15T04:23:12.621+0000] {processor.py:830} INFO - Processing file /opt/airflow/dags/dag_with_postgres_operator.py for tasks to queue
[2024-10-15T04:23:12.623+0000] {logging_mixin.py:188} INFO - [2024-10-15T04:23:12.622+0000] {dagbag.py:545} INFO - Filling up the DagBag from /opt/airflow/dags/dag_with_postgres_operator.py
[2024-10-15T04:23:12.645+0000] {processor.py:840} INFO - DAG(s) 'dag_with_postgres_operator_v2' retrieved from /opt/airflow/dags/dag_with_postgres_operator.py
[2024-10-15T04:23:12.675+0000] {logging_mixin.py:188} INFO - [2024-10-15T04:23:12.674+0000] {dag.py:3096} INFO - Sync 1 DAGs
[2024-10-15T04:23:12.699+0000] {logging_mixin.py:188} INFO - [2024-10-15T04:23:12.699+0000] {dag.py:3954} INFO - Setting next_dagrun for dag_with_postgres_operator_v2 to 2024-10-03 00:00:00+00:00, run_after=2024-10-04 00:00:00+00:00
[2024-10-15T04:23:12.727+0000] {processor.py:183} INFO - Processing /opt/airflow/dags/dag_with_postgres_operator.py took 0.113 seconds
[2024-10-15T04:23:43.093+0000] {processor.py:161} INFO - Started process (PID=8853) to work on /opt/airflow/dags/dag_with_postgres_operator.py
[2024-10-15T04:23:43.095+0000] {processor.py:830} INFO - Processing file /opt/airflow/dags/dag_with_postgres_operator.py for tasks to queue
[2024-10-15T04:23:43.096+0000] {logging_mixin.py:188} INFO - [2024-10-15T04:23:43.095+0000] {dagbag.py:545} INFO - Filling up the DagBag from /opt/airflow/dags/dag_with_postgres_operator.py
[2024-10-15T04:23:43.118+0000] {processor.py:840} INFO - DAG(s) 'dag_with_postgres_operator_v2' retrieved from /opt/airflow/dags/dag_with_postgres_operator.py
[2024-10-15T04:23:43.147+0000] {logging_mixin.py:188} INFO - [2024-10-15T04:23:43.147+0000] {dag.py:3096} INFO - Sync 1 DAGs
[2024-10-15T04:23:43.173+0000] {logging_mixin.py:188} INFO - [2024-10-15T04:23:43.173+0000] {dag.py:3954} INFO - Setting next_dagrun for dag_with_postgres_operator_v2 to 2024-10-03 00:00:00+00:00, run_after=2024-10-04 00:00:00+00:00
[2024-10-15T04:23:43.213+0000] {processor.py:183} INFO - Processing /opt/airflow/dags/dag_with_postgres_operator.py took 0.125 seconds
[2024-10-15T04:24:13.541+0000] {processor.py:161} INFO - Started process (PID=8875) to work on /opt/airflow/dags/dag_with_postgres_operator.py
[2024-10-15T04:24:13.542+0000] {processor.py:830} INFO - Processing file /opt/airflow/dags/dag_with_postgres_operator.py for tasks to queue
[2024-10-15T04:24:13.543+0000] {logging_mixin.py:188} INFO - [2024-10-15T04:24:13.543+0000] {dagbag.py:545} INFO - Filling up the DagBag from /opt/airflow/dags/dag_with_postgres_operator.py
[2024-10-15T04:24:13.567+0000] {processor.py:840} INFO - DAG(s) 'dag_with_postgres_operator_v2' retrieved from /opt/airflow/dags/dag_with_postgres_operator.py
[2024-10-15T04:24:13.597+0000] {logging_mixin.py:188} INFO - [2024-10-15T04:24:13.597+0000] {dag.py:3096} INFO - Sync 1 DAGs
[2024-10-15T04:24:13.622+0000] {logging_mixin.py:188} INFO - [2024-10-15T04:24:13.622+0000] {dag.py:3954} INFO - Setting next_dagrun for dag_with_postgres_operator_v2 to 2024-10-03 00:00:00+00:00, run_after=2024-10-04 00:00:00+00:00
[2024-10-15T04:24:13.651+0000] {processor.py:183} INFO - Processing /opt/airflow/dags/dag_with_postgres_operator.py took 0.116 seconds
[2024-10-15T04:24:44.105+0000] {processor.py:161} INFO - Started process (PID=8897) to work on /opt/airflow/dags/dag_with_postgres_operator.py
[2024-10-15T04:24:44.106+0000] {processor.py:830} INFO - Processing file /opt/airflow/dags/dag_with_postgres_operator.py for tasks to queue
[2024-10-15T04:24:44.108+0000] {logging_mixin.py:188} INFO - [2024-10-15T04:24:44.107+0000] {dagbag.py:545} INFO - Filling up the DagBag from /opt/airflow/dags/dag_with_postgres_operator.py
[2024-10-15T04:24:44.132+0000] {processor.py:840} INFO - DAG(s) 'dag_with_postgres_operator_v2' retrieved from /opt/airflow/dags/dag_with_postgres_operator.py
[2024-10-15T04:24:44.166+0000] {logging_mixin.py:188} INFO - [2024-10-15T04:24:44.166+0000] {dag.py:3096} INFO - Sync 1 DAGs
[2024-10-15T04:24:44.192+0000] {logging_mixin.py:188} INFO - [2024-10-15T04:24:44.192+0000] {dag.py:3954} INFO - Setting next_dagrun for dag_with_postgres_operator_v2 to 2024-10-03 00:00:00+00:00, run_after=2024-10-04 00:00:00+00:00
[2024-10-15T04:24:44.230+0000] {processor.py:183} INFO - Processing /opt/airflow/dags/dag_with_postgres_operator.py took 0.131 seconds
[2024-10-15T04:25:14.924+0000] {processor.py:161} INFO - Started process (PID=8919) to work on /opt/airflow/dags/dag_with_postgres_operator.py
[2024-10-15T04:25:14.925+0000] {processor.py:830} INFO - Processing file /opt/airflow/dags/dag_with_postgres_operator.py for tasks to queue
[2024-10-15T04:25:14.926+0000] {logging_mixin.py:188} INFO - [2024-10-15T04:25:14.926+0000] {dagbag.py:545} INFO - Filling up the DagBag from /opt/airflow/dags/dag_with_postgres_operator.py
[2024-10-15T04:25:14.957+0000] {processor.py:840} INFO - DAG(s) 'dag_with_postgres_operator_v2' retrieved from /opt/airflow/dags/dag_with_postgres_operator.py
[2024-10-15T04:25:15.012+0000] {logging_mixin.py:188} INFO - [2024-10-15T04:25:15.012+0000] {dag.py:3096} INFO - Sync 1 DAGs
[2024-10-15T04:25:15.049+0000] {logging_mixin.py:188} INFO - [2024-10-15T04:25:15.048+0000] {dag.py:3954} INFO - Setting next_dagrun for dag_with_postgres_operator_v2 to 2024-10-03 00:00:00+00:00, run_after=2024-10-04 00:00:00+00:00
[2024-10-15T04:25:15.080+0000] {processor.py:183} INFO - Processing /opt/airflow/dags/dag_with_postgres_operator.py took 0.162 seconds
[2024-10-15T04:25:45.392+0000] {processor.py:161} INFO - Started process (PID=8941) to work on /opt/airflow/dags/dag_with_postgres_operator.py
[2024-10-15T04:25:45.393+0000] {processor.py:830} INFO - Processing file /opt/airflow/dags/dag_with_postgres_operator.py for tasks to queue
[2024-10-15T04:25:45.394+0000] {logging_mixin.py:188} INFO - [2024-10-15T04:25:45.394+0000] {dagbag.py:545} INFO - Filling up the DagBag from /opt/airflow/dags/dag_with_postgres_operator.py
[2024-10-15T04:25:45.419+0000] {processor.py:840} INFO - DAG(s) 'dag_with_postgres_operator_v2' retrieved from /opt/airflow/dags/dag_with_postgres_operator.py
[2024-10-15T04:25:45.449+0000] {logging_mixin.py:188} INFO - [2024-10-15T04:25:45.449+0000] {dag.py:3096} INFO - Sync 1 DAGs
[2024-10-15T04:25:45.473+0000] {logging_mixin.py:188} INFO - [2024-10-15T04:25:45.473+0000] {dag.py:3954} INFO - Setting next_dagrun for dag_with_postgres_operator_v2 to 2024-10-03 00:00:00+00:00, run_after=2024-10-04 00:00:00+00:00
[2024-10-15T04:25:45.510+0000] {processor.py:183} INFO - Processing /opt/airflow/dags/dag_with_postgres_operator.py took 0.124 seconds
[2024-10-15T04:26:15.956+0000] {processor.py:161} INFO - Started process (PID=8963) to work on /opt/airflow/dags/dag_with_postgres_operator.py
[2024-10-15T04:26:15.958+0000] {processor.py:830} INFO - Processing file /opt/airflow/dags/dag_with_postgres_operator.py for tasks to queue
[2024-10-15T04:26:15.959+0000] {logging_mixin.py:188} INFO - [2024-10-15T04:26:15.959+0000] {dagbag.py:545} INFO - Filling up the DagBag from /opt/airflow/dags/dag_with_postgres_operator.py
[2024-10-15T04:26:15.984+0000] {processor.py:840} INFO - DAG(s) 'dag_with_postgres_operator_v2' retrieved from /opt/airflow/dags/dag_with_postgres_operator.py
[2024-10-15T04:26:16.015+0000] {logging_mixin.py:188} INFO - [2024-10-15T04:26:16.015+0000] {dag.py:3096} INFO - Sync 1 DAGs
[2024-10-15T04:26:16.042+0000] {logging_mixin.py:188} INFO - [2024-10-15T04:26:16.041+0000] {dag.py:3954} INFO - Setting next_dagrun for dag_with_postgres_operator_v2 to 2024-10-03 00:00:00+00:00, run_after=2024-10-04 00:00:00+00:00
[2024-10-15T04:26:16.072+0000] {processor.py:183} INFO - Processing /opt/airflow/dags/dag_with_postgres_operator.py took 0.122 seconds
[2024-10-15T04:26:46.444+0000] {processor.py:161} INFO - Started process (PID=8985) to work on /opt/airflow/dags/dag_with_postgres_operator.py
[2024-10-15T04:26:46.445+0000] {processor.py:830} INFO - Processing file /opt/airflow/dags/dag_with_postgres_operator.py for tasks to queue
[2024-10-15T04:26:46.447+0000] {logging_mixin.py:188} INFO - [2024-10-15T04:26:46.447+0000] {dagbag.py:545} INFO - Filling up the DagBag from /opt/airflow/dags/dag_with_postgres_operator.py
[2024-10-15T04:26:46.475+0000] {processor.py:840} INFO - DAG(s) 'dag_with_postgres_operator_v2' retrieved from /opt/airflow/dags/dag_with_postgres_operator.py
[2024-10-15T04:26:46.512+0000] {logging_mixin.py:188} INFO - [2024-10-15T04:26:46.512+0000] {dag.py:3096} INFO - Sync 1 DAGs
[2024-10-15T04:26:46.542+0000] {logging_mixin.py:188} INFO - [2024-10-15T04:26:46.541+0000] {dag.py:3954} INFO - Setting next_dagrun for dag_with_postgres_operator_v2 to 2024-10-03 00:00:00+00:00, run_after=2024-10-04 00:00:00+00:00
[2024-10-15T04:26:46.573+0000] {processor.py:183} INFO - Processing /opt/airflow/dags/dag_with_postgres_operator.py took 0.135 seconds
[2024-10-15T04:27:16.909+0000] {processor.py:161} INFO - Started process (PID=9007) to work on /opt/airflow/dags/dag_with_postgres_operator.py
[2024-10-15T04:27:16.910+0000] {processor.py:830} INFO - Processing file /opt/airflow/dags/dag_with_postgres_operator.py for tasks to queue
[2024-10-15T04:27:16.912+0000] {logging_mixin.py:188} INFO - [2024-10-15T04:27:16.911+0000] {dagbag.py:545} INFO - Filling up the DagBag from /opt/airflow/dags/dag_with_postgres_operator.py
[2024-10-15T04:27:16.935+0000] {processor.py:840} INFO - DAG(s) 'dag_with_postgres_operator_v2' retrieved from /opt/airflow/dags/dag_with_postgres_operator.py
[2024-10-15T04:27:16.964+0000] {logging_mixin.py:188} INFO - [2024-10-15T04:27:16.963+0000] {dag.py:3096} INFO - Sync 1 DAGs
[2024-10-15T04:27:16.989+0000] {logging_mixin.py:188} INFO - [2024-10-15T04:27:16.989+0000] {dag.py:3954} INFO - Setting next_dagrun for dag_with_postgres_operator_v2 to 2024-10-03 00:00:00+00:00, run_after=2024-10-04 00:00:00+00:00
[2024-10-15T04:27:17.017+0000] {processor.py:183} INFO - Processing /opt/airflow/dags/dag_with_postgres_operator.py took 0.114 seconds
[2024-10-15T04:27:47.469+0000] {processor.py:161} INFO - Started process (PID=9029) to work on /opt/airflow/dags/dag_with_postgres_operator.py
[2024-10-15T04:27:47.470+0000] {processor.py:830} INFO - Processing file /opt/airflow/dags/dag_with_postgres_operator.py for tasks to queue
[2024-10-15T04:27:47.471+0000] {logging_mixin.py:188} INFO - [2024-10-15T04:27:47.471+0000] {dagbag.py:545} INFO - Filling up the DagBag from /opt/airflow/dags/dag_with_postgres_operator.py
[2024-10-15T04:27:47.497+0000] {processor.py:840} INFO - DAG(s) 'dag_with_postgres_operator_v2' retrieved from /opt/airflow/dags/dag_with_postgres_operator.py
[2024-10-15T04:27:47.532+0000] {logging_mixin.py:188} INFO - [2024-10-15T04:27:47.532+0000] {dag.py:3096} INFO - Sync 1 DAGs
[2024-10-15T04:27:47.558+0000] {logging_mixin.py:188} INFO - [2024-10-15T04:27:47.558+0000] {dag.py:3954} INFO - Setting next_dagrun for dag_with_postgres_operator_v2 to 2024-10-03 00:00:00+00:00, run_after=2024-10-04 00:00:00+00:00
[2024-10-15T04:27:47.587+0000] {processor.py:183} INFO - Processing /opt/airflow/dags/dag_with_postgres_operator.py took 0.126 seconds
[2024-10-15T04:28:18.068+0000] {processor.py:161} INFO - Started process (PID=9051) to work on /opt/airflow/dags/dag_with_postgres_operator.py
[2024-10-15T04:28:18.070+0000] {processor.py:830} INFO - Processing file /opt/airflow/dags/dag_with_postgres_operator.py for tasks to queue
[2024-10-15T04:28:18.072+0000] {logging_mixin.py:188} INFO - [2024-10-15T04:28:18.071+0000] {dagbag.py:545} INFO - Filling up the DagBag from /opt/airflow/dags/dag_with_postgres_operator.py
[2024-10-15T04:28:18.098+0000] {processor.py:840} INFO - DAG(s) 'dag_with_postgres_operator_v2' retrieved from /opt/airflow/dags/dag_with_postgres_operator.py
[2024-10-15T04:28:18.131+0000] {logging_mixin.py:188} INFO - [2024-10-15T04:28:18.131+0000] {dag.py:3096} INFO - Sync 1 DAGs
[2024-10-15T04:28:18.158+0000] {logging_mixin.py:188} INFO - [2024-10-15T04:28:18.157+0000] {dag.py:3954} INFO - Setting next_dagrun for dag_with_postgres_operator_v2 to 2024-10-03 00:00:00+00:00, run_after=2024-10-04 00:00:00+00:00
[2024-10-15T04:28:18.188+0000] {processor.py:183} INFO - Processing /opt/airflow/dags/dag_with_postgres_operator.py took 0.126 seconds
[2024-10-15T04:28:48.676+0000] {processor.py:161} INFO - Started process (PID=9073) to work on /opt/airflow/dags/dag_with_postgres_operator.py
[2024-10-15T04:28:48.677+0000] {processor.py:830} INFO - Processing file /opt/airflow/dags/dag_with_postgres_operator.py for tasks to queue
[2024-10-15T04:28:48.679+0000] {logging_mixin.py:188} INFO - [2024-10-15T04:28:48.678+0000] {dagbag.py:545} INFO - Filling up the DagBag from /opt/airflow/dags/dag_with_postgres_operator.py
[2024-10-15T04:28:48.702+0000] {processor.py:840} INFO - DAG(s) 'dag_with_postgres_operator_v2' retrieved from /opt/airflow/dags/dag_with_postgres_operator.py
[2024-10-15T04:28:48.745+0000] {logging_mixin.py:188} INFO - [2024-10-15T04:28:48.744+0000] {dag.py:3096} INFO - Sync 1 DAGs
[2024-10-15T04:28:48.773+0000] {logging_mixin.py:188} INFO - [2024-10-15T04:28:48.773+0000] {dag.py:3954} INFO - Setting next_dagrun for dag_with_postgres_operator_v2 to 2024-10-03 00:00:00+00:00, run_after=2024-10-04 00:00:00+00:00
[2024-10-15T04:28:48.809+0000] {processor.py:183} INFO - Processing /opt/airflow/dags/dag_with_postgres_operator.py took 0.138 seconds
[2024-10-15T04:29:19.239+0000] {processor.py:161} INFO - Started process (PID=9095) to work on /opt/airflow/dags/dag_with_postgres_operator.py
[2024-10-15T04:29:19.240+0000] {processor.py:830} INFO - Processing file /opt/airflow/dags/dag_with_postgres_operator.py for tasks to queue
[2024-10-15T04:29:19.242+0000] {logging_mixin.py:188} INFO - [2024-10-15T04:29:19.242+0000] {dagbag.py:545} INFO - Filling up the DagBag from /opt/airflow/dags/dag_with_postgres_operator.py
[2024-10-15T04:29:19.270+0000] {processor.py:840} INFO - DAG(s) 'dag_with_postgres_operator_v2' retrieved from /opt/airflow/dags/dag_with_postgres_operator.py
[2024-10-15T04:29:19.303+0000] {logging_mixin.py:188} INFO - [2024-10-15T04:29:19.302+0000] {dag.py:3096} INFO - Sync 1 DAGs
[2024-10-15T04:29:19.330+0000] {logging_mixin.py:188} INFO - [2024-10-15T04:29:19.330+0000] {dag.py:3954} INFO - Setting next_dagrun for dag_with_postgres_operator_v2 to 2024-10-03 00:00:00+00:00, run_after=2024-10-04 00:00:00+00:00
[2024-10-15T04:29:19.368+0000] {processor.py:183} INFO - Processing /opt/airflow/dags/dag_with_postgres_operator.py took 0.135 seconds
[2024-10-15T04:29:49.847+0000] {processor.py:161} INFO - Started process (PID=9117) to work on /opt/airflow/dags/dag_with_postgres_operator.py
[2024-10-15T04:29:49.849+0000] {processor.py:830} INFO - Processing file /opt/airflow/dags/dag_with_postgres_operator.py for tasks to queue
[2024-10-15T04:29:49.851+0000] {logging_mixin.py:188} INFO - [2024-10-15T04:29:49.850+0000] {dagbag.py:545} INFO - Filling up the DagBag from /opt/airflow/dags/dag_with_postgres_operator.py
[2024-10-15T04:29:49.876+0000] {processor.py:840} INFO - DAG(s) 'dag_with_postgres_operator_v2' retrieved from /opt/airflow/dags/dag_with_postgres_operator.py
[2024-10-15T04:29:49.911+0000] {logging_mixin.py:188} INFO - [2024-10-15T04:29:49.911+0000] {dag.py:3096} INFO - Sync 1 DAGs
[2024-10-15T04:29:49.935+0000] {logging_mixin.py:188} INFO - [2024-10-15T04:29:49.935+0000] {dag.py:3954} INFO - Setting next_dagrun for dag_with_postgres_operator_v2 to 2024-10-03 00:00:00+00:00, run_after=2024-10-04 00:00:00+00:00
[2024-10-15T04:29:49.968+0000] {processor.py:183} INFO - Processing /opt/airflow/dags/dag_with_postgres_operator.py took 0.127 seconds
[2024-10-15T04:30:20.539+0000] {processor.py:161} INFO - Started process (PID=9139) to work on /opt/airflow/dags/dag_with_postgres_operator.py
[2024-10-15T04:30:20.540+0000] {processor.py:830} INFO - Processing file /opt/airflow/dags/dag_with_postgres_operator.py for tasks to queue
[2024-10-15T04:30:20.542+0000] {logging_mixin.py:188} INFO - [2024-10-15T04:30:20.542+0000] {dagbag.py:545} INFO - Filling up the DagBag from /opt/airflow/dags/dag_with_postgres_operator.py
[2024-10-15T04:30:20.566+0000] {processor.py:840} INFO - DAG(s) 'dag_with_postgres_operator_v2' retrieved from /opt/airflow/dags/dag_with_postgres_operator.py
[2024-10-15T04:30:20.604+0000] {logging_mixin.py:188} INFO - [2024-10-15T04:30:20.603+0000] {dag.py:3096} INFO - Sync 1 DAGs
[2024-10-15T04:30:20.636+0000] {logging_mixin.py:188} INFO - [2024-10-15T04:30:20.636+0000] {dag.py:3954} INFO - Setting next_dagrun for dag_with_postgres_operator_v2 to 2024-10-03 00:00:00+00:00, run_after=2024-10-04 00:00:00+00:00
[2024-10-15T04:30:20.678+0000] {processor.py:183} INFO - Processing /opt/airflow/dags/dag_with_postgres_operator.py took 0.145 seconds
[2024-10-15T04:30:51.012+0000] {processor.py:161} INFO - Started process (PID=9161) to work on /opt/airflow/dags/dag_with_postgres_operator.py
[2024-10-15T04:30:51.013+0000] {processor.py:830} INFO - Processing file /opt/airflow/dags/dag_with_postgres_operator.py for tasks to queue
[2024-10-15T04:30:51.015+0000] {logging_mixin.py:188} INFO - [2024-10-15T04:30:51.015+0000] {dagbag.py:545} INFO - Filling up the DagBag from /opt/airflow/dags/dag_with_postgres_operator.py
[2024-10-15T04:30:51.037+0000] {processor.py:840} INFO - DAG(s) 'dag_with_postgres_operator_v2' retrieved from /opt/airflow/dags/dag_with_postgres_operator.py
[2024-10-15T04:30:51.067+0000] {logging_mixin.py:188} INFO - [2024-10-15T04:30:51.066+0000] {dag.py:3096} INFO - Sync 1 DAGs
[2024-10-15T04:30:51.092+0000] {logging_mixin.py:188} INFO - [2024-10-15T04:30:51.092+0000] {dag.py:3954} INFO - Setting next_dagrun for dag_with_postgres_operator_v2 to 2024-10-03 00:00:00+00:00, run_after=2024-10-04 00:00:00+00:00
[2024-10-15T04:30:51.129+0000] {processor.py:183} INFO - Processing /opt/airflow/dags/dag_with_postgres_operator.py took 0.123 seconds
[2024-10-15T04:31:21.546+0000] {processor.py:161} INFO - Started process (PID=9183) to work on /opt/airflow/dags/dag_with_postgres_operator.py
[2024-10-15T04:31:21.547+0000] {processor.py:830} INFO - Processing file /opt/airflow/dags/dag_with_postgres_operator.py for tasks to queue
[2024-10-15T04:31:21.549+0000] {logging_mixin.py:188} INFO - [2024-10-15T04:31:21.548+0000] {dagbag.py:545} INFO - Filling up the DagBag from /opt/airflow/dags/dag_with_postgres_operator.py
[2024-10-15T04:31:21.572+0000] {processor.py:840} INFO - DAG(s) 'dag_with_postgres_operator_v2' retrieved from /opt/airflow/dags/dag_with_postgres_operator.py
[2024-10-15T04:31:21.601+0000] {logging_mixin.py:188} INFO - [2024-10-15T04:31:21.600+0000] {dag.py:3096} INFO - Sync 1 DAGs
[2024-10-15T04:31:21.625+0000] {logging_mixin.py:188} INFO - [2024-10-15T04:31:21.624+0000] {dag.py:3954} INFO - Setting next_dagrun for dag_with_postgres_operator_v2 to 2024-10-03 00:00:00+00:00, run_after=2024-10-04 00:00:00+00:00
[2024-10-15T04:31:21.662+0000] {processor.py:183} INFO - Processing /opt/airflow/dags/dag_with_postgres_operator.py took 0.122 seconds
[2024-10-15T04:31:52.020+0000] {processor.py:161} INFO - Started process (PID=9205) to work on /opt/airflow/dags/dag_with_postgres_operator.py
[2024-10-15T04:31:52.022+0000] {processor.py:830} INFO - Processing file /opt/airflow/dags/dag_with_postgres_operator.py for tasks to queue
[2024-10-15T04:31:52.023+0000] {logging_mixin.py:188} INFO - [2024-10-15T04:31:52.023+0000] {dagbag.py:545} INFO - Filling up the DagBag from /opt/airflow/dags/dag_with_postgres_operator.py
[2024-10-15T04:31:52.049+0000] {processor.py:840} INFO - DAG(s) 'dag_with_postgres_operator_v2' retrieved from /opt/airflow/dags/dag_with_postgres_operator.py
[2024-10-15T04:31:52.080+0000] {logging_mixin.py:188} INFO - [2024-10-15T04:31:52.080+0000] {dag.py:3096} INFO - Sync 1 DAGs
[2024-10-15T04:31:52.106+0000] {logging_mixin.py:188} INFO - [2024-10-15T04:31:52.106+0000] {dag.py:3954} INFO - Setting next_dagrun for dag_with_postgres_operator_v2 to 2024-10-03 00:00:00+00:00, run_after=2024-10-04 00:00:00+00:00
[2024-10-15T04:31:52.134+0000] {processor.py:183} INFO - Processing /opt/airflow/dags/dag_with_postgres_operator.py took 0.120 seconds
[2024-10-15T04:32:22.460+0000] {processor.py:161} INFO - Started process (PID=9227) to work on /opt/airflow/dags/dag_with_postgres_operator.py
[2024-10-15T04:32:22.461+0000] {processor.py:830} INFO - Processing file /opt/airflow/dags/dag_with_postgres_operator.py for tasks to queue
[2024-10-15T04:32:22.463+0000] {logging_mixin.py:188} INFO - [2024-10-15T04:32:22.462+0000] {dagbag.py:545} INFO - Filling up the DagBag from /opt/airflow/dags/dag_with_postgres_operator.py
[2024-10-15T04:32:22.486+0000] {processor.py:840} INFO - DAG(s) 'dag_with_postgres_operator_v2' retrieved from /opt/airflow/dags/dag_with_postgres_operator.py
[2024-10-15T04:32:22.518+0000] {logging_mixin.py:188} INFO - [2024-10-15T04:32:22.518+0000] {dag.py:3096} INFO - Sync 1 DAGs
[2024-10-15T04:32:22.544+0000] {logging_mixin.py:188} INFO - [2024-10-15T04:32:22.543+0000] {dag.py:3954} INFO - Setting next_dagrun for dag_with_postgres_operator_v2 to 2024-10-03 00:00:00+00:00, run_after=2024-10-04 00:00:00+00:00
[2024-10-15T04:32:22.583+0000] {processor.py:183} INFO - Processing /opt/airflow/dags/dag_with_postgres_operator.py took 0.129 seconds
[2024-10-15T04:32:53.038+0000] {processor.py:161} INFO - Started process (PID=9249) to work on /opt/airflow/dags/dag_with_postgres_operator.py
[2024-10-15T04:32:53.040+0000] {processor.py:830} INFO - Processing file /opt/airflow/dags/dag_with_postgres_operator.py for tasks to queue
[2024-10-15T04:32:53.041+0000] {logging_mixin.py:188} INFO - [2024-10-15T04:32:53.041+0000] {dagbag.py:545} INFO - Filling up the DagBag from /opt/airflow/dags/dag_with_postgres_operator.py
[2024-10-15T04:32:53.066+0000] {processor.py:840} INFO - DAG(s) 'dag_with_postgres_operator_v2' retrieved from /opt/airflow/dags/dag_with_postgres_operator.py
[2024-10-15T04:32:53.097+0000] {logging_mixin.py:188} INFO - [2024-10-15T04:32:53.096+0000] {dag.py:3096} INFO - Sync 1 DAGs
[2024-10-15T04:32:53.122+0000] {logging_mixin.py:188} INFO - [2024-10-15T04:32:53.122+0000] {dag.py:3954} INFO - Setting next_dagrun for dag_with_postgres_operator_v2 to 2024-10-03 00:00:00+00:00, run_after=2024-10-04 00:00:00+00:00
[2024-10-15T04:32:53.151+0000] {processor.py:183} INFO - Processing /opt/airflow/dags/dag_with_postgres_operator.py took 0.119 seconds
[2024-10-15T04:33:23.634+0000] {processor.py:161} INFO - Started process (PID=9271) to work on /opt/airflow/dags/dag_with_postgres_operator.py
[2024-10-15T04:33:23.636+0000] {processor.py:830} INFO - Processing file /opt/airflow/dags/dag_with_postgres_operator.py for tasks to queue
[2024-10-15T04:33:23.637+0000] {logging_mixin.py:188} INFO - [2024-10-15T04:33:23.637+0000] {dagbag.py:545} INFO - Filling up the DagBag from /opt/airflow/dags/dag_with_postgres_operator.py
[2024-10-15T04:33:23.674+0000] {processor.py:840} INFO - DAG(s) 'dag_with_postgres_operator_v2' retrieved from /opt/airflow/dags/dag_with_postgres_operator.py
[2024-10-15T04:33:23.708+0000] {logging_mixin.py:188} INFO - [2024-10-15T04:33:23.708+0000] {dag.py:3096} INFO - Sync 1 DAGs
[2024-10-15T04:33:23.735+0000] {logging_mixin.py:188} INFO - [2024-10-15T04:33:23.735+0000] {dag.py:3954} INFO - Setting next_dagrun for dag_with_postgres_operator_v2 to 2024-10-03 00:00:00+00:00, run_after=2024-10-04 00:00:00+00:00
[2024-10-15T04:33:23.776+0000] {processor.py:183} INFO - Processing /opt/airflow/dags/dag_with_postgres_operator.py took 0.148 seconds
[2024-10-15T04:33:54.149+0000] {processor.py:161} INFO - Started process (PID=9293) to work on /opt/airflow/dags/dag_with_postgres_operator.py
[2024-10-15T04:33:54.150+0000] {processor.py:830} INFO - Processing file /opt/airflow/dags/dag_with_postgres_operator.py for tasks to queue
[2024-10-15T04:33:54.152+0000] {logging_mixin.py:188} INFO - [2024-10-15T04:33:54.151+0000] {dagbag.py:545} INFO - Filling up the DagBag from /opt/airflow/dags/dag_with_postgres_operator.py
[2024-10-15T04:33:54.177+0000] {processor.py:840} INFO - DAG(s) 'dag_with_postgres_operator_v2' retrieved from /opt/airflow/dags/dag_with_postgres_operator.py
[2024-10-15T04:33:54.211+0000] {logging_mixin.py:188} INFO - [2024-10-15T04:33:54.210+0000] {dag.py:3096} INFO - Sync 1 DAGs
[2024-10-15T04:33:54.237+0000] {logging_mixin.py:188} INFO - [2024-10-15T04:33:54.236+0000] {dag.py:3954} INFO - Setting next_dagrun for dag_with_postgres_operator_v2 to 2024-10-03 00:00:00+00:00, run_after=2024-10-04 00:00:00+00:00
[2024-10-15T04:33:54.277+0000] {processor.py:183} INFO - Processing /opt/airflow/dags/dag_with_postgres_operator.py took 0.135 seconds
[2024-10-15T04:34:24.610+0000] {processor.py:161} INFO - Started process (PID=9315) to work on /opt/airflow/dags/dag_with_postgres_operator.py
[2024-10-15T04:34:24.612+0000] {processor.py:830} INFO - Processing file /opt/airflow/dags/dag_with_postgres_operator.py for tasks to queue
[2024-10-15T04:34:24.613+0000] {logging_mixin.py:188} INFO - [2024-10-15T04:34:24.612+0000] {dagbag.py:545} INFO - Filling up the DagBag from /opt/airflow/dags/dag_with_postgres_operator.py
[2024-10-15T04:34:24.636+0000] {processor.py:840} INFO - DAG(s) 'dag_with_postgres_operator_v2' retrieved from /opt/airflow/dags/dag_with_postgres_operator.py
[2024-10-15T04:34:24.666+0000] {logging_mixin.py:188} INFO - [2024-10-15T04:34:24.666+0000] {dag.py:3096} INFO - Sync 1 DAGs
[2024-10-15T04:34:24.692+0000] {logging_mixin.py:188} INFO - [2024-10-15T04:34:24.691+0000] {dag.py:3954} INFO - Setting next_dagrun for dag_with_postgres_operator_v2 to 2024-10-03 00:00:00+00:00, run_after=2024-10-04 00:00:00+00:00
[2024-10-15T04:34:24.731+0000] {processor.py:183} INFO - Processing /opt/airflow/dags/dag_with_postgres_operator.py took 0.127 seconds
[2024-10-15T04:34:55.154+0000] {processor.py:161} INFO - Started process (PID=9337) to work on /opt/airflow/dags/dag_with_postgres_operator.py
[2024-10-15T04:34:55.155+0000] {processor.py:830} INFO - Processing file /opt/airflow/dags/dag_with_postgres_operator.py for tasks to queue
[2024-10-15T04:34:55.157+0000] {logging_mixin.py:188} INFO - [2024-10-15T04:34:55.156+0000] {dagbag.py:545} INFO - Filling up the DagBag from /opt/airflow/dags/dag_with_postgres_operator.py
[2024-10-15T04:34:55.176+0000] {processor.py:840} INFO - DAG(s) 'dag_with_postgres_operator_v2' retrieved from /opt/airflow/dags/dag_with_postgres_operator.py
[2024-10-15T04:34:55.204+0000] {logging_mixin.py:188} INFO - [2024-10-15T04:34:55.204+0000] {dag.py:3096} INFO - Sync 1 DAGs
[2024-10-15T04:34:55.230+0000] {logging_mixin.py:188} INFO - [2024-10-15T04:34:55.229+0000] {dag.py:3954} INFO - Setting next_dagrun for dag_with_postgres_operator_v2 to 2024-10-03 00:00:00+00:00, run_after=2024-10-04 00:00:00+00:00
[2024-10-15T04:34:55.261+0000] {processor.py:183} INFO - Processing /opt/airflow/dags/dag_with_postgres_operator.py took 0.114 seconds
[2024-10-15T04:35:25.921+0000] {processor.py:161} INFO - Started process (PID=9364) to work on /opt/airflow/dags/dag_with_postgres_operator.py
[2024-10-15T04:35:25.923+0000] {processor.py:830} INFO - Processing file /opt/airflow/dags/dag_with_postgres_operator.py for tasks to queue
[2024-10-15T04:35:25.924+0000] {logging_mixin.py:188} INFO - [2024-10-15T04:35:25.924+0000] {dagbag.py:545} INFO - Filling up the DagBag from /opt/airflow/dags/dag_with_postgres_operator.py
[2024-10-15T04:35:25.948+0000] {processor.py:840} INFO - DAG(s) 'dag_with_postgres_operator_v2' retrieved from /opt/airflow/dags/dag_with_postgres_operator.py
[2024-10-15T04:35:25.980+0000] {logging_mixin.py:188} INFO - [2024-10-15T04:35:25.979+0000] {dag.py:3096} INFO - Sync 1 DAGs
[2024-10-15T04:35:26.015+0000] {logging_mixin.py:188} INFO - [2024-10-15T04:35:26.015+0000] {dag.py:3954} INFO - Setting next_dagrun for dag_with_postgres_operator_v2 to 2024-10-03 00:00:00+00:00, run_after=2024-10-04 00:00:00+00:00
[2024-10-15T04:35:26.043+0000] {processor.py:183} INFO - Processing /opt/airflow/dags/dag_with_postgres_operator.py took 0.128 seconds
[2024-10-15T04:35:56.444+0000] {processor.py:161} INFO - Started process (PID=9391) to work on /opt/airflow/dags/dag_with_postgres_operator.py
[2024-10-15T04:35:56.445+0000] {processor.py:830} INFO - Processing file /opt/airflow/dags/dag_with_postgres_operator.py for tasks to queue
[2024-10-15T04:35:56.446+0000] {logging_mixin.py:188} INFO - [2024-10-15T04:35:56.446+0000] {dagbag.py:545} INFO - Filling up the DagBag from /opt/airflow/dags/dag_with_postgres_operator.py
[2024-10-15T04:35:56.470+0000] {processor.py:840} INFO - DAG(s) 'dag_with_postgres_operator_v2' retrieved from /opt/airflow/dags/dag_with_postgres_operator.py
[2024-10-15T04:35:56.504+0000] {logging_mixin.py:188} INFO - [2024-10-15T04:35:56.504+0000] {dag.py:3096} INFO - Sync 1 DAGs
[2024-10-15T04:35:56.532+0000] {logging_mixin.py:188} INFO - [2024-10-15T04:35:56.532+0000] {dag.py:3954} INFO - Setting next_dagrun for dag_with_postgres_operator_v2 to 2024-10-03 00:00:00+00:00, run_after=2024-10-04 00:00:00+00:00
[2024-10-15T04:35:56.571+0000] {processor.py:183} INFO - Processing /opt/airflow/dags/dag_with_postgres_operator.py took 0.134 seconds
[2024-10-15T04:36:27.116+0000] {processor.py:161} INFO - Started process (PID=9418) to work on /opt/airflow/dags/dag_with_postgres_operator.py
[2024-10-15T04:36:27.118+0000] {processor.py:830} INFO - Processing file /opt/airflow/dags/dag_with_postgres_operator.py for tasks to queue
[2024-10-15T04:36:27.120+0000] {logging_mixin.py:188} INFO - [2024-10-15T04:36:27.119+0000] {dagbag.py:545} INFO - Filling up the DagBag from /opt/airflow/dags/dag_with_postgres_operator.py
[2024-10-15T04:36:27.143+0000] {processor.py:840} INFO - DAG(s) 'dag_with_postgres_operator_v2' retrieved from /opt/airflow/dags/dag_with_postgres_operator.py
[2024-10-15T04:36:27.174+0000] {logging_mixin.py:188} INFO - [2024-10-15T04:36:27.173+0000] {dag.py:3096} INFO - Sync 1 DAGs
[2024-10-15T04:36:27.198+0000] {logging_mixin.py:188} INFO - [2024-10-15T04:36:27.198+0000] {dag.py:3954} INFO - Setting next_dagrun for dag_with_postgres_operator_v2 to 2024-10-03 00:00:00+00:00, run_after=2024-10-04 00:00:00+00:00
[2024-10-15T04:36:27.228+0000] {processor.py:183} INFO - Processing /opt/airflow/dags/dag_with_postgres_operator.py took 0.118 seconds
[2024-10-15T04:36:57.775+0000] {processor.py:161} INFO - Started process (PID=9445) to work on /opt/airflow/dags/dag_with_postgres_operator.py
[2024-10-15T04:36:57.777+0000] {processor.py:830} INFO - Processing file /opt/airflow/dags/dag_with_postgres_operator.py for tasks to queue
[2024-10-15T04:36:57.778+0000] {logging_mixin.py:188} INFO - [2024-10-15T04:36:57.777+0000] {dagbag.py:545} INFO - Filling up the DagBag from /opt/airflow/dags/dag_with_postgres_operator.py
[2024-10-15T04:36:57.802+0000] {processor.py:840} INFO - DAG(s) 'dag_with_postgres_operator_v2' retrieved from /opt/airflow/dags/dag_with_postgres_operator.py
[2024-10-15T04:36:57.832+0000] {logging_mixin.py:188} INFO - [2024-10-15T04:36:57.832+0000] {dag.py:3096} INFO - Sync 1 DAGs
[2024-10-15T04:36:57.859+0000] {logging_mixin.py:188} INFO - [2024-10-15T04:36:57.859+0000] {dag.py:3954} INFO - Setting next_dagrun for dag_with_postgres_operator_v2 to 2024-10-03 00:00:00+00:00, run_after=2024-10-04 00:00:00+00:00
[2024-10-15T04:36:57.898+0000] {processor.py:183} INFO - Processing /opt/airflow/dags/dag_with_postgres_operator.py took 0.128 seconds
[2024-10-15T04:37:28.453+0000] {processor.py:161} INFO - Started process (PID=9472) to work on /opt/airflow/dags/dag_with_postgres_operator.py
[2024-10-15T04:37:28.455+0000] {processor.py:830} INFO - Processing file /opt/airflow/dags/dag_with_postgres_operator.py for tasks to queue
[2024-10-15T04:37:28.456+0000] {logging_mixin.py:188} INFO - [2024-10-15T04:37:28.456+0000] {dagbag.py:545} INFO - Filling up the DagBag from /opt/airflow/dags/dag_with_postgres_operator.py
[2024-10-15T04:37:28.481+0000] {processor.py:840} INFO - DAG(s) 'dag_with_postgres_operator_v2' retrieved from /opt/airflow/dags/dag_with_postgres_operator.py
[2024-10-15T04:37:28.510+0000] {logging_mixin.py:188} INFO - [2024-10-15T04:37:28.510+0000] {dag.py:3096} INFO - Sync 1 DAGs
[2024-10-15T04:37:28.534+0000] {logging_mixin.py:188} INFO - [2024-10-15T04:37:28.534+0000] {dag.py:3954} INFO - Setting next_dagrun for dag_with_postgres_operator_v2 to 2024-10-03 00:00:00+00:00, run_after=2024-10-04 00:00:00+00:00
[2024-10-15T04:37:28.563+0000] {processor.py:183} INFO - Processing /opt/airflow/dags/dag_with_postgres_operator.py took 0.115 seconds
[2024-10-15T04:37:58.995+0000] {processor.py:161} INFO - Started process (PID=9499) to work on /opt/airflow/dags/dag_with_postgres_operator.py
[2024-10-15T04:37:58.997+0000] {processor.py:830} INFO - Processing file /opt/airflow/dags/dag_with_postgres_operator.py for tasks to queue
[2024-10-15T04:37:58.998+0000] {logging_mixin.py:188} INFO - [2024-10-15T04:37:58.998+0000] {dagbag.py:545} INFO - Filling up the DagBag from /opt/airflow/dags/dag_with_postgres_operator.py
[2024-10-15T04:37:59.022+0000] {processor.py:840} INFO - DAG(s) 'dag_with_postgres_operator_v2' retrieved from /opt/airflow/dags/dag_with_postgres_operator.py
[2024-10-15T04:37:59.053+0000] {logging_mixin.py:188} INFO - [2024-10-15T04:37:59.052+0000] {dag.py:3096} INFO - Sync 1 DAGs
[2024-10-15T04:37:59.079+0000] {logging_mixin.py:188} INFO - [2024-10-15T04:37:59.079+0000] {dag.py:3954} INFO - Setting next_dagrun for dag_with_postgres_operator_v2 to 2024-10-03 00:00:00+00:00, run_after=2024-10-04 00:00:00+00:00
[2024-10-15T04:37:59.107+0000] {processor.py:183} INFO - Processing /opt/airflow/dags/dag_with_postgres_operator.py took 0.119 seconds
[2024-10-15T04:38:29.531+0000] {processor.py:161} INFO - Started process (PID=9526) to work on /opt/airflow/dags/dag_with_postgres_operator.py
[2024-10-15T04:38:29.532+0000] {processor.py:830} INFO - Processing file /opt/airflow/dags/dag_with_postgres_operator.py for tasks to queue
[2024-10-15T04:38:29.533+0000] {logging_mixin.py:188} INFO - [2024-10-15T04:38:29.533+0000] {dagbag.py:545} INFO - Filling up the DagBag from /opt/airflow/dags/dag_with_postgres_operator.py
[2024-10-15T04:38:29.556+0000] {processor.py:840} INFO - DAG(s) 'dag_with_postgres_operator_v2' retrieved from /opt/airflow/dags/dag_with_postgres_operator.py
[2024-10-15T04:38:29.587+0000] {logging_mixin.py:188} INFO - [2024-10-15T04:38:29.586+0000] {dag.py:3096} INFO - Sync 1 DAGs
[2024-10-15T04:38:29.610+0000] {logging_mixin.py:188} INFO - [2024-10-15T04:38:29.610+0000] {dag.py:3954} INFO - Setting next_dagrun for dag_with_postgres_operator_v2 to 2024-10-03 00:00:00+00:00, run_after=2024-10-04 00:00:00+00:00
[2024-10-15T04:38:29.638+0000] {processor.py:183} INFO - Processing /opt/airflow/dags/dag_with_postgres_operator.py took 0.114 seconds
[2024-10-15T04:39:00.069+0000] {processor.py:161} INFO - Started process (PID=9553) to work on /opt/airflow/dags/dag_with_postgres_operator.py
[2024-10-15T04:39:00.070+0000] {processor.py:830} INFO - Processing file /opt/airflow/dags/dag_with_postgres_operator.py for tasks to queue
[2024-10-15T04:39:00.071+0000] {logging_mixin.py:188} INFO - [2024-10-15T04:39:00.071+0000] {dagbag.py:545} INFO - Filling up the DagBag from /opt/airflow/dags/dag_with_postgres_operator.py
[2024-10-15T04:39:00.093+0000] {processor.py:840} INFO - DAG(s) 'dag_with_postgres_operator_v2' retrieved from /opt/airflow/dags/dag_with_postgres_operator.py
[2024-10-15T04:39:00.123+0000] {logging_mixin.py:188} INFO - [2024-10-15T04:39:00.123+0000] {dag.py:3096} INFO - Sync 1 DAGs
[2024-10-15T04:39:00.149+0000] {logging_mixin.py:188} INFO - [2024-10-15T04:39:00.149+0000] {dag.py:3954} INFO - Setting next_dagrun for dag_with_postgres_operator_v2 to 2024-10-03 00:00:00+00:00, run_after=2024-10-04 00:00:00+00:00
[2024-10-15T04:39:00.187+0000] {processor.py:183} INFO - Processing /opt/airflow/dags/dag_with_postgres_operator.py took 0.125 seconds
[2024-10-15T04:39:30.764+0000] {processor.py:161} INFO - Started process (PID=9580) to work on /opt/airflow/dags/dag_with_postgres_operator.py
[2024-10-15T04:39:30.765+0000] {processor.py:830} INFO - Processing file /opt/airflow/dags/dag_with_postgres_operator.py for tasks to queue
[2024-10-15T04:39:30.766+0000] {logging_mixin.py:188} INFO - [2024-10-15T04:39:30.766+0000] {dagbag.py:545} INFO - Filling up the DagBag from /opt/airflow/dags/dag_with_postgres_operator.py
[2024-10-15T04:39:30.793+0000] {processor.py:840} INFO - DAG(s) 'dag_with_postgres_operator_v2' retrieved from /opt/airflow/dags/dag_with_postgres_operator.py
[2024-10-15T04:39:30.825+0000] {logging_mixin.py:188} INFO - [2024-10-15T04:39:30.825+0000] {dag.py:3096} INFO - Sync 1 DAGs
[2024-10-15T04:39:30.850+0000] {logging_mixin.py:188} INFO - [2024-10-15T04:39:30.850+0000] {dag.py:3954} INFO - Setting next_dagrun for dag_with_postgres_operator_v2 to 2024-10-03 00:00:00+00:00, run_after=2024-10-04 00:00:00+00:00
[2024-10-15T04:39:30.887+0000] {processor.py:183} INFO - Processing /opt/airflow/dags/dag_with_postgres_operator.py took 0.129 seconds
[2024-10-15T04:40:01.640+0000] {processor.py:161} INFO - Started process (PID=9613) to work on /opt/airflow/dags/dag_with_postgres_operator.py
[2024-10-15T04:40:01.641+0000] {processor.py:830} INFO - Processing file /opt/airflow/dags/dag_with_postgres_operator.py for tasks to queue
[2024-10-15T04:40:01.643+0000] {logging_mixin.py:188} INFO - [2024-10-15T04:40:01.642+0000] {dagbag.py:545} INFO - Filling up the DagBag from /opt/airflow/dags/dag_with_postgres_operator.py
[2024-10-15T04:40:01.666+0000] {processor.py:840} INFO - DAG(s) 'dag_with_postgres_operator_v2' retrieved from /opt/airflow/dags/dag_with_postgres_operator.py
[2024-10-15T04:40:01.697+0000] {logging_mixin.py:188} INFO - [2024-10-15T04:40:01.696+0000] {dag.py:3096} INFO - Sync 1 DAGs
[2024-10-15T04:40:01.724+0000] {logging_mixin.py:188} INFO - [2024-10-15T04:40:01.723+0000] {dag.py:3954} INFO - Setting next_dagrun for dag_with_postgres_operator_v2 to 2024-10-03 00:00:00+00:00, run_after=2024-10-04 00:00:00+00:00
[2024-10-15T04:40:01.753+0000] {processor.py:183} INFO - Processing /opt/airflow/dags/dag_with_postgres_operator.py took 0.120 seconds
[2024-10-15T04:40:32.396+0000] {processor.py:161} INFO - Started process (PID=9646) to work on /opt/airflow/dags/dag_with_postgres_operator.py
[2024-10-15T04:40:32.397+0000] {processor.py:830} INFO - Processing file /opt/airflow/dags/dag_with_postgres_operator.py for tasks to queue
[2024-10-15T04:40:32.398+0000] {logging_mixin.py:188} INFO - [2024-10-15T04:40:32.398+0000] {dagbag.py:545} INFO - Filling up the DagBag from /opt/airflow/dags/dag_with_postgres_operator.py
[2024-10-15T04:40:32.422+0000] {processor.py:840} INFO - DAG(s) 'dag_with_postgres_operator_v2' retrieved from /opt/airflow/dags/dag_with_postgres_operator.py
[2024-10-15T04:40:32.452+0000] {logging_mixin.py:188} INFO - [2024-10-15T04:40:32.452+0000] {dag.py:3096} INFO - Sync 1 DAGs
[2024-10-15T04:40:32.477+0000] {logging_mixin.py:188} INFO - [2024-10-15T04:40:32.476+0000] {dag.py:3954} INFO - Setting next_dagrun for dag_with_postgres_operator_v2 to 2024-10-03 00:00:00+00:00, run_after=2024-10-04 00:00:00+00:00
[2024-10-15T04:40:32.506+0000] {processor.py:183} INFO - Processing /opt/airflow/dags/dag_with_postgres_operator.py took 0.116 seconds
[2024-10-15T04:41:02.917+0000] {processor.py:161} INFO - Started process (PID=9673) to work on /opt/airflow/dags/dag_with_postgres_operator.py
[2024-10-15T04:41:02.918+0000] {processor.py:830} INFO - Processing file /opt/airflow/dags/dag_with_postgres_operator.py for tasks to queue
[2024-10-15T04:41:02.919+0000] {logging_mixin.py:188} INFO - [2024-10-15T04:41:02.918+0000] {dagbag.py:545} INFO - Filling up the DagBag from /opt/airflow/dags/dag_with_postgres_operator.py
[2024-10-15T04:41:02.940+0000] {processor.py:840} INFO - DAG(s) 'dag_with_postgres_operator_v2' retrieved from /opt/airflow/dags/dag_with_postgres_operator.py
[2024-10-15T04:41:02.969+0000] {logging_mixin.py:188} INFO - [2024-10-15T04:41:02.969+0000] {dag.py:3096} INFO - Sync 1 DAGs
[2024-10-15T04:41:02.994+0000] {logging_mixin.py:188} INFO - [2024-10-15T04:41:02.993+0000] {dag.py:3954} INFO - Setting next_dagrun for dag_with_postgres_operator_v2 to 2024-10-03 00:00:00+00:00, run_after=2024-10-04 00:00:00+00:00
[2024-10-15T04:41:03.028+0000] {processor.py:183} INFO - Processing /opt/airflow/dags/dag_with_postgres_operator.py took 0.117 seconds
[2024-10-15T04:41:33.418+0000] {processor.py:161} INFO - Started process (PID=9700) to work on /opt/airflow/dags/dag_with_postgres_operator.py
[2024-10-15T04:41:33.419+0000] {processor.py:830} INFO - Processing file /opt/airflow/dags/dag_with_postgres_operator.py for tasks to queue
[2024-10-15T04:41:33.421+0000] {logging_mixin.py:188} INFO - [2024-10-15T04:41:33.421+0000] {dagbag.py:545} INFO - Filling up the DagBag from /opt/airflow/dags/dag_with_postgres_operator.py
[2024-10-15T04:41:33.445+0000] {processor.py:840} INFO - DAG(s) 'dag_with_postgres_operator_v2' retrieved from /opt/airflow/dags/dag_with_postgres_operator.py
[2024-10-15T04:41:33.475+0000] {logging_mixin.py:188} INFO - [2024-10-15T04:41:33.474+0000] {dag.py:3096} INFO - Sync 1 DAGs
[2024-10-15T04:41:33.499+0000] {logging_mixin.py:188} INFO - [2024-10-15T04:41:33.498+0000] {dag.py:3954} INFO - Setting next_dagrun for dag_with_postgres_operator_v2 to 2024-10-03 00:00:00+00:00, run_after=2024-10-04 00:00:00+00:00
[2024-10-15T04:41:33.537+0000] {processor.py:183} INFO - Processing /opt/airflow/dags/dag_with_postgres_operator.py took 0.126 seconds
[2024-10-15T04:42:03.921+0000] {processor.py:161} INFO - Started process (PID=9727) to work on /opt/airflow/dags/dag_with_postgres_operator.py
[2024-10-15T04:42:03.923+0000] {processor.py:830} INFO - Processing file /opt/airflow/dags/dag_with_postgres_operator.py for tasks to queue
[2024-10-15T04:42:03.924+0000] {logging_mixin.py:188} INFO - [2024-10-15T04:42:03.924+0000] {dagbag.py:545} INFO - Filling up the DagBag from /opt/airflow/dags/dag_with_postgres_operator.py
[2024-10-15T04:42:03.947+0000] {processor.py:840} INFO - DAG(s) 'dag_with_postgres_operator_v2' retrieved from /opt/airflow/dags/dag_with_postgres_operator.py
[2024-10-15T04:42:03.978+0000] {logging_mixin.py:188} INFO - [2024-10-15T04:42:03.977+0000] {dag.py:3096} INFO - Sync 1 DAGs
[2024-10-15T04:42:04.004+0000] {logging_mixin.py:188} INFO - [2024-10-15T04:42:04.004+0000] {dag.py:3954} INFO - Setting next_dagrun for dag_with_postgres_operator_v2 to 2024-10-03 00:00:00+00:00, run_after=2024-10-04 00:00:00+00:00
[2024-10-15T04:42:04.032+0000] {processor.py:183} INFO - Processing /opt/airflow/dags/dag_with_postgres_operator.py took 0.116 seconds
[2024-10-15T04:42:34.418+0000] {processor.py:161} INFO - Started process (PID=9754) to work on /opt/airflow/dags/dag_with_postgres_operator.py
[2024-10-15T04:42:34.419+0000] {processor.py:830} INFO - Processing file /opt/airflow/dags/dag_with_postgres_operator.py for tasks to queue
[2024-10-15T04:42:34.421+0000] {logging_mixin.py:188} INFO - [2024-10-15T04:42:34.420+0000] {dagbag.py:545} INFO - Filling up the DagBag from /opt/airflow/dags/dag_with_postgres_operator.py
[2024-10-15T04:42:34.445+0000] {processor.py:840} INFO - DAG(s) 'dag_with_postgres_operator_v2' retrieved from /opt/airflow/dags/dag_with_postgres_operator.py
[2024-10-15T04:42:34.478+0000] {logging_mixin.py:188} INFO - [2024-10-15T04:42:34.478+0000] {dag.py:3096} INFO - Sync 1 DAGs
[2024-10-15T04:42:34.506+0000] {logging_mixin.py:188} INFO - [2024-10-15T04:42:34.505+0000] {dag.py:3954} INFO - Setting next_dagrun for dag_with_postgres_operator_v2 to 2024-10-03 00:00:00+00:00, run_after=2024-10-04 00:00:00+00:00
[2024-10-15T04:42:34.539+0000] {processor.py:183} INFO - Processing /opt/airflow/dags/dag_with_postgres_operator.py took 0.127 seconds
[2024-10-15T04:43:04.933+0000] {processor.py:161} INFO - Started process (PID=9781) to work on /opt/airflow/dags/dag_with_postgres_operator.py
[2024-10-15T04:43:04.935+0000] {processor.py:830} INFO - Processing file /opt/airflow/dags/dag_with_postgres_operator.py for tasks to queue
[2024-10-15T04:43:04.936+0000] {logging_mixin.py:188} INFO - [2024-10-15T04:43:04.936+0000] {dagbag.py:545} INFO - Filling up the DagBag from /opt/airflow/dags/dag_with_postgres_operator.py
[2024-10-15T04:43:04.969+0000] {processor.py:840} INFO - DAG(s) 'dag_with_postgres_operator_v2' retrieved from /opt/airflow/dags/dag_with_postgres_operator.py
[2024-10-15T04:43:05.003+0000] {logging_mixin.py:188} INFO - [2024-10-15T04:43:05.002+0000] {dag.py:3096} INFO - Sync 1 DAGs
[2024-10-15T04:43:05.030+0000] {logging_mixin.py:188} INFO - [2024-10-15T04:43:05.030+0000] {dag.py:3954} INFO - Setting next_dagrun for dag_with_postgres_operator_v2 to 2024-10-03 00:00:00+00:00, run_after=2024-10-04 00:00:00+00:00
[2024-10-15T04:43:05.060+0000] {processor.py:183} INFO - Processing /opt/airflow/dags/dag_with_postgres_operator.py took 0.132 seconds
