[2024-10-15T04:13:02.346+0000] {processor.py:161} INFO - Started process (PID=8395) to work on /opt/airflow/dags/dag_with_py_dependencies.py
[2024-10-15T04:13:02.347+0000] {processor.py:830} INFO - Processing file /opt/airflow/dags/dag_with_py_dependencies.py for tasks to queue
[2024-10-15T04:13:02.348+0000] {logging_mixin.py:188} INFO - [2024-10-15T04:13:02.348+0000] {dagbag.py:545} INFO - Filling up the DagBag from /opt/airflow/dags/dag_with_py_dependencies.py
[2024-10-15T04:13:02.375+0000] {processor.py:840} INFO - DAG(s) 'dag_with_python_dependencies_v3' retrieved from /opt/airflow/dags/dag_with_py_dependencies.py
[2024-10-15T04:13:02.418+0000] {logging_mixin.py:188} INFO - [2024-10-15T04:13:02.417+0000] {dag.py:3096} INFO - Sync 1 DAGs
[2024-10-15T04:13:02.445+0000] {logging_mixin.py:188} INFO - [2024-10-15T04:13:02.445+0000] {dag.py:3954} INFO - Setting next_dagrun for dag_with_python_dependencies_v3 to 2024-10-03 00:00:00+00:00, run_after=2024-10-04 00:00:00+00:00
[2024-10-15T04:13:02.606+0000] {processor.py:183} INFO - Processing /opt/airflow/dags/dag_with_py_dependencies.py took 0.265 seconds
[2024-10-15T04:13:32.945+0000] {processor.py:161} INFO - Started process (PID=8417) to work on /opt/airflow/dags/dag_with_py_dependencies.py
[2024-10-15T04:13:32.947+0000] {processor.py:830} INFO - Processing file /opt/airflow/dags/dag_with_py_dependencies.py for tasks to queue
[2024-10-15T04:13:32.949+0000] {logging_mixin.py:188} INFO - [2024-10-15T04:13:32.949+0000] {dagbag.py:545} INFO - Filling up the DagBag from /opt/airflow/dags/dag_with_py_dependencies.py
[2024-10-15T04:13:32.983+0000] {processor.py:840} INFO - DAG(s) 'dag_with_python_dependencies_v3' retrieved from /opt/airflow/dags/dag_with_py_dependencies.py
[2024-10-15T04:13:33.020+0000] {logging_mixin.py:188} INFO - [2024-10-15T04:13:33.020+0000] {dag.py:3096} INFO - Sync 1 DAGs
[2024-10-15T04:13:33.180+0000] {logging_mixin.py:188} INFO - [2024-10-15T04:13:33.180+0000] {dag.py:3954} INFO - Setting next_dagrun for dag_with_python_dependencies_v3 to 2024-10-03 00:00:00+00:00, run_after=2024-10-04 00:00:00+00:00
[2024-10-15T04:13:33.206+0000] {processor.py:183} INFO - Processing /opt/airflow/dags/dag_with_py_dependencies.py took 0.271 seconds
[2024-10-15T04:14:03.549+0000] {processor.py:161} INFO - Started process (PID=8439) to work on /opt/airflow/dags/dag_with_py_dependencies.py
[2024-10-15T04:14:03.551+0000] {processor.py:830} INFO - Processing file /opt/airflow/dags/dag_with_py_dependencies.py for tasks to queue
[2024-10-15T04:14:03.552+0000] {logging_mixin.py:188} INFO - [2024-10-15T04:14:03.551+0000] {dagbag.py:545} INFO - Filling up the DagBag from /opt/airflow/dags/dag_with_py_dependencies.py
[2024-10-15T04:14:03.576+0000] {processor.py:840} INFO - DAG(s) 'dag_with_python_dependencies_v3' retrieved from /opt/airflow/dags/dag_with_py_dependencies.py
[2024-10-15T04:14:03.607+0000] {logging_mixin.py:188} INFO - [2024-10-15T04:14:03.607+0000] {dag.py:3096} INFO - Sync 1 DAGs
[2024-10-15T04:14:03.633+0000] {logging_mixin.py:188} INFO - [2024-10-15T04:14:03.633+0000] {dag.py:3954} INFO - Setting next_dagrun for dag_with_python_dependencies_v3 to 2024-10-03 00:00:00+00:00, run_after=2024-10-04 00:00:00+00:00
[2024-10-15T04:14:03.672+0000] {processor.py:183} INFO - Processing /opt/airflow/dags/dag_with_py_dependencies.py took 0.129 seconds
[2024-10-15T04:14:34.030+0000] {processor.py:161} INFO - Started process (PID=8461) to work on /opt/airflow/dags/dag_with_py_dependencies.py
[2024-10-15T04:14:34.031+0000] {processor.py:830} INFO - Processing file /opt/airflow/dags/dag_with_py_dependencies.py for tasks to queue
[2024-10-15T04:14:34.032+0000] {logging_mixin.py:188} INFO - [2024-10-15T04:14:34.032+0000] {dagbag.py:545} INFO - Filling up the DagBag from /opt/airflow/dags/dag_with_py_dependencies.py
[2024-10-15T04:14:34.055+0000] {processor.py:840} INFO - DAG(s) 'dag_with_python_dependencies_v3' retrieved from /opt/airflow/dags/dag_with_py_dependencies.py
[2024-10-15T04:14:34.087+0000] {logging_mixin.py:188} INFO - [2024-10-15T04:14:34.086+0000] {dag.py:3096} INFO - Sync 1 DAGs
[2024-10-15T04:14:34.113+0000] {logging_mixin.py:188} INFO - [2024-10-15T04:14:34.113+0000] {dag.py:3954} INFO - Setting next_dagrun for dag_with_python_dependencies_v3 to 2024-10-03 00:00:00+00:00, run_after=2024-10-04 00:00:00+00:00
[2024-10-15T04:14:34.140+0000] {processor.py:183} INFO - Processing /opt/airflow/dags/dag_with_py_dependencies.py took 0.116 seconds
[2024-10-15T04:15:04.492+0000] {processor.py:161} INFO - Started process (PID=8483) to work on /opt/airflow/dags/dag_with_py_dependencies.py
[2024-10-15T04:15:04.493+0000] {processor.py:830} INFO - Processing file /opt/airflow/dags/dag_with_py_dependencies.py for tasks to queue
[2024-10-15T04:15:04.494+0000] {logging_mixin.py:188} INFO - [2024-10-15T04:15:04.494+0000] {dagbag.py:545} INFO - Filling up the DagBag from /opt/airflow/dags/dag_with_py_dependencies.py
[2024-10-15T04:15:04.517+0000] {processor.py:840} INFO - DAG(s) 'dag_with_python_dependencies_v3' retrieved from /opt/airflow/dags/dag_with_py_dependencies.py
[2024-10-15T04:15:04.550+0000] {logging_mixin.py:188} INFO - [2024-10-15T04:15:04.550+0000] {dag.py:3096} INFO - Sync 1 DAGs
[2024-10-15T04:15:04.576+0000] {logging_mixin.py:188} INFO - [2024-10-15T04:15:04.575+0000] {dag.py:3954} INFO - Setting next_dagrun for dag_with_python_dependencies_v3 to 2024-10-03 00:00:00+00:00, run_after=2024-10-04 00:00:00+00:00
[2024-10-15T04:15:04.605+0000] {processor.py:183} INFO - Processing /opt/airflow/dags/dag_with_py_dependencies.py took 0.119 seconds
[2024-10-15T04:15:34.920+0000] {processor.py:161} INFO - Started process (PID=8505) to work on /opt/airflow/dags/dag_with_py_dependencies.py
[2024-10-15T04:15:34.922+0000] {processor.py:830} INFO - Processing file /opt/airflow/dags/dag_with_py_dependencies.py for tasks to queue
[2024-10-15T04:15:34.924+0000] {logging_mixin.py:188} INFO - [2024-10-15T04:15:34.923+0000] {dagbag.py:545} INFO - Filling up the DagBag from /opt/airflow/dags/dag_with_py_dependencies.py
[2024-10-15T04:15:34.950+0000] {processor.py:840} INFO - DAG(s) 'dag_with_python_dependencies_v3' retrieved from /opt/airflow/dags/dag_with_py_dependencies.py
[2024-10-15T04:15:34.983+0000] {logging_mixin.py:188} INFO - [2024-10-15T04:15:34.982+0000] {dag.py:3096} INFO - Sync 1 DAGs
[2024-10-15T04:15:35.137+0000] {logging_mixin.py:188} INFO - [2024-10-15T04:15:35.137+0000] {dag.py:3954} INFO - Setting next_dagrun for dag_with_python_dependencies_v3 to 2024-10-03 00:00:00+00:00, run_after=2024-10-04 00:00:00+00:00
[2024-10-15T04:15:35.173+0000] {processor.py:183} INFO - Processing /opt/airflow/dags/dag_with_py_dependencies.py took 0.259 seconds
[2024-10-15T04:16:05.517+0000] {processor.py:161} INFO - Started process (PID=8527) to work on /opt/airflow/dags/dag_with_py_dependencies.py
[2024-10-15T04:16:05.519+0000] {processor.py:830} INFO - Processing file /opt/airflow/dags/dag_with_py_dependencies.py for tasks to queue
[2024-10-15T04:16:05.520+0000] {logging_mixin.py:188} INFO - [2024-10-15T04:16:05.520+0000] {dagbag.py:545} INFO - Filling up the DagBag from /opt/airflow/dags/dag_with_py_dependencies.py
[2024-10-15T04:16:05.549+0000] {processor.py:840} INFO - DAG(s) 'dag_with_python_dependencies_v3' retrieved from /opt/airflow/dags/dag_with_py_dependencies.py
[2024-10-15T04:16:05.729+0000] {logging_mixin.py:188} INFO - [2024-10-15T04:16:05.728+0000] {dag.py:3096} INFO - Sync 1 DAGs
[2024-10-15T04:16:05.759+0000] {logging_mixin.py:188} INFO - [2024-10-15T04:16:05.759+0000] {dag.py:3954} INFO - Setting next_dagrun for dag_with_python_dependencies_v3 to 2024-10-03 00:00:00+00:00, run_after=2024-10-04 00:00:00+00:00
[2024-10-15T04:16:05.785+0000] {processor.py:183} INFO - Processing /opt/airflow/dags/dag_with_py_dependencies.py took 0.273 seconds
[2024-10-15T04:16:36.130+0000] {processor.py:161} INFO - Started process (PID=8549) to work on /opt/airflow/dags/dag_with_py_dependencies.py
[2024-10-15T04:16:36.132+0000] {processor.py:830} INFO - Processing file /opt/airflow/dags/dag_with_py_dependencies.py for tasks to queue
[2024-10-15T04:16:36.134+0000] {logging_mixin.py:188} INFO - [2024-10-15T04:16:36.133+0000] {dagbag.py:545} INFO - Filling up the DagBag from /opt/airflow/dags/dag_with_py_dependencies.py
[2024-10-15T04:16:36.158+0000] {processor.py:840} INFO - DAG(s) 'dag_with_python_dependencies_v3' retrieved from /opt/airflow/dags/dag_with_py_dependencies.py
[2024-10-15T04:16:36.195+0000] {logging_mixin.py:188} INFO - [2024-10-15T04:16:36.195+0000] {dag.py:3096} INFO - Sync 1 DAGs
[2024-10-15T04:16:36.222+0000] {logging_mixin.py:188} INFO - [2024-10-15T04:16:36.222+0000] {dag.py:3954} INFO - Setting next_dagrun for dag_with_python_dependencies_v3 to 2024-10-03 00:00:00+00:00, run_after=2024-10-04 00:00:00+00:00
[2024-10-15T04:16:36.252+0000] {processor.py:183} INFO - Processing /opt/airflow/dags/dag_with_py_dependencies.py took 0.129 seconds
[2024-10-15T04:17:06.596+0000] {processor.py:161} INFO - Started process (PID=8571) to work on /opt/airflow/dags/dag_with_py_dependencies.py
[2024-10-15T04:17:06.597+0000] {processor.py:830} INFO - Processing file /opt/airflow/dags/dag_with_py_dependencies.py for tasks to queue
[2024-10-15T04:17:06.599+0000] {logging_mixin.py:188} INFO - [2024-10-15T04:17:06.598+0000] {dagbag.py:545} INFO - Filling up the DagBag from /opt/airflow/dags/dag_with_py_dependencies.py
[2024-10-15T04:17:06.622+0000] {processor.py:840} INFO - DAG(s) 'dag_with_python_dependencies_v3' retrieved from /opt/airflow/dags/dag_with_py_dependencies.py
[2024-10-15T04:17:06.655+0000] {logging_mixin.py:188} INFO - [2024-10-15T04:17:06.654+0000] {dag.py:3096} INFO - Sync 1 DAGs
[2024-10-15T04:17:06.680+0000] {logging_mixin.py:188} INFO - [2024-10-15T04:17:06.680+0000] {dag.py:3954} INFO - Setting next_dagrun for dag_with_python_dependencies_v3 to 2024-10-03 00:00:00+00:00, run_after=2024-10-04 00:00:00+00:00
[2024-10-15T04:17:06.711+0000] {processor.py:183} INFO - Processing /opt/airflow/dags/dag_with_py_dependencies.py took 0.121 seconds
[2024-10-15T04:17:37.081+0000] {processor.py:161} INFO - Started process (PID=8593) to work on /opt/airflow/dags/dag_with_py_dependencies.py
[2024-10-15T04:17:37.083+0000] {processor.py:830} INFO - Processing file /opt/airflow/dags/dag_with_py_dependencies.py for tasks to queue
[2024-10-15T04:17:37.084+0000] {logging_mixin.py:188} INFO - [2024-10-15T04:17:37.084+0000] {dagbag.py:545} INFO - Filling up the DagBag from /opt/airflow/dags/dag_with_py_dependencies.py
[2024-10-15T04:17:37.109+0000] {processor.py:840} INFO - DAG(s) 'dag_with_python_dependencies_v3' retrieved from /opt/airflow/dags/dag_with_py_dependencies.py
[2024-10-15T04:17:37.142+0000] {logging_mixin.py:188} INFO - [2024-10-15T04:17:37.142+0000] {dag.py:3096} INFO - Sync 1 DAGs
[2024-10-15T04:17:37.167+0000] {logging_mixin.py:188} INFO - [2024-10-15T04:17:37.167+0000] {dag.py:3954} INFO - Setting next_dagrun for dag_with_python_dependencies_v3 to 2024-10-03 00:00:00+00:00, run_after=2024-10-04 00:00:00+00:00
[2024-10-15T04:17:37.340+0000] {processor.py:183} INFO - Processing /opt/airflow/dags/dag_with_py_dependencies.py took 0.264 seconds
[2024-10-15T04:18:07.679+0000] {processor.py:161} INFO - Started process (PID=8615) to work on /opt/airflow/dags/dag_with_py_dependencies.py
[2024-10-15T04:18:07.680+0000] {processor.py:830} INFO - Processing file /opt/airflow/dags/dag_with_py_dependencies.py for tasks to queue
[2024-10-15T04:18:07.681+0000] {logging_mixin.py:188} INFO - [2024-10-15T04:18:07.681+0000] {dagbag.py:545} INFO - Filling up the DagBag from /opt/airflow/dags/dag_with_py_dependencies.py
[2024-10-15T04:18:07.706+0000] {processor.py:840} INFO - DAG(s) 'dag_with_python_dependencies_v3' retrieved from /opt/airflow/dags/dag_with_py_dependencies.py
[2024-10-15T04:18:07.738+0000] {logging_mixin.py:188} INFO - [2024-10-15T04:18:07.737+0000] {dag.py:3096} INFO - Sync 1 DAGs
[2024-10-15T04:18:07.890+0000] {logging_mixin.py:188} INFO - [2024-10-15T04:18:07.890+0000] {dag.py:3954} INFO - Setting next_dagrun for dag_with_python_dependencies_v3 to 2024-10-03 00:00:00+00:00, run_after=2024-10-04 00:00:00+00:00
[2024-10-15T04:18:07.926+0000] {processor.py:183} INFO - Processing /opt/airflow/dags/dag_with_py_dependencies.py took 0.253 seconds
[2024-10-15T04:18:38.288+0000] {processor.py:161} INFO - Started process (PID=8637) to work on /opt/airflow/dags/dag_with_py_dependencies.py
[2024-10-15T04:18:38.289+0000] {processor.py:830} INFO - Processing file /opt/airflow/dags/dag_with_py_dependencies.py for tasks to queue
[2024-10-15T04:18:38.291+0000] {logging_mixin.py:188} INFO - [2024-10-15T04:18:38.290+0000] {dagbag.py:545} INFO - Filling up the DagBag from /opt/airflow/dags/dag_with_py_dependencies.py
[2024-10-15T04:18:38.315+0000] {processor.py:840} INFO - DAG(s) 'dag_with_python_dependencies_v3' retrieved from /opt/airflow/dags/dag_with_py_dependencies.py
[2024-10-15T04:18:38.469+0000] {logging_mixin.py:188} INFO - [2024-10-15T04:18:38.468+0000] {dag.py:3096} INFO - Sync 1 DAGs
[2024-10-15T04:18:38.490+0000] {logging_mixin.py:188} INFO - [2024-10-15T04:18:38.490+0000] {dag.py:3954} INFO - Setting next_dagrun for dag_with_python_dependencies_v3 to 2024-10-03 00:00:00+00:00, run_after=2024-10-04 00:00:00+00:00
[2024-10-15T04:18:38.519+0000] {processor.py:183} INFO - Processing /opt/airflow/dags/dag_with_py_dependencies.py took 0.236 seconds
[2024-10-15T04:19:08.872+0000] {processor.py:161} INFO - Started process (PID=8660) to work on /opt/airflow/dags/dag_with_py_dependencies.py
[2024-10-15T04:19:08.874+0000] {processor.py:830} INFO - Processing file /opt/airflow/dags/dag_with_py_dependencies.py for tasks to queue
[2024-10-15T04:19:08.875+0000] {logging_mixin.py:188} INFO - [2024-10-15T04:19:08.875+0000] {dagbag.py:545} INFO - Filling up the DagBag from /opt/airflow/dags/dag_with_py_dependencies.py
[2024-10-15T04:19:08.900+0000] {processor.py:840} INFO - DAG(s) 'dag_with_python_dependencies_v3' retrieved from /opt/airflow/dags/dag_with_py_dependencies.py
[2024-10-15T04:19:08.932+0000] {logging_mixin.py:188} INFO - [2024-10-15T04:19:08.932+0000] {dag.py:3096} INFO - Sync 1 DAGs
[2024-10-15T04:19:08.958+0000] {logging_mixin.py:188} INFO - [2024-10-15T04:19:08.958+0000] {dag.py:3954} INFO - Setting next_dagrun for dag_with_python_dependencies_v3 to 2024-10-03 00:00:00+00:00, run_after=2024-10-04 00:00:00+00:00
[2024-10-15T04:19:08.998+0000] {processor.py:183} INFO - Processing /opt/airflow/dags/dag_with_py_dependencies.py took 0.131 seconds
[2024-10-15T04:19:39.358+0000] {processor.py:161} INFO - Started process (PID=8682) to work on /opt/airflow/dags/dag_with_py_dependencies.py
[2024-10-15T04:19:39.359+0000] {processor.py:830} INFO - Processing file /opt/airflow/dags/dag_with_py_dependencies.py for tasks to queue
[2024-10-15T04:19:39.360+0000] {logging_mixin.py:188} INFO - [2024-10-15T04:19:39.360+0000] {dagbag.py:545} INFO - Filling up the DagBag from /opt/airflow/dags/dag_with_py_dependencies.py
[2024-10-15T04:19:39.383+0000] {processor.py:840} INFO - DAG(s) 'dag_with_python_dependencies_v3' retrieved from /opt/airflow/dags/dag_with_py_dependencies.py
[2024-10-15T04:19:39.414+0000] {logging_mixin.py:188} INFO - [2024-10-15T04:19:39.413+0000] {dag.py:3096} INFO - Sync 1 DAGs
[2024-10-15T04:19:39.439+0000] {logging_mixin.py:188} INFO - [2024-10-15T04:19:39.439+0000] {dag.py:3954} INFO - Setting next_dagrun for dag_with_python_dependencies_v3 to 2024-10-03 00:00:00+00:00, run_after=2024-10-04 00:00:00+00:00
[2024-10-15T04:19:39.615+0000] {processor.py:183} INFO - Processing /opt/airflow/dags/dag_with_py_dependencies.py took 0.263 seconds
[2024-10-15T04:20:10.299+0000] {processor.py:161} INFO - Started process (PID=8704) to work on /opt/airflow/dags/dag_with_py_dependencies.py
[2024-10-15T04:20:10.300+0000] {processor.py:830} INFO - Processing file /opt/airflow/dags/dag_with_py_dependencies.py for tasks to queue
[2024-10-15T04:20:10.302+0000] {logging_mixin.py:188} INFO - [2024-10-15T04:20:10.301+0000] {dagbag.py:545} INFO - Filling up the DagBag from /opt/airflow/dags/dag_with_py_dependencies.py
[2024-10-15T04:20:10.327+0000] {processor.py:840} INFO - DAG(s) 'dag_with_python_dependencies_v3' retrieved from /opt/airflow/dags/dag_with_py_dependencies.py
[2024-10-15T04:20:10.360+0000] {logging_mixin.py:188} INFO - [2024-10-15T04:20:10.359+0000] {dag.py:3096} INFO - Sync 1 DAGs
[2024-10-15T04:20:10.515+0000] {logging_mixin.py:188} INFO - [2024-10-15T04:20:10.514+0000] {dag.py:3954} INFO - Setting next_dagrun for dag_with_python_dependencies_v3 to 2024-10-03 00:00:00+00:00, run_after=2024-10-04 00:00:00+00:00
[2024-10-15T04:20:10.544+0000] {processor.py:183} INFO - Processing /opt/airflow/dags/dag_with_py_dependencies.py took 0.250 seconds
[2024-10-15T04:20:41.141+0000] {processor.py:161} INFO - Started process (PID=8726) to work on /opt/airflow/dags/dag_with_py_dependencies.py
[2024-10-15T04:20:41.142+0000] {processor.py:830} INFO - Processing file /opt/airflow/dags/dag_with_py_dependencies.py for tasks to queue
[2024-10-15T04:20:41.144+0000] {logging_mixin.py:188} INFO - [2024-10-15T04:20:41.143+0000] {dagbag.py:545} INFO - Filling up the DagBag from /opt/airflow/dags/dag_with_py_dependencies.py
[2024-10-15T04:20:41.168+0000] {processor.py:840} INFO - DAG(s) 'dag_with_python_dependencies_v3' retrieved from /opt/airflow/dags/dag_with_py_dependencies.py
[2024-10-15T04:20:41.327+0000] {logging_mixin.py:188} INFO - [2024-10-15T04:20:41.327+0000] {dag.py:3096} INFO - Sync 1 DAGs
[2024-10-15T04:20:41.351+0000] {logging_mixin.py:188} INFO - [2024-10-15T04:20:41.351+0000] {dag.py:3954} INFO - Setting next_dagrun for dag_with_python_dependencies_v3 to 2024-10-03 00:00:00+00:00, run_after=2024-10-04 00:00:00+00:00
[2024-10-15T04:20:41.389+0000] {processor.py:183} INFO - Processing /opt/airflow/dags/dag_with_py_dependencies.py took 0.254 seconds
[2024-10-15T04:21:11.721+0000] {processor.py:161} INFO - Started process (PID=8748) to work on /opt/airflow/dags/dag_with_py_dependencies.py
[2024-10-15T04:21:11.722+0000] {processor.py:830} INFO - Processing file /opt/airflow/dags/dag_with_py_dependencies.py for tasks to queue
[2024-10-15T04:21:11.723+0000] {logging_mixin.py:188} INFO - [2024-10-15T04:21:11.723+0000] {dagbag.py:545} INFO - Filling up the DagBag from /opt/airflow/dags/dag_with_py_dependencies.py
[2024-10-15T04:21:11.746+0000] {processor.py:840} INFO - DAG(s) 'dag_with_python_dependencies_v3' retrieved from /opt/airflow/dags/dag_with_py_dependencies.py
[2024-10-15T04:21:11.777+0000] {logging_mixin.py:188} INFO - [2024-10-15T04:21:11.777+0000] {dag.py:3096} INFO - Sync 1 DAGs
[2024-10-15T04:21:11.802+0000] {logging_mixin.py:188} INFO - [2024-10-15T04:21:11.801+0000] {dag.py:3954} INFO - Setting next_dagrun for dag_with_python_dependencies_v3 to 2024-10-03 00:00:00+00:00, run_after=2024-10-04 00:00:00+00:00
[2024-10-15T04:21:11.840+0000] {processor.py:183} INFO - Processing /opt/airflow/dags/dag_with_py_dependencies.py took 0.125 seconds
[2024-10-15T04:21:42.205+0000] {processor.py:161} INFO - Started process (PID=8770) to work on /opt/airflow/dags/dag_with_py_dependencies.py
[2024-10-15T04:21:42.207+0000] {processor.py:830} INFO - Processing file /opt/airflow/dags/dag_with_py_dependencies.py for tasks to queue
[2024-10-15T04:21:42.208+0000] {logging_mixin.py:188} INFO - [2024-10-15T04:21:42.208+0000] {dagbag.py:545} INFO - Filling up the DagBag from /opt/airflow/dags/dag_with_py_dependencies.py
[2024-10-15T04:21:42.236+0000] {processor.py:840} INFO - DAG(s) 'dag_with_python_dependencies_v3' retrieved from /opt/airflow/dags/dag_with_py_dependencies.py
[2024-10-15T04:21:42.271+0000] {logging_mixin.py:188} INFO - [2024-10-15T04:21:42.270+0000] {dag.py:3096} INFO - Sync 1 DAGs
[2024-10-15T04:21:42.298+0000] {logging_mixin.py:188} INFO - [2024-10-15T04:21:42.297+0000] {dag.py:3954} INFO - Setting next_dagrun for dag_with_python_dependencies_v3 to 2024-10-03 00:00:00+00:00, run_after=2024-10-04 00:00:00+00:00
[2024-10-15T04:21:42.333+0000] {processor.py:183} INFO - Processing /opt/airflow/dags/dag_with_py_dependencies.py took 0.133 seconds
[2024-10-15T04:22:12.685+0000] {processor.py:161} INFO - Started process (PID=8792) to work on /opt/airflow/dags/dag_with_py_dependencies.py
[2024-10-15T04:22:12.686+0000] {processor.py:830} INFO - Processing file /opt/airflow/dags/dag_with_py_dependencies.py for tasks to queue
[2024-10-15T04:22:12.688+0000] {logging_mixin.py:188} INFO - [2024-10-15T04:22:12.687+0000] {dagbag.py:545} INFO - Filling up the DagBag from /opt/airflow/dags/dag_with_py_dependencies.py
[2024-10-15T04:22:12.712+0000] {processor.py:840} INFO - DAG(s) 'dag_with_python_dependencies_v3' retrieved from /opt/airflow/dags/dag_with_py_dependencies.py
[2024-10-15T04:22:12.744+0000] {logging_mixin.py:188} INFO - [2024-10-15T04:22:12.744+0000] {dag.py:3096} INFO - Sync 1 DAGs
[2024-10-15T04:22:12.768+0000] {logging_mixin.py:188} INFO - [2024-10-15T04:22:12.768+0000] {dag.py:3954} INFO - Setting next_dagrun for dag_with_python_dependencies_v3 to 2024-10-03 00:00:00+00:00, run_after=2024-10-04 00:00:00+00:00
[2024-10-15T04:22:12.795+0000] {processor.py:183} INFO - Processing /opt/airflow/dags/dag_with_py_dependencies.py took 0.115 seconds
[2024-10-15T04:22:43.160+0000] {processor.py:161} INFO - Started process (PID=8814) to work on /opt/airflow/dags/dag_with_py_dependencies.py
[2024-10-15T04:22:43.162+0000] {processor.py:830} INFO - Processing file /opt/airflow/dags/dag_with_py_dependencies.py for tasks to queue
[2024-10-15T04:22:43.163+0000] {logging_mixin.py:188} INFO - [2024-10-15T04:22:43.162+0000] {dagbag.py:545} INFO - Filling up the DagBag from /opt/airflow/dags/dag_with_py_dependencies.py
[2024-10-15T04:22:43.184+0000] {processor.py:840} INFO - DAG(s) 'dag_with_python_dependencies_v3' retrieved from /opt/airflow/dags/dag_with_py_dependencies.py
[2024-10-15T04:22:43.215+0000] {logging_mixin.py:188} INFO - [2024-10-15T04:22:43.214+0000] {dag.py:3096} INFO - Sync 1 DAGs
[2024-10-15T04:22:43.239+0000] {logging_mixin.py:188} INFO - [2024-10-15T04:22:43.239+0000] {dag.py:3954} INFO - Setting next_dagrun for dag_with_python_dependencies_v3 to 2024-10-03 00:00:00+00:00, run_after=2024-10-04 00:00:00+00:00
[2024-10-15T04:22:43.266+0000] {processor.py:183} INFO - Processing /opt/airflow/dags/dag_with_py_dependencies.py took 0.111 seconds
[2024-10-15T04:23:13.642+0000] {processor.py:161} INFO - Started process (PID=8836) to work on /opt/airflow/dags/dag_with_py_dependencies.py
[2024-10-15T04:23:13.643+0000] {processor.py:830} INFO - Processing file /opt/airflow/dags/dag_with_py_dependencies.py for tasks to queue
[2024-10-15T04:23:13.645+0000] {logging_mixin.py:188} INFO - [2024-10-15T04:23:13.644+0000] {dagbag.py:545} INFO - Filling up the DagBag from /opt/airflow/dags/dag_with_py_dependencies.py
[2024-10-15T04:23:13.668+0000] {processor.py:840} INFO - DAG(s) 'dag_with_python_dependencies_v3' retrieved from /opt/airflow/dags/dag_with_py_dependencies.py
[2024-10-15T04:23:13.697+0000] {logging_mixin.py:188} INFO - [2024-10-15T04:23:13.697+0000] {dag.py:3096} INFO - Sync 1 DAGs
[2024-10-15T04:23:13.722+0000] {logging_mixin.py:188} INFO - [2024-10-15T04:23:13.721+0000] {dag.py:3954} INFO - Setting next_dagrun for dag_with_python_dependencies_v3 to 2024-10-03 00:00:00+00:00, run_after=2024-10-04 00:00:00+00:00
[2024-10-15T04:23:13.749+0000] {processor.py:183} INFO - Processing /opt/airflow/dags/dag_with_py_dependencies.py took 0.113 seconds
[2024-10-15T04:23:44.115+0000] {processor.py:161} INFO - Started process (PID=8858) to work on /opt/airflow/dags/dag_with_py_dependencies.py
[2024-10-15T04:23:44.116+0000] {processor.py:830} INFO - Processing file /opt/airflow/dags/dag_with_py_dependencies.py for tasks to queue
[2024-10-15T04:23:44.117+0000] {logging_mixin.py:188} INFO - [2024-10-15T04:23:44.117+0000] {dagbag.py:545} INFO - Filling up the DagBag from /opt/airflow/dags/dag_with_py_dependencies.py
[2024-10-15T04:23:44.141+0000] {processor.py:840} INFO - DAG(s) 'dag_with_python_dependencies_v3' retrieved from /opt/airflow/dags/dag_with_py_dependencies.py
[2024-10-15T04:23:44.172+0000] {logging_mixin.py:188} INFO - [2024-10-15T04:23:44.172+0000] {dag.py:3096} INFO - Sync 1 DAGs
[2024-10-15T04:23:44.196+0000] {logging_mixin.py:188} INFO - [2024-10-15T04:23:44.196+0000] {dag.py:3954} INFO - Setting next_dagrun for dag_with_python_dependencies_v3 to 2024-10-03 00:00:00+00:00, run_after=2024-10-04 00:00:00+00:00
[2024-10-15T04:23:44.225+0000] {processor.py:183} INFO - Processing /opt/airflow/dags/dag_with_py_dependencies.py took 0.115 seconds
[2024-10-15T04:24:14.662+0000] {processor.py:161} INFO - Started process (PID=8880) to work on /opt/airflow/dags/dag_with_py_dependencies.py
[2024-10-15T04:24:14.663+0000] {processor.py:830} INFO - Processing file /opt/airflow/dags/dag_with_py_dependencies.py for tasks to queue
[2024-10-15T04:24:14.664+0000] {logging_mixin.py:188} INFO - [2024-10-15T04:24:14.664+0000] {dagbag.py:545} INFO - Filling up the DagBag from /opt/airflow/dags/dag_with_py_dependencies.py
[2024-10-15T04:24:14.687+0000] {processor.py:840} INFO - DAG(s) 'dag_with_python_dependencies_v3' retrieved from /opt/airflow/dags/dag_with_py_dependencies.py
[2024-10-15T04:24:14.718+0000] {logging_mixin.py:188} INFO - [2024-10-15T04:24:14.717+0000] {dag.py:3096} INFO - Sync 1 DAGs
[2024-10-15T04:24:14.744+0000] {logging_mixin.py:188} INFO - [2024-10-15T04:24:14.744+0000] {dag.py:3954} INFO - Setting next_dagrun for dag_with_python_dependencies_v3 to 2024-10-03 00:00:00+00:00, run_after=2024-10-04 00:00:00+00:00
[2024-10-15T04:24:14.787+0000] {processor.py:183} INFO - Processing /opt/airflow/dags/dag_with_py_dependencies.py took 0.131 seconds
[2024-10-15T04:24:45.267+0000] {processor.py:161} INFO - Started process (PID=8902) to work on /opt/airflow/dags/dag_with_py_dependencies.py
[2024-10-15T04:24:45.268+0000] {processor.py:830} INFO - Processing file /opt/airflow/dags/dag_with_py_dependencies.py for tasks to queue
[2024-10-15T04:24:45.269+0000] {logging_mixin.py:188} INFO - [2024-10-15T04:24:45.269+0000] {dagbag.py:545} INFO - Filling up the DagBag from /opt/airflow/dags/dag_with_py_dependencies.py
[2024-10-15T04:24:45.290+0000] {processor.py:840} INFO - DAG(s) 'dag_with_python_dependencies_v3' retrieved from /opt/airflow/dags/dag_with_py_dependencies.py
[2024-10-15T04:24:45.320+0000] {logging_mixin.py:188} INFO - [2024-10-15T04:24:45.320+0000] {dag.py:3096} INFO - Sync 1 DAGs
[2024-10-15T04:24:45.349+0000] {logging_mixin.py:188} INFO - [2024-10-15T04:24:45.349+0000] {dag.py:3954} INFO - Setting next_dagrun for dag_with_python_dependencies_v3 to 2024-10-03 00:00:00+00:00, run_after=2024-10-04 00:00:00+00:00
[2024-10-15T04:24:45.383+0000] {processor.py:183} INFO - Processing /opt/airflow/dags/dag_with_py_dependencies.py took 0.121 seconds
[2024-10-15T04:25:15.950+0000] {processor.py:161} INFO - Started process (PID=8924) to work on /opt/airflow/dags/dag_with_py_dependencies.py
[2024-10-15T04:25:15.951+0000] {processor.py:830} INFO - Processing file /opt/airflow/dags/dag_with_py_dependencies.py for tasks to queue
[2024-10-15T04:25:15.952+0000] {logging_mixin.py:188} INFO - [2024-10-15T04:25:15.952+0000] {dagbag.py:545} INFO - Filling up the DagBag from /opt/airflow/dags/dag_with_py_dependencies.py
[2024-10-15T04:25:15.976+0000] {processor.py:840} INFO - DAG(s) 'dag_with_python_dependencies_v3' retrieved from /opt/airflow/dags/dag_with_py_dependencies.py
[2024-10-15T04:25:16.006+0000] {logging_mixin.py:188} INFO - [2024-10-15T04:25:16.006+0000] {dag.py:3096} INFO - Sync 1 DAGs
[2024-10-15T04:25:16.032+0000] {logging_mixin.py:188} INFO - [2024-10-15T04:25:16.031+0000] {dag.py:3954} INFO - Setting next_dagrun for dag_with_python_dependencies_v3 to 2024-10-03 00:00:00+00:00, run_after=2024-10-04 00:00:00+00:00
[2024-10-15T04:25:16.068+0000] {processor.py:183} INFO - Processing /opt/airflow/dags/dag_with_py_dependencies.py took 0.123 seconds
[2024-10-15T04:25:46.509+0000] {processor.py:161} INFO - Started process (PID=8946) to work on /opt/airflow/dags/dag_with_py_dependencies.py
[2024-10-15T04:25:46.510+0000] {processor.py:830} INFO - Processing file /opt/airflow/dags/dag_with_py_dependencies.py for tasks to queue
[2024-10-15T04:25:46.512+0000] {logging_mixin.py:188} INFO - [2024-10-15T04:25:46.512+0000] {dagbag.py:545} INFO - Filling up the DagBag from /opt/airflow/dags/dag_with_py_dependencies.py
[2024-10-15T04:25:46.537+0000] {processor.py:840} INFO - DAG(s) 'dag_with_python_dependencies_v3' retrieved from /opt/airflow/dags/dag_with_py_dependencies.py
[2024-10-15T04:25:46.568+0000] {logging_mixin.py:188} INFO - [2024-10-15T04:25:46.567+0000] {dag.py:3096} INFO - Sync 1 DAGs
[2024-10-15T04:25:46.592+0000] {logging_mixin.py:188} INFO - [2024-10-15T04:25:46.592+0000] {dag.py:3954} INFO - Setting next_dagrun for dag_with_python_dependencies_v3 to 2024-10-03 00:00:00+00:00, run_after=2024-10-04 00:00:00+00:00
[2024-10-15T04:25:46.633+0000] {processor.py:183} INFO - Processing /opt/airflow/dags/dag_with_py_dependencies.py took 0.130 seconds
[2024-10-15T04:26:16.982+0000] {processor.py:161} INFO - Started process (PID=8968) to work on /opt/airflow/dags/dag_with_py_dependencies.py
[2024-10-15T04:26:16.984+0000] {processor.py:830} INFO - Processing file /opt/airflow/dags/dag_with_py_dependencies.py for tasks to queue
[2024-10-15T04:26:16.985+0000] {logging_mixin.py:188} INFO - [2024-10-15T04:26:16.984+0000] {dagbag.py:545} INFO - Filling up the DagBag from /opt/airflow/dags/dag_with_py_dependencies.py
[2024-10-15T04:26:17.009+0000] {processor.py:840} INFO - DAG(s) 'dag_with_python_dependencies_v3' retrieved from /opt/airflow/dags/dag_with_py_dependencies.py
[2024-10-15T04:26:17.043+0000] {logging_mixin.py:188} INFO - [2024-10-15T04:26:17.043+0000] {dag.py:3096} INFO - Sync 1 DAGs
[2024-10-15T04:26:17.070+0000] {logging_mixin.py:188} INFO - [2024-10-15T04:26:17.070+0000] {dag.py:3954} INFO - Setting next_dagrun for dag_with_python_dependencies_v3 to 2024-10-03 00:00:00+00:00, run_after=2024-10-04 00:00:00+00:00
[2024-10-15T04:26:17.099+0000] {processor.py:183} INFO - Processing /opt/airflow/dags/dag_with_py_dependencies.py took 0.122 seconds
[2024-10-15T04:26:47.468+0000] {processor.py:161} INFO - Started process (PID=8990) to work on /opt/airflow/dags/dag_with_py_dependencies.py
[2024-10-15T04:26:47.470+0000] {processor.py:830} INFO - Processing file /opt/airflow/dags/dag_with_py_dependencies.py for tasks to queue
[2024-10-15T04:26:47.471+0000] {logging_mixin.py:188} INFO - [2024-10-15T04:26:47.470+0000] {dagbag.py:545} INFO - Filling up the DagBag from /opt/airflow/dags/dag_with_py_dependencies.py
[2024-10-15T04:26:47.494+0000] {processor.py:840} INFO - DAG(s) 'dag_with_python_dependencies_v3' retrieved from /opt/airflow/dags/dag_with_py_dependencies.py
[2024-10-15T04:26:47.525+0000] {logging_mixin.py:188} INFO - [2024-10-15T04:26:47.525+0000] {dag.py:3096} INFO - Sync 1 DAGs
[2024-10-15T04:26:47.550+0000] {logging_mixin.py:188} INFO - [2024-10-15T04:26:47.550+0000] {dag.py:3954} INFO - Setting next_dagrun for dag_with_python_dependencies_v3 to 2024-10-03 00:00:00+00:00, run_after=2024-10-04 00:00:00+00:00
[2024-10-15T04:26:47.591+0000] {processor.py:183} INFO - Processing /opt/airflow/dags/dag_with_py_dependencies.py took 0.128 seconds
[2024-10-15T04:27:18.015+0000] {processor.py:161} INFO - Started process (PID=9012) to work on /opt/airflow/dags/dag_with_py_dependencies.py
[2024-10-15T04:27:18.017+0000] {processor.py:830} INFO - Processing file /opt/airflow/dags/dag_with_py_dependencies.py for tasks to queue
[2024-10-15T04:27:18.018+0000] {logging_mixin.py:188} INFO - [2024-10-15T04:27:18.018+0000] {dagbag.py:545} INFO - Filling up the DagBag from /opt/airflow/dags/dag_with_py_dependencies.py
[2024-10-15T04:27:18.042+0000] {processor.py:840} INFO - DAG(s) 'dag_with_python_dependencies_v3' retrieved from /opt/airflow/dags/dag_with_py_dependencies.py
[2024-10-15T04:27:18.072+0000] {logging_mixin.py:188} INFO - [2024-10-15T04:27:18.071+0000] {dag.py:3096} INFO - Sync 1 DAGs
[2024-10-15T04:27:18.098+0000] {logging_mixin.py:188} INFO - [2024-10-15T04:27:18.097+0000] {dag.py:3954} INFO - Setting next_dagrun for dag_with_python_dependencies_v3 to 2024-10-03 00:00:00+00:00, run_after=2024-10-04 00:00:00+00:00
[2024-10-15T04:27:18.125+0000] {processor.py:183} INFO - Processing /opt/airflow/dags/dag_with_py_dependencies.py took 0.117 seconds
[2024-10-15T04:27:48.619+0000] {processor.py:161} INFO - Started process (PID=9034) to work on /opt/airflow/dags/dag_with_py_dependencies.py
[2024-10-15T04:27:48.621+0000] {processor.py:830} INFO - Processing file /opt/airflow/dags/dag_with_py_dependencies.py for tasks to queue
[2024-10-15T04:27:48.622+0000] {logging_mixin.py:188} INFO - [2024-10-15T04:27:48.622+0000] {dagbag.py:545} INFO - Filling up the DagBag from /opt/airflow/dags/dag_with_py_dependencies.py
[2024-10-15T04:27:48.644+0000] {processor.py:840} INFO - DAG(s) 'dag_with_python_dependencies_v3' retrieved from /opt/airflow/dags/dag_with_py_dependencies.py
[2024-10-15T04:27:48.676+0000] {logging_mixin.py:188} INFO - [2024-10-15T04:27:48.676+0000] {dag.py:3096} INFO - Sync 1 DAGs
[2024-10-15T04:27:48.702+0000] {logging_mixin.py:188} INFO - [2024-10-15T04:27:48.702+0000] {dag.py:3954} INFO - Setting next_dagrun for dag_with_python_dependencies_v3 to 2024-10-03 00:00:00+00:00, run_after=2024-10-04 00:00:00+00:00
[2024-10-15T04:27:48.730+0000] {processor.py:183} INFO - Processing /opt/airflow/dags/dag_with_py_dependencies.py took 0.117 seconds
[2024-10-15T04:28:19.212+0000] {processor.py:161} INFO - Started process (PID=9056) to work on /opt/airflow/dags/dag_with_py_dependencies.py
[2024-10-15T04:28:19.214+0000] {processor.py:830} INFO - Processing file /opt/airflow/dags/dag_with_py_dependencies.py for tasks to queue
[2024-10-15T04:28:19.215+0000] {logging_mixin.py:188} INFO - [2024-10-15T04:28:19.215+0000] {dagbag.py:545} INFO - Filling up the DagBag from /opt/airflow/dags/dag_with_py_dependencies.py
[2024-10-15T04:28:19.238+0000] {processor.py:840} INFO - DAG(s) 'dag_with_python_dependencies_v3' retrieved from /opt/airflow/dags/dag_with_py_dependencies.py
[2024-10-15T04:28:19.270+0000] {logging_mixin.py:188} INFO - [2024-10-15T04:28:19.269+0000] {dag.py:3096} INFO - Sync 1 DAGs
[2024-10-15T04:28:19.318+0000] {logging_mixin.py:188} INFO - [2024-10-15T04:28:19.318+0000] {dag.py:3954} INFO - Setting next_dagrun for dag_with_python_dependencies_v3 to 2024-10-03 00:00:00+00:00, run_after=2024-10-04 00:00:00+00:00
[2024-10-15T04:28:19.352+0000] {processor.py:183} INFO - Processing /opt/airflow/dags/dag_with_py_dependencies.py took 0.145 seconds
[2024-10-15T04:28:49.790+0000] {processor.py:161} INFO - Started process (PID=9078) to work on /opt/airflow/dags/dag_with_py_dependencies.py
[2024-10-15T04:28:49.791+0000] {processor.py:830} INFO - Processing file /opt/airflow/dags/dag_with_py_dependencies.py for tasks to queue
[2024-10-15T04:28:49.793+0000] {logging_mixin.py:188} INFO - [2024-10-15T04:28:49.792+0000] {dagbag.py:545} INFO - Filling up the DagBag from /opt/airflow/dags/dag_with_py_dependencies.py
[2024-10-15T04:28:49.816+0000] {processor.py:840} INFO - DAG(s) 'dag_with_python_dependencies_v3' retrieved from /opt/airflow/dags/dag_with_py_dependencies.py
[2024-10-15T04:28:49.848+0000] {logging_mixin.py:188} INFO - [2024-10-15T04:28:49.848+0000] {dag.py:3096} INFO - Sync 1 DAGs
[2024-10-15T04:28:49.872+0000] {logging_mixin.py:188} INFO - [2024-10-15T04:28:49.872+0000] {dag.py:3954} INFO - Setting next_dagrun for dag_with_python_dependencies_v3 to 2024-10-03 00:00:00+00:00, run_after=2024-10-04 00:00:00+00:00
[2024-10-15T04:28:49.905+0000] {processor.py:183} INFO - Processing /opt/airflow/dags/dag_with_py_dependencies.py took 0.120 seconds
[2024-10-15T04:29:20.409+0000] {processor.py:161} INFO - Started process (PID=9100) to work on /opt/airflow/dags/dag_with_py_dependencies.py
[2024-10-15T04:29:20.410+0000] {processor.py:830} INFO - Processing file /opt/airflow/dags/dag_with_py_dependencies.py for tasks to queue
[2024-10-15T04:29:20.411+0000] {logging_mixin.py:188} INFO - [2024-10-15T04:29:20.410+0000] {dagbag.py:545} INFO - Filling up the DagBag from /opt/airflow/dags/dag_with_py_dependencies.py
[2024-10-15T04:29:20.432+0000] {processor.py:840} INFO - DAG(s) 'dag_with_python_dependencies_v3' retrieved from /opt/airflow/dags/dag_with_py_dependencies.py
[2024-10-15T04:29:20.463+0000] {logging_mixin.py:188} INFO - [2024-10-15T04:29:20.462+0000] {dag.py:3096} INFO - Sync 1 DAGs
[2024-10-15T04:29:20.490+0000] {logging_mixin.py:188} INFO - [2024-10-15T04:29:20.490+0000] {dag.py:3954} INFO - Setting next_dagrun for dag_with_python_dependencies_v3 to 2024-10-03 00:00:00+00:00, run_after=2024-10-04 00:00:00+00:00
[2024-10-15T04:29:20.522+0000] {processor.py:183} INFO - Processing /opt/airflow/dags/dag_with_py_dependencies.py took 0.118 seconds
[2024-10-15T04:29:50.957+0000] {processor.py:161} INFO - Started process (PID=9122) to work on /opt/airflow/dags/dag_with_py_dependencies.py
[2024-10-15T04:29:50.958+0000] {processor.py:830} INFO - Processing file /opt/airflow/dags/dag_with_py_dependencies.py for tasks to queue
[2024-10-15T04:29:50.960+0000] {logging_mixin.py:188} INFO - [2024-10-15T04:29:50.959+0000] {dagbag.py:545} INFO - Filling up the DagBag from /opt/airflow/dags/dag_with_py_dependencies.py
[2024-10-15T04:29:50.983+0000] {processor.py:840} INFO - DAG(s) 'dag_with_python_dependencies_v3' retrieved from /opt/airflow/dags/dag_with_py_dependencies.py
[2024-10-15T04:29:51.015+0000] {logging_mixin.py:188} INFO - [2024-10-15T04:29:51.015+0000] {dag.py:3096} INFO - Sync 1 DAGs
[2024-10-15T04:29:51.042+0000] {logging_mixin.py:188} INFO - [2024-10-15T04:29:51.042+0000] {dag.py:3954} INFO - Setting next_dagrun for dag_with_python_dependencies_v3 to 2024-10-03 00:00:00+00:00, run_after=2024-10-04 00:00:00+00:00
[2024-10-15T04:29:51.071+0000] {processor.py:183} INFO - Processing /opt/airflow/dags/dag_with_py_dependencies.py took 0.120 seconds
[2024-10-15T04:30:21.565+0000] {processor.py:161} INFO - Started process (PID=9144) to work on /opt/airflow/dags/dag_with_py_dependencies.py
[2024-10-15T04:30:21.566+0000] {processor.py:830} INFO - Processing file /opt/airflow/dags/dag_with_py_dependencies.py for tasks to queue
[2024-10-15T04:30:21.568+0000] {logging_mixin.py:188} INFO - [2024-10-15T04:30:21.568+0000] {dagbag.py:545} INFO - Filling up the DagBag from /opt/airflow/dags/dag_with_py_dependencies.py
[2024-10-15T04:30:21.595+0000] {processor.py:840} INFO - DAG(s) 'dag_with_python_dependencies_v3' retrieved from /opt/airflow/dags/dag_with_py_dependencies.py
[2024-10-15T04:30:21.629+0000] {logging_mixin.py:188} INFO - [2024-10-15T04:30:21.629+0000] {dag.py:3096} INFO - Sync 1 DAGs
[2024-10-15T04:30:21.657+0000] {logging_mixin.py:188} INFO - [2024-10-15T04:30:21.657+0000] {dag.py:3954} INFO - Setting next_dagrun for dag_with_python_dependencies_v3 to 2024-10-03 00:00:00+00:00, run_after=2024-10-04 00:00:00+00:00
[2024-10-15T04:30:21.695+0000] {processor.py:183} INFO - Processing /opt/airflow/dags/dag_with_py_dependencies.py took 0.137 seconds
[2024-10-15T04:30:52.107+0000] {processor.py:161} INFO - Started process (PID=9166) to work on /opt/airflow/dags/dag_with_py_dependencies.py
[2024-10-15T04:30:52.108+0000] {processor.py:830} INFO - Processing file /opt/airflow/dags/dag_with_py_dependencies.py for tasks to queue
[2024-10-15T04:30:52.109+0000] {logging_mixin.py:188} INFO - [2024-10-15T04:30:52.109+0000] {dagbag.py:545} INFO - Filling up the DagBag from /opt/airflow/dags/dag_with_py_dependencies.py
[2024-10-15T04:30:52.132+0000] {processor.py:840} INFO - DAG(s) 'dag_with_python_dependencies_v3' retrieved from /opt/airflow/dags/dag_with_py_dependencies.py
[2024-10-15T04:30:52.164+0000] {logging_mixin.py:188} INFO - [2024-10-15T04:30:52.164+0000] {dag.py:3096} INFO - Sync 1 DAGs
[2024-10-15T04:30:52.189+0000] {logging_mixin.py:188} INFO - [2024-10-15T04:30:52.188+0000] {dag.py:3954} INFO - Setting next_dagrun for dag_with_python_dependencies_v3 to 2024-10-03 00:00:00+00:00, run_after=2024-10-04 00:00:00+00:00
[2024-10-15T04:30:52.225+0000] {processor.py:183} INFO - Processing /opt/airflow/dags/dag_with_py_dependencies.py took 0.127 seconds
[2024-10-15T04:31:22.566+0000] {processor.py:161} INFO - Started process (PID=9188) to work on /opt/airflow/dags/dag_with_py_dependencies.py
[2024-10-15T04:31:22.567+0000] {processor.py:830} INFO - Processing file /opt/airflow/dags/dag_with_py_dependencies.py for tasks to queue
[2024-10-15T04:31:22.569+0000] {logging_mixin.py:188} INFO - [2024-10-15T04:31:22.568+0000] {dagbag.py:545} INFO - Filling up the DagBag from /opt/airflow/dags/dag_with_py_dependencies.py
[2024-10-15T04:31:22.594+0000] {processor.py:840} INFO - DAG(s) 'dag_with_python_dependencies_v3' retrieved from /opt/airflow/dags/dag_with_py_dependencies.py
[2024-10-15T04:31:22.626+0000] {logging_mixin.py:188} INFO - [2024-10-15T04:31:22.626+0000] {dag.py:3096} INFO - Sync 1 DAGs
[2024-10-15T04:31:22.653+0000] {logging_mixin.py:188} INFO - [2024-10-15T04:31:22.653+0000] {dag.py:3954} INFO - Setting next_dagrun for dag_with_python_dependencies_v3 to 2024-10-03 00:00:00+00:00, run_after=2024-10-04 00:00:00+00:00
[2024-10-15T04:31:22.685+0000] {processor.py:183} INFO - Processing /opt/airflow/dags/dag_with_py_dependencies.py took 0.124 seconds
[2024-10-15T04:31:53.035+0000] {processor.py:161} INFO - Started process (PID=9210) to work on /opt/airflow/dags/dag_with_py_dependencies.py
[2024-10-15T04:31:53.037+0000] {processor.py:830} INFO - Processing file /opt/airflow/dags/dag_with_py_dependencies.py for tasks to queue
[2024-10-15T04:31:53.038+0000] {logging_mixin.py:188} INFO - [2024-10-15T04:31:53.038+0000] {dagbag.py:545} INFO - Filling up the DagBag from /opt/airflow/dags/dag_with_py_dependencies.py
[2024-10-15T04:31:53.061+0000] {processor.py:840} INFO - DAG(s) 'dag_with_python_dependencies_v3' retrieved from /opt/airflow/dags/dag_with_py_dependencies.py
[2024-10-15T04:31:53.091+0000] {logging_mixin.py:188} INFO - [2024-10-15T04:31:53.090+0000] {dag.py:3096} INFO - Sync 1 DAGs
[2024-10-15T04:31:53.115+0000] {logging_mixin.py:188} INFO - [2024-10-15T04:31:53.114+0000] {dag.py:3954} INFO - Setting next_dagrun for dag_with_python_dependencies_v3 to 2024-10-03 00:00:00+00:00, run_after=2024-10-04 00:00:00+00:00
[2024-10-15T04:31:53.142+0000] {processor.py:183} INFO - Processing /opt/airflow/dags/dag_with_py_dependencies.py took 0.112 seconds
[2024-10-15T04:32:23.602+0000] {processor.py:161} INFO - Started process (PID=9232) to work on /opt/airflow/dags/dag_with_py_dependencies.py
[2024-10-15T04:32:23.603+0000] {processor.py:830} INFO - Processing file /opt/airflow/dags/dag_with_py_dependencies.py for tasks to queue
[2024-10-15T04:32:23.605+0000] {logging_mixin.py:188} INFO - [2024-10-15T04:32:23.604+0000] {dagbag.py:545} INFO - Filling up the DagBag from /opt/airflow/dags/dag_with_py_dependencies.py
[2024-10-15T04:32:23.630+0000] {processor.py:840} INFO - DAG(s) 'dag_with_python_dependencies_v3' retrieved from /opt/airflow/dags/dag_with_py_dependencies.py
[2024-10-15T04:32:23.661+0000] {logging_mixin.py:188} INFO - [2024-10-15T04:32:23.660+0000] {dag.py:3096} INFO - Sync 1 DAGs
[2024-10-15T04:32:23.688+0000] {logging_mixin.py:188} INFO - [2024-10-15T04:32:23.687+0000] {dag.py:3954} INFO - Setting next_dagrun for dag_with_python_dependencies_v3 to 2024-10-03 00:00:00+00:00, run_after=2024-10-04 00:00:00+00:00
[2024-10-15T04:32:23.717+0000] {processor.py:183} INFO - Processing /opt/airflow/dags/dag_with_py_dependencies.py took 0.121 seconds
[2024-10-15T04:32:54.192+0000] {processor.py:161} INFO - Started process (PID=9254) to work on /opt/airflow/dags/dag_with_py_dependencies.py
[2024-10-15T04:32:54.194+0000] {processor.py:830} INFO - Processing file /opt/airflow/dags/dag_with_py_dependencies.py for tasks to queue
[2024-10-15T04:32:54.195+0000] {logging_mixin.py:188} INFO - [2024-10-15T04:32:54.195+0000] {dagbag.py:545} INFO - Filling up the DagBag from /opt/airflow/dags/dag_with_py_dependencies.py
[2024-10-15T04:32:54.219+0000] {processor.py:840} INFO - DAG(s) 'dag_with_python_dependencies_v3' retrieved from /opt/airflow/dags/dag_with_py_dependencies.py
[2024-10-15T04:32:54.249+0000] {logging_mixin.py:188} INFO - [2024-10-15T04:32:54.249+0000] {dag.py:3096} INFO - Sync 1 DAGs
[2024-10-15T04:32:54.277+0000] {logging_mixin.py:188} INFO - [2024-10-15T04:32:54.276+0000] {dag.py:3954} INFO - Setting next_dagrun for dag_with_python_dependencies_v3 to 2024-10-03 00:00:00+00:00, run_after=2024-10-04 00:00:00+00:00
[2024-10-15T04:32:54.315+0000] {processor.py:183} INFO - Processing /opt/airflow/dags/dag_with_py_dependencies.py took 0.128 seconds
[2024-10-15T04:33:24.665+0000] {processor.py:161} INFO - Started process (PID=9276) to work on /opt/airflow/dags/dag_with_py_dependencies.py
[2024-10-15T04:33:24.667+0000] {processor.py:830} INFO - Processing file /opt/airflow/dags/dag_with_py_dependencies.py for tasks to queue
[2024-10-15T04:33:24.669+0000] {logging_mixin.py:188} INFO - [2024-10-15T04:33:24.668+0000] {dagbag.py:545} INFO - Filling up the DagBag from /opt/airflow/dags/dag_with_py_dependencies.py
[2024-10-15T04:33:24.716+0000] {processor.py:840} INFO - DAG(s) 'dag_with_python_dependencies_v3' retrieved from /opt/airflow/dags/dag_with_py_dependencies.py
[2024-10-15T04:33:24.765+0000] {logging_mixin.py:188} INFO - [2024-10-15T04:33:24.764+0000] {dag.py:3096} INFO - Sync 1 DAGs
[2024-10-15T04:33:24.798+0000] {logging_mixin.py:188} INFO - [2024-10-15T04:33:24.797+0000] {dag.py:3954} INFO - Setting next_dagrun for dag_with_python_dependencies_v3 to 2024-10-03 00:00:00+00:00, run_after=2024-10-04 00:00:00+00:00
[2024-10-15T04:33:24.827+0000] {processor.py:183} INFO - Processing /opt/airflow/dags/dag_with_py_dependencies.py took 0.173 seconds
[2024-10-15T04:33:55.164+0000] {processor.py:161} INFO - Started process (PID=9298) to work on /opt/airflow/dags/dag_with_py_dependencies.py
[2024-10-15T04:33:55.165+0000] {processor.py:830} INFO - Processing file /opt/airflow/dags/dag_with_py_dependencies.py for tasks to queue
[2024-10-15T04:33:55.166+0000] {logging_mixin.py:188} INFO - [2024-10-15T04:33:55.166+0000] {dagbag.py:545} INFO - Filling up the DagBag from /opt/airflow/dags/dag_with_py_dependencies.py
[2024-10-15T04:33:55.189+0000] {processor.py:840} INFO - DAG(s) 'dag_with_python_dependencies_v3' retrieved from /opt/airflow/dags/dag_with_py_dependencies.py
[2024-10-15T04:33:55.223+0000] {logging_mixin.py:188} INFO - [2024-10-15T04:33:55.223+0000] {dag.py:3096} INFO - Sync 1 DAGs
[2024-10-15T04:33:55.249+0000] {logging_mixin.py:188} INFO - [2024-10-15T04:33:55.248+0000] {dag.py:3954} INFO - Setting next_dagrun for dag_with_python_dependencies_v3 to 2024-10-03 00:00:00+00:00, run_after=2024-10-04 00:00:00+00:00
[2024-10-15T04:33:55.288+0000] {processor.py:183} INFO - Processing /opt/airflow/dags/dag_with_py_dependencies.py took 0.129 seconds
[2024-10-15T04:34:25.722+0000] {processor.py:161} INFO - Started process (PID=9320) to work on /opt/airflow/dags/dag_with_py_dependencies.py
[2024-10-15T04:34:25.723+0000] {processor.py:830} INFO - Processing file /opt/airflow/dags/dag_with_py_dependencies.py for tasks to queue
[2024-10-15T04:34:25.725+0000] {logging_mixin.py:188} INFO - [2024-10-15T04:34:25.724+0000] {dagbag.py:545} INFO - Filling up the DagBag from /opt/airflow/dags/dag_with_py_dependencies.py
[2024-10-15T04:34:25.746+0000] {processor.py:840} INFO - DAG(s) 'dag_with_python_dependencies_v3' retrieved from /opt/airflow/dags/dag_with_py_dependencies.py
[2024-10-15T04:34:25.780+0000] {logging_mixin.py:188} INFO - [2024-10-15T04:34:25.779+0000] {dag.py:3096} INFO - Sync 1 DAGs
[2024-10-15T04:34:25.807+0000] {logging_mixin.py:188} INFO - [2024-10-15T04:34:25.807+0000] {dag.py:3954} INFO - Setting next_dagrun for dag_with_python_dependencies_v3 to 2024-10-03 00:00:00+00:00, run_after=2024-10-04 00:00:00+00:00
[2024-10-15T04:34:25.837+0000] {processor.py:183} INFO - Processing /opt/airflow/dags/dag_with_py_dependencies.py took 0.121 seconds
[2024-10-15T04:34:56.428+0000] {processor.py:161} INFO - Started process (PID=9345) to work on /opt/airflow/dags/dag_with_py_dependencies.py
[2024-10-15T04:34:56.429+0000] {processor.py:830} INFO - Processing file /opt/airflow/dags/dag_with_py_dependencies.py for tasks to queue
[2024-10-15T04:34:56.430+0000] {logging_mixin.py:188} INFO - [2024-10-15T04:34:56.429+0000] {dagbag.py:545} INFO - Filling up the DagBag from /opt/airflow/dags/dag_with_py_dependencies.py
[2024-10-15T04:34:56.455+0000] {processor.py:840} INFO - DAG(s) 'dag_with_python_dependencies_v3' retrieved from /opt/airflow/dags/dag_with_py_dependencies.py
[2024-10-15T04:34:56.485+0000] {logging_mixin.py:188} INFO - [2024-10-15T04:34:56.484+0000] {dag.py:3096} INFO - Sync 1 DAGs
[2024-10-15T04:34:56.512+0000] {logging_mixin.py:188} INFO - [2024-10-15T04:34:56.511+0000] {dag.py:3954} INFO - Setting next_dagrun for dag_with_python_dependencies_v3 to 2024-10-03 00:00:00+00:00, run_after=2024-10-04 00:00:00+00:00
[2024-10-15T04:34:56.539+0000] {processor.py:183} INFO - Processing /opt/airflow/dags/dag_with_py_dependencies.py took 0.117 seconds
[2024-10-15T04:35:26.960+0000] {processor.py:161} INFO - Started process (PID=9372) to work on /opt/airflow/dags/dag_with_py_dependencies.py
[2024-10-15T04:35:26.961+0000] {processor.py:830} INFO - Processing file /opt/airflow/dags/dag_with_py_dependencies.py for tasks to queue
[2024-10-15T04:35:26.962+0000] {logging_mixin.py:188} INFO - [2024-10-15T04:35:26.962+0000] {dagbag.py:545} INFO - Filling up the DagBag from /opt/airflow/dags/dag_with_py_dependencies.py
[2024-10-15T04:35:26.987+0000] {processor.py:840} INFO - DAG(s) 'dag_with_python_dependencies_v3' retrieved from /opt/airflow/dags/dag_with_py_dependencies.py
[2024-10-15T04:35:27.021+0000] {logging_mixin.py:188} INFO - [2024-10-15T04:35:27.021+0000] {dag.py:3096} INFO - Sync 1 DAGs
[2024-10-15T04:35:27.046+0000] {logging_mixin.py:188} INFO - [2024-10-15T04:35:27.046+0000] {dag.py:3954} INFO - Setting next_dagrun for dag_with_python_dependencies_v3 to 2024-10-03 00:00:00+00:00, run_after=2024-10-04 00:00:00+00:00
[2024-10-15T04:35:27.071+0000] {processor.py:183} INFO - Processing /opt/airflow/dags/dag_with_py_dependencies.py took 0.117 seconds
[2024-10-15T04:35:57.619+0000] {processor.py:161} INFO - Started process (PID=9399) to work on /opt/airflow/dags/dag_with_py_dependencies.py
[2024-10-15T04:35:57.620+0000] {processor.py:830} INFO - Processing file /opt/airflow/dags/dag_with_py_dependencies.py for tasks to queue
[2024-10-15T04:35:57.621+0000] {logging_mixin.py:188} INFO - [2024-10-15T04:35:57.621+0000] {dagbag.py:545} INFO - Filling up the DagBag from /opt/airflow/dags/dag_with_py_dependencies.py
[2024-10-15T04:35:57.644+0000] {processor.py:840} INFO - DAG(s) 'dag_with_python_dependencies_v3' retrieved from /opt/airflow/dags/dag_with_py_dependencies.py
[2024-10-15T04:35:57.674+0000] {logging_mixin.py:188} INFO - [2024-10-15T04:35:57.674+0000] {dag.py:3096} INFO - Sync 1 DAGs
[2024-10-15T04:35:57.700+0000] {logging_mixin.py:188} INFO - [2024-10-15T04:35:57.700+0000] {dag.py:3954} INFO - Setting next_dagrun for dag_with_python_dependencies_v3 to 2024-10-03 00:00:00+00:00, run_after=2024-10-04 00:00:00+00:00
[2024-10-15T04:35:57.739+0000] {processor.py:183} INFO - Processing /opt/airflow/dags/dag_with_py_dependencies.py took 0.125 seconds
[2024-10-15T04:36:28.284+0000] {processor.py:161} INFO - Started process (PID=9426) to work on /opt/airflow/dags/dag_with_py_dependencies.py
[2024-10-15T04:36:28.284+0000] {processor.py:830} INFO - Processing file /opt/airflow/dags/dag_with_py_dependencies.py for tasks to queue
[2024-10-15T04:36:28.286+0000] {logging_mixin.py:188} INFO - [2024-10-15T04:36:28.285+0000] {dagbag.py:545} INFO - Filling up the DagBag from /opt/airflow/dags/dag_with_py_dependencies.py
[2024-10-15T04:36:28.309+0000] {processor.py:840} INFO - DAG(s) 'dag_with_python_dependencies_v3' retrieved from /opt/airflow/dags/dag_with_py_dependencies.py
[2024-10-15T04:36:28.341+0000] {logging_mixin.py:188} INFO - [2024-10-15T04:36:28.340+0000] {dag.py:3096} INFO - Sync 1 DAGs
[2024-10-15T04:36:28.365+0000] {logging_mixin.py:188} INFO - [2024-10-15T04:36:28.364+0000] {dag.py:3954} INFO - Setting next_dagrun for dag_with_python_dependencies_v3 to 2024-10-03 00:00:00+00:00, run_after=2024-10-04 00:00:00+00:00
[2024-10-15T04:36:28.394+0000] {processor.py:183} INFO - Processing /opt/airflow/dags/dag_with_py_dependencies.py took 0.116 seconds
[2024-10-15T04:36:58.953+0000] {processor.py:161} INFO - Started process (PID=9453) to work on /opt/airflow/dags/dag_with_py_dependencies.py
[2024-10-15T04:36:58.955+0000] {processor.py:830} INFO - Processing file /opt/airflow/dags/dag_with_py_dependencies.py for tasks to queue
[2024-10-15T04:36:58.956+0000] {logging_mixin.py:188} INFO - [2024-10-15T04:36:58.955+0000] {dagbag.py:545} INFO - Filling up the DagBag from /opt/airflow/dags/dag_with_py_dependencies.py
[2024-10-15T04:36:58.980+0000] {processor.py:840} INFO - DAG(s) 'dag_with_python_dependencies_v3' retrieved from /opt/airflow/dags/dag_with_py_dependencies.py
[2024-10-15T04:36:59.016+0000] {logging_mixin.py:188} INFO - [2024-10-15T04:36:59.016+0000] {dag.py:3096} INFO - Sync 1 DAGs
[2024-10-15T04:36:59.046+0000] {logging_mixin.py:188} INFO - [2024-10-15T04:36:59.045+0000] {dag.py:3954} INFO - Setting next_dagrun for dag_with_python_dependencies_v3 to 2024-10-03 00:00:00+00:00, run_after=2024-10-04 00:00:00+00:00
[2024-10-15T04:36:59.076+0000] {processor.py:183} INFO - Processing /opt/airflow/dags/dag_with_py_dependencies.py took 0.129 seconds
[2024-10-15T04:37:29.491+0000] {processor.py:161} INFO - Started process (PID=9480) to work on /opt/airflow/dags/dag_with_py_dependencies.py
[2024-10-15T04:37:29.493+0000] {processor.py:830} INFO - Processing file /opt/airflow/dags/dag_with_py_dependencies.py for tasks to queue
[2024-10-15T04:37:29.494+0000] {logging_mixin.py:188} INFO - [2024-10-15T04:37:29.494+0000] {dagbag.py:545} INFO - Filling up the DagBag from /opt/airflow/dags/dag_with_py_dependencies.py
[2024-10-15T04:37:29.527+0000] {processor.py:840} INFO - DAG(s) 'dag_with_python_dependencies_v3' retrieved from /opt/airflow/dags/dag_with_py_dependencies.py
[2024-10-15T04:37:29.559+0000] {logging_mixin.py:188} INFO - [2024-10-15T04:37:29.559+0000] {dag.py:3096} INFO - Sync 1 DAGs
[2024-10-15T04:37:29.584+0000] {logging_mixin.py:188} INFO - [2024-10-15T04:37:29.584+0000] {dag.py:3954} INFO - Setting next_dagrun for dag_with_python_dependencies_v3 to 2024-10-03 00:00:00+00:00, run_after=2024-10-04 00:00:00+00:00
[2024-10-15T04:37:29.614+0000] {processor.py:183} INFO - Processing /opt/airflow/dags/dag_with_py_dependencies.py took 0.130 seconds
[2024-10-15T04:38:00.033+0000] {processor.py:161} INFO - Started process (PID=9507) to work on /opt/airflow/dags/dag_with_py_dependencies.py
[2024-10-15T04:38:00.034+0000] {processor.py:830} INFO - Processing file /opt/airflow/dags/dag_with_py_dependencies.py for tasks to queue
[2024-10-15T04:38:00.035+0000] {logging_mixin.py:188} INFO - [2024-10-15T04:38:00.035+0000] {dagbag.py:545} INFO - Filling up the DagBag from /opt/airflow/dags/dag_with_py_dependencies.py
[2024-10-15T04:38:00.057+0000] {processor.py:840} INFO - DAG(s) 'dag_with_python_dependencies_v3' retrieved from /opt/airflow/dags/dag_with_py_dependencies.py
[2024-10-15T04:38:00.087+0000] {logging_mixin.py:188} INFO - [2024-10-15T04:38:00.086+0000] {dag.py:3096} INFO - Sync 1 DAGs
[2024-10-15T04:38:00.111+0000] {logging_mixin.py:188} INFO - [2024-10-15T04:38:00.111+0000] {dag.py:3954} INFO - Setting next_dagrun for dag_with_python_dependencies_v3 to 2024-10-03 00:00:00+00:00, run_after=2024-10-04 00:00:00+00:00
[2024-10-15T04:38:00.148+0000] {processor.py:183} INFO - Processing /opt/airflow/dags/dag_with_py_dependencies.py took 0.121 seconds
[2024-10-15T04:38:30.573+0000] {processor.py:161} INFO - Started process (PID=9534) to work on /opt/airflow/dags/dag_with_py_dependencies.py
[2024-10-15T04:38:30.575+0000] {processor.py:830} INFO - Processing file /opt/airflow/dags/dag_with_py_dependencies.py for tasks to queue
[2024-10-15T04:38:30.576+0000] {logging_mixin.py:188} INFO - [2024-10-15T04:38:30.576+0000] {dagbag.py:545} INFO - Filling up the DagBag from /opt/airflow/dags/dag_with_py_dependencies.py
[2024-10-15T04:38:30.601+0000] {processor.py:840} INFO - DAG(s) 'dag_with_python_dependencies_v3' retrieved from /opt/airflow/dags/dag_with_py_dependencies.py
[2024-10-15T04:38:30.634+0000] {logging_mixin.py:188} INFO - [2024-10-15T04:38:30.634+0000] {dag.py:3096} INFO - Sync 1 DAGs
[2024-10-15T04:38:30.661+0000] {logging_mixin.py:188} INFO - [2024-10-15T04:38:30.661+0000] {dag.py:3954} INFO - Setting next_dagrun for dag_with_python_dependencies_v3 to 2024-10-03 00:00:00+00:00, run_after=2024-10-04 00:00:00+00:00
[2024-10-15T04:38:30.690+0000] {processor.py:183} INFO - Processing /opt/airflow/dags/dag_with_py_dependencies.py took 0.123 seconds
[2024-10-15T04:39:01.247+0000] {processor.py:161} INFO - Started process (PID=9567) to work on /opt/airflow/dags/dag_with_py_dependencies.py
[2024-10-15T04:39:01.248+0000] {processor.py:830} INFO - Processing file /opt/airflow/dags/dag_with_py_dependencies.py for tasks to queue
[2024-10-15T04:39:01.249+0000] {logging_mixin.py:188} INFO - [2024-10-15T04:39:01.249+0000] {dagbag.py:545} INFO - Filling up the DagBag from /opt/airflow/dags/dag_with_py_dependencies.py
[2024-10-15T04:39:01.272+0000] {processor.py:840} INFO - DAG(s) 'dag_with_python_dependencies_v3' retrieved from /opt/airflow/dags/dag_with_py_dependencies.py
[2024-10-15T04:39:01.308+0000] {logging_mixin.py:188} INFO - [2024-10-15T04:39:01.308+0000] {dag.py:3096} INFO - Sync 1 DAGs
[2024-10-15T04:39:01.339+0000] {logging_mixin.py:188} INFO - [2024-10-15T04:39:01.339+0000] {dag.py:3954} INFO - Setting next_dagrun for dag_with_python_dependencies_v3 to 2024-10-03 00:00:00+00:00, run_after=2024-10-04 00:00:00+00:00
[2024-10-15T04:39:01.382+0000] {processor.py:183} INFO - Processing /opt/airflow/dags/dag_with_py_dependencies.py took 0.141 seconds
