[2024-10-08T03:43:42.426+0000] {local_task_job_runner.py:120} INFO - ::group::Pre task execution logs
[2024-10-08T03:43:42.459+0000] {taskinstance.py:2076} INFO - Dependencies all met for dep_context=non-requeueable deps ti=<TaskInstance: dag_ETL_JsonData.Transfrom_Data_To_DataFrame manual__2024-10-08T03:43:36.537776+00:00 [queued]>
[2024-10-08T03:43:42.470+0000] {taskinstance.py:2076} INFO - Dependencies all met for dep_context=requeueable deps ti=<TaskInstance: dag_ETL_JsonData.Transfrom_Data_To_DataFrame manual__2024-10-08T03:43:36.537776+00:00 [queued]>
[2024-10-08T03:43:42.471+0000] {taskinstance.py:2306} INFO - Starting attempt 1 of 6
[2024-10-08T03:43:42.487+0000] {taskinstance.py:2330} INFO - Executing <Task(PythonOperator): Transfrom_Data_To_DataFrame> on 2024-10-08 03:43:36.537776+00:00
[2024-10-08T03:43:42.497+0000] {standard_task_runner.py:90} INFO - Running: ['***', 'tasks', 'run', 'dag_ETL_JsonData', 'Transfrom_Data_To_DataFrame', 'manual__2024-10-08T03:43:36.537776+00:00', '--job-id', '653', '--raw', '--subdir', 'DAGS_FOLDER/ETLProject/main.py', '--cfg-path', '/tmp/tmp8nnmc90s']
[2024-10-08T03:43:42.499+0000] {standard_task_runner.py:91} INFO - Job 653: Subtask Transfrom_Data_To_DataFrame
[2024-10-08T03:43:42.505+0000] {logging_mixin.py:188} WARNING - /home/***/.local/lib/python3.12/site-packages/***/task/task_runner/standard_task_runner.py:61 DeprecationWarning: This process (pid=5551) is multi-threaded, use of fork() may lead to deadlocks in the child.
[2024-10-08T03:43:42.506+0000] {standard_task_runner.py:63} INFO - Started process 5553 to run task
[2024-10-08T03:43:42.551+0000] {task_command.py:426} INFO - Running <TaskInstance: dag_ETL_JsonData.Transfrom_Data_To_DataFrame manual__2024-10-08T03:43:36.537776+00:00 [running]> on host ecb02e117702
[2024-10-08T03:43:42.651+0000] {taskinstance.py:2648} INFO - Exporting env vars: AIRFLOW_CTX_DAG_OWNER='admin' AIRFLOW_CTX_DAG_ID='dag_ETL_JsonData' AIRFLOW_CTX_TASK_ID='Transfrom_Data_To_DataFrame' AIRFLOW_CTX_EXECUTION_DATE='2024-10-08T03:43:36.537776+00:00' AIRFLOW_CTX_TRY_NUMBER='1' AIRFLOW_CTX_DAG_RUN_ID='manual__2024-10-08T03:43:36.537776+00:00'
[2024-10-08T03:43:42.652+0000] {taskinstance.py:430} INFO - ::endgroup::
[2024-10-08T03:43:46.154+0000] {logging_mixin.py:188} INFO - shape: (2_878, 9)
┌────────────┬────────────┬───────────┬────────────┬───┬────────┬──────────┬───────────┬───────────┐
│ date       ┆ track_id   ┆ page_id   ┆ search_ter ┆ … ┆ region ┆ platform ┆ max_posit ┆ count_eve │
│ ---        ┆ ---        ┆ ---       ┆ m          ┆   ┆ ---    ┆ ---      ┆ ion       ┆ nt        │
│ str        ┆ str        ┆ str       ┆ ---        ┆   ┆ str    ┆ str      ┆ ---       ┆ ---       │
│            ┆            ┆           ┆ str        ┆   ┆        ┆          ┆ str       ┆ u32       │
╞════════════╪════════════╪═══════════╪════════════╪═══╪════════╪══════════╪═══════════╪═══════════╡
│ 2024-08-30 ┆ A966285E-E ┆ og_home   ┆            ┆ … ┆ 2      ┆ ios      ┆ 6         ┆ 4         │
│ T00:00:00+ ┆ 0BC-4169-8 ┆           ┆            ┆   ┆        ┆          ┆           ┆           │
│ 07:00      ┆ BB1-3BF64C ┆           ┆            ┆   ┆        ┆          ┆           ┆           │
│            ┆ …          ┆           ┆            ┆   ┆        ┆          ┆           ┆           │
│ 2024-08-30 ┆ 92D17217-4 ┆ og_search ┆ cam        ┆ … ┆ 2      ┆ ios      ┆ 9         ┆ 23        │
│ T00:00:00+ ┆ 405-4E25-8 ┆           ┆            ┆   ┆        ┆          ┆           ┆           │
│ 07:00      ┆ A50-7CF1EA ┆           ┆            ┆   ┆        ┆          ┆           ┆           │
│            ┆ …          ┆           ┆            ┆   ┆        ┆          ┆           ┆           │
│ 2024-08-30 ┆ a8661ee550 ┆ og_home   ┆            ┆ … ┆ 1      ┆ zma      ┆ 8         ┆ 8         │
│ T00:00:00+ ┆ 04bdd07892 ┆           ┆            ┆   ┆        ┆          ┆           ┆           │
│ 07:00      ┆ 678b957483 ┆           ┆            ┆   ┆        ┆          ┆           ┆           │
│            ┆ …          ┆           ┆            ┆   ┆        ┆          ┆           ┆           │
│ 2024-08-30 ┆ D0895C69-A ┆ og_search ┆ Sửa rửa    ┆ … ┆ 1      ┆ ios      ┆ 71        ┆ 19        │
│ T00:00:00+ ┆ 5C0-4402-B ┆           ┆ mặt        ┆   ┆        ┆          ┆           ┆           │
│ 07:00      ┆ DEE-6F123A ┆           ┆            ┆   ┆        ┆          ┆           ┆           │
│            ┆ …          ┆           ┆            ┆   ┆        ┆          ┆           ┆           │
│ 2024-08-30 ┆ 35E85A05-4 ┆ og_home   ┆            ┆ … ┆ 2      ┆ ios      ┆ 2         ┆ 6         │
│ T00:00:00+ ┆ A86-425F-A ┆           ┆            ┆   ┆        ┆          ┆           ┆           │
│ 07:00      ┆ E41-9E490F ┆           ┆            ┆   ┆        ┆          ┆           ┆           │
│            ┆ …          ┆           ┆            ┆   ┆        ┆          ┆           ┆           │
│ …          ┆ …          ┆ …         ┆ …          ┆ … ┆ …      ┆ …        ┆ …         ┆ …         │
│ 2024-08-30 ┆ 0A2B6381-7 ┆ og_home   ┆            ┆ … ┆ 1      ┆ ios      ┆ 3         ┆ 20        │
│ T00:00:00+ ┆ 3A0-4586-9 ┆           ┆            ┆   ┆        ┆          ┆           ┆           │
│ 07:00      ┆ 8B4-21A7A3 ┆           ┆            ┆   ┆        ┆          ┆           ┆           │
│            ┆ …          ┆           ┆            ┆   ┆        ┆          ┆           ┆           │
│ 2024-08-30 ┆ 14DBDDC4-F ┆ og_home   ┆            ┆ … ┆ 2      ┆ ios      ┆ 0         ┆ 1         │
│ T00:00:00+ ┆ C29-49F9-B ┆           ┆            ┆   ┆        ┆          ┆           ┆           │
│ 07:00      ┆ 19B-B3B554 ┆           ┆            ┆   ┆        ┆          ┆           ┆           │
│            ┆ …          ┆           ┆            ┆   ┆        ┆          ┆           ┆           │
│ 2024-08-30 ┆ 655A191A-3 ┆ og_home   ┆            ┆ … ┆ 1      ┆ ios      ┆ 0         ┆ 1         │
│ T00:00:00+ ┆ 36D-42AB-8 ┆           ┆            ┆   ┆        ┆          ┆           ┆           │
│ 07:00      ┆ 3F3-DBB314 ┆           ┆            ┆   ┆        ┆          ┆           ┆           │
│            ┆ …          ┆           ┆            ┆   ┆        ┆          ┆           ┆           │
│ 2024-08-30 ┆ 92a55f58-f ┆ og_search ┆ Tâm nước   ┆ … ┆ 1      ┆ android  ┆ 7         ┆ 18        │
│ T00:00:00+ ┆ 890-4dcd-b ┆           ┆            ┆   ┆        ┆          ┆           ┆           │
│ 07:00      ┆ 1e7-4caf3b ┆           ┆            ┆   ┆        ┆          ┆           ┆           │
│            ┆ …          ┆           ┆            ┆   ┆        ┆          ┆           ┆           │
│ 2024-08-30 ┆ 43E71B4D-A ┆ og_search ┆ Bánh dẻo   ┆ … ┆ 2      ┆ ios      ┆ 9         ┆ 115       │
│ T00:00:00+ ┆ C7C-47D1-B ┆           ┆            ┆   ┆        ┆          ┆           ┆           │
│ 07:00      ┆ 5C8-4365FA ┆           ┆            ┆   ┆        ┆          ┆           ┆           │
│            ┆ …          ┆           ┆            ┆   ┆        ┆          ┆           ┆           │
└────────────┴────────────┴───────────┴────────────┴───┴────────┴──────────┴───────────┴───────────┘
[2024-10-08T03:43:46.155+0000] {logging_mixin.py:188} INFO - No such file or directory (os error 2)
[2024-10-08T03:43:46.310+0000] {python.py:237} INFO - Done. Returned value was: None
[2024-10-08T03:43:46.311+0000] {taskinstance.py:441} INFO - ::group::Post task execution logs
[2024-10-08T03:43:46.321+0000] {taskinstance.py:1206} INFO - Marking task as SUCCESS. dag_id=dag_ETL_JsonData, task_id=Transfrom_Data_To_DataFrame, run_id=manual__2024-10-08T03:43:36.537776+00:00, execution_date=20241008T034336, start_date=20241008T034342, end_date=20241008T034346
[2024-10-08T03:43:46.378+0000] {local_task_job_runner.py:240} INFO - Task exited with return code 0
[2024-10-08T03:43:46.396+0000] {taskinstance.py:3498} INFO - 0 downstream tasks scheduled from follow-on schedule check
[2024-10-08T03:43:46.399+0000] {local_task_job_runner.py:222} INFO - ::endgroup::
