[2024-10-10T02:13:14.957+0000] {local_task_job_runner.py:120} INFO - ::group::Pre task execution logs
[2024-10-10T02:13:15.040+0000] {taskinstance.py:2076} INFO - Dependencies all met for dep_context=non-requeueable deps ti=<TaskInstance: dag_ETL_JsonData.Extract_Gzip_To_Json scheduled__2024-10-09T00:00:00+00:00 [queued]>
[2024-10-10T02:13:15.088+0000] {taskinstance.py:2076} INFO - Dependencies all met for dep_context=requeueable deps ti=<TaskInstance: dag_ETL_JsonData.Extract_Gzip_To_Json scheduled__2024-10-09T00:00:00+00:00 [queued]>
[2024-10-10T02:13:15.091+0000] {taskinstance.py:2306} INFO - Starting attempt 1 of 6
[2024-10-10T02:13:15.142+0000] {taskinstance.py:2330} INFO - Executing <Task(PythonOperator): Extract_Gzip_To_Json> on 2024-10-09 00:00:00+00:00
[2024-10-10T02:13:15.164+0000] {logging_mixin.py:188} WARNING - /home/***/.local/lib/python3.12/site-packages/***/task/task_runner/standard_task_runner.py:61 DeprecationWarning: This process (pid=194) is multi-threaded, use of fork() may lead to deadlocks in the child.
[2024-10-10T02:13:15.160+0000] {standard_task_runner.py:90} INFO - Running: ['***', 'tasks', 'run', 'dag_ETL_JsonData', 'Extract_Gzip_To_Json', 'scheduled__2024-10-09T00:00:00+00:00', '--job-id', '878', '--raw', '--subdir', 'DAGS_FOLDER/ETLProject/main.py', '--cfg-path', '/tmp/tmpbx573m4u']
[2024-10-10T02:13:15.176+0000] {standard_task_runner.py:63} INFO - Started process 234 to run task
[2024-10-10T02:13:15.177+0000] {standard_task_runner.py:91} INFO - Job 878: Subtask Extract_Gzip_To_Json
[2024-10-10T02:13:15.285+0000] {task_command.py:426} INFO - Running <TaskInstance: dag_ETL_JsonData.Extract_Gzip_To_Json scheduled__2024-10-09T00:00:00+00:00 [running]> on host ecb02e117702
[2024-10-10T02:13:15.527+0000] {taskinstance.py:2648} INFO - Exporting env vars: AIRFLOW_CTX_DAG_OWNER='admin' AIRFLOW_CTX_DAG_ID='dag_ETL_JsonData' AIRFLOW_CTX_TASK_ID='Extract_Gzip_To_Json' AIRFLOW_CTX_EXECUTION_DATE='2024-10-09T00:00:00+00:00' AIRFLOW_CTX_TRY_NUMBER='1' AIRFLOW_CTX_DAG_RUN_ID='scheduled__2024-10-09T00:00:00+00:00'
[2024-10-10T02:13:15.530+0000] {taskinstance.py:430} INFO - ::endgroup::
[2024-10-10T02:13:19.977+0000] {python.py:237} INFO - Done. Returned value was: None
[2024-10-10T02:13:19.978+0000] {taskinstance.py:441} INFO - ::group::Post task execution logs
[2024-10-10T02:13:19.989+0000] {taskinstance.py:1206} INFO - Marking task as SUCCESS. dag_id=dag_ETL_JsonData, task_id=Extract_Gzip_To_Json, run_id=scheduled__2024-10-09T00:00:00+00:00, execution_date=20241009T000000, start_date=20241010T021315, end_date=20241010T021319
[2024-10-10T02:13:20.054+0000] {local_task_job_runner.py:240} INFO - Task exited with return code 0
[2024-10-10T02:13:20.075+0000] {taskinstance.py:3498} INFO - 0 downstream tasks scheduled from follow-on schedule check
[2024-10-10T02:13:20.084+0000] {local_task_job_runner.py:222} INFO - ::endgroup::
[2024-10-10T04:05:07.005+0000] {local_task_job_runner.py:120} INFO - ::group::Pre task execution logs
[2024-10-10T04:05:07.086+0000] {taskinstance.py:2076} INFO - Dependencies all met for dep_context=non-requeueable deps ti=<TaskInstance: dag_ETL_JsonData.Extract_Gzip_To_Json scheduled__2024-10-09T00:00:00+00:00 [queued]>
[2024-10-10T04:05:07.103+0000] {taskinstance.py:2076} INFO - Dependencies all met for dep_context=requeueable deps ti=<TaskInstance: dag_ETL_JsonData.Extract_Gzip_To_Json scheduled__2024-10-09T00:00:00+00:00 [queued]>
[2024-10-10T04:05:07.104+0000] {taskinstance.py:2306} INFO - Starting attempt 1 of 6
[2024-10-10T04:05:07.136+0000] {taskinstance.py:2330} INFO - Executing <Task(PythonOperator): Extract_Gzip_To_Json> on 2024-10-09 00:00:00+00:00
[2024-10-10T04:05:07.152+0000] {standard_task_runner.py:90} INFO - Running: ['***', 'tasks', 'run', 'dag_ETL_JsonData', 'Extract_Gzip_To_Json', 'scheduled__2024-10-09T00:00:00+00:00', '--job-id', '991', '--raw', '--subdir', 'DAGS_FOLDER/ETLProject/main.py', '--cfg-path', '/tmp/tmpck0m43km']
[2024-10-10T04:05:07.168+0000] {standard_task_runner.py:91} INFO - Job 991: Subtask Extract_Gzip_To_Json
[2024-10-10T04:05:07.211+0000] {logging_mixin.py:188} WARNING - /home/***/.local/lib/python3.12/site-packages/***/task/task_runner/standard_task_runner.py:61 DeprecationWarning: This process (pid=6559) is multi-threaded, use of fork() may lead to deadlocks in the child.
[2024-10-10T04:05:07.212+0000] {standard_task_runner.py:63} INFO - Started process 6572 to run task
[2024-10-10T04:05:07.273+0000] {task_command.py:426} INFO - Running <TaskInstance: dag_ETL_JsonData.Extract_Gzip_To_Json scheduled__2024-10-09T00:00:00+00:00 [running]> on host ecb02e117702
[2024-10-10T04:05:07.467+0000] {taskinstance.py:2648} INFO - Exporting env vars: AIRFLOW_CTX_DAG_OWNER='admin' AIRFLOW_CTX_DAG_ID='dag_ETL_JsonData' AIRFLOW_CTX_TASK_ID='Extract_Gzip_To_Json' AIRFLOW_CTX_EXECUTION_DATE='2024-10-09T00:00:00+00:00' AIRFLOW_CTX_TRY_NUMBER='1' AIRFLOW_CTX_DAG_RUN_ID='scheduled__2024-10-09T00:00:00+00:00'
[2024-10-10T04:05:07.469+0000] {taskinstance.py:430} INFO - ::endgroup::
[2024-10-10T04:05:14.531+0000] {python.py:237} INFO - Done. Returned value was: None
[2024-10-10T04:05:14.533+0000] {taskinstance.py:441} INFO - ::group::Post task execution logs
[2024-10-10T04:05:14.548+0000] {taskinstance.py:1206} INFO - Marking task as SUCCESS. dag_id=dag_ETL_JsonData, task_id=Extract_Gzip_To_Json, run_id=scheduled__2024-10-09T00:00:00+00:00, execution_date=20241009T000000, start_date=20241010T040507, end_date=20241010T040514
[2024-10-10T04:05:14.612+0000] {local_task_job_runner.py:240} INFO - Task exited with return code 0
[2024-10-10T04:05:14.640+0000] {taskinstance.py:3498} INFO - 0 downstream tasks scheduled from follow-on schedule check
[2024-10-10T04:05:14.665+0000] {local_task_job_runner.py:222} INFO - ::endgroup::
