[2024-10-10T02:44:50.012+0000] {local_task_job_runner.py:120} INFO - ::group::Pre task execution logs
[2024-10-10T02:44:50.051+0000] {taskinstance.py:2076} INFO - Dependencies all met for dep_context=non-requeueable deps ti=<TaskInstance: dag_ETL_JsonData.check_folder manual__2024-10-10T02:44:48.788606+00:00 [queued]>
[2024-10-10T02:44:50.063+0000] {taskinstance.py:2076} INFO - Dependencies all met for dep_context=requeueable deps ti=<TaskInstance: dag_ETL_JsonData.check_folder manual__2024-10-10T02:44:48.788606+00:00 [queued]>
[2024-10-10T02:44:50.063+0000] {taskinstance.py:2306} INFO - Starting attempt 1 of 6
[2024-10-10T02:44:50.080+0000] {taskinstance.py:2330} INFO - Executing <Task(PythonOperator): check_folder> on 2024-10-10 02:44:48.788606+00:00
[2024-10-10T02:44:50.091+0000] {standard_task_runner.py:90} INFO - Running: ['***', 'tasks', 'run', 'dag_ETL_JsonData', 'check_folder', 'manual__2024-10-10T02:44:48.788606+00:00', '--job-id', '905', '--raw', '--subdir', 'DAGS_FOLDER/ETLProject/main.py', '--cfg-path', '/tmp/tmpcmvpmlb1']
[2024-10-10T02:44:50.094+0000] {logging_mixin.py:188} WARNING - /home/***/.local/lib/python3.12/site-packages/***/task/task_runner/standard_task_runner.py:61 DeprecationWarning: This process (pid=1991) is multi-threaded, use of fork() may lead to deadlocks in the child.
[2024-10-10T02:44:50.095+0000] {standard_task_runner.py:91} INFO - Job 905: Subtask check_folder
[2024-10-10T02:44:50.096+0000] {standard_task_runner.py:63} INFO - Started process 1997 to run task
[2024-10-10T02:44:50.157+0000] {task_command.py:426} INFO - Running <TaskInstance: dag_ETL_JsonData.check_folder manual__2024-10-10T02:44:48.788606+00:00 [running]> on host ecb02e117702
[2024-10-10T02:44:50.280+0000] {taskinstance.py:2648} INFO - Exporting env vars: AIRFLOW_CTX_DAG_OWNER='admin' AIRFLOW_CTX_DAG_ID='dag_ETL_JsonData' AIRFLOW_CTX_TASK_ID='check_folder' AIRFLOW_CTX_EXECUTION_DATE='2024-10-10T02:44:48.788606+00:00' AIRFLOW_CTX_TRY_NUMBER='1' AIRFLOW_CTX_DAG_RUN_ID='manual__2024-10-10T02:44:48.788606+00:00'
[2024-10-10T02:44:50.282+0000] {taskinstance.py:430} INFO - ::endgroup::
[2024-10-10T02:44:50.299+0000] {logging_mixin.py:188} INFO - Check for files from today: 20241010
[2024-10-10T02:44:50.321+0000] {logging_mixin.py:188} INFO - File in folder '20241010': []
[2024-10-10T02:44:50.322+0000] {python.py:237} INFO - Done. Returned value was: None
[2024-10-10T02:44:50.323+0000] {taskinstance.py:441} INFO - ::group::Post task execution logs
[2024-10-10T02:44:50.334+0000] {taskinstance.py:1206} INFO - Marking task as SUCCESS. dag_id=dag_ETL_JsonData, task_id=check_folder, run_id=manual__2024-10-10T02:44:48.788606+00:00, execution_date=20241010T024448, start_date=20241010T024450, end_date=20241010T024450
[2024-10-10T02:44:50.391+0000] {local_task_job_runner.py:240} INFO - Task exited with return code 0
[2024-10-10T02:44:50.415+0000] {taskinstance.py:3498} INFO - 0 downstream tasks scheduled from follow-on schedule check
[2024-10-10T02:44:50.419+0000] {local_task_job_runner.py:222} INFO - ::endgroup::
