[2024-10-08T02:25:39.266+0000] {local_task_job_runner.py:120} INFO - ::group::Pre task execution logs
[2024-10-08T02:25:39.299+0000] {taskinstance.py:2076} INFO - Dependencies all met for dep_context=non-requeueable deps ti=<TaskInstance: dag_ETL_JsonData.unzip scheduled__2024-10-07T00:00:00+00:00 [queued]>
[2024-10-08T02:25:39.315+0000] {taskinstance.py:2076} INFO - Dependencies all met for dep_context=requeueable deps ti=<TaskInstance: dag_ETL_JsonData.unzip scheduled__2024-10-07T00:00:00+00:00 [queued]>
[2024-10-08T02:25:39.316+0000] {taskinstance.py:2306} INFO - Starting attempt 4 of 6
[2024-10-08T02:25:39.338+0000] {taskinstance.py:2330} INFO - Executing <Task(PythonOperator): unzip> on 2024-10-07 00:00:00+00:00
[2024-10-08T02:25:39.350+0000] {standard_task_runner.py:90} INFO - Running: ['***', 'tasks', 'run', 'dag_ETL_JsonData', 'unzip', 'scheduled__2024-10-07T00:00:00+00:00', '--job-id', '623', '--raw', '--subdir', 'DAGS_FOLDER/ETLProject/main.py', '--cfg-path', '/tmp/tmp6dkgruxr']
[2024-10-08T02:25:39.352+0000] {standard_task_runner.py:91} INFO - Job 623: Subtask unzip
[2024-10-08T02:25:39.353+0000] {logging_mixin.py:188} WARNING - /home/***/.local/lib/python3.12/site-packages/***/task/task_runner/standard_task_runner.py:61 DeprecationWarning: This process (pid=1096) is multi-threaded, use of fork() may lead to deadlocks in the child.
[2024-10-08T02:25:39.355+0000] {standard_task_runner.py:63} INFO - Started process 1098 to run task
[2024-10-08T02:25:39.401+0000] {task_command.py:426} INFO - Running <TaskInstance: dag_ETL_JsonData.unzip scheduled__2024-10-07T00:00:00+00:00 [running]> on host ecb02e117702
[2024-10-08T02:25:39.504+0000] {taskinstance.py:2648} INFO - Exporting env vars: AIRFLOW_CTX_DAG_OWNER='admin' AIRFLOW_CTX_DAG_ID='dag_ETL_JsonData' AIRFLOW_CTX_TASK_ID='unzip' AIRFLOW_CTX_EXECUTION_DATE='2024-10-07T00:00:00+00:00' AIRFLOW_CTX_TRY_NUMBER='4' AIRFLOW_CTX_DAG_RUN_ID='scheduled__2024-10-07T00:00:00+00:00'
[2024-10-08T02:25:39.506+0000] {taskinstance.py:430} INFO - ::endgroup::
[2024-10-08T02:25:39.756+0000] {xcom.py:675} ERROR - Object of type bytes is not JSON serializable. If you are using pickle instead of JSON for XCom, then you need to enable pickle support for XCom in your *** config or make sure to decorate your object with attr.
[2024-10-08T02:25:39.758+0000] {logging_mixin.py:188} INFO - Lỗi khi giải nén file:Object of type bytes is not JSON serializable
[2024-10-08T02:25:39.759+0000] {python.py:237} INFO - Done. Returned value was: None
[2024-10-08T02:25:39.760+0000] {taskinstance.py:441} INFO - ::group::Post task execution logs
[2024-10-08T02:25:39.770+0000] {taskinstance.py:1206} INFO - Marking task as SUCCESS. dag_id=dag_ETL_JsonData, task_id=unzip, run_id=scheduled__2024-10-07T00:00:00+00:00, execution_date=20241007T000000, start_date=20241008T022539, end_date=20241008T022539
[2024-10-08T02:25:39.809+0000] {local_task_job_runner.py:240} INFO - Task exited with return code 0
[2024-10-08T02:25:39.826+0000] {taskinstance.py:3498} INFO - 0 downstream tasks scheduled from follow-on schedule check
[2024-10-08T02:25:39.830+0000] {local_task_job_runner.py:222} INFO - ::endgroup::
