[2024-10-09T07:25:56.083+0000] {local_task_job_runner.py:120} INFO - ::group::Pre task execution logs
[2024-10-09T07:25:56.115+0000] {taskinstance.py:2076} INFO - Dependencies all met for dep_context=non-requeueable deps ti=<TaskInstance: dag_ETL_JsonData.Create_Table manual__2024-10-09T07:10:47.215518+00:00 [queued]>
[2024-10-09T07:25:56.125+0000] {taskinstance.py:2076} INFO - Dependencies all met for dep_context=requeueable deps ti=<TaskInstance: dag_ETL_JsonData.Create_Table manual__2024-10-09T07:10:47.215518+00:00 [queued]>
[2024-10-09T07:25:56.126+0000] {taskinstance.py:2306} INFO - Starting attempt 4 of 6
[2024-10-09T07:25:56.146+0000] {taskinstance.py:2330} INFO - Executing <Task(PostgresOperator): Create_Table> on 2024-10-09 07:10:47.215518+00:00
[2024-10-09T07:25:56.155+0000] {standard_task_runner.py:90} INFO - Running: ['***', 'tasks', 'run', 'dag_ETL_JsonData', 'Create_Table', 'manual__2024-10-09T07:10:47.215518+00:00', '--job-id', '670', '--raw', '--subdir', 'DAGS_FOLDER/ETLProject/main.py', '--cfg-path', '/tmp/tmp4pi5v9on']
[2024-10-09T07:25:56.157+0000] {logging_mixin.py:188} WARNING - /home/***/.local/lib/python3.12/site-packages/***/task/task_runner/standard_task_runner.py:61 DeprecationWarning: This process (pid=10743) is multi-threaded, use of fork() may lead to deadlocks in the child.
[2024-10-09T07:25:56.158+0000] {standard_task_runner.py:91} INFO - Job 670: Subtask Create_Table
[2024-10-09T07:25:56.159+0000] {standard_task_runner.py:63} INFO - Started process 10760 to run task
[2024-10-09T07:25:56.210+0000] {task_command.py:426} INFO - Running <TaskInstance: dag_ETL_JsonData.Create_Table manual__2024-10-09T07:10:47.215518+00:00 [running]> on host ecb02e117702
[2024-10-09T07:25:56.320+0000] {taskinstance.py:2648} INFO - Exporting env vars: AIRFLOW_CTX_DAG_OWNER='admin' AIRFLOW_CTX_DAG_ID='dag_ETL_JsonData' AIRFLOW_CTX_TASK_ID='Create_Table' AIRFLOW_CTX_EXECUTION_DATE='2024-10-09T07:10:47.215518+00:00' AIRFLOW_CTX_TRY_NUMBER='4' AIRFLOW_CTX_DAG_RUN_ID='manual__2024-10-09T07:10:47.215518+00:00'
[2024-10-09T07:25:56.322+0000] {taskinstance.py:430} INFO - ::endgroup::
[2024-10-09T07:25:56.333+0000] {sql.py:276} INFO - Executing: <function create_table at 0x7f3a4742c7c0>
[2024-10-09T07:25:56.344+0000] {base.py:84} INFO - Using connection ID 'postgres_localhost' for task execution.
[2024-10-09T07:25:56.356+0000] {base.py:84} INFO - Using connection ID 'postgres_localhost' for task execution.
[2024-10-09T07:25:56.407+0000] {taskinstance.py:441} INFO - ::group::Post task execution logs
[2024-10-09T07:25:56.409+0000] {taskinstance.py:2905} ERROR - Task failed with exception
Traceback (most recent call last):
  File "/home/airflow/.local/lib/python3.12/site-packages/airflow/models/taskinstance.py", line 465, in _execute_task
    result = _execute_callable(context=context, **execute_callable_kwargs)
             ^^^^^^^^^^^^^^^^^^^^^^^^^^^^^^^^^^^^^^^^^^^^^^^^^^^^^^^^^^^^^
  File "/home/airflow/.local/lib/python3.12/site-packages/airflow/models/taskinstance.py", line 432, in _execute_callable
    return execute_callable(context=context, **execute_callable_kwargs)
           ^^^^^^^^^^^^^^^^^^^^^^^^^^^^^^^^^^^^^^^^^^^^^^^^^^^^^^^^^^^^
  File "/home/airflow/.local/lib/python3.12/site-packages/airflow/models/baseoperator.py", line 400, in wrapper
    return func(self, *args, **kwargs)
           ^^^^^^^^^^^^^^^^^^^^^^^^^^^
  File "/home/airflow/.local/lib/python3.12/site-packages/airflow/providers/common/sql/operators/sql.py", line 282, in execute
    output = hook.run(
             ^^^^^^^^^
  File "/home/airflow/.local/lib/python3.12/site-packages/airflow/providers/common/sql/hooks/sql.py", line 417, in run
    for sql_statement in sql_list:
TypeError: 'function' object is not iterable
[2024-10-09T07:25:56.421+0000] {taskinstance.py:1206} INFO - Marking task as UP_FOR_RETRY. dag_id=dag_ETL_JsonData, task_id=Create_Table, run_id=manual__2024-10-09T07:10:47.215518+00:00, execution_date=20241009T071047, start_date=20241009T072556, end_date=20241009T072556
[2024-10-09T07:25:56.437+0000] {standard_task_runner.py:110} ERROR - Failed to execute job 670 for task Create_Table ('function' object is not iterable; 10760)
[2024-10-09T07:25:56.454+0000] {local_task_job_runner.py:240} INFO - Task exited with return code 1
[2024-10-09T07:25:56.473+0000] {taskinstance.py:3498} INFO - 0 downstream tasks scheduled from follow-on schedule check
[2024-10-09T07:25:56.476+0000] {local_task_job_runner.py:222} INFO - ::endgroup::
