[2024-10-09T07:20:54.596+0000] {local_task_job_runner.py:120} INFO - ::group::Pre task execution logs
[2024-10-09T07:20:54.649+0000] {taskinstance.py:2076} INFO - Dependencies all met for dep_context=non-requeueable deps ti=<TaskInstance: dag_ETL_JsonData.Create_Table manual__2024-10-09T07:10:47.215518+00:00 [queued]>
[2024-10-09T07:20:54.669+0000] {taskinstance.py:2076} INFO - Dependencies all met for dep_context=requeueable deps ti=<TaskInstance: dag_ETL_JsonData.Create_Table manual__2024-10-09T07:10:47.215518+00:00 [queued]>
[2024-10-09T07:20:54.670+0000] {taskinstance.py:2306} INFO - Starting attempt 3 of 6
[2024-10-09T07:20:54.698+0000] {taskinstance.py:2330} INFO - Executing <Task(PostgresOperator): Create_Table> on 2024-10-09 07:10:47.215518+00:00
[2024-10-09T07:20:54.707+0000] {standard_task_runner.py:90} INFO - Running: ['***', 'tasks', 'run', 'dag_ETL_JsonData', 'Create_Table', 'manual__2024-10-09T07:10:47.215518+00:00', '--job-id', '666', '--raw', '--subdir', 'DAGS_FOLDER/ETLProject/main.py', '--cfg-path', '/tmp/tmppyezwwfp']
[2024-10-09T07:20:54.709+0000] {logging_mixin.py:188} WARNING - /home/***/.local/lib/python3.12/site-packages/***/task/task_runner/standard_task_runner.py:61 DeprecationWarning: This process (pid=10476) is multi-threaded, use of fork() may lead to deadlocks in the child.
[2024-10-09T07:20:54.710+0000] {standard_task_runner.py:91} INFO - Job 666: Subtask Create_Table
[2024-10-09T07:20:54.710+0000] {standard_task_runner.py:63} INFO - Started process 10478 to run task
[2024-10-09T07:20:54.758+0000] {task_command.py:426} INFO - Running <TaskInstance: dag_ETL_JsonData.Create_Table manual__2024-10-09T07:10:47.215518+00:00 [running]> on host ecb02e117702
[2024-10-09T07:20:54.865+0000] {taskinstance.py:2648} INFO - Exporting env vars: AIRFLOW_CTX_DAG_OWNER='admin' AIRFLOW_CTX_DAG_ID='dag_ETL_JsonData' AIRFLOW_CTX_TASK_ID='Create_Table' AIRFLOW_CTX_EXECUTION_DATE='2024-10-09T07:10:47.215518+00:00' AIRFLOW_CTX_TRY_NUMBER='3' AIRFLOW_CTX_DAG_RUN_ID='manual__2024-10-09T07:10:47.215518+00:00'
[2024-10-09T07:20:54.866+0000] {taskinstance.py:430} INFO - ::endgroup::
[2024-10-09T07:20:54.878+0000] {sql.py:276} INFO - Executing: <function create_table at 0x7f3a4742c720>
[2024-10-09T07:20:54.889+0000] {base.py:84} INFO - Using connection ID 'postgres_localhost' for task execution.
[2024-10-09T07:20:54.901+0000] {base.py:84} INFO - Using connection ID 'postgres_localhost' for task execution.
[2024-10-09T07:20:54.953+0000] {taskinstance.py:441} INFO - ::group::Post task execution logs
[2024-10-09T07:20:54.954+0000] {taskinstance.py:2905} ERROR - Task failed with exception
Traceback (most recent call last):
  File "/home/airflow/.local/lib/python3.12/site-packages/airflow/models/taskinstance.py", line 465, in _execute_task
    result = _execute_callable(context=context, **execute_callable_kwargs)
             ^^^^^^^^^^^^^^^^^^^^^^^^^^^^^^^^^^^^^^^^^^^^^^^^^^^^^^^^^^^^^
  File "/home/airflow/.local/lib/python3.12/site-packages/airflow/models/taskinstance.py", line 432, in _execute_callable
    return execute_callable(context=context, **execute_callable_kwargs)
           ^^^^^^^^^^^^^^^^^^^^^^^^^^^^^^^^^^^^^^^^^^^^^^^^^^^^^^^^^^^^
  File "/home/airflow/.local/lib/python3.12/site-packages/airflow/models/baseoperator.py", line 400, in wrapper
    return func(self, *args, **kwargs)
           ^^^^^^^^^^^^^^^^^^^^^^^^^^^
  File "/home/airflow/.local/lib/python3.12/site-packages/airflow/providers/common/sql/operators/sql.py", line 282, in execute
    output = hook.run(
             ^^^^^^^^^
  File "/home/airflow/.local/lib/python3.12/site-packages/airflow/providers/common/sql/hooks/sql.py", line 417, in run
    for sql_statement in sql_list:
TypeError: 'function' object is not iterable
[2024-10-09T07:20:54.965+0000] {taskinstance.py:1206} INFO - Marking task as UP_FOR_RETRY. dag_id=dag_ETL_JsonData, task_id=Create_Table, run_id=manual__2024-10-09T07:10:47.215518+00:00, execution_date=20241009T071047, start_date=20241009T072054, end_date=20241009T072054
[2024-10-09T07:20:54.983+0000] {standard_task_runner.py:110} ERROR - Failed to execute job 666 for task Create_Table ('function' object is not iterable; 10478)
[2024-10-09T07:20:55.006+0000] {local_task_job_runner.py:240} INFO - Task exited with return code 1
[2024-10-09T07:20:55.024+0000] {taskinstance.py:3498} INFO - 0 downstream tasks scheduled from follow-on schedule check
[2024-10-09T07:20:55.028+0000] {local_task_job_runner.py:222} INFO - ::endgroup::
