[2024-10-08T03:18:39.737+0000] {local_task_job_runner.py:120} INFO - ::group::Pre task execution logs
[2024-10-08T03:18:39.770+0000] {taskinstance.py:2076} INFO - Dependencies all met for dep_context=non-requeueable deps ti=<TaskInstance: dag_ETL_JsonData.Transfrom_Data_To_DataFrame manual__2024-10-08T03:18:33.286379+00:00 [queued]>
[2024-10-08T03:18:39.784+0000] {taskinstance.py:2076} INFO - Dependencies all met for dep_context=requeueable deps ti=<TaskInstance: dag_ETL_JsonData.Transfrom_Data_To_DataFrame manual__2024-10-08T03:18:33.286379+00:00 [queued]>
[2024-10-08T03:18:39.785+0000] {taskinstance.py:2306} INFO - Starting attempt 1 of 6
[2024-10-08T03:18:39.803+0000] {taskinstance.py:2330} INFO - Executing <Task(PythonOperator): Transfrom_Data_To_DataFrame> on 2024-10-08 03:18:33.286379+00:00
[2024-10-08T03:18:39.813+0000] {standard_task_runner.py:90} INFO - Running: ['***', 'tasks', 'run', 'dag_ETL_JsonData', 'Transfrom_Data_To_DataFrame', 'manual__2024-10-08T03:18:33.286379+00:00', '--job-id', '641', '--raw', '--subdir', 'DAGS_FOLDER/ETLProject/main.py', '--cfg-path', '/tmp/tmpeg6h9bgo']
[2024-10-08T03:18:39.814+0000] {logging_mixin.py:188} WARNING - /home/***/.local/lib/python3.12/site-packages/***/task/task_runner/standard_task_runner.py:61 DeprecationWarning: This process (pid=4095) is multi-threaded, use of fork() may lead to deadlocks in the child.
[2024-10-08T03:18:39.815+0000] {standard_task_runner.py:91} INFO - Job 641: Subtask Transfrom_Data_To_DataFrame
[2024-10-08T03:18:39.815+0000] {standard_task_runner.py:63} INFO - Started process 4097 to run task
[2024-10-08T03:18:39.869+0000] {task_command.py:426} INFO - Running <TaskInstance: dag_ETL_JsonData.Transfrom_Data_To_DataFrame manual__2024-10-08T03:18:33.286379+00:00 [running]> on host ecb02e117702
[2024-10-08T03:18:39.973+0000] {taskinstance.py:2648} INFO - Exporting env vars: AIRFLOW_CTX_DAG_OWNER='admin' AIRFLOW_CTX_DAG_ID='dag_ETL_JsonData' AIRFLOW_CTX_TASK_ID='Transfrom_Data_To_DataFrame' AIRFLOW_CTX_EXECUTION_DATE='2024-10-08T03:18:33.286379+00:00' AIRFLOW_CTX_TRY_NUMBER='1' AIRFLOW_CTX_DAG_RUN_ID='manual__2024-10-08T03:18:33.286379+00:00'
[2024-10-08T03:18:39.974+0000] {taskinstance.py:430} INFO - ::endgroup::
[2024-10-08T03:18:43.618+0000] {xcom.py:675} ERROR - Object of type bytes is not JSON serializable. If you are using pickle instead of JSON for XCom, then you need to enable pickle support for XCom in your *** config or make sure to decorate your object with attr.
[2024-10-08T03:18:43.620+0000] {logging_mixin.py:188} INFO - Lỗi: Object of type bytes is not JSON serializable
[2024-10-08T03:18:43.747+0000] {python.py:237} INFO - Done. Returned value was: []
[2024-10-08T03:18:43.748+0000] {taskinstance.py:441} INFO - ::group::Post task execution logs
[2024-10-08T03:18:43.776+0000] {taskinstance.py:1206} INFO - Marking task as SUCCESS. dag_id=dag_ETL_JsonData, task_id=Transfrom_Data_To_DataFrame, run_id=manual__2024-10-08T03:18:33.286379+00:00, execution_date=20241008T031833, start_date=20241008T031839, end_date=20241008T031843
[2024-10-08T03:18:43.846+0000] {local_task_job_runner.py:240} INFO - Task exited with return code 0
[2024-10-08T03:18:43.864+0000] {taskinstance.py:3498} INFO - 0 downstream tasks scheduled from follow-on schedule check
[2024-10-08T03:18:43.867+0000] {local_task_job_runner.py:222} INFO - ::endgroup::
