[2024-10-10T04:04:03.972+0000] {local_task_job_runner.py:120} INFO - ::group::Pre task execution logs
[2024-10-10T04:04:04.105+0000] {taskinstance.py:2076} INFO - Dependencies all met for dep_context=non-requeueable deps ti=<TaskInstance: dag_ETL_JsonData.check_folder scheduled__2024-10-05T00:00:00+00:00 [queued]>
[2024-10-10T04:04:04.136+0000] {taskinstance.py:2076} INFO - Dependencies all met for dep_context=requeueable deps ti=<TaskInstance: dag_ETL_JsonData.check_folder scheduled__2024-10-05T00:00:00+00:00 [queued]>
[2024-10-10T04:04:04.142+0000] {taskinstance.py:2306} INFO - Starting attempt 1 of 6
[2024-10-10T04:04:04.221+0000] {taskinstance.py:2330} INFO - Executing <Task(PythonOperator): check_folder> on 2024-10-05 00:00:00+00:00
[2024-10-10T04:04:04.259+0000] {standard_task_runner.py:90} INFO - Running: ['***', 'tasks', 'run', 'dag_ETL_JsonData', 'check_folder', 'scheduled__2024-10-05T00:00:00+00:00', '--job-id', '958', '--raw', '--subdir', 'DAGS_FOLDER/ETLProject/main.py', '--cfg-path', '/tmp/tmpgcvgnagg']
[2024-10-10T04:04:04.266+0000] {standard_task_runner.py:91} INFO - Job 958: Subtask check_folder
[2024-10-10T04:04:04.357+0000] {logging_mixin.py:188} WARNING - /home/***/.local/lib/python3.12/site-packages/***/task/task_runner/standard_task_runner.py:61 DeprecationWarning: This process (pid=6370) is multi-threaded, use of fork() may lead to deadlocks in the child.
[2024-10-10T04:04:04.359+0000] {standard_task_runner.py:63} INFO - Started process 6405 to run task
[2024-10-10T04:04:04.507+0000] {task_command.py:426} INFO - Running <TaskInstance: dag_ETL_JsonData.check_folder scheduled__2024-10-05T00:00:00+00:00 [running]> on host ecb02e117702
[2024-10-10T04:04:04.874+0000] {taskinstance.py:2648} INFO - Exporting env vars: AIRFLOW_CTX_DAG_OWNER='admin' AIRFLOW_CTX_DAG_ID='dag_ETL_JsonData' AIRFLOW_CTX_TASK_ID='check_folder' AIRFLOW_CTX_EXECUTION_DATE='2024-10-05T00:00:00+00:00' AIRFLOW_CTX_TRY_NUMBER='1' AIRFLOW_CTX_DAG_RUN_ID='scheduled__2024-10-05T00:00:00+00:00'
[2024-10-10T04:04:04.894+0000] {taskinstance.py:430} INFO - ::endgroup::
[2024-10-10T04:04:04.942+0000] {logging_mixin.py:188} INFO - Check for files from today: 20241010
[2024-10-10T04:04:04.990+0000] {logging_mixin.py:188} INFO - File to process: dags/ETLProject/og_item_impression.20240830_/og_item_impression.20240830_0840_3.json.gz
[2024-10-10T04:04:05.003+0000] {logging_mixin.py:188} INFO - File to process: dags/ETLProject/og_item_impression.20240830_/og_item_impression.20240830_0950_2.json.gz
[2024-10-10T04:04:05.016+0000] {logging_mixin.py:188} INFO - File to process: dags/ETLProject/og_item_impression.20240830_/og_item_impression.20240830_1020_3.json.gz
[2024-10-10T04:04:05.019+0000] {logging_mixin.py:188} INFO - File to process: dags/ETLProject/og_item_impression.20240830_/og_item_impression.20240830_1100_1.json.gz
[2024-10-10T04:04:05.028+0000] {logging_mixin.py:188} INFO - File to process: dags/ETLProject/og_item_impression.20240830_/og_item_impression.20240830_1130_1.json.gz
[2024-10-10T04:04:05.041+0000] {logging_mixin.py:188} INFO - File to process: dags/ETLProject/og_item_impression.20240830_/og_item_impression.20240830_1930_0.json.gz
[2024-10-10T04:04:05.048+0000] {logging_mixin.py:188} INFO - File to process: dags/ETLProject/og_item_impression.20240830_/og_item_impression.20240830_2010_2.json.gz
[2024-10-10T04:04:05.051+0000] {logging_mixin.py:188} INFO - File to process: dags/ETLProject/og_item_impression.20240830_/og_item_impression.20240830_2030_3.json.gz
[2024-10-10T04:04:05.286+0000] {logging_mixin.py:188} INFO - File in folder '20240830': ['og_item_impression.20240830_0840_3.json.gz', 'og_item_impression.20240830_0950_2.json.gz', 'og_item_impression.20240830_1020_3.json.gz', 'og_item_impression.20240830_1100_1.json.gz', 'og_item_impression.20240830_1130_1.json.gz', 'og_item_impression.20240830_1930_0.json.gz', 'og_item_impression.20240830_2010_2.json.gz', 'og_item_impression.20240830_2030_3.json.gz']
[2024-10-10T04:04:05.290+0000] {python.py:237} INFO - Done. Returned value was: None
[2024-10-10T04:04:05.293+0000] {taskinstance.py:441} INFO - ::group::Post task execution logs
[2024-10-10T04:04:05.365+0000] {taskinstance.py:1206} INFO - Marking task as SUCCESS. dag_id=dag_ETL_JsonData, task_id=check_folder, run_id=scheduled__2024-10-05T00:00:00+00:00, execution_date=20241005T000000, start_date=20241010T040404, end_date=20241010T040405
[2024-10-10T04:04:05.466+0000] {local_task_job_runner.py:240} INFO - Task exited with return code 0
[2024-10-10T04:04:05.570+0000] {taskinstance.py:3498} INFO - 1 downstream tasks scheduled from follow-on schedule check
[2024-10-10T04:04:05.592+0000] {local_task_job_runner.py:222} INFO - ::endgroup::
