[2024-10-09T08:10:34.708+0000] {local_task_job_runner.py:120} INFO - ::group::Pre task execution logs
[2024-10-09T08:10:34.743+0000] {taskinstance.py:2076} INFO - Dependencies all met for dep_context=non-requeueable deps ti=<TaskInstance: dag_ETL_JsonData.Create_Insert_Query manual__2024-10-09T08:02:04.144838+00:00 [queued]>
[2024-10-09T08:10:34.754+0000] {taskinstance.py:2076} INFO - Dependencies all met for dep_context=requeueable deps ti=<TaskInstance: dag_ETL_JsonData.Create_Insert_Query manual__2024-10-09T08:02:04.144838+00:00 [queued]>
[2024-10-09T08:10:34.755+0000] {taskinstance.py:2306} INFO - Starting attempt 1 of 6
[2024-10-09T08:10:34.772+0000] {taskinstance.py:2330} INFO - Executing <Task(PythonOperator): Create_Insert_Query> on 2024-10-09 08:02:04.144838+00:00
[2024-10-09T08:10:34.782+0000] {logging_mixin.py:188} WARNING - /home/***/.local/lib/python3.12/site-packages/***/task/task_runner/standard_task_runner.py:61 DeprecationWarning: This process (pid=13390) is multi-threaded, use of fork() may lead to deadlocks in the child.
[2024-10-09T08:10:34.782+0000] {standard_task_runner.py:90} INFO - Running: ['***', 'tasks', 'run', 'dag_ETL_JsonData', 'Create_Insert_Query', 'manual__2024-10-09T08:02:04.144838+00:00', '--job-id', '724', '--raw', '--subdir', 'DAGS_FOLDER/ETLProject/main.py', '--cfg-path', '/tmp/tmp7fky67io']
[2024-10-09T08:10:34.783+0000] {standard_task_runner.py:63} INFO - Started process 13393 to run task
[2024-10-09T08:10:34.783+0000] {standard_task_runner.py:91} INFO - Job 724: Subtask Create_Insert_Query
[2024-10-09T08:10:34.837+0000] {task_command.py:426} INFO - Running <TaskInstance: dag_ETL_JsonData.Create_Insert_Query manual__2024-10-09T08:02:04.144838+00:00 [running]> on host ecb02e117702
[2024-10-09T08:10:34.944+0000] {taskinstance.py:2648} INFO - Exporting env vars: AIRFLOW_CTX_DAG_OWNER='admin' AIRFLOW_CTX_DAG_ID='dag_ETL_JsonData' AIRFLOW_CTX_TASK_ID='Create_Insert_Query' AIRFLOW_CTX_EXECUTION_DATE='2024-10-09T08:02:04.144838+00:00' AIRFLOW_CTX_TRY_NUMBER='1' AIRFLOW_CTX_DAG_RUN_ID='manual__2024-10-09T08:02:04.144838+00:00'
[2024-10-09T08:10:34.946+0000] {taskinstance.py:430} INFO - ::endgroup::
[2024-10-09T08:10:35.000+0000] {taskinstance.py:441} INFO - ::group::Post task execution logs
[2024-10-09T08:10:35.001+0000] {taskinstance.py:2905} ERROR - Task failed with exception
Traceback (most recent call last):
  File "/home/airflow/.local/lib/python3.12/site-packages/airflow/models/taskinstance.py", line 465, in _execute_task
    result = _execute_callable(context=context, **execute_callable_kwargs)
             ^^^^^^^^^^^^^^^^^^^^^^^^^^^^^^^^^^^^^^^^^^^^^^^^^^^^^^^^^^^^^
  File "/home/airflow/.local/lib/python3.12/site-packages/airflow/models/taskinstance.py", line 432, in _execute_callable
    return execute_callable(context=context, **execute_callable_kwargs)
           ^^^^^^^^^^^^^^^^^^^^^^^^^^^^^^^^^^^^^^^^^^^^^^^^^^^^^^^^^^^^
  File "/home/airflow/.local/lib/python3.12/site-packages/airflow/models/baseoperator.py", line 400, in wrapper
    return func(self, *args, **kwargs)
           ^^^^^^^^^^^^^^^^^^^^^^^^^^^
  File "/home/airflow/.local/lib/python3.12/site-packages/airflow/operators/python.py", line 235, in execute
    return_value = self.execute_callable()
                   ^^^^^^^^^^^^^^^^^^^^^^^
  File "/home/airflow/.local/lib/python3.12/site-packages/airflow/operators/python.py", line 252, in execute_callable
    return self.python_callable(*self.op_args, **self.op_kwargs)
           ^^^^^^^^^^^^^^^^^^^^^^^^^^^^^^^^^^^^^^^^^^^^^^^^^^^^^
  File "/opt/airflow/dags/ETLProject/main.py", line 114, in insert_data
    records = pl.from_dict(dict_df)
              ^^^^^^^^^^^^^^^^^^^^^
  File "/home/airflow/.local/lib/python3.12/site-packages/polars/convert/general.py", line 91, in from_dict
    dict_to_pydf(
  File "/home/airflow/.local/lib/python3.12/site-packages/polars/_utils/construction/dataframe.py", line 93, in dict_to_pydf
    schema, lookup_names=data.keys(), schema_overrides=schema_overrides
                         ^^^^^^^^^
AttributeError: 'list' object has no attribute 'keys'
[2024-10-09T08:10:35.022+0000] {taskinstance.py:1206} INFO - Marking task as UP_FOR_RETRY. dag_id=dag_ETL_JsonData, task_id=Create_Insert_Query, run_id=manual__2024-10-09T08:02:04.144838+00:00, execution_date=20241009T080204, start_date=20241009T081034, end_date=20241009T081035
[2024-10-09T08:10:35.036+0000] {standard_task_runner.py:110} ERROR - Failed to execute job 724 for task Create_Insert_Query ('list' object has no attribute 'keys'; 13393)
[2024-10-09T08:10:35.079+0000] {local_task_job_runner.py:240} INFO - Task exited with return code 1
[2024-10-09T08:10:35.099+0000] {taskinstance.py:3498} INFO - 0 downstream tasks scheduled from follow-on schedule check
[2024-10-09T08:10:35.103+0000] {local_task_job_runner.py:222} INFO - ::endgroup::
