[2024-10-09T08:01:15.707+0000] {local_task_job_runner.py:120} INFO - ::group::Pre task execution logs
[2024-10-09T08:01:15.746+0000] {taskinstance.py:2076} INFO - Dependencies all met for dep_context=non-requeueable deps ti=<TaskInstance: dag_ETL_JsonData.Transfrom_Data_To_DataFrame manual__2024-10-09T08:01:08.559676+00:00 [queued]>
[2024-10-09T08:01:15.758+0000] {taskinstance.py:2076} INFO - Dependencies all met for dep_context=requeueable deps ti=<TaskInstance: dag_ETL_JsonData.Transfrom_Data_To_DataFrame manual__2024-10-09T08:01:08.559676+00:00 [queued]>
[2024-10-09T08:01:15.759+0000] {taskinstance.py:2306} INFO - Starting attempt 1 of 6
[2024-10-09T08:01:15.776+0000] {taskinstance.py:2330} INFO - Executing <Task(PythonOperator): Transfrom_Data_To_DataFrame> on 2024-10-09 08:01:08.559676+00:00
[2024-10-09T08:01:15.786+0000] {logging_mixin.py:188} WARNING - /home/***/.local/lib/python3.12/site-packages/***/task/task_runner/standard_task_runner.py:61 DeprecationWarning: This process (pid=12813) is multi-threaded, use of fork() may lead to deadlocks in the child.
[2024-10-09T08:01:15.785+0000] {standard_task_runner.py:90} INFO - Running: ['***', 'tasks', 'run', 'dag_ETL_JsonData', 'Transfrom_Data_To_DataFrame', 'manual__2024-10-09T08:01:08.559676+00:00', '--job-id', '712', '--raw', '--subdir', 'DAGS_FOLDER/ETLProject/main.py', '--cfg-path', '/tmp/tmpvdjc03w3']
[2024-10-09T08:01:15.787+0000] {standard_task_runner.py:63} INFO - Started process 12815 to run task
[2024-10-09T08:01:15.787+0000] {standard_task_runner.py:91} INFO - Job 712: Subtask Transfrom_Data_To_DataFrame
[2024-10-09T08:01:15.840+0000] {task_command.py:426} INFO - Running <TaskInstance: dag_ETL_JsonData.Transfrom_Data_To_DataFrame manual__2024-10-09T08:01:08.559676+00:00 [running]> on host ecb02e117702
[2024-10-09T08:01:15.937+0000] {taskinstance.py:2648} INFO - Exporting env vars: AIRFLOW_CTX_DAG_OWNER='admin' AIRFLOW_CTX_DAG_ID='dag_ETL_JsonData' AIRFLOW_CTX_TASK_ID='Transfrom_Data_To_DataFrame' AIRFLOW_CTX_EXECUTION_DATE='2024-10-09T08:01:08.559676+00:00' AIRFLOW_CTX_TRY_NUMBER='1' AIRFLOW_CTX_DAG_RUN_ID='manual__2024-10-09T08:01:08.559676+00:00'
[2024-10-09T08:01:15.939+0000] {taskinstance.py:430} INFO - ::endgroup::
[2024-10-09T08:01:19.984+0000] {logging_mixin.py:188} INFO - shape: (2_878, 9)
┌────────────┬────────────┬────────────┬───────────┬───┬────────┬──────────┬───────────┬───────────┐
│ date       ┆ track_id   ┆ page_id    ┆ search_te ┆ … ┆ region ┆ platform ┆ max_posit ┆ count_eve │
│ ---        ┆ ---        ┆ ---        ┆ rm        ┆   ┆ ---    ┆ ---      ┆ ion       ┆ nt        │
│ str        ┆ str        ┆ str        ┆ ---       ┆   ┆ str    ┆ str      ┆ ---       ┆ ---       │
│            ┆            ┆            ┆ str       ┆   ┆        ┆          ┆ str       ┆ u32       │
╞════════════╪════════════╪════════════╪═══════════╪═══╪════════╪══════════╪═══════════╪═══════════╡
│ 2024-08-30 ┆ 66D4E8F0-E ┆ og_search  ┆           ┆ … ┆ 2      ┆ ios      ┆ 15        ┆ 5         │
│ T00:00:00+ ┆ 908-4354-9 ┆            ┆           ┆   ┆        ┆          ┆           ┆           │
│ 07:00      ┆ 407-8FE0CB ┆            ┆           ┆   ┆        ┆          ┆           ┆           │
│            ┆ …          ┆            ┆           ┆   ┆        ┆          ┆           ┆           │
│ 2024-08-30 ┆ BC6A2155-4 ┆ og_home    ┆           ┆ … ┆ 1      ┆ ios      ┆ 2         ┆ 3         │
│ T00:00:00+ ┆ 0D0-42D4-8 ┆            ┆           ┆   ┆        ┆          ┆           ┆           │
│ 07:00      ┆ 328-1808E8 ┆            ┆           ┆   ┆        ┆          ┆           ┆           │
│            ┆ …          ┆            ┆           ┆   ┆        ┆          ┆           ┆           │
│ 2024-08-30 ┆ de987ba5-2 ┆ og_flashsa ┆           ┆ … ┆ 2      ┆ android  ┆ 6         ┆ 10        │
│ T00:00:00+ ┆ 575-4e3e-9 ┆ le         ┆           ┆   ┆        ┆          ┆           ┆           │
│ 07:00      ┆ 399-8d86d4 ┆            ┆           ┆   ┆        ┆          ┆           ┆           │
│            ┆ …          ┆            ┆           ┆   ┆        ┆          ┆           ┆           │
│ 2024-08-30 ┆ F8FBB84C-7 ┆ og_search  ┆ Thuốc     ┆ … ┆ 2      ┆ ios      ┆ 3         ┆ 9         │
│ T00:00:00+ ┆ 362-4292-B ┆            ┆ giảm cân  ┆   ┆        ┆          ┆           ┆           │
│ 07:00      ┆ 318-4D812C ┆            ┆ q         ┆   ┆        ┆          ┆           ┆           │
│            ┆ …          ┆            ┆           ┆   ┆        ┆          ┆           ┆           │
│ 2024-08-30 ┆ 3F9408B6-9 ┆ og_home    ┆           ┆ … ┆ 2      ┆ ios      ┆ 0         ┆ 1         │
│ T00:00:00+ ┆ 42A-470E-A ┆            ┆           ┆   ┆        ┆          ┆           ┆           │
│ 07:00      ┆ 95F-3ECF0F ┆            ┆           ┆   ┆        ┆          ┆           ┆           │
│            ┆ …          ┆            ┆           ┆   ┆        ┆          ┆           ┆           │
│ …          ┆ …          ┆ …          ┆ …         ┆ … ┆ …      ┆ …        ┆ …         ┆ …         │
│ 2024-08-30 ┆ 2da8099c-b ┆ og_home    ┆           ┆ … ┆ 1      ┆ android  ┆ 2         ┆ 6         │
│ T00:00:00+ ┆ 4ed-4620-9 ┆            ┆           ┆   ┆        ┆          ┆           ┆           │
│ 07:00      ┆ 7dd-a8238e ┆            ┆           ┆   ┆        ┆          ┆           ┆           │
│            ┆ …          ┆            ┆           ┆   ┆        ┆          ┆           ┆           │
│ 2024-08-30 ┆ 4c37a1740c ┆ og_search  ┆ tỏi gà    ┆ … ┆ 2      ┆ zma      ┆ 5         ┆ 6         │
│ T00:00:00+ ┆ 66361fbb4d ┆            ┆           ┆   ┆        ┆          ┆           ┆           │
│ 07:00      ┆ 2e735d49f1 ┆            ┆           ┆   ┆        ┆          ┆           ┆           │
│            ┆ …          ┆            ┆           ┆   ┆        ┆          ┆           ┆           │
│ 2024-08-30 ┆ 451d1abd-b ┆ og_home    ┆           ┆ … ┆ 2      ┆ android  ┆ 8         ┆ 3         │
│ T00:00:00+ ┆ 5fe-46e6-9 ┆            ┆           ┆   ┆        ┆          ┆           ┆           │
│ 07:00      ┆ cae-4fc5c9 ┆            ┆           ┆   ┆        ┆          ┆           ┆           │
│            ┆ …          ┆            ┆           ┆   ┆        ┆          ┆           ┆           │
│ 2024-08-30 ┆ 5D649AD9-2 ┆ og_home    ┆           ┆ … ┆ 1      ┆ ios      ┆ 99        ┆ 154       │
│ T00:00:00+ ┆ 233-4D0A-B ┆            ┆           ┆   ┆        ┆          ┆           ┆           │
│ 07:00      ┆ CF1-073B21 ┆            ┆           ┆   ┆        ┆          ┆           ┆           │
│            ┆ …          ┆            ┆           ┆   ┆        ┆          ┆           ┆           │
│ 2024-08-30 ┆ 0d36970d42 ┆ og_home    ┆           ┆ … ┆ 2      ┆ zma      ┆ 8         ┆ 16        │
│ T00:00:00+ ┆ 92d479310c ┆            ┆           ┆   ┆        ┆          ┆           ┆           │
│ 07:00      ┆ a671f5022c ┆            ┆           ┆   ┆        ┆          ┆           ┆           │
│            ┆ …          ┆            ┆           ┆   ┆        ┆          ┆           ┆           │
└────────────┴────────────┴────────────┴───────────┴───┴────────┴──────────┴───────────┴───────────┘
[2024-10-09T08:01:20.155+0000] {python.py:237} INFO - Done. Returned value was: None
[2024-10-09T08:01:20.156+0000] {taskinstance.py:441} INFO - ::group::Post task execution logs
[2024-10-09T08:01:20.168+0000] {taskinstance.py:1206} INFO - Marking task as SUCCESS. dag_id=dag_ETL_JsonData, task_id=Transfrom_Data_To_DataFrame, run_id=manual__2024-10-09T08:01:08.559676+00:00, execution_date=20241009T080108, start_date=20241009T080115, end_date=20241009T080120
[2024-10-09T08:01:20.223+0000] {local_task_job_runner.py:240} INFO - Task exited with return code 0
[2024-10-09T08:01:20.243+0000] {taskinstance.py:3498} INFO - 0 downstream tasks scheduled from follow-on schedule check
[2024-10-09T08:01:20.248+0000] {local_task_job_runner.py:222} INFO - ::endgroup::
