[2024-10-09T08:03:28.696+0000] {local_task_job_runner.py:120} INFO - ::group::Pre task execution logs
[2024-10-09T08:03:28.728+0000] {taskinstance.py:2076} INFO - Dependencies all met for dep_context=non-requeueable deps ti=<TaskInstance: dag_ETL_JsonData.Transfrom_Data_To_DataFrame manual__2024-10-09T08:01:08.559676+00:00 [queued]>
[2024-10-09T08:03:28.740+0000] {taskinstance.py:2076} INFO - Dependencies all met for dep_context=requeueable deps ti=<TaskInstance: dag_ETL_JsonData.Transfrom_Data_To_DataFrame manual__2024-10-09T08:01:08.559676+00:00 [queued]>
[2024-10-09T08:03:28.741+0000] {taskinstance.py:2306} INFO - Starting attempt 2 of 7
[2024-10-09T08:03:28.757+0000] {taskinstance.py:2330} INFO - Executing <Task(PythonOperator): Transfrom_Data_To_DataFrame> on 2024-10-09 08:01:08.559676+00:00
[2024-10-09T08:03:28.767+0000] {logging_mixin.py:188} WARNING - /home/***/.local/lib/python3.12/site-packages/***/task/task_runner/standard_task_runner.py:61 DeprecationWarning: This process (pid=12962) is multi-threaded, use of fork() may lead to deadlocks in the child.
[2024-10-09T08:03:28.766+0000] {standard_task_runner.py:90} INFO - Running: ['***', 'tasks', 'run', 'dag_ETL_JsonData', 'Transfrom_Data_To_DataFrame', 'manual__2024-10-09T08:01:08.559676+00:00', '--job-id', '718', '--raw', '--subdir', 'DAGS_FOLDER/ETLProject/main.py', '--cfg-path', '/tmp/tmpvzv894_j']
[2024-10-09T08:03:28.768+0000] {standard_task_runner.py:63} INFO - Started process 12964 to run task
[2024-10-09T08:03:28.769+0000] {standard_task_runner.py:91} INFO - Job 718: Subtask Transfrom_Data_To_DataFrame
[2024-10-09T08:03:28.821+0000] {task_command.py:426} INFO - Running <TaskInstance: dag_ETL_JsonData.Transfrom_Data_To_DataFrame manual__2024-10-09T08:01:08.559676+00:00 [running]> on host ecb02e117702
[2024-10-09T08:03:28.950+0000] {taskinstance.py:2648} INFO - Exporting env vars: AIRFLOW_CTX_DAG_OWNER='admin' AIRFLOW_CTX_DAG_ID='dag_ETL_JsonData' AIRFLOW_CTX_TASK_ID='Transfrom_Data_To_DataFrame' AIRFLOW_CTX_EXECUTION_DATE='2024-10-09T08:01:08.559676+00:00' AIRFLOW_CTX_TRY_NUMBER='2' AIRFLOW_CTX_DAG_RUN_ID='manual__2024-10-09T08:01:08.559676+00:00'
[2024-10-09T08:03:28.952+0000] {taskinstance.py:430} INFO - ::endgroup::
[2024-10-09T08:03:32.630+0000] {logging_mixin.py:188} INFO - shape: (2_878, 9)
┌────────────┬────────────┬────────────┬───────────┬───┬────────┬──────────┬───────────┬───────────┐
│ date       ┆ track_id   ┆ page_id    ┆ search_te ┆ … ┆ region ┆ platform ┆ max_posit ┆ count_eve │
│ ---        ┆ ---        ┆ ---        ┆ rm        ┆   ┆ ---    ┆ ---      ┆ ion       ┆ nt        │
│ str        ┆ str        ┆ str        ┆ ---       ┆   ┆ str    ┆ str      ┆ ---       ┆ ---       │
│            ┆            ┆            ┆ str       ┆   ┆        ┆          ┆ str       ┆ u32       │
╞════════════╪════════════╪════════════╪═══════════╪═══╪════════╪══════════╪═══════════╪═══════════╡
│ 2024-08-30 ┆ B768B12F-1 ┆ og_home    ┆           ┆ … ┆ 1      ┆ ios      ┆ 2         ┆ 3         │
│ T00:00:00+ ┆ EA4-454C-8 ┆            ┆           ┆   ┆        ┆          ┆           ┆           │
│ 07:00      ┆ EA8-87D463 ┆            ┆           ┆   ┆        ┆          ┆           ┆           │
│            ┆ …          ┆            ┆           ┆   ┆        ┆          ┆           ┆           │
│ 2024-08-30 ┆ 1A690DFC-2 ┆ og_search  ┆ Phô mai   ┆ … ┆ 2      ┆ ios      ┆ 3         ┆ 4         │
│ T00:00:00+ ┆ E0C-4C6F-B ┆            ┆ bò        ┆   ┆        ┆          ┆           ┆           │
│ 07:00      ┆ 1D4-CAB5CB ┆            ┆           ┆   ┆        ┆          ┆           ┆           │
│            ┆ …          ┆            ┆           ┆   ┆        ┆          ┆           ┆           │
│ 2024-08-30 ┆ 59b89128-1 ┆ og_flashsa ┆           ┆ … ┆ 2      ┆ android  ┆ 9         ┆ 22        │
│ T00:00:00+ ┆ 748-4740-8 ┆ le         ┆           ┆   ┆        ┆          ┆           ┆           │
│ 07:00      ┆ 941-e0f720 ┆            ┆           ┆   ┆        ┆          ┆           ┆           │
│            ┆ …          ┆            ┆           ┆   ┆        ┆          ┆           ┆           │
│ 2024-08-30 ┆ 40633E91-C ┆ og_home    ┆           ┆ … ┆ 1      ┆ ios      ┆ 2         ┆ 3         │
│ T00:00:00+ ┆ EAD-44F1-B ┆            ┆           ┆   ┆        ┆          ┆           ┆           │
│ 07:00      ┆ 27B-A76C2A ┆            ┆           ┆   ┆        ┆          ┆           ┆           │
│            ┆ …          ┆            ┆           ┆   ┆        ┆          ┆           ┆           │
│ 2024-08-30 ┆ a57825fd-2 ┆ og_search  ┆ thùng sữa ┆ … ┆ 2      ┆ android  ┆ 9         ┆ 16        │
│ T00:00:00+ ┆ a75-4be9-8 ┆            ┆ pami túi  ┆   ┆        ┆          ┆           ┆           │
│ 07:00      ┆ eef-2f4f52 ┆            ┆           ┆   ┆        ┆          ┆           ┆           │
│            ┆ …          ┆            ┆           ┆   ┆        ┆          ┆           ┆           │
│ …          ┆ …          ┆ …          ┆ …         ┆ … ┆ …      ┆ …        ┆ …         ┆ …         │
│ 2024-08-30 ┆ 16462965-b ┆ og_flashsa ┆           ┆ … ┆ 1      ┆ android  ┆ 3         ┆ 13        │
│ T00:00:00+ ┆ e73-4c2d-a ┆ le         ┆           ┆   ┆        ┆          ┆           ┆           │
│ 07:00      ┆ ed5-6d9e2d ┆            ┆           ┆   ┆        ┆          ┆           ┆           │
│            ┆ …          ┆            ┆           ┆   ┆        ┆          ┆           ┆           │
│ 2024-08-30 ┆ 8ec6a2db4b ┆ og_search  ┆ bánh bao  ┆ … ┆ 1      ┆ zma      ┆ 3         ┆ 4         │
│ T00:00:00+ ┆ 420f28b206 ┆            ┆           ┆   ┆        ┆          ┆           ┆           │
│ 07:00      ┆ 0a53b69274 ┆            ┆           ┆   ┆        ┆          ┆           ┆           │
│            ┆ …          ┆            ┆           ┆   ┆        ┆          ┆           ┆           │
│ 2024-08-30 ┆ 68193EA3-A ┆ og_home    ┆           ┆ … ┆ 1      ┆ ios      ┆ 9         ┆ 16        │
│ T00:00:00+ ┆ AAC-4D61-A ┆            ┆           ┆   ┆        ┆          ┆           ┆           │
│ 07:00      ┆ 1BC-C0B318 ┆            ┆           ┆   ┆        ┆          ┆           ┆           │
│            ┆ …          ┆            ┆           ┆   ┆        ┆          ┆           ┆           │
│ 2024-08-30 ┆ f9029283-4 ┆ og_search  ┆ Bánh otto ┆ … ┆ 1      ┆ android  ┆ 9         ┆ 100       │
│ T00:00:00+ ┆ 54f-4453-8 ┆            ┆           ┆   ┆        ┆          ┆           ┆           │
│ 07:00      ┆ 787-0ccf61 ┆            ┆           ┆   ┆        ┆          ┆           ┆           │
│            ┆ …          ┆            ┆           ┆   ┆        ┆          ┆           ┆           │
│ 2024-08-30 ┆ 4c97d37bc9 ┆ og_home    ┆           ┆ … ┆ 2      ┆ zma      ┆ 2         ┆ 8         │
│ T00:00:00+ ┆ a9dae4fbde ┆            ┆           ┆   ┆        ┆          ┆           ┆           │
│ 07:00      ┆ d24564a2b5 ┆            ┆           ┆   ┆        ┆          ┆           ┆           │
│            ┆ …          ┆            ┆           ┆   ┆        ┆          ┆           ┆           │
└────────────┴────────────┴────────────┴───────────┴───┴────────┴──────────┴───────────┴───────────┘
[2024-10-09T08:03:32.799+0000] {python.py:237} INFO - Done. Returned value was: None
[2024-10-09T08:03:32.800+0000] {taskinstance.py:441} INFO - ::group::Post task execution logs
[2024-10-09T08:03:32.811+0000] {taskinstance.py:1206} INFO - Marking task as SUCCESS. dag_id=dag_ETL_JsonData, task_id=Transfrom_Data_To_DataFrame, run_id=manual__2024-10-09T08:01:08.559676+00:00, execution_date=20241009T080108, start_date=20241009T080328, end_date=20241009T080332
[2024-10-09T08:03:32.882+0000] {local_task_job_runner.py:240} INFO - Task exited with return code 0
[2024-10-09T08:03:32.895+0000] {logging_mixin.py:188} WARNING - /home/***/.local/lib/python3.12/site-packages/***/models/baseoperator.py:1296 AirflowProviderDeprecationWarning: Call to deprecated class PostgresOperator. (Please use `***.providers.common.sql.operators.sql.SQLExecuteQueryOperator`.Also, you can provide `hook_params={'schema': <database>}`.)
[2024-10-09T08:03:32.907+0000] {taskinstance.py:3498} INFO - 1 downstream tasks scheduled from follow-on schedule check
[2024-10-09T08:03:32.911+0000] {local_task_job_runner.py:222} INFO - ::endgroup::
