[2024-10-09T10:04:35.510+0000] {local_task_job_runner.py:120} INFO - ::group::Pre task execution logs
[2024-10-09T10:04:35.549+0000] {taskinstance.py:2076} INFO - Dependencies all met for dep_context=non-requeueable deps ti=<TaskInstance: dag_ETL_JsonData.check_folder manual__2024-10-09T10:04:34.209447+00:00 [queued]>
[2024-10-09T10:04:35.563+0000] {taskinstance.py:2076} INFO - Dependencies all met for dep_context=requeueable deps ti=<TaskInstance: dag_ETL_JsonData.check_folder manual__2024-10-09T10:04:34.209447+00:00 [queued]>
[2024-10-09T10:04:35.564+0000] {taskinstance.py:2306} INFO - Starting attempt 1 of 6
[2024-10-09T10:04:35.587+0000] {taskinstance.py:2330} INFO - Executing <Task(PythonOperator): check_folder> on 2024-10-09 10:04:34.209447+00:00
[2024-10-09T10:04:35.603+0000] {standard_task_runner.py:90} INFO - Running: ['***', 'tasks', 'run', 'dag_ETL_JsonData', 'check_folder', 'manual__2024-10-09T10:04:34.209447+00:00', '--job-id', '788', '--raw', '--subdir', 'DAGS_FOLDER/ETLProject/main.py', '--cfg-path', '/tmp/tmp4la7htp4']
[2024-10-09T10:04:35.607+0000] {standard_task_runner.py:91} INFO - Job 788: Subtask check_folder
[2024-10-09T10:04:35.608+0000] {logging_mixin.py:188} WARNING - /home/***/.local/lib/python3.12/site-packages/***/task/task_runner/standard_task_runner.py:61 DeprecationWarning: This process (pid=19820) is multi-threaded, use of fork() may lead to deadlocks in the child.
[2024-10-09T10:04:35.609+0000] {standard_task_runner.py:63} INFO - Started process 19830 to run task
[2024-10-09T10:04:35.671+0000] {task_command.py:426} INFO - Running <TaskInstance: dag_ETL_JsonData.check_folder manual__2024-10-09T10:04:34.209447+00:00 [running]> on host ecb02e117702
[2024-10-09T10:04:35.786+0000] {taskinstance.py:2648} INFO - Exporting env vars: AIRFLOW_CTX_DAG_OWNER='admin' AIRFLOW_CTX_DAG_ID='dag_ETL_JsonData' AIRFLOW_CTX_TASK_ID='check_folder' AIRFLOW_CTX_EXECUTION_DATE='2024-10-09T10:04:34.209447+00:00' AIRFLOW_CTX_TRY_NUMBER='1' AIRFLOW_CTX_DAG_RUN_ID='manual__2024-10-09T10:04:34.209447+00:00'
[2024-10-09T10:04:35.787+0000] {taskinstance.py:430} INFO - ::endgroup::
[2024-10-09T10:04:35.836+0000] {taskinstance.py:441} INFO - ::group::Post task execution logs
[2024-10-09T10:04:35.837+0000] {taskinstance.py:2905} ERROR - Task failed with exception
Traceback (most recent call last):
  File "/home/airflow/.local/lib/python3.12/site-packages/airflow/models/taskinstance.py", line 465, in _execute_task
    result = _execute_callable(context=context, **execute_callable_kwargs)
             ^^^^^^^^^^^^^^^^^^^^^^^^^^^^^^^^^^^^^^^^^^^^^^^^^^^^^^^^^^^^^
  File "/home/airflow/.local/lib/python3.12/site-packages/airflow/models/taskinstance.py", line 432, in _execute_callable
    return execute_callable(context=context, **execute_callable_kwargs)
           ^^^^^^^^^^^^^^^^^^^^^^^^^^^^^^^^^^^^^^^^^^^^^^^^^^^^^^^^^^^^
  File "/home/airflow/.local/lib/python3.12/site-packages/airflow/models/baseoperator.py", line 400, in wrapper
    return func(self, *args, **kwargs)
           ^^^^^^^^^^^^^^^^^^^^^^^^^^^
  File "/home/airflow/.local/lib/python3.12/site-packages/airflow/operators/python.py", line 235, in execute
    return_value = self.execute_callable()
                   ^^^^^^^^^^^^^^^^^^^^^^^
  File "/home/airflow/.local/lib/python3.12/site-packages/airflow/operators/python.py", line 252, in execute_callable
    return self.python_callable(*self.op_args, **self.op_kwargs)
           ^^^^^^^^^^^^^^^^^^^^^^^^^^^^^^^^^^^^^^^^^^^^^^^^^^^^^
  File "/opt/airflow/dags/ETLProject/main.py", line 191, in check_folder_new
    with open(processed_file_list, 'a') as f:
         ^^^^^^^^^^^^^^^^^^^^^^^^^^^^^^
FileNotFoundError: [Errno 2] No such file or directory: '/dag/processed_list.txt'
[2024-10-09T10:04:35.854+0000] {taskinstance.py:1206} INFO - Marking task as UP_FOR_RETRY. dag_id=dag_ETL_JsonData, task_id=check_folder, run_id=manual__2024-10-09T10:04:34.209447+00:00, execution_date=20241009T100434, start_date=20241009T100435, end_date=20241009T100435
[2024-10-09T10:04:35.869+0000] {standard_task_runner.py:110} ERROR - Failed to execute job 788 for task check_folder ([Errno 2] No such file or directory: '/dag/processed_list.txt'; 19830)
[2024-10-09T10:04:35.905+0000] {local_task_job_runner.py:240} INFO - Task exited with return code 1
[2024-10-09T10:04:35.926+0000] {taskinstance.py:3498} INFO - 0 downstream tasks scheduled from follow-on schedule check
[2024-10-09T10:04:35.930+0000] {local_task_job_runner.py:222} INFO - ::endgroup::
