[2024-10-09T08:02:10.665+0000] {local_task_job_runner.py:120} INFO - ::group::Pre task execution logs
[2024-10-09T08:02:10.697+0000] {taskinstance.py:2076} INFO - Dependencies all met for dep_context=non-requeueable deps ti=<TaskInstance: dag_ETL_JsonData.Transfrom_Data_To_DataFrame manual__2024-10-09T08:02:04.144838+00:00 [queued]>
[2024-10-09T08:02:10.709+0000] {taskinstance.py:2076} INFO - Dependencies all met for dep_context=requeueable deps ti=<TaskInstance: dag_ETL_JsonData.Transfrom_Data_To_DataFrame manual__2024-10-09T08:02:04.144838+00:00 [queued]>
[2024-10-09T08:02:10.710+0000] {taskinstance.py:2306} INFO - Starting attempt 1 of 6
[2024-10-09T08:02:10.725+0000] {taskinstance.py:2330} INFO - Executing <Task(PythonOperator): Transfrom_Data_To_DataFrame> on 2024-10-09 08:02:04.144838+00:00
[2024-10-09T08:02:10.735+0000] {standard_task_runner.py:90} INFO - Running: ['***', 'tasks', 'run', 'dag_ETL_JsonData', 'Transfrom_Data_To_DataFrame', 'manual__2024-10-09T08:02:04.144838+00:00', '--job-id', '716', '--raw', '--subdir', 'DAGS_FOLDER/ETLProject/main.py', '--cfg-path', '/tmp/tmp2m_9o6mk']
[2024-10-09T08:02:10.735+0000] {logging_mixin.py:188} WARNING - /home/***/.local/lib/python3.12/site-packages/***/task/task_runner/standard_task_runner.py:61 DeprecationWarning: This process (pid=12890) is multi-threaded, use of fork() may lead to deadlocks in the child.
[2024-10-09T08:02:10.737+0000] {standard_task_runner.py:91} INFO - Job 716: Subtask Transfrom_Data_To_DataFrame
[2024-10-09T08:02:10.737+0000] {standard_task_runner.py:63} INFO - Started process 12892 to run task
[2024-10-09T08:02:10.795+0000] {task_command.py:426} INFO - Running <TaskInstance: dag_ETL_JsonData.Transfrom_Data_To_DataFrame manual__2024-10-09T08:02:04.144838+00:00 [running]> on host ecb02e117702
[2024-10-09T08:02:10.898+0000] {taskinstance.py:2648} INFO - Exporting env vars: AIRFLOW_CTX_DAG_OWNER='admin' AIRFLOW_CTX_DAG_ID='dag_ETL_JsonData' AIRFLOW_CTX_TASK_ID='Transfrom_Data_To_DataFrame' AIRFLOW_CTX_EXECUTION_DATE='2024-10-09T08:02:04.144838+00:00' AIRFLOW_CTX_TRY_NUMBER='1' AIRFLOW_CTX_DAG_RUN_ID='manual__2024-10-09T08:02:04.144838+00:00'
[2024-10-09T08:02:10.899+0000] {taskinstance.py:430} INFO - ::endgroup::
[2024-10-09T08:02:14.251+0000] {logging_mixin.py:188} INFO - shape: (2_878, 9)
┌────────────┬────────────┬────────────┬───────────┬───┬────────┬──────────┬───────────┬───────────┐
│ date       ┆ track_id   ┆ page_id    ┆ search_te ┆ … ┆ region ┆ platform ┆ max_posit ┆ count_eve │
│ ---        ┆ ---        ┆ ---        ┆ rm        ┆   ┆ ---    ┆ ---      ┆ ion       ┆ nt        │
│ str        ┆ str        ┆ str        ┆ ---       ┆   ┆ str    ┆ str      ┆ ---       ┆ ---       │
│            ┆            ┆            ┆ str       ┆   ┆        ┆          ┆ str       ┆ u32       │
╞════════════╪════════════╪════════════╪═══════════╪═══╪════════╪══════════╪═══════════╪═══════════╡
│ 2024-08-30 ┆ 99e3faef-e ┆ og_search  ┆ 247       ┆ … ┆ 2      ┆ android  ┆ 2         ┆ 3         │
│ T00:00:00+ ┆ 4fe-4742-9 ┆            ┆           ┆   ┆        ┆          ┆           ┆           │
│ 07:00      ┆ 1fd-0b0958 ┆            ┆           ┆   ┆        ┆          ┆           ┆           │
│            ┆ …          ┆            ┆           ┆   ┆        ┆          ┆           ┆           │
│ 2024-08-30 ┆ 306285A5-B ┆ og_home    ┆           ┆ … ┆ 2      ┆ ios      ┆ 8         ┆ 23        │
│ T00:00:00+ ┆ C4E-4669-B ┆            ┆           ┆   ┆        ┆          ┆           ┆           │
│ 07:00      ┆ A68-93C9B1 ┆            ┆           ┆   ┆        ┆          ┆           ┆           │
│            ┆ …          ┆            ┆           ┆   ┆        ┆          ┆           ┆           │
│ 2024-08-30 ┆ 1ad38d31-d ┆ og_search  ┆ hàn ton   ┆ … ┆ 1      ┆ android  ┆ 9         ┆ 20        │
│ T00:00:00+ ┆ 1bd-4a9f-8 ┆            ┆           ┆   ┆        ┆          ┆           ┆           │
│ 07:00      ┆ a79-15647b ┆            ┆           ┆   ┆        ┆          ┆           ┆           │
│            ┆ …          ┆            ┆           ┆   ┆        ┆          ┆           ┆           │
│ 2024-08-30 ┆ 655A191A-3 ┆ og_home    ┆           ┆ … ┆ 1      ┆ ios      ┆ 9         ┆ 20        │
│ T00:00:00+ ┆ 36D-42AB-8 ┆            ┆           ┆   ┆        ┆          ┆           ┆           │
│ 07:00      ┆ 3F3-DBB314 ┆            ┆           ┆   ┆        ┆          ┆           ┆           │
│            ┆ …          ┆            ┆           ┆   ┆        ┆          ┆           ┆           │
│ 2024-08-30 ┆ 148393de-e ┆ og_home    ┆           ┆ … ┆ 2      ┆ android  ┆ 8         ┆ 14        │
│ T00:00:00+ ┆ 859-460b-9 ┆            ┆           ┆   ┆        ┆          ┆           ┆           │
│ 07:00      ┆ 283-489d6c ┆            ┆           ┆   ┆        ┆          ┆           ┆           │
│            ┆ …          ┆            ┆           ┆   ┆        ┆          ┆           ┆           │
│ …          ┆ …          ┆ …          ┆ …         ┆ … ┆ …      ┆ …        ┆ …         ┆ …         │
│ 2024-08-30 ┆ 3c5e896bc3 ┆ og_new_use ┆           ┆ … ┆ 2      ┆ zma      ┆ 2         ┆ 3         │
│ T00:00:00+ ┆ 48c5dc80db ┆ r_offer    ┆           ┆   ┆        ┆          ┆           ┆           │
│ 07:00      ┆ f7809cb357 ┆            ┆           ┆   ┆        ┆          ┆           ┆           │
│            ┆ …          ┆            ┆           ┆   ┆        ┆          ┆           ┆           │
│ 2024-08-30 ┆ 5C19822E-1 ┆ og_home    ┆           ┆ … ┆ 1      ┆ ios      ┆ 2         ┆ 3         │
│ T00:00:00+ ┆ 222-4EF2-B ┆            ┆           ┆   ┆        ┆          ┆           ┆           │
│ 07:00      ┆ CD4-F7A610 ┆            ┆           ┆   ┆        ┆          ┆           ┆           │
│            ┆ …          ┆            ┆           ┆   ┆        ┆          ┆           ┆           │
│ 2024-08-30 ┆ 9C166B97-7 ┆            ┆           ┆ … ┆ 1      ┆ ios      ┆ 9         ┆ 17        │
│ T00:00:00+ ┆ 4BB-4ABB-B ┆            ┆           ┆   ┆        ┆          ┆           ┆           │
│ 07:00      ┆ 61C-A147DF ┆            ┆           ┆   ┆        ┆          ┆           ┆           │
│            ┆ …          ┆            ┆           ┆   ┆        ┆          ┆           ┆           │
│ 2024-08-30 ┆ 5276871d-9 ┆ og_search  ┆ Rau       ┆ … ┆ 1      ┆ android  ┆ 9         ┆ 40        │
│ T00:00:00+ ┆ 6d0-489c-a ┆            ┆           ┆   ┆        ┆          ┆           ┆           │
│ 07:00      ┆ 042-3a0449 ┆            ┆           ┆   ┆        ┆          ┆           ┆           │
│            ┆ …          ┆            ┆           ┆   ┆        ┆          ┆           ┆           │
│ 2024-08-30 ┆ 444e625df2 ┆ og_new_use ┆           ┆ … ┆ 1      ┆ zma      ┆ 3         ┆ 6         │
│ T00:00:00+ ┆ 52464f6c57 ┆ r_offer    ┆           ┆   ┆        ┆          ┆           ┆           │
│ 07:00      ┆ 40b4e3c389 ┆            ┆           ┆   ┆        ┆          ┆           ┆           │
│            ┆ …          ┆            ┆           ┆   ┆        ┆          ┆           ┆           │
└────────────┴────────────┴────────────┴───────────┴───┴────────┴──────────┴───────────┴───────────┘
[2024-10-09T08:02:14.418+0000] {python.py:237} INFO - Done. Returned value was: None
[2024-10-09T08:02:14.419+0000] {taskinstance.py:441} INFO - ::group::Post task execution logs
[2024-10-09T08:02:14.431+0000] {taskinstance.py:1206} INFO - Marking task as SUCCESS. dag_id=dag_ETL_JsonData, task_id=Transfrom_Data_To_DataFrame, run_id=manual__2024-10-09T08:02:04.144838+00:00, execution_date=20241009T080204, start_date=20241009T080210, end_date=20241009T080214
[2024-10-09T08:02:14.490+0000] {local_task_job_runner.py:240} INFO - Task exited with return code 0
[2024-10-09T08:02:14.503+0000] {logging_mixin.py:188} WARNING - /home/***/.local/lib/python3.12/site-packages/***/models/baseoperator.py:1296 AirflowProviderDeprecationWarning: Call to deprecated class PostgresOperator. (Please use `***.providers.common.sql.operators.sql.SQLExecuteQueryOperator`.Also, you can provide `hook_params={'schema': <database>}`.)
[2024-10-09T08:02:14.520+0000] {taskinstance.py:3498} INFO - 0 downstream tasks scheduled from follow-on schedule check
[2024-10-09T08:02:14.523+0000] {local_task_job_runner.py:222} INFO - ::endgroup::
