[2024-10-09T04:08:39.217+0000] {local_task_job_runner.py:120} INFO - ::group::Pre task execution logs
[2024-10-09T04:08:39.316+0000] {taskinstance.py:2076} INFO - Dependencies all met for dep_context=non-requeueable deps ti=<TaskInstance: dag_ETL_JsonData.Extract_Gzip_To_Json scheduled__2024-10-08T00:00:00+00:00 [queued]>
[2024-10-09T04:08:39.341+0000] {taskinstance.py:2076} INFO - Dependencies all met for dep_context=requeueable deps ti=<TaskInstance: dag_ETL_JsonData.Extract_Gzip_To_Json scheduled__2024-10-08T00:00:00+00:00 [queued]>
[2024-10-09T04:08:39.342+0000] {taskinstance.py:2306} INFO - Starting attempt 1 of 6
[2024-10-09T04:08:39.373+0000] {taskinstance.py:2330} INFO - Executing <Task(PythonOperator): Extract_Gzip_To_Json> on 2024-10-08 00:00:00+00:00
[2024-10-09T04:08:39.389+0000] {standard_task_runner.py:90} INFO - Running: ['***', 'tasks', 'run', 'dag_ETL_JsonData', 'Extract_Gzip_To_Json', 'scheduled__2024-10-08T00:00:00+00:00', '--job-id', '658', '--raw', '--subdir', 'DAGS_FOLDER/ETLProject/main.py', '--cfg-path', '/tmp/tmp53tpl7b7']
[2024-10-09T04:08:39.394+0000] {standard_task_runner.py:91} INFO - Job 658: Subtask Extract_Gzip_To_Json
[2024-10-09T04:08:39.395+0000] {logging_mixin.py:188} WARNING - /home/***/.local/lib/python3.12/site-packages/***/task/task_runner/standard_task_runner.py:61 DeprecationWarning: This process (pid=186) is multi-threaded, use of fork() may lead to deadlocks in the child.
[2024-10-09T04:08:39.396+0000] {standard_task_runner.py:63} INFO - Started process 201 to run task
[2024-10-09T04:08:39.487+0000] {task_command.py:426} INFO - Running <TaskInstance: dag_ETL_JsonData.Extract_Gzip_To_Json scheduled__2024-10-08T00:00:00+00:00 [running]> on host ecb02e117702
[2024-10-09T04:08:39.715+0000] {taskinstance.py:2648} INFO - Exporting env vars: AIRFLOW_CTX_DAG_OWNER='admin' AIRFLOW_CTX_DAG_ID='dag_ETL_JsonData' AIRFLOW_CTX_TASK_ID='Extract_Gzip_To_Json' AIRFLOW_CTX_EXECUTION_DATE='2024-10-08T00:00:00+00:00' AIRFLOW_CTX_TRY_NUMBER='1' AIRFLOW_CTX_DAG_RUN_ID='scheduled__2024-10-08T00:00:00+00:00'
[2024-10-09T04:08:39.717+0000] {taskinstance.py:430} INFO - ::endgroup::
[2024-10-09T04:08:47.629+0000] {python.py:237} INFO - Done. Returned value was: None
[2024-10-09T04:08:47.631+0000] {taskinstance.py:441} INFO - ::group::Post task execution logs
[2024-10-09T04:08:47.645+0000] {taskinstance.py:1206} INFO - Marking task as SUCCESS. dag_id=dag_ETL_JsonData, task_id=Extract_Gzip_To_Json, run_id=scheduled__2024-10-08T00:00:00+00:00, execution_date=20241008T000000, start_date=20241009T040839, end_date=20241009T040847
[2024-10-09T04:08:47.708+0000] {local_task_job_runner.py:240} INFO - Task exited with return code 0
[2024-10-09T04:08:47.738+0000] {taskinstance.py:3498} INFO - 1 downstream tasks scheduled from follow-on schedule check
[2024-10-09T04:08:47.743+0000] {local_task_job_runner.py:222} INFO - ::endgroup::
[2024-10-10T04:05:04.519+0000] {local_task_job_runner.py:120} INFO - ::group::Pre task execution logs
[2024-10-10T04:05:04.614+0000] {taskinstance.py:2076} INFO - Dependencies all met for dep_context=non-requeueable deps ti=<TaskInstance: dag_ETL_JsonData.Extract_Gzip_To_Json scheduled__2024-10-08T00:00:00+00:00 [queued]>
[2024-10-10T04:05:04.668+0000] {taskinstance.py:2076} INFO - Dependencies all met for dep_context=requeueable deps ti=<TaskInstance: dag_ETL_JsonData.Extract_Gzip_To_Json scheduled__2024-10-08T00:00:00+00:00 [queued]>
[2024-10-10T04:05:04.670+0000] {taskinstance.py:2306} INFO - Starting attempt 1 of 6
[2024-10-10T04:05:04.699+0000] {taskinstance.py:2330} INFO - Executing <Task(PythonOperator): Extract_Gzip_To_Json> on 2024-10-08 00:00:00+00:00
[2024-10-10T04:05:04.717+0000] {standard_task_runner.py:90} INFO - Running: ['***', 'tasks', 'run', 'dag_ETL_JsonData', 'Extract_Gzip_To_Json', 'scheduled__2024-10-08T00:00:00+00:00', '--job-id', '976', '--raw', '--subdir', 'DAGS_FOLDER/ETLProject/main.py', '--cfg-path', '/tmp/tmplvb6clrw']
[2024-10-10T04:05:04.722+0000] {standard_task_runner.py:91} INFO - Job 976: Subtask Extract_Gzip_To_Json
[2024-10-10T04:05:04.738+0000] {logging_mixin.py:188} WARNING - /home/***/.local/lib/python3.12/site-packages/***/task/task_runner/standard_task_runner.py:61 DeprecationWarning: This process (pid=6495) is multi-threaded, use of fork() may lead to deadlocks in the child.
[2024-10-10T04:05:04.743+0000] {standard_task_runner.py:63} INFO - Started process 6527 to run task
[2024-10-10T04:05:04.917+0000] {task_command.py:426} INFO - Running <TaskInstance: dag_ETL_JsonData.Extract_Gzip_To_Json scheduled__2024-10-08T00:00:00+00:00 [running]> on host ecb02e117702
[2024-10-10T04:05:05.291+0000] {taskinstance.py:2648} INFO - Exporting env vars: AIRFLOW_CTX_DAG_OWNER='admin' AIRFLOW_CTX_DAG_ID='dag_ETL_JsonData' AIRFLOW_CTX_TASK_ID='Extract_Gzip_To_Json' AIRFLOW_CTX_EXECUTION_DATE='2024-10-08T00:00:00+00:00' AIRFLOW_CTX_TRY_NUMBER='1' AIRFLOW_CTX_DAG_RUN_ID='scheduled__2024-10-08T00:00:00+00:00'
[2024-10-10T04:05:05.294+0000] {taskinstance.py:430} INFO - ::endgroup::
[2024-10-10T04:05:12.539+0000] {local_task_job_runner.py:240} INFO - Task exited with return code -9
[2024-10-10T04:05:13.169+0000] {taskinstance.py:3498} INFO - 0 downstream tasks scheduled from follow-on schedule check
[2024-10-10T04:05:13.216+0000] {local_task_job_runner.py:222} INFO - ::endgroup::
