[2024-10-03T08:00:01.561+0000] {local_task_job_runner.py:120} INFO - ::group::Pre task execution logs
[2024-10-03T08:00:01.647+0000] {taskinstance.py:2076} INFO - Dependencies all met for dep_context=non-requeueable deps ti=<TaskInstance: dag_with_postgres_operator_v2.create_postgres_table scheduled__2024-09-30T00:00:00+00:00 [queued]>
[2024-10-03T08:00:01.671+0000] {taskinstance.py:2076} INFO - Dependencies all met for dep_context=requeueable deps ti=<TaskInstance: dag_with_postgres_operator_v2.create_postgres_table scheduled__2024-09-30T00:00:00+00:00 [queued]>
[2024-10-03T08:00:01.672+0000] {taskinstance.py:2306} INFO - Starting attempt 1 of 6
[2024-10-03T08:00:01.743+0000] {taskinstance.py:2330} INFO - Executing <Task(PostgresOperator): create_postgres_table> on 2024-09-30 00:00:00+00:00
[2024-10-03T08:00:01.753+0000] {standard_task_runner.py:90} INFO - Running: ['***', 'tasks', 'run', 'dag_with_postgres_operator_v2', 'create_postgres_table', 'scheduled__2024-09-30T00:00:00+00:00', '--job-id', '23', '--raw', '--subdir', 'DAGS_FOLDER/dag_with_postgres_operator.py', '--cfg-path', '/tmp/tmp01pm2n57']
[2024-10-03T08:00:01.757+0000] {standard_task_runner.py:91} INFO - Job 23: Subtask create_postgres_table
[2024-10-03T08:00:01.757+0000] {logging_mixin.py:188} WARNING - /home/***/.local/lib/python3.12/site-packages/***/task/task_runner/standard_task_runner.py:61 DeprecationWarning: This process (pid=656) is multi-threaded, use of fork() may lead to deadlocks in the child.
[2024-10-03T08:00:01.759+0000] {standard_task_runner.py:63} INFO - Started process 661 to run task
[2024-10-03T08:00:01.841+0000] {task_command.py:426} INFO - Running <TaskInstance: dag_with_postgres_operator_v2.create_postgres_table scheduled__2024-09-30T00:00:00+00:00 [running]> on host fb5d174c2391
[2024-10-03T08:00:02.019+0000] {taskinstance.py:2648} INFO - Exporting env vars: AIRFLOW_CTX_DAG_OWNER='admin' AIRFLOW_CTX_DAG_ID='dag_with_postgres_operator_v2' AIRFLOW_CTX_TASK_ID='create_postgres_table' AIRFLOW_CTX_EXECUTION_DATE='2024-09-30T00:00:00+00:00' AIRFLOW_CTX_TRY_NUMBER='1' AIRFLOW_CTX_DAG_RUN_ID='scheduled__2024-09-30T00:00:00+00:00'
[2024-10-03T08:00:02.021+0000] {taskinstance.py:430} INFO - ::endgroup::
[2024-10-03T08:00:02.049+0000] {sql.py:276} INFO - Executing: 
            create table if not exists dag_run(
            dt date,
            dag_id character varying,
            primary key (dt, dag_id)
            )
            
[2024-10-03T08:00:02.061+0000] {base.py:84} INFO - Using connection ID 'postgres_localhost' for task execution.
[2024-10-03T08:00:02.072+0000] {base.py:84} INFO - Using connection ID 'postgres_localhost' for task execution.
[2024-10-03T08:00:02.253+0000] {sql.py:470} INFO - Running statement: 
            create table if not exists dag_run(
            dt date,
            dag_id character varying,
            primary key (dt, dag_id)
            )
            , parameters: None
[2024-10-03T08:00:02.258+0000] {taskinstance.py:441} INFO - ::group::Post task execution logs
[2024-10-03T08:00:02.274+0000] {taskinstance.py:1206} INFO - Marking task as SUCCESS. dag_id=dag_with_postgres_operator_v2, task_id=create_postgres_table, run_id=scheduled__2024-09-30T00:00:00+00:00, execution_date=20240930T000000, start_date=20241003T080001, end_date=20241003T080002
[2024-10-03T08:00:02.336+0000] {local_task_job_runner.py:240} INFO - Task exited with return code 0
[2024-10-03T08:00:02.351+0000] {logging_mixin.py:188} WARNING - /home/***/.local/lib/python3.12/site-packages/***/models/baseoperator.py:1296 AirflowProviderDeprecationWarning: Call to deprecated class PostgresOperator. (Please use `***.providers.common.sql.operators.sql.SQLExecuteQueryOperator`.Also, you can provide `hook_params={'schema': <database>}`.)
[2024-10-03T08:00:02.366+0000] {taskinstance.py:3498} INFO - 1 downstream tasks scheduled from follow-on schedule check
[2024-10-03T08:00:02.370+0000] {local_task_job_runner.py:222} INFO - ::endgroup::
