[2024-10-15T04:12:40.878+0000] {processor.py:161} INFO - Started process (PID=8378) to work on /opt/airflow/dags/ETLProject/main.py
[2024-10-15T04:12:40.880+0000] {processor.py:830} INFO - Processing file /opt/airflow/dags/ETLProject/main.py for tasks to queue
[2024-10-15T04:12:40.883+0000] {logging_mixin.py:188} INFO - [2024-10-15T04:12:40.882+0000] {dagbag.py:545} INFO - Filling up the DagBag from /opt/airflow/dags/ETLProject/main.py
[2024-10-15T04:12:41.215+0000] {processor.py:840} INFO - DAG(s) 'dag_ETL_JsonData' retrieved from /opt/airflow/dags/ETLProject/main.py
[2024-10-15T04:12:41.324+0000] {logging_mixin.py:188} INFO - [2024-10-15T04:12:41.323+0000] {dag.py:3096} INFO - Sync 1 DAGs
[2024-10-15T04:12:41.344+0000] {logging_mixin.py:188} INFO - [2024-10-15T04:12:41.344+0000] {dag.py:3954} INFO - Setting next_dagrun for dag_ETL_JsonData to 2024-10-15 00:00:00+00:00, run_after=2024-10-16 00:00:00+00:00
[2024-10-15T04:12:41.392+0000] {processor.py:183} INFO - Processing /opt/airflow/dags/ETLProject/main.py took 0.523 seconds
[2024-10-15T04:13:11.722+0000] {processor.py:161} INFO - Started process (PID=8400) to work on /opt/airflow/dags/ETLProject/main.py
[2024-10-15T04:13:11.723+0000] {processor.py:830} INFO - Processing file /opt/airflow/dags/ETLProject/main.py for tasks to queue
[2024-10-15T04:13:11.725+0000] {logging_mixin.py:188} INFO - [2024-10-15T04:13:11.724+0000] {dagbag.py:545} INFO - Filling up the DagBag from /opt/airflow/dags/ETLProject/main.py
[2024-10-15T04:13:12.003+0000] {processor.py:840} INFO - DAG(s) 'dag_ETL_JsonData' retrieved from /opt/airflow/dags/ETLProject/main.py
[2024-10-15T04:13:12.029+0000] {logging_mixin.py:188} INFO - [2024-10-15T04:13:12.028+0000] {dag.py:3096} INFO - Sync 1 DAGs
[2024-10-15T04:13:12.051+0000] {logging_mixin.py:188} INFO - [2024-10-15T04:13:12.051+0000] {dag.py:3954} INFO - Setting next_dagrun for dag_ETL_JsonData to 2024-10-15 00:00:00+00:00, run_after=2024-10-16 00:00:00+00:00
[2024-10-15T04:13:12.077+0000] {processor.py:183} INFO - Processing /opt/airflow/dags/ETLProject/main.py took 0.360 seconds
[2024-10-15T04:13:42.304+0000] {processor.py:161} INFO - Started process (PID=8422) to work on /opt/airflow/dags/ETLProject/main.py
[2024-10-15T04:13:42.305+0000] {processor.py:830} INFO - Processing file /opt/airflow/dags/ETLProject/main.py for tasks to queue
[2024-10-15T04:13:42.306+0000] {logging_mixin.py:188} INFO - [2024-10-15T04:13:42.306+0000] {dagbag.py:545} INFO - Filling up the DagBag from /opt/airflow/dags/ETLProject/main.py
[2024-10-15T04:13:42.593+0000] {processor.py:840} INFO - DAG(s) 'dag_ETL_JsonData' retrieved from /opt/airflow/dags/ETLProject/main.py
[2024-10-15T04:13:42.620+0000] {logging_mixin.py:188} INFO - [2024-10-15T04:13:42.620+0000] {dag.py:3096} INFO - Sync 1 DAGs
[2024-10-15T04:13:42.640+0000] {logging_mixin.py:188} INFO - [2024-10-15T04:13:42.640+0000] {dag.py:3954} INFO - Setting next_dagrun for dag_ETL_JsonData to 2024-10-15 00:00:00+00:00, run_after=2024-10-16 00:00:00+00:00
[2024-10-15T04:13:42.667+0000] {processor.py:183} INFO - Processing /opt/airflow/dags/ETLProject/main.py took 0.370 seconds
[2024-10-15T04:14:12.805+0000] {processor.py:161} INFO - Started process (PID=8444) to work on /opt/airflow/dags/ETLProject/main.py
[2024-10-15T04:14:12.807+0000] {processor.py:830} INFO - Processing file /opt/airflow/dags/ETLProject/main.py for tasks to queue
[2024-10-15T04:14:12.808+0000] {logging_mixin.py:188} INFO - [2024-10-15T04:14:12.807+0000] {dagbag.py:545} INFO - Filling up the DagBag from /opt/airflow/dags/ETLProject/main.py
[2024-10-15T04:14:13.082+0000] {processor.py:840} INFO - DAG(s) 'dag_ETL_JsonData' retrieved from /opt/airflow/dags/ETLProject/main.py
[2024-10-15T04:14:13.107+0000] {logging_mixin.py:188} INFO - [2024-10-15T04:14:13.106+0000] {dag.py:3096} INFO - Sync 1 DAGs
[2024-10-15T04:14:13.127+0000] {logging_mixin.py:188} INFO - [2024-10-15T04:14:13.127+0000] {dag.py:3954} INFO - Setting next_dagrun for dag_ETL_JsonData to 2024-10-15 00:00:00+00:00, run_after=2024-10-16 00:00:00+00:00
[2024-10-15T04:14:13.163+0000] {processor.py:183} INFO - Processing /opt/airflow/dags/ETLProject/main.py took 0.363 seconds
[2024-10-15T04:14:43.276+0000] {processor.py:161} INFO - Started process (PID=8466) to work on /opt/airflow/dags/ETLProject/main.py
[2024-10-15T04:14:43.278+0000] {processor.py:830} INFO - Processing file /opt/airflow/dags/ETLProject/main.py for tasks to queue
[2024-10-15T04:14:43.279+0000] {logging_mixin.py:188} INFO - [2024-10-15T04:14:43.279+0000] {dagbag.py:545} INFO - Filling up the DagBag from /opt/airflow/dags/ETLProject/main.py
[2024-10-15T04:14:43.510+0000] {processor.py:840} INFO - DAG(s) 'dag_ETL_JsonData' retrieved from /opt/airflow/dags/ETLProject/main.py
[2024-10-15T04:14:43.534+0000] {logging_mixin.py:188} INFO - [2024-10-15T04:14:43.534+0000] {dag.py:3096} INFO - Sync 1 DAGs
[2024-10-15T04:14:43.554+0000] {logging_mixin.py:188} INFO - [2024-10-15T04:14:43.554+0000] {dag.py:3954} INFO - Setting next_dagrun for dag_ETL_JsonData to 2024-10-15 00:00:00+00:00, run_after=2024-10-16 00:00:00+00:00
[2024-10-15T04:14:43.581+0000] {processor.py:183} INFO - Processing /opt/airflow/dags/ETLProject/main.py took 0.309 seconds
[2024-10-15T04:15:13.731+0000] {processor.py:161} INFO - Started process (PID=8488) to work on /opt/airflow/dags/ETLProject/main.py
[2024-10-15T04:15:13.733+0000] {processor.py:830} INFO - Processing file /opt/airflow/dags/ETLProject/main.py for tasks to queue
[2024-10-15T04:15:13.734+0000] {logging_mixin.py:188} INFO - [2024-10-15T04:15:13.734+0000] {dagbag.py:545} INFO - Filling up the DagBag from /opt/airflow/dags/ETLProject/main.py
[2024-10-15T04:15:14.011+0000] {processor.py:840} INFO - DAG(s) 'dag_ETL_JsonData' retrieved from /opt/airflow/dags/ETLProject/main.py
[2024-10-15T04:15:14.037+0000] {logging_mixin.py:188} INFO - [2024-10-15T04:15:14.036+0000] {dag.py:3096} INFO - Sync 1 DAGs
[2024-10-15T04:15:14.058+0000] {logging_mixin.py:188} INFO - [2024-10-15T04:15:14.058+0000] {dag.py:3954} INFO - Setting next_dagrun for dag_ETL_JsonData to 2024-10-15 00:00:00+00:00, run_after=2024-10-16 00:00:00+00:00
[2024-10-15T04:15:14.083+0000] {processor.py:183} INFO - Processing /opt/airflow/dags/ETLProject/main.py took 0.357 seconds
[2024-10-15T04:15:44.294+0000] {processor.py:161} INFO - Started process (PID=8510) to work on /opt/airflow/dags/ETLProject/main.py
[2024-10-15T04:15:44.295+0000] {processor.py:830} INFO - Processing file /opt/airflow/dags/ETLProject/main.py for tasks to queue
[2024-10-15T04:15:44.297+0000] {logging_mixin.py:188} INFO - [2024-10-15T04:15:44.296+0000] {dagbag.py:545} INFO - Filling up the DagBag from /opt/airflow/dags/ETLProject/main.py
[2024-10-15T04:15:44.539+0000] {processor.py:840} INFO - DAG(s) 'dag_ETL_JsonData' retrieved from /opt/airflow/dags/ETLProject/main.py
[2024-10-15T04:15:44.563+0000] {logging_mixin.py:188} INFO - [2024-10-15T04:15:44.563+0000] {dag.py:3096} INFO - Sync 1 DAGs
[2024-10-15T04:15:44.584+0000] {logging_mixin.py:188} INFO - [2024-10-15T04:15:44.584+0000] {dag.py:3954} INFO - Setting next_dagrun for dag_ETL_JsonData to 2024-10-15 00:00:00+00:00, run_after=2024-10-16 00:00:00+00:00
[2024-10-15T04:15:44.607+0000] {processor.py:183} INFO - Processing /opt/airflow/dags/ETLProject/main.py took 0.318 seconds
[2024-10-15T04:16:14.911+0000] {processor.py:161} INFO - Started process (PID=8532) to work on /opt/airflow/dags/ETLProject/main.py
[2024-10-15T04:16:14.912+0000] {processor.py:830} INFO - Processing file /opt/airflow/dags/ETLProject/main.py for tasks to queue
[2024-10-15T04:16:14.914+0000] {logging_mixin.py:188} INFO - [2024-10-15T04:16:14.913+0000] {dagbag.py:545} INFO - Filling up the DagBag from /opt/airflow/dags/ETLProject/main.py
[2024-10-15T04:16:15.194+0000] {processor.py:840} INFO - DAG(s) 'dag_ETL_JsonData' retrieved from /opt/airflow/dags/ETLProject/main.py
[2024-10-15T04:16:15.220+0000] {logging_mixin.py:188} INFO - [2024-10-15T04:16:15.219+0000] {dag.py:3096} INFO - Sync 1 DAGs
[2024-10-15T04:16:15.242+0000] {logging_mixin.py:188} INFO - [2024-10-15T04:16:15.242+0000] {dag.py:3954} INFO - Setting next_dagrun for dag_ETL_JsonData to 2024-10-15 00:00:00+00:00, run_after=2024-10-16 00:00:00+00:00
[2024-10-15T04:16:15.267+0000] {processor.py:183} INFO - Processing /opt/airflow/dags/ETLProject/main.py took 0.361 seconds
[2024-10-15T04:16:45.368+0000] {processor.py:161} INFO - Started process (PID=8554) to work on /opt/airflow/dags/ETLProject/main.py
[2024-10-15T04:16:45.369+0000] {processor.py:830} INFO - Processing file /opt/airflow/dags/ETLProject/main.py for tasks to queue
[2024-10-15T04:16:45.370+0000] {logging_mixin.py:188} INFO - [2024-10-15T04:16:45.370+0000] {dagbag.py:545} INFO - Filling up the DagBag from /opt/airflow/dags/ETLProject/main.py
[2024-10-15T04:16:45.635+0000] {processor.py:840} INFO - DAG(s) 'dag_ETL_JsonData' retrieved from /opt/airflow/dags/ETLProject/main.py
[2024-10-15T04:16:45.665+0000] {logging_mixin.py:188} INFO - [2024-10-15T04:16:45.664+0000] {dag.py:3096} INFO - Sync 1 DAGs
[2024-10-15T04:16:45.690+0000] {logging_mixin.py:188} INFO - [2024-10-15T04:16:45.689+0000] {dag.py:3954} INFO - Setting next_dagrun for dag_ETL_JsonData to 2024-10-15 00:00:00+00:00, run_after=2024-10-16 00:00:00+00:00
[2024-10-15T04:16:45.716+0000] {processor.py:183} INFO - Processing /opt/airflow/dags/ETLProject/main.py took 0.353 seconds
[2024-10-15T04:17:15.844+0000] {processor.py:161} INFO - Started process (PID=8576) to work on /opt/airflow/dags/ETLProject/main.py
[2024-10-15T04:17:15.845+0000] {processor.py:830} INFO - Processing file /opt/airflow/dags/ETLProject/main.py for tasks to queue
[2024-10-15T04:17:15.846+0000] {logging_mixin.py:188} INFO - [2024-10-15T04:17:15.846+0000] {dagbag.py:545} INFO - Filling up the DagBag from /opt/airflow/dags/ETLProject/main.py
[2024-10-15T04:17:16.138+0000] {processor.py:840} INFO - DAG(s) 'dag_ETL_JsonData' retrieved from /opt/airflow/dags/ETLProject/main.py
[2024-10-15T04:17:16.162+0000] {logging_mixin.py:188} INFO - [2024-10-15T04:17:16.162+0000] {dag.py:3096} INFO - Sync 1 DAGs
[2024-10-15T04:17:16.184+0000] {logging_mixin.py:188} INFO - [2024-10-15T04:17:16.183+0000] {dag.py:3954} INFO - Setting next_dagrun for dag_ETL_JsonData to 2024-10-15 00:00:00+00:00, run_after=2024-10-16 00:00:00+00:00
[2024-10-15T04:17:16.211+0000] {processor.py:183} INFO - Processing /opt/airflow/dags/ETLProject/main.py took 0.373 seconds
[2024-10-15T04:17:46.461+0000] {processor.py:161} INFO - Started process (PID=8598) to work on /opt/airflow/dags/ETLProject/main.py
[2024-10-15T04:17:46.462+0000] {processor.py:830} INFO - Processing file /opt/airflow/dags/ETLProject/main.py for tasks to queue
[2024-10-15T04:17:46.464+0000] {logging_mixin.py:188} INFO - [2024-10-15T04:17:46.463+0000] {dagbag.py:545} INFO - Filling up the DagBag from /opt/airflow/dags/ETLProject/main.py
[2024-10-15T04:17:46.735+0000] {processor.py:840} INFO - DAG(s) 'dag_ETL_JsonData' retrieved from /opt/airflow/dags/ETLProject/main.py
[2024-10-15T04:17:46.760+0000] {logging_mixin.py:188} INFO - [2024-10-15T04:17:46.760+0000] {dag.py:3096} INFO - Sync 1 DAGs
[2024-10-15T04:17:46.782+0000] {logging_mixin.py:188} INFO - [2024-10-15T04:17:46.781+0000] {dag.py:3954} INFO - Setting next_dagrun for dag_ETL_JsonData to 2024-10-15 00:00:00+00:00, run_after=2024-10-16 00:00:00+00:00
[2024-10-15T04:17:46.808+0000] {processor.py:183} INFO - Processing /opt/airflow/dags/ETLProject/main.py took 0.351 seconds
[2024-10-15T04:18:17.063+0000] {processor.py:161} INFO - Started process (PID=8620) to work on /opt/airflow/dags/ETLProject/main.py
[2024-10-15T04:18:17.064+0000] {processor.py:830} INFO - Processing file /opt/airflow/dags/ETLProject/main.py for tasks to queue
[2024-10-15T04:18:17.065+0000] {logging_mixin.py:188} INFO - [2024-10-15T04:18:17.065+0000] {dagbag.py:545} INFO - Filling up the DagBag from /opt/airflow/dags/ETLProject/main.py
[2024-10-15T04:18:17.313+0000] {processor.py:840} INFO - DAG(s) 'dag_ETL_JsonData' retrieved from /opt/airflow/dags/ETLProject/main.py
[2024-10-15T04:18:17.337+0000] {logging_mixin.py:188} INFO - [2024-10-15T04:18:17.337+0000] {dag.py:3096} INFO - Sync 1 DAGs
[2024-10-15T04:18:17.358+0000] {logging_mixin.py:188} INFO - [2024-10-15T04:18:17.358+0000] {dag.py:3954} INFO - Setting next_dagrun for dag_ETL_JsonData to 2024-10-15 00:00:00+00:00, run_after=2024-10-16 00:00:00+00:00
[2024-10-15T04:18:17.399+0000] {processor.py:183} INFO - Processing /opt/airflow/dags/ETLProject/main.py took 0.342 seconds
[2024-10-15T04:18:47.642+0000] {processor.py:161} INFO - Started process (PID=8642) to work on /opt/airflow/dags/ETLProject/main.py
[2024-10-15T04:18:47.643+0000] {processor.py:830} INFO - Processing file /opt/airflow/dags/ETLProject/main.py for tasks to queue
[2024-10-15T04:18:47.645+0000] {logging_mixin.py:188} INFO - [2024-10-15T04:18:47.644+0000] {dagbag.py:545} INFO - Filling up the DagBag from /opt/airflow/dags/ETLProject/main.py
[2024-10-15T04:18:47.938+0000] {processor.py:840} INFO - DAG(s) 'dag_ETL_JsonData' retrieved from /opt/airflow/dags/ETLProject/main.py
[2024-10-15T04:18:47.966+0000] {logging_mixin.py:188} INFO - [2024-10-15T04:18:47.965+0000] {dag.py:3096} INFO - Sync 1 DAGs
[2024-10-15T04:18:47.986+0000] {logging_mixin.py:188} INFO - [2024-10-15T04:18:47.986+0000] {dag.py:3954} INFO - Setting next_dagrun for dag_ETL_JsonData to 2024-10-15 00:00:00+00:00, run_after=2024-10-16 00:00:00+00:00
[2024-10-15T04:18:48.015+0000] {processor.py:183} INFO - Processing /opt/airflow/dags/ETLProject/main.py took 0.378 seconds
[2024-10-15T04:19:18.140+0000] {processor.py:161} INFO - Started process (PID=8665) to work on /opt/airflow/dags/ETLProject/main.py
[2024-10-15T04:19:18.141+0000] {processor.py:830} INFO - Processing file /opt/airflow/dags/ETLProject/main.py for tasks to queue
[2024-10-15T04:19:18.143+0000] {logging_mixin.py:188} INFO - [2024-10-15T04:19:18.142+0000] {dagbag.py:545} INFO - Filling up the DagBag from /opt/airflow/dags/ETLProject/main.py
[2024-10-15T04:19:18.448+0000] {processor.py:840} INFO - DAG(s) 'dag_ETL_JsonData' retrieved from /opt/airflow/dags/ETLProject/main.py
[2024-10-15T04:19:18.478+0000] {logging_mixin.py:188} INFO - [2024-10-15T04:19:18.478+0000] {dag.py:3096} INFO - Sync 1 DAGs
[2024-10-15T04:19:18.504+0000] {logging_mixin.py:188} INFO - [2024-10-15T04:19:18.504+0000] {dag.py:3954} INFO - Setting next_dagrun for dag_ETL_JsonData to 2024-10-15 00:00:00+00:00, run_after=2024-10-16 00:00:00+00:00
[2024-10-15T04:19:18.543+0000] {processor.py:183} INFO - Processing /opt/airflow/dags/ETLProject/main.py took 0.408 seconds
[2024-10-15T04:19:48.723+0000] {processor.py:161} INFO - Started process (PID=8687) to work on /opt/airflow/dags/ETLProject/main.py
[2024-10-15T04:19:48.725+0000] {processor.py:830} INFO - Processing file /opt/airflow/dags/ETLProject/main.py for tasks to queue
[2024-10-15T04:19:48.726+0000] {logging_mixin.py:188} INFO - [2024-10-15T04:19:48.726+0000] {dagbag.py:545} INFO - Filling up the DagBag from /opt/airflow/dags/ETLProject/main.py
[2024-10-15T04:19:48.990+0000] {processor.py:840} INFO - DAG(s) 'dag_ETL_JsonData' retrieved from /opt/airflow/dags/ETLProject/main.py
[2024-10-15T04:19:49.015+0000] {logging_mixin.py:188} INFO - [2024-10-15T04:19:49.015+0000] {dag.py:3096} INFO - Sync 1 DAGs
[2024-10-15T04:19:49.038+0000] {logging_mixin.py:188} INFO - [2024-10-15T04:19:49.038+0000] {dag.py:3954} INFO - Setting next_dagrun for dag_ETL_JsonData to 2024-10-15 00:00:00+00:00, run_after=2024-10-16 00:00:00+00:00
[2024-10-15T04:19:49.066+0000] {processor.py:183} INFO - Processing /opt/airflow/dags/ETLProject/main.py took 0.348 seconds
[2024-10-15T04:20:19.551+0000] {processor.py:161} INFO - Started process (PID=8709) to work on /opt/airflow/dags/ETLProject/main.py
[2024-10-15T04:20:19.553+0000] {processor.py:830} INFO - Processing file /opt/airflow/dags/ETLProject/main.py for tasks to queue
[2024-10-15T04:20:19.555+0000] {logging_mixin.py:188} INFO - [2024-10-15T04:20:19.554+0000] {dagbag.py:545} INFO - Filling up the DagBag from /opt/airflow/dags/ETLProject/main.py
[2024-10-15T04:20:19.830+0000] {processor.py:840} INFO - DAG(s) 'dag_ETL_JsonData' retrieved from /opt/airflow/dags/ETLProject/main.py
[2024-10-15T04:20:19.856+0000] {logging_mixin.py:188} INFO - [2024-10-15T04:20:19.856+0000] {dag.py:3096} INFO - Sync 1 DAGs
[2024-10-15T04:20:19.877+0000] {logging_mixin.py:188} INFO - [2024-10-15T04:20:19.876+0000] {dag.py:3954} INFO - Setting next_dagrun for dag_ETL_JsonData to 2024-10-15 00:00:00+00:00, run_after=2024-10-16 00:00:00+00:00
[2024-10-15T04:20:19.904+0000] {processor.py:183} INFO - Processing /opt/airflow/dags/ETLProject/main.py took 0.361 seconds
[2024-10-15T04:20:50.327+0000] {processor.py:161} INFO - Started process (PID=8731) to work on /opt/airflow/dags/ETLProject/main.py
[2024-10-15T04:20:50.329+0000] {processor.py:830} INFO - Processing file /opt/airflow/dags/ETLProject/main.py for tasks to queue
[2024-10-15T04:20:50.331+0000] {logging_mixin.py:188} INFO - [2024-10-15T04:20:50.330+0000] {dagbag.py:545} INFO - Filling up the DagBag from /opt/airflow/dags/ETLProject/main.py
[2024-10-15T04:20:50.594+0000] {processor.py:840} INFO - DAG(s) 'dag_ETL_JsonData' retrieved from /opt/airflow/dags/ETLProject/main.py
[2024-10-15T04:20:50.621+0000] {logging_mixin.py:188} INFO - [2024-10-15T04:20:50.621+0000] {dag.py:3096} INFO - Sync 1 DAGs
[2024-10-15T04:20:50.645+0000] {logging_mixin.py:188} INFO - [2024-10-15T04:20:50.644+0000] {dag.py:3954} INFO - Setting next_dagrun for dag_ETL_JsonData to 2024-10-15 00:00:00+00:00, run_after=2024-10-16 00:00:00+00:00
[2024-10-15T04:20:50.670+0000] {processor.py:183} INFO - Processing /opt/airflow/dags/ETLProject/main.py took 0.348 seconds
[2024-10-15T04:21:20.968+0000] {processor.py:161} INFO - Started process (PID=8753) to work on /opt/airflow/dags/ETLProject/main.py
[2024-10-15T04:21:20.969+0000] {processor.py:830} INFO - Processing file /opt/airflow/dags/ETLProject/main.py for tasks to queue
[2024-10-15T04:21:20.970+0000] {logging_mixin.py:188} INFO - [2024-10-15T04:21:20.970+0000] {dagbag.py:545} INFO - Filling up the DagBag from /opt/airflow/dags/ETLProject/main.py
[2024-10-15T04:21:21.087+0000] {processor.py:840} INFO - DAG(s) 'dag_ETL_JsonData' retrieved from /opt/airflow/dags/ETLProject/main.py
[2024-10-15T04:21:21.119+0000] {logging_mixin.py:188} INFO - [2024-10-15T04:21:21.118+0000] {dag.py:3096} INFO - Sync 1 DAGs
[2024-10-15T04:21:21.143+0000] {logging_mixin.py:188} INFO - [2024-10-15T04:21:21.142+0000] {dag.py:3954} INFO - Setting next_dagrun for dag_ETL_JsonData to 2024-10-15 00:00:00+00:00, run_after=2024-10-16 00:00:00+00:00
[2024-10-15T04:21:21.172+0000] {processor.py:183} INFO - Processing /opt/airflow/dags/ETLProject/main.py took 0.209 seconds
[2024-10-15T04:21:51.456+0000] {processor.py:161} INFO - Started process (PID=8775) to work on /opt/airflow/dags/ETLProject/main.py
[2024-10-15T04:21:51.457+0000] {processor.py:830} INFO - Processing file /opt/airflow/dags/ETLProject/main.py for tasks to queue
[2024-10-15T04:21:51.459+0000] {logging_mixin.py:188} INFO - [2024-10-15T04:21:51.458+0000] {dagbag.py:545} INFO - Filling up the DagBag from /opt/airflow/dags/ETLProject/main.py
[2024-10-15T04:21:51.580+0000] {processor.py:840} INFO - DAG(s) 'dag_ETL_JsonData' retrieved from /opt/airflow/dags/ETLProject/main.py
[2024-10-15T04:21:51.606+0000] {logging_mixin.py:188} INFO - [2024-10-15T04:21:51.606+0000] {dag.py:3096} INFO - Sync 1 DAGs
[2024-10-15T04:21:51.628+0000] {logging_mixin.py:188} INFO - [2024-10-15T04:21:51.627+0000] {dag.py:3954} INFO - Setting next_dagrun for dag_ETL_JsonData to 2024-10-15 00:00:00+00:00, run_after=2024-10-16 00:00:00+00:00
[2024-10-15T04:21:51.656+0000] {processor.py:183} INFO - Processing /opt/airflow/dags/ETLProject/main.py took 0.206 seconds
[2024-10-15T04:22:21.932+0000] {processor.py:161} INFO - Started process (PID=8797) to work on /opt/airflow/dags/ETLProject/main.py
[2024-10-15T04:22:21.933+0000] {processor.py:830} INFO - Processing file /opt/airflow/dags/ETLProject/main.py for tasks to queue
[2024-10-15T04:22:21.934+0000] {logging_mixin.py:188} INFO - [2024-10-15T04:22:21.934+0000] {dagbag.py:545} INFO - Filling up the DagBag from /opt/airflow/dags/ETLProject/main.py
[2024-10-15T04:22:22.050+0000] {processor.py:840} INFO - DAG(s) 'dag_ETL_JsonData' retrieved from /opt/airflow/dags/ETLProject/main.py
[2024-10-15T04:22:22.078+0000] {logging_mixin.py:188} INFO - [2024-10-15T04:22:22.077+0000] {dag.py:3096} INFO - Sync 1 DAGs
[2024-10-15T04:22:22.098+0000] {logging_mixin.py:188} INFO - [2024-10-15T04:22:22.098+0000] {dag.py:3954} INFO - Setting next_dagrun for dag_ETL_JsonData to 2024-10-15 00:00:00+00:00, run_after=2024-10-16 00:00:00+00:00
[2024-10-15T04:22:22.124+0000] {processor.py:183} INFO - Processing /opt/airflow/dags/ETLProject/main.py took 0.197 seconds
[2024-10-15T04:22:52.414+0000] {processor.py:161} INFO - Started process (PID=8819) to work on /opt/airflow/dags/ETLProject/main.py
[2024-10-15T04:22:52.416+0000] {processor.py:830} INFO - Processing file /opt/airflow/dags/ETLProject/main.py for tasks to queue
[2024-10-15T04:22:52.418+0000] {logging_mixin.py:188} INFO - [2024-10-15T04:22:52.418+0000] {dagbag.py:545} INFO - Filling up the DagBag from /opt/airflow/dags/ETLProject/main.py
[2024-10-15T04:22:52.539+0000] {processor.py:840} INFO - DAG(s) 'dag_ETL_JsonData' retrieved from /opt/airflow/dags/ETLProject/main.py
[2024-10-15T04:22:52.571+0000] {logging_mixin.py:188} INFO - [2024-10-15T04:22:52.570+0000] {dag.py:3096} INFO - Sync 1 DAGs
[2024-10-15T04:22:52.596+0000] {logging_mixin.py:188} INFO - [2024-10-15T04:22:52.596+0000] {dag.py:3954} INFO - Setting next_dagrun for dag_ETL_JsonData to 2024-10-15 00:00:00+00:00, run_after=2024-10-16 00:00:00+00:00
[2024-10-15T04:22:52.624+0000] {processor.py:183} INFO - Processing /opt/airflow/dags/ETLProject/main.py took 0.218 seconds
[2024-10-15T04:23:22.890+0000] {processor.py:161} INFO - Started process (PID=8841) to work on /opt/airflow/dags/ETLProject/main.py
[2024-10-15T04:23:22.891+0000] {processor.py:830} INFO - Processing file /opt/airflow/dags/ETLProject/main.py for tasks to queue
[2024-10-15T04:23:22.892+0000] {logging_mixin.py:188} INFO - [2024-10-15T04:23:22.892+0000] {dagbag.py:545} INFO - Filling up the DagBag from /opt/airflow/dags/ETLProject/main.py
[2024-10-15T04:23:23.008+0000] {processor.py:840} INFO - DAG(s) 'dag_ETL_JsonData' retrieved from /opt/airflow/dags/ETLProject/main.py
[2024-10-15T04:23:23.037+0000] {logging_mixin.py:188} INFO - [2024-10-15T04:23:23.036+0000] {dag.py:3096} INFO - Sync 1 DAGs
[2024-10-15T04:23:23.058+0000] {logging_mixin.py:188} INFO - [2024-10-15T04:23:23.058+0000] {dag.py:3954} INFO - Setting next_dagrun for dag_ETL_JsonData to 2024-10-15 00:00:00+00:00, run_after=2024-10-16 00:00:00+00:00
[2024-10-15T04:23:23.087+0000] {processor.py:183} INFO - Processing /opt/airflow/dags/ETLProject/main.py took 0.202 seconds
[2024-10-15T04:23:53.225+0000] {processor.py:161} INFO - Started process (PID=8863) to work on /opt/airflow/dags/ETLProject/main.py
[2024-10-15T04:23:53.226+0000] {processor.py:830} INFO - Processing file /opt/airflow/dags/ETLProject/main.py for tasks to queue
[2024-10-15T04:23:53.227+0000] {logging_mixin.py:188} INFO - [2024-10-15T04:23:53.227+0000] {dagbag.py:545} INFO - Filling up the DagBag from /opt/airflow/dags/ETLProject/main.py
[2024-10-15T04:23:53.346+0000] {processor.py:840} INFO - DAG(s) 'dag_ETL_JsonData' retrieved from /opt/airflow/dags/ETLProject/main.py
[2024-10-15T04:23:53.376+0000] {logging_mixin.py:188} INFO - [2024-10-15T04:23:53.376+0000] {dag.py:3096} INFO - Sync 1 DAGs
[2024-10-15T04:23:53.401+0000] {logging_mixin.py:188} INFO - [2024-10-15T04:23:53.400+0000] {dag.py:3954} INFO - Setting next_dagrun for dag_ETL_JsonData to 2024-10-15 00:00:00+00:00, run_after=2024-10-16 00:00:00+00:00
[2024-10-15T04:23:53.428+0000] {processor.py:183} INFO - Processing /opt/airflow/dags/ETLProject/main.py took 0.209 seconds
[2024-10-15T04:24:23.804+0000] {processor.py:161} INFO - Started process (PID=8885) to work on /opt/airflow/dags/ETLProject/main.py
[2024-10-15T04:24:23.805+0000] {processor.py:830} INFO - Processing file /opt/airflow/dags/ETLProject/main.py for tasks to queue
[2024-10-15T04:24:23.807+0000] {logging_mixin.py:188} INFO - [2024-10-15T04:24:23.806+0000] {dagbag.py:545} INFO - Filling up the DagBag from /opt/airflow/dags/ETLProject/main.py
[2024-10-15T04:24:23.937+0000] {processor.py:840} INFO - DAG(s) 'dag_ETL_JsonData' retrieved from /opt/airflow/dags/ETLProject/main.py
[2024-10-15T04:24:23.969+0000] {logging_mixin.py:188} INFO - [2024-10-15T04:24:23.968+0000] {dag.py:3096} INFO - Sync 1 DAGs
[2024-10-15T04:24:23.997+0000] {logging_mixin.py:188} INFO - [2024-10-15T04:24:23.996+0000] {dag.py:3954} INFO - Setting next_dagrun for dag_ETL_JsonData to 2024-10-15 00:00:00+00:00, run_after=2024-10-16 00:00:00+00:00
[2024-10-15T04:24:24.034+0000] {processor.py:183} INFO - Processing /opt/airflow/dags/ETLProject/main.py took 0.236 seconds
[2024-10-15T04:24:54.402+0000] {processor.py:161} INFO - Started process (PID=8907) to work on /opt/airflow/dags/ETLProject/main.py
[2024-10-15T04:24:54.403+0000] {processor.py:830} INFO - Processing file /opt/airflow/dags/ETLProject/main.py for tasks to queue
[2024-10-15T04:24:54.405+0000] {logging_mixin.py:188} INFO - [2024-10-15T04:24:54.404+0000] {dagbag.py:545} INFO - Filling up the DagBag from /opt/airflow/dags/ETLProject/main.py
[2024-10-15T04:24:54.611+0000] {processor.py:840} INFO - DAG(s) 'dag_ETL_JsonData' retrieved from /opt/airflow/dags/ETLProject/main.py
[2024-10-15T04:24:54.657+0000] {logging_mixin.py:188} INFO - [2024-10-15T04:24:54.657+0000] {dag.py:3096} INFO - Sync 1 DAGs
[2024-10-15T04:24:54.690+0000] {logging_mixin.py:188} INFO - [2024-10-15T04:24:54.689+0000] {dag.py:3954} INFO - Setting next_dagrun for dag_ETL_JsonData to 2024-10-15 00:00:00+00:00, run_after=2024-10-16 00:00:00+00:00
[2024-10-15T04:24:54.715+0000] {processor.py:183} INFO - Processing /opt/airflow/dags/ETLProject/main.py took 0.327 seconds
[2024-10-15T04:25:25.062+0000] {processor.py:161} INFO - Started process (PID=8929) to work on /opt/airflow/dags/ETLProject/main.py
[2024-10-15T04:25:25.063+0000] {processor.py:830} INFO - Processing file /opt/airflow/dags/ETLProject/main.py for tasks to queue
[2024-10-15T04:25:25.064+0000] {logging_mixin.py:188} INFO - [2024-10-15T04:25:25.064+0000] {dagbag.py:545} INFO - Filling up the DagBag from /opt/airflow/dags/ETLProject/main.py
[2024-10-15T04:25:25.183+0000] {processor.py:840} INFO - DAG(s) 'dag_ETL_JsonData' retrieved from /opt/airflow/dags/ETLProject/main.py
[2024-10-15T04:25:25.213+0000] {logging_mixin.py:188} INFO - [2024-10-15T04:25:25.213+0000] {dag.py:3096} INFO - Sync 1 DAGs
[2024-10-15T04:25:25.237+0000] {logging_mixin.py:188} INFO - [2024-10-15T04:25:25.237+0000] {dag.py:3954} INFO - Setting next_dagrun for dag_ETL_JsonData to 2024-10-15 00:00:00+00:00, run_after=2024-10-16 00:00:00+00:00
[2024-10-15T04:25:25.267+0000] {processor.py:183} INFO - Processing /opt/airflow/dags/ETLProject/main.py took 0.212 seconds
[2024-10-15T04:25:55.671+0000] {processor.py:161} INFO - Started process (PID=8951) to work on /opt/airflow/dags/ETLProject/main.py
[2024-10-15T04:25:55.672+0000] {processor.py:830} INFO - Processing file /opt/airflow/dags/ETLProject/main.py for tasks to queue
[2024-10-15T04:25:55.674+0000] {logging_mixin.py:188} INFO - [2024-10-15T04:25:55.674+0000] {dagbag.py:545} INFO - Filling up the DagBag from /opt/airflow/dags/ETLProject/main.py
[2024-10-15T04:25:55.816+0000] {processor.py:840} INFO - DAG(s) 'dag_ETL_JsonData' retrieved from /opt/airflow/dags/ETLProject/main.py
[2024-10-15T04:25:55.853+0000] {logging_mixin.py:188} INFO - [2024-10-15T04:25:55.852+0000] {dag.py:3096} INFO - Sync 1 DAGs
[2024-10-15T04:25:55.884+0000] {logging_mixin.py:188} INFO - [2024-10-15T04:25:55.883+0000] {dag.py:3954} INFO - Setting next_dagrun for dag_ETL_JsonData to 2024-10-15 00:00:00+00:00, run_after=2024-10-16 00:00:00+00:00
[2024-10-15T04:25:55.913+0000] {processor.py:183} INFO - Processing /opt/airflow/dags/ETLProject/main.py took 0.252 seconds
[2024-10-15T04:26:26.236+0000] {processor.py:161} INFO - Started process (PID=8973) to work on /opt/airflow/dags/ETLProject/main.py
[2024-10-15T04:26:26.237+0000] {processor.py:830} INFO - Processing file /opt/airflow/dags/ETLProject/main.py for tasks to queue
[2024-10-15T04:26:26.238+0000] {logging_mixin.py:188} INFO - [2024-10-15T04:26:26.238+0000] {dagbag.py:545} INFO - Filling up the DagBag from /opt/airflow/dags/ETLProject/main.py
[2024-10-15T04:26:26.350+0000] {processor.py:840} INFO - DAG(s) 'dag_ETL_JsonData' retrieved from /opt/airflow/dags/ETLProject/main.py
[2024-10-15T04:26:26.378+0000] {logging_mixin.py:188} INFO - [2024-10-15T04:26:26.377+0000] {dag.py:3096} INFO - Sync 1 DAGs
[2024-10-15T04:26:26.401+0000] {logging_mixin.py:188} INFO - [2024-10-15T04:26:26.401+0000] {dag.py:3954} INFO - Setting next_dagrun for dag_ETL_JsonData to 2024-10-15 00:00:00+00:00, run_after=2024-10-16 00:00:00+00:00
[2024-10-15T04:26:26.440+0000] {processor.py:183} INFO - Processing /opt/airflow/dags/ETLProject/main.py took 0.210 seconds
[2024-10-15T04:26:56.568+0000] {processor.py:161} INFO - Started process (PID=8995) to work on /opt/airflow/dags/ETLProject/main.py
[2024-10-15T04:26:56.569+0000] {processor.py:830} INFO - Processing file /opt/airflow/dags/ETLProject/main.py for tasks to queue
[2024-10-15T04:26:56.570+0000] {logging_mixin.py:188} INFO - [2024-10-15T04:26:56.570+0000] {dagbag.py:545} INFO - Filling up the DagBag from /opt/airflow/dags/ETLProject/main.py
[2024-10-15T04:26:56.687+0000] {processor.py:840} INFO - DAG(s) 'dag_ETL_JsonData' retrieved from /opt/airflow/dags/ETLProject/main.py
[2024-10-15T04:26:56.715+0000] {logging_mixin.py:188} INFO - [2024-10-15T04:26:56.715+0000] {dag.py:3096} INFO - Sync 1 DAGs
[2024-10-15T04:26:56.738+0000] {logging_mixin.py:188} INFO - [2024-10-15T04:26:56.738+0000] {dag.py:3954} INFO - Setting next_dagrun for dag_ETL_JsonData to 2024-10-15 00:00:00+00:00, run_after=2024-10-16 00:00:00+00:00
[2024-10-15T04:26:56.775+0000] {processor.py:183} INFO - Processing /opt/airflow/dags/ETLProject/main.py took 0.213 seconds
[2024-10-15T04:27:27.170+0000] {processor.py:161} INFO - Started process (PID=9017) to work on /opt/airflow/dags/ETLProject/main.py
[2024-10-15T04:27:27.171+0000] {processor.py:830} INFO - Processing file /opt/airflow/dags/ETLProject/main.py for tasks to queue
[2024-10-15T04:27:27.172+0000] {logging_mixin.py:188} INFO - [2024-10-15T04:27:27.172+0000] {dagbag.py:545} INFO - Filling up the DagBag from /opt/airflow/dags/ETLProject/main.py
[2024-10-15T04:27:27.294+0000] {processor.py:840} INFO - DAG(s) 'dag_ETL_JsonData' retrieved from /opt/airflow/dags/ETLProject/main.py
[2024-10-15T04:27:27.326+0000] {logging_mixin.py:188} INFO - [2024-10-15T04:27:27.325+0000] {dag.py:3096} INFO - Sync 1 DAGs
[2024-10-15T04:27:27.350+0000] {logging_mixin.py:188} INFO - [2024-10-15T04:27:27.350+0000] {dag.py:3954} INFO - Setting next_dagrun for dag_ETL_JsonData to 2024-10-15 00:00:00+00:00, run_after=2024-10-16 00:00:00+00:00
[2024-10-15T04:27:27.377+0000] {processor.py:183} INFO - Processing /opt/airflow/dags/ETLProject/main.py took 0.215 seconds
[2024-10-15T04:27:57.745+0000] {processor.py:161} INFO - Started process (PID=9039) to work on /opt/airflow/dags/ETLProject/main.py
[2024-10-15T04:27:57.746+0000] {processor.py:830} INFO - Processing file /opt/airflow/dags/ETLProject/main.py for tasks to queue
[2024-10-15T04:27:57.747+0000] {logging_mixin.py:188} INFO - [2024-10-15T04:27:57.747+0000] {dagbag.py:545} INFO - Filling up the DagBag from /opt/airflow/dags/ETLProject/main.py
[2024-10-15T04:27:57.872+0000] {processor.py:840} INFO - DAG(s) 'dag_ETL_JsonData' retrieved from /opt/airflow/dags/ETLProject/main.py
[2024-10-15T04:27:57.902+0000] {logging_mixin.py:188} INFO - [2024-10-15T04:27:57.901+0000] {dag.py:3096} INFO - Sync 1 DAGs
[2024-10-15T04:27:57.927+0000] {logging_mixin.py:188} INFO - [2024-10-15T04:27:57.927+0000] {dag.py:3954} INFO - Setting next_dagrun for dag_ETL_JsonData to 2024-10-15 00:00:00+00:00, run_after=2024-10-16 00:00:00+00:00
[2024-10-15T04:27:57.971+0000] {processor.py:183} INFO - Processing /opt/airflow/dags/ETLProject/main.py took 0.232 seconds
[2024-10-15T04:28:28.342+0000] {processor.py:161} INFO - Started process (PID=9061) to work on /opt/airflow/dags/ETLProject/main.py
[2024-10-15T04:28:28.344+0000] {processor.py:830} INFO - Processing file /opt/airflow/dags/ETLProject/main.py for tasks to queue
[2024-10-15T04:28:28.345+0000] {logging_mixin.py:188} INFO - [2024-10-15T04:28:28.344+0000] {dagbag.py:545} INFO - Filling up the DagBag from /opt/airflow/dags/ETLProject/main.py
[2024-10-15T04:28:28.469+0000] {processor.py:840} INFO - DAG(s) 'dag_ETL_JsonData' retrieved from /opt/airflow/dags/ETLProject/main.py
[2024-10-15T04:28:28.499+0000] {logging_mixin.py:188} INFO - [2024-10-15T04:28:28.499+0000] {dag.py:3096} INFO - Sync 1 DAGs
[2024-10-15T04:28:28.523+0000] {logging_mixin.py:188} INFO - [2024-10-15T04:28:28.522+0000] {dag.py:3954} INFO - Setting next_dagrun for dag_ETL_JsonData to 2024-10-15 00:00:00+00:00, run_after=2024-10-16 00:00:00+00:00
[2024-10-15T04:28:28.551+0000] {processor.py:183} INFO - Processing /opt/airflow/dags/ETLProject/main.py took 0.215 seconds
[2024-10-15T04:28:58.965+0000] {processor.py:161} INFO - Started process (PID=9083) to work on /opt/airflow/dags/ETLProject/main.py
[2024-10-15T04:28:58.966+0000] {processor.py:830} INFO - Processing file /opt/airflow/dags/ETLProject/main.py for tasks to queue
[2024-10-15T04:28:58.968+0000] {logging_mixin.py:188} INFO - [2024-10-15T04:28:58.967+0000] {dagbag.py:545} INFO - Filling up the DagBag from /opt/airflow/dags/ETLProject/main.py
[2024-10-15T04:28:59.082+0000] {processor.py:840} INFO - DAG(s) 'dag_ETL_JsonData' retrieved from /opt/airflow/dags/ETLProject/main.py
[2024-10-15T04:28:59.111+0000] {logging_mixin.py:188} INFO - [2024-10-15T04:28:59.111+0000] {dag.py:3096} INFO - Sync 1 DAGs
[2024-10-15T04:28:59.133+0000] {logging_mixin.py:188} INFO - [2024-10-15T04:28:59.133+0000] {dag.py:3954} INFO - Setting next_dagrun for dag_ETL_JsonData to 2024-10-15 00:00:00+00:00, run_after=2024-10-16 00:00:00+00:00
[2024-10-15T04:28:59.170+0000] {processor.py:183} INFO - Processing /opt/airflow/dags/ETLProject/main.py took 0.210 seconds
[2024-10-15T04:29:29.523+0000] {processor.py:161} INFO - Started process (PID=9105) to work on /opt/airflow/dags/ETLProject/main.py
[2024-10-15T04:29:29.524+0000] {processor.py:830} INFO - Processing file /opt/airflow/dags/ETLProject/main.py for tasks to queue
[2024-10-15T04:29:29.526+0000] {logging_mixin.py:188} INFO - [2024-10-15T04:29:29.526+0000] {dagbag.py:545} INFO - Filling up the DagBag from /opt/airflow/dags/ETLProject/main.py
[2024-10-15T04:29:29.643+0000] {processor.py:840} INFO - DAG(s) 'dag_ETL_JsonData' retrieved from /opt/airflow/dags/ETLProject/main.py
[2024-10-15T04:29:29.672+0000] {logging_mixin.py:188} INFO - [2024-10-15T04:29:29.672+0000] {dag.py:3096} INFO - Sync 1 DAGs
[2024-10-15T04:29:29.695+0000] {logging_mixin.py:188} INFO - [2024-10-15T04:29:29.695+0000] {dag.py:3954} INFO - Setting next_dagrun for dag_ETL_JsonData to 2024-10-15 00:00:00+00:00, run_after=2024-10-16 00:00:00+00:00
[2024-10-15T04:29:29.721+0000] {processor.py:183} INFO - Processing /opt/airflow/dags/ETLProject/main.py took 0.203 seconds
[2024-10-15T04:30:00.327+0000] {processor.py:161} INFO - Started process (PID=9133) to work on /opt/airflow/dags/ETLProject/main.py
[2024-10-15T04:30:00.329+0000] {processor.py:830} INFO - Processing file /opt/airflow/dags/ETLProject/main.py for tasks to queue
[2024-10-15T04:30:00.330+0000] {logging_mixin.py:188} INFO - [2024-10-15T04:30:00.330+0000] {dagbag.py:545} INFO - Filling up the DagBag from /opt/airflow/dags/ETLProject/main.py
[2024-10-15T04:30:00.449+0000] {processor.py:840} INFO - DAG(s) 'dag_ETL_JsonData' retrieved from /opt/airflow/dags/ETLProject/main.py
[2024-10-15T04:30:00.477+0000] {logging_mixin.py:188} INFO - [2024-10-15T04:30:00.477+0000] {dag.py:3096} INFO - Sync 1 DAGs
[2024-10-15T04:30:00.504+0000] {logging_mixin.py:188} INFO - [2024-10-15T04:30:00.503+0000] {dag.py:3954} INFO - Setting next_dagrun for dag_ETL_JsonData to 2024-10-15 00:00:00+00:00, run_after=2024-10-16 00:00:00+00:00
[2024-10-15T04:30:00.532+0000] {processor.py:183} INFO - Processing /opt/airflow/dags/ETLProject/main.py took 0.209 seconds
[2024-10-15T04:30:30.664+0000] {processor.py:161} INFO - Started process (PID=9155) to work on /opt/airflow/dags/ETLProject/main.py
[2024-10-15T04:30:30.666+0000] {processor.py:830} INFO - Processing file /opt/airflow/dags/ETLProject/main.py for tasks to queue
[2024-10-15T04:30:30.667+0000] {logging_mixin.py:188} INFO - [2024-10-15T04:30:30.667+0000] {dagbag.py:545} INFO - Filling up the DagBag from /opt/airflow/dags/ETLProject/main.py
[2024-10-15T04:30:30.783+0000] {processor.py:840} INFO - DAG(s) 'dag_ETL_JsonData' retrieved from /opt/airflow/dags/ETLProject/main.py
[2024-10-15T04:30:30.809+0000] {logging_mixin.py:188} INFO - [2024-10-15T04:30:30.809+0000] {dag.py:3096} INFO - Sync 1 DAGs
[2024-10-15T04:30:30.835+0000] {logging_mixin.py:188} INFO - [2024-10-15T04:30:30.834+0000] {dag.py:3954} INFO - Setting next_dagrun for dag_ETL_JsonData to 2024-10-15 00:00:00+00:00, run_after=2024-10-16 00:00:00+00:00
[2024-10-15T04:30:30.870+0000] {processor.py:183} INFO - Processing /opt/airflow/dags/ETLProject/main.py took 0.212 seconds
[2024-10-15T04:31:01.285+0000] {processor.py:161} INFO - Started process (PID=9177) to work on /opt/airflow/dags/ETLProject/main.py
[2024-10-15T04:31:01.286+0000] {processor.py:830} INFO - Processing file /opt/airflow/dags/ETLProject/main.py for tasks to queue
[2024-10-15T04:31:01.287+0000] {logging_mixin.py:188} INFO - [2024-10-15T04:31:01.287+0000] {dagbag.py:545} INFO - Filling up the DagBag from /opt/airflow/dags/ETLProject/main.py
[2024-10-15T04:31:01.400+0000] {processor.py:840} INFO - DAG(s) 'dag_ETL_JsonData' retrieved from /opt/airflow/dags/ETLProject/main.py
[2024-10-15T04:31:01.429+0000] {logging_mixin.py:188} INFO - [2024-10-15T04:31:01.429+0000] {dag.py:3096} INFO - Sync 1 DAGs
[2024-10-15T04:31:01.453+0000] {logging_mixin.py:188} INFO - [2024-10-15T04:31:01.452+0000] {dag.py:3954} INFO - Setting next_dagrun for dag_ETL_JsonData to 2024-10-15 00:00:00+00:00, run_after=2024-10-16 00:00:00+00:00
[2024-10-15T04:31:01.489+0000] {processor.py:183} INFO - Processing /opt/airflow/dags/ETLProject/main.py took 0.209 seconds
[2024-10-15T04:31:31.814+0000] {processor.py:161} INFO - Started process (PID=9199) to work on /opt/airflow/dags/ETLProject/main.py
[2024-10-15T04:31:31.816+0000] {processor.py:830} INFO - Processing file /opt/airflow/dags/ETLProject/main.py for tasks to queue
[2024-10-15T04:31:31.817+0000] {logging_mixin.py:188} INFO - [2024-10-15T04:31:31.817+0000] {dagbag.py:545} INFO - Filling up the DagBag from /opt/airflow/dags/ETLProject/main.py
[2024-10-15T04:31:31.936+0000] {processor.py:840} INFO - DAG(s) 'dag_ETL_JsonData' retrieved from /opt/airflow/dags/ETLProject/main.py
[2024-10-15T04:31:31.964+0000] {logging_mixin.py:188} INFO - [2024-10-15T04:31:31.964+0000] {dag.py:3096} INFO - Sync 1 DAGs
[2024-10-15T04:31:31.988+0000] {logging_mixin.py:188} INFO - [2024-10-15T04:31:31.988+0000] {dag.py:3954} INFO - Setting next_dagrun for dag_ETL_JsonData to 2024-10-15 00:00:00+00:00, run_after=2024-10-16 00:00:00+00:00
[2024-10-15T04:31:32.027+0000] {processor.py:183} INFO - Processing /opt/airflow/dags/ETLProject/main.py took 0.218 seconds
[2024-10-15T04:32:02.141+0000] {processor.py:161} INFO - Started process (PID=9221) to work on /opt/airflow/dags/ETLProject/main.py
[2024-10-15T04:32:02.143+0000] {processor.py:830} INFO - Processing file /opt/airflow/dags/ETLProject/main.py for tasks to queue
[2024-10-15T04:32:02.145+0000] {logging_mixin.py:188} INFO - [2024-10-15T04:32:02.144+0000] {dagbag.py:545} INFO - Filling up the DagBag from /opt/airflow/dags/ETLProject/main.py
[2024-10-15T04:32:02.272+0000] {processor.py:840} INFO - DAG(s) 'dag_ETL_JsonData' retrieved from /opt/airflow/dags/ETLProject/main.py
[2024-10-15T04:32:02.301+0000] {logging_mixin.py:188} INFO - [2024-10-15T04:32:02.301+0000] {dag.py:3096} INFO - Sync 1 DAGs
[2024-10-15T04:32:02.323+0000] {logging_mixin.py:188} INFO - [2024-10-15T04:32:02.323+0000] {dag.py:3954} INFO - Setting next_dagrun for dag_ETL_JsonData to 2024-10-15 00:00:00+00:00, run_after=2024-10-16 00:00:00+00:00
[2024-10-15T04:32:02.363+0000] {processor.py:183} INFO - Processing /opt/airflow/dags/ETLProject/main.py took 0.227 seconds
[2024-10-15T04:32:32.740+0000] {processor.py:161} INFO - Started process (PID=9243) to work on /opt/airflow/dags/ETLProject/main.py
[2024-10-15T04:32:32.742+0000] {processor.py:830} INFO - Processing file /opt/airflow/dags/ETLProject/main.py for tasks to queue
[2024-10-15T04:32:32.744+0000] {logging_mixin.py:188} INFO - [2024-10-15T04:32:32.743+0000] {dagbag.py:545} INFO - Filling up the DagBag from /opt/airflow/dags/ETLProject/main.py
[2024-10-15T04:32:32.879+0000] {processor.py:840} INFO - DAG(s) 'dag_ETL_JsonData' retrieved from /opt/airflow/dags/ETLProject/main.py
[2024-10-15T04:32:32.907+0000] {logging_mixin.py:188} INFO - [2024-10-15T04:32:32.907+0000] {dag.py:3096} INFO - Sync 1 DAGs
[2024-10-15T04:32:32.931+0000] {logging_mixin.py:188} INFO - [2024-10-15T04:32:32.931+0000] {dag.py:3954} INFO - Setting next_dagrun for dag_ETL_JsonData to 2024-10-15 00:00:00+00:00, run_after=2024-10-16 00:00:00+00:00
[2024-10-15T04:32:32.958+0000] {processor.py:183} INFO - Processing /opt/airflow/dags/ETLProject/main.py took 0.223 seconds
[2024-10-15T04:32:56.247+0000] {processor.py:161} INFO - Started process (PID=9259) to work on /opt/airflow/dags/ETLProject/main.py
[2024-10-15T04:32:56.249+0000] {processor.py:830} INFO - Processing file /opt/airflow/dags/ETLProject/main.py for tasks to queue
[2024-10-15T04:32:56.251+0000] {logging_mixin.py:188} INFO - [2024-10-15T04:32:56.250+0000] {dagbag.py:545} INFO - Filling up the DagBag from /opt/airflow/dags/ETLProject/main.py
[2024-10-15T04:32:56.536+0000] {processor.py:840} INFO - DAG(s) 'dag_ETL_JsonData' retrieved from /opt/airflow/dags/ETLProject/main.py
[2024-10-15T04:32:56.726+0000] {logging_mixin.py:188} INFO - [2024-10-15T04:32:56.726+0000] {dag.py:3096} INFO - Sync 1 DAGs
[2024-10-15T04:32:56.753+0000] {logging_mixin.py:188} INFO - [2024-10-15T04:32:56.753+0000] {dag.py:3954} INFO - Setting next_dagrun for dag_ETL_JsonData to 2024-10-15 00:00:00+00:00, run_after=2024-10-16 00:00:00+00:00
[2024-10-15T04:32:56.788+0000] {processor.py:183} INFO - Processing /opt/airflow/dags/ETLProject/main.py took 0.549 seconds
[2024-10-15T04:33:26.868+0000] {processor.py:161} INFO - Started process (PID=9281) to work on /opt/airflow/dags/ETLProject/main.py
[2024-10-15T04:33:26.870+0000] {processor.py:830} INFO - Processing file /opt/airflow/dags/ETLProject/main.py for tasks to queue
[2024-10-15T04:33:26.871+0000] {logging_mixin.py:188} INFO - [2024-10-15T04:33:26.870+0000] {dagbag.py:545} INFO - Filling up the DagBag from /opt/airflow/dags/ETLProject/main.py
[2024-10-15T04:33:27.001+0000] {processor.py:840} INFO - DAG(s) 'dag_ETL_JsonData' retrieved from /opt/airflow/dags/ETLProject/main.py
[2024-10-15T04:33:27.035+0000] {logging_mixin.py:188} INFO - [2024-10-15T04:33:27.034+0000] {dag.py:3096} INFO - Sync 1 DAGs
[2024-10-15T04:33:27.061+0000] {logging_mixin.py:188} INFO - [2024-10-15T04:33:27.060+0000] {dag.py:3954} INFO - Setting next_dagrun for dag_ETL_JsonData to 2024-10-15 00:00:00+00:00, run_after=2024-10-16 00:00:00+00:00
[2024-10-15T04:33:27.091+0000] {processor.py:183} INFO - Processing /opt/airflow/dags/ETLProject/main.py took 0.228 seconds
[2024-10-15T04:33:57.203+0000] {processor.py:161} INFO - Started process (PID=9303) to work on /opt/airflow/dags/ETLProject/main.py
[2024-10-15T04:33:57.204+0000] {processor.py:830} INFO - Processing file /opt/airflow/dags/ETLProject/main.py for tasks to queue
[2024-10-15T04:33:57.206+0000] {logging_mixin.py:188} INFO - [2024-10-15T04:33:57.205+0000] {dagbag.py:545} INFO - Filling up the DagBag from /opt/airflow/dags/ETLProject/main.py
[2024-10-15T04:33:57.328+0000] {processor.py:840} INFO - DAG(s) 'dag_ETL_JsonData' retrieved from /opt/airflow/dags/ETLProject/main.py
[2024-10-15T04:33:57.358+0000] {logging_mixin.py:188} INFO - [2024-10-15T04:33:57.358+0000] {dag.py:3096} INFO - Sync 1 DAGs
[2024-10-15T04:33:57.382+0000] {logging_mixin.py:188} INFO - [2024-10-15T04:33:57.381+0000] {dag.py:3954} INFO - Setting next_dagrun for dag_ETL_JsonData to 2024-10-15 00:00:00+00:00, run_after=2024-10-16 00:00:00+00:00
[2024-10-15T04:33:57.423+0000] {processor.py:183} INFO - Processing /opt/airflow/dags/ETLProject/main.py took 0.225 seconds
[2024-10-15T04:34:27.824+0000] {processor.py:161} INFO - Started process (PID=9325) to work on /opt/airflow/dags/ETLProject/main.py
[2024-10-15T04:34:27.825+0000] {processor.py:830} INFO - Processing file /opt/airflow/dags/ETLProject/main.py for tasks to queue
[2024-10-15T04:34:27.826+0000] {logging_mixin.py:188} INFO - [2024-10-15T04:34:27.826+0000] {dagbag.py:545} INFO - Filling up the DagBag from /opt/airflow/dags/ETLProject/main.py
[2024-10-15T04:34:27.946+0000] {processor.py:840} INFO - DAG(s) 'dag_ETL_JsonData' retrieved from /opt/airflow/dags/ETLProject/main.py
[2024-10-15T04:34:27.977+0000] {logging_mixin.py:188} INFO - [2024-10-15T04:34:27.977+0000] {dag.py:3096} INFO - Sync 1 DAGs
[2024-10-15T04:34:28.004+0000] {logging_mixin.py:188} INFO - [2024-10-15T04:34:28.004+0000] {dag.py:3954} INFO - Setting next_dagrun for dag_ETL_JsonData to 2024-10-15 00:00:00+00:00, run_after=2024-10-16 00:00:00+00:00
[2024-10-15T04:34:28.029+0000] {processor.py:183} INFO - Processing /opt/airflow/dags/ETLProject/main.py took 0.211 seconds
[2024-10-15T04:34:58.569+0000] {processor.py:161} INFO - Started process (PID=9352) to work on /opt/airflow/dags/ETLProject/main.py
[2024-10-15T04:34:58.570+0000] {processor.py:830} INFO - Processing file /opt/airflow/dags/ETLProject/main.py for tasks to queue
[2024-10-15T04:34:58.571+0000] {logging_mixin.py:188} INFO - [2024-10-15T04:34:58.571+0000] {dagbag.py:545} INFO - Filling up the DagBag from /opt/airflow/dags/ETLProject/main.py
[2024-10-15T04:34:58.689+0000] {processor.py:840} INFO - DAG(s) 'dag_ETL_JsonData' retrieved from /opt/airflow/dags/ETLProject/main.py
[2024-10-15T04:34:58.718+0000] {logging_mixin.py:188} INFO - [2024-10-15T04:34:58.718+0000] {dag.py:3096} INFO - Sync 1 DAGs
[2024-10-15T04:34:58.739+0000] {logging_mixin.py:188} INFO - [2024-10-15T04:34:58.739+0000] {dag.py:3954} INFO - Setting next_dagrun for dag_ETL_JsonData to 2024-10-15 00:00:00+00:00, run_after=2024-10-16 00:00:00+00:00
[2024-10-15T04:34:58.776+0000] {processor.py:183} INFO - Processing /opt/airflow/dags/ETLProject/main.py took 0.212 seconds
[2024-10-15T04:35:29.070+0000] {processor.py:161} INFO - Started process (PID=9379) to work on /opt/airflow/dags/ETLProject/main.py
[2024-10-15T04:35:29.072+0000] {processor.py:830} INFO - Processing file /opt/airflow/dags/ETLProject/main.py for tasks to queue
[2024-10-15T04:35:29.073+0000] {logging_mixin.py:188} INFO - [2024-10-15T04:35:29.073+0000] {dagbag.py:545} INFO - Filling up the DagBag from /opt/airflow/dags/ETLProject/main.py
[2024-10-15T04:35:29.195+0000] {processor.py:840} INFO - DAG(s) 'dag_ETL_JsonData' retrieved from /opt/airflow/dags/ETLProject/main.py
[2024-10-15T04:35:29.224+0000] {logging_mixin.py:188} INFO - [2024-10-15T04:35:29.224+0000] {dag.py:3096} INFO - Sync 1 DAGs
[2024-10-15T04:35:29.247+0000] {logging_mixin.py:188} INFO - [2024-10-15T04:35:29.247+0000] {dag.py:3954} INFO - Setting next_dagrun for dag_ETL_JsonData to 2024-10-15 00:00:00+00:00, run_after=2024-10-16 00:00:00+00:00
[2024-10-15T04:35:29.275+0000] {processor.py:183} INFO - Processing /opt/airflow/dags/ETLProject/main.py took 0.210 seconds
[2024-10-15T04:35:59.727+0000] {processor.py:161} INFO - Started process (PID=9406) to work on /opt/airflow/dags/ETLProject/main.py
[2024-10-15T04:35:59.728+0000] {processor.py:830} INFO - Processing file /opt/airflow/dags/ETLProject/main.py for tasks to queue
[2024-10-15T04:35:59.729+0000] {logging_mixin.py:188} INFO - [2024-10-15T04:35:59.729+0000] {dagbag.py:545} INFO - Filling up the DagBag from /opt/airflow/dags/ETLProject/main.py
[2024-10-15T04:35:59.849+0000] {processor.py:840} INFO - DAG(s) 'dag_ETL_JsonData' retrieved from /opt/airflow/dags/ETLProject/main.py
[2024-10-15T04:35:59.879+0000] {logging_mixin.py:188} INFO - [2024-10-15T04:35:59.878+0000] {dag.py:3096} INFO - Sync 1 DAGs
[2024-10-15T04:35:59.903+0000] {logging_mixin.py:188} INFO - [2024-10-15T04:35:59.903+0000] {dag.py:3954} INFO - Setting next_dagrun for dag_ETL_JsonData to 2024-10-15 00:00:00+00:00, run_after=2024-10-16 00:00:00+00:00
[2024-10-15T04:35:59.931+0000] {processor.py:183} INFO - Processing /opt/airflow/dags/ETLProject/main.py took 0.210 seconds
[2024-10-15T04:36:30.406+0000] {processor.py:161} INFO - Started process (PID=9433) to work on /opt/airflow/dags/ETLProject/main.py
[2024-10-15T04:36:30.407+0000] {processor.py:830} INFO - Processing file /opt/airflow/dags/ETLProject/main.py for tasks to queue
[2024-10-15T04:36:30.408+0000] {logging_mixin.py:188} INFO - [2024-10-15T04:36:30.408+0000] {dagbag.py:545} INFO - Filling up the DagBag from /opt/airflow/dags/ETLProject/main.py
[2024-10-15T04:36:30.529+0000] {processor.py:840} INFO - DAG(s) 'dag_ETL_JsonData' retrieved from /opt/airflow/dags/ETLProject/main.py
[2024-10-15T04:36:30.558+0000] {logging_mixin.py:188} INFO - [2024-10-15T04:36:30.558+0000] {dag.py:3096} INFO - Sync 1 DAGs
[2024-10-15T04:36:30.583+0000] {logging_mixin.py:188} INFO - [2024-10-15T04:36:30.583+0000] {dag.py:3954} INFO - Setting next_dagrun for dag_ETL_JsonData to 2024-10-15 00:00:00+00:00, run_after=2024-10-16 00:00:00+00:00
[2024-10-15T04:36:30.609+0000] {processor.py:183} INFO - Processing /opt/airflow/dags/ETLProject/main.py took 0.209 seconds
[2024-10-15T04:37:01.068+0000] {processor.py:161} INFO - Started process (PID=9466) to work on /opt/airflow/dags/ETLProject/main.py
[2024-10-15T04:37:01.070+0000] {processor.py:830} INFO - Processing file /opt/airflow/dags/ETLProject/main.py for tasks to queue
[2024-10-15T04:37:01.071+0000] {logging_mixin.py:188} INFO - [2024-10-15T04:37:01.071+0000] {dagbag.py:545} INFO - Filling up the DagBag from /opt/airflow/dags/ETLProject/main.py
[2024-10-15T04:37:01.194+0000] {processor.py:840} INFO - DAG(s) 'dag_ETL_JsonData' retrieved from /opt/airflow/dags/ETLProject/main.py
[2024-10-15T04:37:01.239+0000] {logging_mixin.py:188} INFO - [2024-10-15T04:37:01.238+0000] {dag.py:3096} INFO - Sync 1 DAGs
[2024-10-15T04:37:01.267+0000] {logging_mixin.py:188} INFO - [2024-10-15T04:37:01.266+0000] {dag.py:3954} INFO - Setting next_dagrun for dag_ETL_JsonData to 2024-10-15 00:00:00+00:00, run_after=2024-10-16 00:00:00+00:00
[2024-10-15T04:37:01.295+0000] {processor.py:183} INFO - Processing /opt/airflow/dags/ETLProject/main.py took 0.232 seconds
[2024-10-15T04:37:31.617+0000] {processor.py:161} INFO - Started process (PID=9493) to work on /opt/airflow/dags/ETLProject/main.py
[2024-10-15T04:37:31.619+0000] {processor.py:830} INFO - Processing file /opt/airflow/dags/ETLProject/main.py for tasks to queue
[2024-10-15T04:37:31.620+0000] {logging_mixin.py:188} INFO - [2024-10-15T04:37:31.620+0000] {dagbag.py:545} INFO - Filling up the DagBag from /opt/airflow/dags/ETLProject/main.py
[2024-10-15T04:37:31.745+0000] {processor.py:840} INFO - DAG(s) 'dag_ETL_JsonData' retrieved from /opt/airflow/dags/ETLProject/main.py
[2024-10-15T04:37:31.775+0000] {logging_mixin.py:188} INFO - [2024-10-15T04:37:31.775+0000] {dag.py:3096} INFO - Sync 1 DAGs
[2024-10-15T04:37:31.797+0000] {logging_mixin.py:188} INFO - [2024-10-15T04:37:31.796+0000] {dag.py:3954} INFO - Setting next_dagrun for dag_ETL_JsonData to 2024-10-15 00:00:00+00:00, run_after=2024-10-16 00:00:00+00:00
[2024-10-15T04:37:31.833+0000] {processor.py:183} INFO - Processing /opt/airflow/dags/ETLProject/main.py took 0.221 seconds
[2024-10-15T04:38:02.150+0000] {processor.py:161} INFO - Started process (PID=9520) to work on /opt/airflow/dags/ETLProject/main.py
[2024-10-15T04:38:02.151+0000] {processor.py:830} INFO - Processing file /opt/airflow/dags/ETLProject/main.py for tasks to queue
[2024-10-15T04:38:02.152+0000] {logging_mixin.py:188} INFO - [2024-10-15T04:38:02.152+0000] {dagbag.py:545} INFO - Filling up the DagBag from /opt/airflow/dags/ETLProject/main.py
[2024-10-15T04:38:02.280+0000] {processor.py:840} INFO - DAG(s) 'dag_ETL_JsonData' retrieved from /opt/airflow/dags/ETLProject/main.py
[2024-10-15T04:38:02.313+0000] {logging_mixin.py:188} INFO - [2024-10-15T04:38:02.313+0000] {dag.py:3096} INFO - Sync 1 DAGs
[2024-10-15T04:38:02.336+0000] {logging_mixin.py:188} INFO - [2024-10-15T04:38:02.335+0000] {dag.py:3954} INFO - Setting next_dagrun for dag_ETL_JsonData to 2024-10-15 00:00:00+00:00, run_after=2024-10-16 00:00:00+00:00
[2024-10-15T04:38:02.374+0000] {processor.py:183} INFO - Processing /opt/airflow/dags/ETLProject/main.py took 0.231 seconds
[2024-10-15T04:38:32.692+0000] {processor.py:161} INFO - Started process (PID=9547) to work on /opt/airflow/dags/ETLProject/main.py
[2024-10-15T04:38:32.693+0000] {processor.py:830} INFO - Processing file /opt/airflow/dags/ETLProject/main.py for tasks to queue
[2024-10-15T04:38:32.694+0000] {logging_mixin.py:188} INFO - [2024-10-15T04:38:32.694+0000] {dagbag.py:545} INFO - Filling up the DagBag from /opt/airflow/dags/ETLProject/main.py
[2024-10-15T04:38:32.810+0000] {processor.py:840} INFO - DAG(s) 'dag_ETL_JsonData' retrieved from /opt/airflow/dags/ETLProject/main.py
[2024-10-15T04:38:32.838+0000] {logging_mixin.py:188} INFO - [2024-10-15T04:38:32.837+0000] {dag.py:3096} INFO - Sync 1 DAGs
[2024-10-15T04:38:32.861+0000] {logging_mixin.py:188} INFO - [2024-10-15T04:38:32.861+0000] {dag.py:3954} INFO - Setting next_dagrun for dag_ETL_JsonData to 2024-10-15 00:00:00+00:00, run_after=2024-10-16 00:00:00+00:00
[2024-10-15T04:38:32.898+0000] {processor.py:183} INFO - Processing /opt/airflow/dags/ETLProject/main.py took 0.212 seconds
[2024-10-15T04:39:03.360+0000] {processor.py:161} INFO - Started process (PID=9574) to work on /opt/airflow/dags/ETLProject/main.py
[2024-10-15T04:39:03.361+0000] {processor.py:830} INFO - Processing file /opt/airflow/dags/ETLProject/main.py for tasks to queue
[2024-10-15T04:39:03.363+0000] {logging_mixin.py:188} INFO - [2024-10-15T04:39:03.362+0000] {dagbag.py:545} INFO - Filling up the DagBag from /opt/airflow/dags/ETLProject/main.py
[2024-10-15T04:39:03.482+0000] {processor.py:840} INFO - DAG(s) 'dag_ETL_JsonData' retrieved from /opt/airflow/dags/ETLProject/main.py
[2024-10-15T04:39:03.512+0000] {logging_mixin.py:188} INFO - [2024-10-15T04:39:03.512+0000] {dag.py:3096} INFO - Sync 1 DAGs
[2024-10-15T04:39:03.538+0000] {logging_mixin.py:188} INFO - [2024-10-15T04:39:03.538+0000] {dag.py:3954} INFO - Setting next_dagrun for dag_ETL_JsonData to 2024-10-15 00:00:00+00:00, run_after=2024-10-16 00:00:00+00:00
[2024-10-15T04:39:03.575+0000] {processor.py:183} INFO - Processing /opt/airflow/dags/ETLProject/main.py took 0.221 seconds
[2024-10-15T04:39:34.037+0000] {processor.py:161} INFO - Started process (PID=9601) to work on /opt/airflow/dags/ETLProject/main.py
[2024-10-15T04:39:34.038+0000] {processor.py:830} INFO - Processing file /opt/airflow/dags/ETLProject/main.py for tasks to queue
[2024-10-15T04:39:34.040+0000] {logging_mixin.py:188} INFO - [2024-10-15T04:39:34.039+0000] {dagbag.py:545} INFO - Filling up the DagBag from /opt/airflow/dags/ETLProject/main.py
[2024-10-15T04:39:34.162+0000] {processor.py:840} INFO - DAG(s) 'dag_ETL_JsonData' retrieved from /opt/airflow/dags/ETLProject/main.py
[2024-10-15T04:39:34.192+0000] {logging_mixin.py:188} INFO - [2024-10-15T04:39:34.192+0000] {dag.py:3096} INFO - Sync 1 DAGs
[2024-10-15T04:39:34.217+0000] {logging_mixin.py:188} INFO - [2024-10-15T04:39:34.216+0000] {dag.py:3954} INFO - Setting next_dagrun for dag_ETL_JsonData to 2024-10-15 00:00:00+00:00, run_after=2024-10-16 00:00:00+00:00
[2024-10-15T04:39:34.243+0000] {processor.py:183} INFO - Processing /opt/airflow/dags/ETLProject/main.py took 0.211 seconds
[2024-10-15T04:40:04.803+0000] {processor.py:161} INFO - Started process (PID=9628) to work on /opt/airflow/dags/ETLProject/main.py
[2024-10-15T04:40:04.804+0000] {processor.py:830} INFO - Processing file /opt/airflow/dags/ETLProject/main.py for tasks to queue
[2024-10-15T04:40:04.805+0000] {logging_mixin.py:188} INFO - [2024-10-15T04:40:04.805+0000] {dagbag.py:545} INFO - Filling up the DagBag from /opt/airflow/dags/ETLProject/main.py
[2024-10-15T04:40:04.949+0000] {processor.py:840} INFO - DAG(s) 'dag_ETL_JsonData' retrieved from /opt/airflow/dags/ETLProject/main.py
[2024-10-15T04:40:04.986+0000] {logging_mixin.py:188} INFO - [2024-10-15T04:40:04.986+0000] {dag.py:3096} INFO - Sync 1 DAGs
[2024-10-15T04:40:05.015+0000] {logging_mixin.py:188} INFO - [2024-10-15T04:40:05.014+0000] {dag.py:3954} INFO - Setting next_dagrun for dag_ETL_JsonData to 2024-10-15 00:00:00+00:00, run_after=2024-10-16 00:00:00+00:00
[2024-10-15T04:40:05.041+0000] {processor.py:183} INFO - Processing /opt/airflow/dags/ETLProject/main.py took 0.244 seconds
[2024-10-15T04:40:12.981+0000] {processor.py:161} INFO - Started process (PID=9634) to work on /opt/airflow/dags/ETLProject/main.py
[2024-10-15T04:40:12.982+0000] {processor.py:830} INFO - Processing file /opt/airflow/dags/ETLProject/main.py for tasks to queue
[2024-10-15T04:40:12.983+0000] {logging_mixin.py:188} INFO - [2024-10-15T04:40:12.983+0000] {dagbag.py:545} INFO - Filling up the DagBag from /opt/airflow/dags/ETLProject/main.py
[2024-10-15T04:40:13.145+0000] {processor.py:840} INFO - DAG(s) 'dag_ETL_JsonData' retrieved from /opt/airflow/dags/ETLProject/main.py
[2024-10-15T04:40:13.316+0000] {logging_mixin.py:188} INFO - [2024-10-15T04:40:13.316+0000] {dag.py:3096} INFO - Sync 1 DAGs
[2024-10-15T04:40:13.341+0000] {logging_mixin.py:188} INFO - [2024-10-15T04:40:13.341+0000] {dag.py:3954} INFO - Setting next_dagrun for dag_ETL_JsonData to 2024-10-15 00:00:00+00:00, run_after=2024-10-16 00:00:00+00:00
[2024-10-15T04:40:13.380+0000] {processor.py:183} INFO - Processing /opt/airflow/dags/ETLProject/main.py took 0.405 seconds
[2024-10-15T04:40:43.653+0000] {processor.py:161} INFO - Started process (PID=9661) to work on /opt/airflow/dags/ETLProject/main.py
[2024-10-15T04:40:43.654+0000] {processor.py:830} INFO - Processing file /opt/airflow/dags/ETLProject/main.py for tasks to queue
[2024-10-15T04:40:43.656+0000] {logging_mixin.py:188} INFO - [2024-10-15T04:40:43.655+0000] {dagbag.py:545} INFO - Filling up the DagBag from /opt/airflow/dags/ETLProject/main.py
[2024-10-15T04:40:43.781+0000] {processor.py:840} INFO - DAG(s) 'dag_ETL_JsonData' retrieved from /opt/airflow/dags/ETLProject/main.py
[2024-10-15T04:40:43.809+0000] {logging_mixin.py:188} INFO - [2024-10-15T04:40:43.809+0000] {dag.py:3096} INFO - Sync 1 DAGs
[2024-10-15T04:40:43.833+0000] {logging_mixin.py:188} INFO - [2024-10-15T04:40:43.832+0000] {dag.py:3954} INFO - Setting next_dagrun for dag_ETL_JsonData to 2024-10-15 00:00:00+00:00, run_after=2024-10-16 00:00:00+00:00
[2024-10-15T04:40:43.871+0000] {processor.py:183} INFO - Processing /opt/airflow/dags/ETLProject/main.py took 0.224 seconds
[2024-10-15T04:41:14.172+0000] {processor.py:161} INFO - Started process (PID=9688) to work on /opt/airflow/dags/ETLProject/main.py
[2024-10-15T04:41:14.173+0000] {processor.py:830} INFO - Processing file /opt/airflow/dags/ETLProject/main.py for tasks to queue
[2024-10-15T04:41:14.177+0000] {logging_mixin.py:188} INFO - [2024-10-15T04:41:14.175+0000] {dagbag.py:545} INFO - Filling up the DagBag from /opt/airflow/dags/ETLProject/main.py
[2024-10-15T04:41:14.376+0000] {processor.py:840} INFO - DAG(s) 'dag_ETL_JsonData' retrieved from /opt/airflow/dags/ETLProject/main.py
[2024-10-15T04:41:14.426+0000] {logging_mixin.py:188} INFO - [2024-10-15T04:41:14.426+0000] {dag.py:3096} INFO - Sync 1 DAGs
[2024-10-15T04:41:14.454+0000] {logging_mixin.py:188} INFO - [2024-10-15T04:41:14.454+0000] {dag.py:3954} INFO - Setting next_dagrun for dag_ETL_JsonData to 2024-10-15 00:00:00+00:00, run_after=2024-10-16 00:00:00+00:00
[2024-10-15T04:41:14.483+0000] {processor.py:183} INFO - Processing /opt/airflow/dags/ETLProject/main.py took 0.320 seconds
[2024-10-15T04:41:44.655+0000] {processor.py:161} INFO - Started process (PID=9715) to work on /opt/airflow/dags/ETLProject/main.py
[2024-10-15T04:41:44.656+0000] {processor.py:830} INFO - Processing file /opt/airflow/dags/ETLProject/main.py for tasks to queue
[2024-10-15T04:41:44.657+0000] {logging_mixin.py:188} INFO - [2024-10-15T04:41:44.657+0000] {dagbag.py:545} INFO - Filling up the DagBag from /opt/airflow/dags/ETLProject/main.py
[2024-10-15T04:41:44.777+0000] {processor.py:840} INFO - DAG(s) 'dag_ETL_JsonData' retrieved from /opt/airflow/dags/ETLProject/main.py
[2024-10-15T04:41:44.804+0000] {logging_mixin.py:188} INFO - [2024-10-15T04:41:44.804+0000] {dag.py:3096} INFO - Sync 1 DAGs
[2024-10-15T04:41:44.827+0000] {logging_mixin.py:188} INFO - [2024-10-15T04:41:44.827+0000] {dag.py:3954} INFO - Setting next_dagrun for dag_ETL_JsonData to 2024-10-15 00:00:00+00:00, run_after=2024-10-16 00:00:00+00:00
[2024-10-15T04:41:44.855+0000] {processor.py:183} INFO - Processing /opt/airflow/dags/ETLProject/main.py took 0.206 seconds
[2024-10-15T04:42:15.150+0000] {processor.py:161} INFO - Started process (PID=9742) to work on /opt/airflow/dags/ETLProject/main.py
[2024-10-15T04:42:15.151+0000] {processor.py:830} INFO - Processing file /opt/airflow/dags/ETLProject/main.py for tasks to queue
[2024-10-15T04:42:15.152+0000] {logging_mixin.py:188} INFO - [2024-10-15T04:42:15.152+0000] {dagbag.py:545} INFO - Filling up the DagBag from /opt/airflow/dags/ETLProject/main.py
[2024-10-15T04:42:15.276+0000] {processor.py:840} INFO - DAG(s) 'dag_ETL_JsonData' retrieved from /opt/airflow/dags/ETLProject/main.py
[2024-10-15T04:42:15.304+0000] {logging_mixin.py:188} INFO - [2024-10-15T04:42:15.304+0000] {dag.py:3096} INFO - Sync 1 DAGs
[2024-10-15T04:42:15.328+0000] {logging_mixin.py:188} INFO - [2024-10-15T04:42:15.328+0000] {dag.py:3954} INFO - Setting next_dagrun for dag_ETL_JsonData to 2024-10-15 00:00:00+00:00, run_after=2024-10-16 00:00:00+00:00
[2024-10-15T04:42:15.355+0000] {processor.py:183} INFO - Processing /opt/airflow/dags/ETLProject/main.py took 0.211 seconds
[2024-10-15T04:42:45.655+0000] {processor.py:161} INFO - Started process (PID=9769) to work on /opt/airflow/dags/ETLProject/main.py
[2024-10-15T04:42:45.657+0000] {processor.py:830} INFO - Processing file /opt/airflow/dags/ETLProject/main.py for tasks to queue
[2024-10-15T04:42:45.658+0000] {logging_mixin.py:188} INFO - [2024-10-15T04:42:45.658+0000] {dagbag.py:545} INFO - Filling up the DagBag from /opt/airflow/dags/ETLProject/main.py
[2024-10-15T04:42:45.777+0000] {processor.py:840} INFO - DAG(s) 'dag_ETL_JsonData' retrieved from /opt/airflow/dags/ETLProject/main.py
[2024-10-15T04:42:45.804+0000] {logging_mixin.py:188} INFO - [2024-10-15T04:42:45.804+0000] {dag.py:3096} INFO - Sync 1 DAGs
[2024-10-15T04:42:45.829+0000] {logging_mixin.py:188} INFO - [2024-10-15T04:42:45.828+0000] {dag.py:3954} INFO - Setting next_dagrun for dag_ETL_JsonData to 2024-10-15 00:00:00+00:00, run_after=2024-10-16 00:00:00+00:00
[2024-10-15T04:42:45.877+0000] {processor.py:183} INFO - Processing /opt/airflow/dags/ETLProject/main.py took 0.227 seconds
