[2024-10-09T08:18:27.171+0000] {local_task_job_runner.py:120} INFO - ::group::Pre task execution logs
[2024-10-09T08:18:27.205+0000] {taskinstance.py:2076} INFO - Dependencies all met for dep_context=non-requeueable deps ti=<TaskInstance: dag_ETL_JsonData.Create_Insert_Query manual__2024-10-09T08:18:16.049947+00:00 [queued]>
[2024-10-09T08:18:27.218+0000] {taskinstance.py:2076} INFO - Dependencies all met for dep_context=requeueable deps ti=<TaskInstance: dag_ETL_JsonData.Create_Insert_Query manual__2024-10-09T08:18:16.049947+00:00 [queued]>
[2024-10-09T08:18:27.219+0000] {taskinstance.py:2306} INFO - Starting attempt 1 of 6
[2024-10-09T08:18:27.235+0000] {taskinstance.py:2330} INFO - Executing <Task(PythonOperator): Create_Insert_Query> on 2024-10-09 08:18:16.049947+00:00
[2024-10-09T08:18:27.244+0000] {logging_mixin.py:188} WARNING - /home/***/.local/lib/python3.12/site-packages/***/task/task_runner/standard_task_runner.py:61 DeprecationWarning: This process (pid=13919) is multi-threaded, use of fork() may lead to deadlocks in the child.
[2024-10-09T08:18:27.244+0000] {standard_task_runner.py:90} INFO - Running: ['***', 'tasks', 'run', 'dag_ETL_JsonData', 'Create_Insert_Query', 'manual__2024-10-09T08:18:16.049947+00:00', '--job-id', '740', '--raw', '--subdir', 'DAGS_FOLDER/ETLProject/main.py', '--cfg-path', '/tmp/tmpaoqxfk2m']
[2024-10-09T08:18:27.246+0000] {standard_task_runner.py:63} INFO - Started process 13921 to run task
[2024-10-09T08:18:27.246+0000] {standard_task_runner.py:91} INFO - Job 740: Subtask Create_Insert_Query
[2024-10-09T08:18:27.301+0000] {task_command.py:426} INFO - Running <TaskInstance: dag_ETL_JsonData.Create_Insert_Query manual__2024-10-09T08:18:16.049947+00:00 [running]> on host ecb02e117702
[2024-10-09T08:18:27.397+0000] {taskinstance.py:2648} INFO - Exporting env vars: AIRFLOW_CTX_DAG_OWNER='admin' AIRFLOW_CTX_DAG_ID='dag_ETL_JsonData' AIRFLOW_CTX_TASK_ID='Create_Insert_Query' AIRFLOW_CTX_EXECUTION_DATE='2024-10-09T08:18:16.049947+00:00' AIRFLOW_CTX_TRY_NUMBER='1' AIRFLOW_CTX_DAG_RUN_ID='manual__2024-10-09T08:18:16.049947+00:00'
[2024-10-09T08:18:27.398+0000] {taskinstance.py:430} INFO - ::endgroup::
[2024-10-09T08:18:27.448+0000] {logging_mixin.py:188} INFO - Insert các cột:  ['date', 'track_id', 'page_id', 'search_term', 'block_id', 'region', 'platform', 'max_position', 'count_event']
[2024-10-09T08:18:27.449+0000] {logging_mixin.py:188} INFO - Table:  test1
[2024-10-09T08:18:27.451+0000] {logging_mixin.py:188} INFO - Insert thất bại
[2024-10-09T08:18:27.452+0000] {logging_mixin.py:188} INFO - name 'PostgresHook' is not defined
[2024-10-09T08:18:27.453+0000] {python.py:237} INFO - Done. Returned value was: None
[2024-10-09T08:18:27.454+0000] {taskinstance.py:441} INFO - ::group::Post task execution logs
[2024-10-09T08:18:27.465+0000] {taskinstance.py:1206} INFO - Marking task as SUCCESS. dag_id=dag_ETL_JsonData, task_id=Create_Insert_Query, run_id=manual__2024-10-09T08:18:16.049947+00:00, execution_date=20241009T081816, start_date=20241009T081827, end_date=20241009T081827
[2024-10-09T08:18:27.502+0000] {local_task_job_runner.py:240} INFO - Task exited with return code 0
[2024-10-09T08:18:27.520+0000] {taskinstance.py:3498} INFO - 0 downstream tasks scheduled from follow-on schedule check
[2024-10-09T08:18:27.524+0000] {local_task_job_runner.py:222} INFO - ::endgroup::
