[2024-10-08T03:56:24.197+0000] {local_task_job_runner.py:120} INFO - ::group::Pre task execution logs
[2024-10-08T03:56:24.233+0000] {taskinstance.py:2076} INFO - Dependencies all met for dep_context=non-requeueable deps ti=<TaskInstance: dag_ETL_JsonData.Transfrom_Data_To_DataFrame manual__2024-10-08T03:56:18.017452+00:00 [queued]>
[2024-10-08T03:56:24.245+0000] {taskinstance.py:2076} INFO - Dependencies all met for dep_context=requeueable deps ti=<TaskInstance: dag_ETL_JsonData.Transfrom_Data_To_DataFrame manual__2024-10-08T03:56:18.017452+00:00 [queued]>
[2024-10-08T03:56:24.246+0000] {taskinstance.py:2306} INFO - Starting attempt 1 of 6
[2024-10-08T03:56:24.263+0000] {taskinstance.py:2330} INFO - Executing <Task(PythonOperator): Transfrom_Data_To_DataFrame> on 2024-10-08 03:56:18.017452+00:00
[2024-10-08T03:56:24.272+0000] {standard_task_runner.py:90} INFO - Running: ['***', 'tasks', 'run', 'dag_ETL_JsonData', 'Transfrom_Data_To_DataFrame', 'manual__2024-10-08T03:56:18.017452+00:00', '--job-id', '655', '--raw', '--subdir', 'DAGS_FOLDER/ETLProject/main.py', '--cfg-path', '/tmp/tmpqs7q9e6e']
[2024-10-08T03:56:24.275+0000] {standard_task_runner.py:91} INFO - Job 655: Subtask Transfrom_Data_To_DataFrame
[2024-10-08T03:56:24.283+0000] {logging_mixin.py:188} WARNING - /home/***/.local/lib/python3.12/site-packages/***/task/task_runner/standard_task_runner.py:61 DeprecationWarning: This process (pid=6249) is multi-threaded, use of fork() may lead to deadlocks in the child.
[2024-10-08T03:56:24.284+0000] {standard_task_runner.py:63} INFO - Started process 6251 to run task
[2024-10-08T03:56:24.326+0000] {task_command.py:426} INFO - Running <TaskInstance: dag_ETL_JsonData.Transfrom_Data_To_DataFrame manual__2024-10-08T03:56:18.017452+00:00 [running]> on host ecb02e117702
[2024-10-08T03:56:24.426+0000] {taskinstance.py:2648} INFO - Exporting env vars: AIRFLOW_CTX_DAG_OWNER='admin' AIRFLOW_CTX_DAG_ID='dag_ETL_JsonData' AIRFLOW_CTX_TASK_ID='Transfrom_Data_To_DataFrame' AIRFLOW_CTX_EXECUTION_DATE='2024-10-08T03:56:18.017452+00:00' AIRFLOW_CTX_TRY_NUMBER='1' AIRFLOW_CTX_DAG_RUN_ID='manual__2024-10-08T03:56:18.017452+00:00'
[2024-10-08T03:56:24.427+0000] {taskinstance.py:430} INFO - ::endgroup::
[2024-10-08T03:56:28.252+0000] {logging_mixin.py:188} INFO - shape: (2_878, 9)
┌────────────┬────────────┬────────────┬───────────┬───┬────────┬──────────┬───────────┬───────────┐
│ date       ┆ track_id   ┆ page_id    ┆ search_te ┆ … ┆ region ┆ platform ┆ max_posit ┆ count_eve │
│ ---        ┆ ---        ┆ ---        ┆ rm        ┆   ┆ ---    ┆ ---      ┆ ion       ┆ nt        │
│ str        ┆ str        ┆ str        ┆ ---       ┆   ┆ str    ┆ str      ┆ ---       ┆ ---       │
│            ┆            ┆            ┆ str       ┆   ┆        ┆          ┆ str       ┆ u32       │
╞════════════╪════════════╪════════════╪═══════════╪═══╪════════╪══════════╪═══════════╪═══════════╡
│ 2024-08-30 ┆ 083FB4C5-9 ┆ og_home    ┆           ┆ … ┆ 1      ┆ ios      ┆ 2         ┆ 9         │
│ T00:00:00+ ┆ D15-4E10-8 ┆            ┆           ┆   ┆        ┆          ┆           ┆           │
│ 07:00      ┆ 222-4A3DDA ┆            ┆           ┆   ┆        ┆          ┆           ┆           │
│            ┆ …          ┆            ┆           ┆   ┆        ┆          ┆           ┆           │
│ 2024-08-30 ┆ ec56b40ac6 ┆ og_search  ┆ mì tôm    ┆ … ┆ 1      ┆ zma      ┆ 3         ┆ 4         │
│ T00:00:00+ ┆ 141f3dc5c7 ┆            ┆ chua cay  ┆   ┆        ┆          ┆           ┆           │
│ 07:00      ┆ 930e267ac6 ┆            ┆ hảo hảo   ┆   ┆        ┆          ┆           ┆           │
│            ┆ …          ┆            ┆           ┆   ┆        ┆          ┆           ┆           │
│ 2024-08-30 ┆ 38EC04EC-9 ┆ og_home    ┆           ┆ … ┆ 1      ┆ ios      ┆ 31        ┆ 19        │
│ T00:00:00+ ┆ 5C9-43B8-9 ┆            ┆           ┆   ┆        ┆          ┆           ┆           │
│ 07:00      ┆ 035-9FB9F0 ┆            ┆           ┆   ┆        ┆          ┆           ┆           │
│            ┆ …          ┆            ┆           ┆   ┆        ┆          ┆           ┆           │
│ 2024-08-30 ┆ 303bcbca-6 ┆ og_search  ┆ Cá trứng  ┆ … ┆ 2      ┆ android  ┆ 4         ┆ 5         │
│ T00:00:00+ ┆ 7ef-4622-b ┆            ┆           ┆   ┆        ┆          ┆           ┆           │
│ 07:00      ┆ 4d4-628c62 ┆            ┆           ┆   ┆        ┆          ┆           ┆           │
│            ┆ …          ┆            ┆           ┆   ┆        ┆          ┆           ┆           │
│ 2024-08-30 ┆ 3FEDF72D-9 ┆ og_top_sel ┆           ┆ … ┆ 1      ┆ ios      ┆ 99        ┆ 124       │
│ T00:00:00+ ┆ F0F-4297-9 ┆ l          ┆           ┆   ┆        ┆          ┆           ┆           │
│ 07:00      ┆ AEC-1E9F2C ┆            ┆           ┆   ┆        ┆          ┆           ┆           │
│            ┆ …          ┆            ┆           ┆   ┆        ┆          ┆           ┆           │
│ …          ┆ …          ┆ …          ┆ …         ┆ … ┆ …      ┆ …        ┆ …         ┆ …         │
│ 2024-08-30 ┆ 3F925BBC-0 ┆ og_listing ┆           ┆ … ┆ 2      ┆ ios      ┆ 8         ┆ 40        │
│ T00:00:00+ ┆ 416-40E1-9 ┆            ┆           ┆   ┆        ┆          ┆           ┆           │
│ 07:00      ┆ 4FE-B08A10 ┆            ┆           ┆   ┆        ┆          ┆           ┆           │
│            ┆ …          ┆            ┆           ┆   ┆        ┆          ┆           ┆           │
│ 2024-08-30 ┆ 7ef4cead-e ┆ og_home    ┆           ┆ … ┆ 1      ┆ android  ┆ 3         ┆ 4         │
│ T00:00:00+ ┆ e5a-4652-9 ┆            ┆           ┆   ┆        ┆          ┆           ┆           │
│ 07:00      ┆ fe7-634e88 ┆            ┆           ┆   ┆        ┆          ┆           ┆           │
│            ┆ …          ┆            ┆           ┆   ┆        ┆          ┆           ┆           │
│ 2024-08-30 ┆ 27147abfe7 ┆ og_home    ┆           ┆ … ┆ 2      ┆ zma      ┆ 8         ┆ 45        │
│ T00:00:00+ ┆ a66186f93d ┆            ┆           ┆   ┆        ┆          ┆           ┆           │
│ 07:00      ┆ 3fcde934d2 ┆            ┆           ┆   ┆        ┆          ┆           ┆           │
│            ┆ …          ┆            ┆           ┆   ┆        ┆          ┆           ┆           │
│ 2024-08-30 ┆ CAC136A7-A ┆ og_listing ┆           ┆ … ┆ 1      ┆ ios      ┆ 42        ┆ 6         │
│ T00:00:00+ ┆ 8E0-42C0-8 ┆            ┆           ┆   ┆        ┆          ┆           ┆           │
│ 07:00      ┆ 14A-1E52E6 ┆            ┆           ┆   ┆        ┆          ┆           ┆           │
│            ┆ …          ┆            ┆           ┆   ┆        ┆          ┆           ┆           │
│ 2024-08-30 ┆ 7505F820-7 ┆ og_home    ┆           ┆ … ┆ 1      ┆ ios      ┆ 2         ┆ 3         │
│ T00:00:00+ ┆ B7E-401C-B ┆            ┆           ┆   ┆        ┆          ┆           ┆           │
│ 07:00      ┆ 8C1-ADBAA1 ┆            ┆           ┆   ┆        ┆          ┆           ┆           │
│            ┆ …          ┆            ┆           ┆   ┆        ┆          ┆           ┆           │
└────────────┴────────────┴────────────┴───────────┴───┴────────┴──────────┴───────────┴───────────┘
[2024-10-08T03:56:28.415+0000] {python.py:237} INFO - Done. Returned value was: None
[2024-10-08T03:56:28.416+0000] {taskinstance.py:441} INFO - ::group::Post task execution logs
[2024-10-08T03:56:28.426+0000] {taskinstance.py:1206} INFO - Marking task as SUCCESS. dag_id=dag_ETL_JsonData, task_id=Transfrom_Data_To_DataFrame, run_id=manual__2024-10-08T03:56:18.017452+00:00, execution_date=20241008T035618, start_date=20241008T035624, end_date=20241008T035628
[2024-10-08T03:56:28.478+0000] {local_task_job_runner.py:240} INFO - Task exited with return code 0
[2024-10-08T03:56:28.496+0000] {taskinstance.py:3498} INFO - 0 downstream tasks scheduled from follow-on schedule check
[2024-10-08T03:56:28.500+0000] {local_task_job_runner.py:222} INFO - ::endgroup::
