[2024-10-10T03:43:47.777+0000] {local_task_job_runner.py:120} INFO - ::group::Pre task execution logs
[2024-10-10T03:43:47.814+0000] {taskinstance.py:2076} INFO - Dependencies all met for dep_context=non-requeueable deps ti=<TaskInstance: dag_ETL_JsonData.check_folder manual__2024-10-10T03:43:46.727674+00:00 [queued]>
[2024-10-10T03:43:47.825+0000] {taskinstance.py:2076} INFO - Dependencies all met for dep_context=requeueable deps ti=<TaskInstance: dag_ETL_JsonData.check_folder manual__2024-10-10T03:43:46.727674+00:00 [queued]>
[2024-10-10T03:43:47.826+0000] {taskinstance.py:2306} INFO - Starting attempt 1 of 6
[2024-10-10T03:43:47.844+0000] {taskinstance.py:2330} INFO - Executing <Task(PythonOperator): check_folder> on 2024-10-10 03:43:46.727674+00:00
[2024-10-10T03:43:47.857+0000] {standard_task_runner.py:90} INFO - Running: ['***', 'tasks', 'run', 'dag_ETL_JsonData', 'check_folder', 'manual__2024-10-10T03:43:46.727674+00:00', '--job-id', '928', '--raw', '--subdir', 'DAGS_FOLDER/ETLProject/main.py', '--cfg-path', '/tmp/tmptvdbxce7']
[2024-10-10T03:43:47.861+0000] {standard_task_runner.py:91} INFO - Job 928: Subtask check_folder
[2024-10-10T03:43:47.874+0000] {logging_mixin.py:188} WARNING - /home/***/.local/lib/python3.12/site-packages/***/task/task_runner/standard_task_runner.py:61 DeprecationWarning: This process (pid=5243) is multi-threaded, use of fork() may lead to deadlocks in the child.
[2024-10-10T03:43:47.875+0000] {standard_task_runner.py:63} INFO - Started process 5254 to run task
[2024-10-10T03:43:47.926+0000] {task_command.py:426} INFO - Running <TaskInstance: dag_ETL_JsonData.check_folder manual__2024-10-10T03:43:46.727674+00:00 [running]> on host ecb02e117702
[2024-10-10T03:43:48.050+0000] {taskinstance.py:2648} INFO - Exporting env vars: AIRFLOW_CTX_DAG_OWNER='admin' AIRFLOW_CTX_DAG_ID='dag_ETL_JsonData' AIRFLOW_CTX_TASK_ID='check_folder' AIRFLOW_CTX_EXECUTION_DATE='2024-10-10T03:43:46.727674+00:00' AIRFLOW_CTX_TRY_NUMBER='1' AIRFLOW_CTX_DAG_RUN_ID='manual__2024-10-10T03:43:46.727674+00:00'
[2024-10-10T03:43:48.051+0000] {taskinstance.py:430} INFO - ::endgroup::
[2024-10-10T03:43:48.066+0000] {logging_mixin.py:188} INFO - Check for files from today: 20241010
[2024-10-10T03:43:48.071+0000] {logging_mixin.py:188} INFO - File to process: dags/ETLProject/og_item_impression.20240830_/og_item_impression.20240830_0840_3.json.gz
[2024-10-10T03:43:48.072+0000] {logging_mixin.py:188} INFO - File to process: dags/ETLProject/og_item_impression.20240830_/og_item_impression.20240830_0950_2.json.gz
[2024-10-10T03:43:48.073+0000] {logging_mixin.py:188} INFO - File to process: dags/ETLProject/og_item_impression.20240830_/og_item_impression.20240830_1020_3.json.gz
[2024-10-10T03:43:48.074+0000] {logging_mixin.py:188} INFO - File to process: dags/ETLProject/og_item_impression.20240830_/og_item_impression.20240830_1100_1.json.gz
[2024-10-10T03:43:48.075+0000] {logging_mixin.py:188} INFO - File to process: dags/ETLProject/og_item_impression.20240830_/og_item_impression.20240830_1130_1.json.gz
[2024-10-10T03:43:48.076+0000] {logging_mixin.py:188} INFO - File to process: dags/ETLProject/og_item_impression.20240830_/og_item_impression.20240830_1930_0.json.gz
[2024-10-10T03:43:48.077+0000] {logging_mixin.py:188} INFO - File to process: dags/ETLProject/og_item_impression.20240830_/og_item_impression.20240830_2010_2.json.gz
[2024-10-10T03:43:48.078+0000] {logging_mixin.py:188} INFO - File to process: dags/ETLProject/og_item_impression.20240830_/og_item_impression.20240830_2030_3.json.gz
[2024-10-10T03:43:48.115+0000] {logging_mixin.py:188} INFO - File in folder '20240830': ['og_item_impression.20240830_0840_3.json.gz', 'og_item_impression.20240830_0950_2.json.gz', 'og_item_impression.20240830_1020_3.json.gz', 'og_item_impression.20240830_1100_1.json.gz', 'og_item_impression.20240830_1130_1.json.gz', 'og_item_impression.20240830_1930_0.json.gz', 'og_item_impression.20240830_2010_2.json.gz', 'og_item_impression.20240830_2030_3.json.gz']
[2024-10-10T03:43:48.116+0000] {python.py:237} INFO - Done. Returned value was: None
[2024-10-10T03:43:48.118+0000] {taskinstance.py:441} INFO - ::group::Post task execution logs
[2024-10-10T03:43:48.139+0000] {taskinstance.py:1206} INFO - Marking task as SUCCESS. dag_id=dag_ETL_JsonData, task_id=check_folder, run_id=manual__2024-10-10T03:43:46.727674+00:00, execution_date=20241010T034346, start_date=20241010T034347, end_date=20241010T034348
[2024-10-10T03:43:48.172+0000] {local_task_job_runner.py:240} INFO - Task exited with return code 0
[2024-10-10T03:43:48.200+0000] {taskinstance.py:3498} INFO - 1 downstream tasks scheduled from follow-on schedule check
[2024-10-10T03:43:48.203+0000] {local_task_job_runner.py:222} INFO - ::endgroup::
