[2024-10-03T08:00:02.079+0000] {local_task_job_runner.py:120} INFO - ::group::Pre task execution logs
[2024-10-03T08:00:02.130+0000] {taskinstance.py:2076} INFO - Dependencies all met for dep_context=non-requeueable deps ti=<TaskInstance: dag_with_postgres_operator_v2.insert_into_table scheduled__2024-09-27T00:00:00+00:00 [queued]>
[2024-10-03T08:00:02.144+0000] {taskinstance.py:2076} INFO - Dependencies all met for dep_context=requeueable deps ti=<TaskInstance: dag_with_postgres_operator_v2.insert_into_table scheduled__2024-09-27T00:00:00+00:00 [queued]>
[2024-10-03T08:00:02.145+0000] {taskinstance.py:2306} INFO - Starting attempt 1 of 6
[2024-10-03T08:00:02.170+0000] {taskinstance.py:2330} INFO - Executing <Task(PostgresOperator): insert_into_table> on 2024-09-27 00:00:00+00:00
[2024-10-03T08:00:02.182+0000] {standard_task_runner.py:90} INFO - Running: ['***', 'tasks', 'run', 'dag_with_postgres_operator_v2', 'insert_into_table', 'scheduled__2024-09-27T00:00:00+00:00', '--job-id', '26', '--raw', '--subdir', 'DAGS_FOLDER/dag_with_postgres_operator.py', '--cfg-path', '/tmp/tmpj1q8x7bg']
[2024-10-03T08:00:02.186+0000] {logging_mixin.py:188} WARNING - /home/***/.local/lib/python3.12/site-packages/***/task/task_runner/standard_task_runner.py:61 DeprecationWarning: This process (pid=662) is multi-threaded, use of fork() may lead to deadlocks in the child.
[2024-10-03T08:00:02.187+0000] {standard_task_runner.py:91} INFO - Job 26: Subtask insert_into_table
[2024-10-03T08:00:02.187+0000] {standard_task_runner.py:63} INFO - Started process 666 to run task
[2024-10-03T08:00:02.263+0000] {task_command.py:426} INFO - Running <TaskInstance: dag_with_postgres_operator_v2.insert_into_table scheduled__2024-09-27T00:00:00+00:00 [running]> on host fb5d174c2391
[2024-10-03T08:00:02.386+0000] {taskinstance.py:2648} INFO - Exporting env vars: AIRFLOW_CTX_DAG_OWNER='admin' AIRFLOW_CTX_DAG_ID='dag_with_postgres_operator_v2' AIRFLOW_CTX_TASK_ID='insert_into_table' AIRFLOW_CTX_EXECUTION_DATE='2024-09-27T00:00:00+00:00' AIRFLOW_CTX_TRY_NUMBER='1' AIRFLOW_CTX_DAG_RUN_ID='scheduled__2024-09-27T00:00:00+00:00'
[2024-10-03T08:00:02.388+0000] {taskinstance.py:430} INFO - ::endgroup::
[2024-10-03T08:00:02.416+0000] {sql.py:276} INFO - Executing: 
            insert into dag_run (dt, dag_id) values ('2024-09-27','dag_with_postgres_operator_v2')
            
[2024-10-03T08:00:02.429+0000] {base.py:84} INFO - Using connection ID 'postgres_localhost' for task execution.
[2024-10-03T08:00:02.442+0000] {base.py:84} INFO - Using connection ID 'postgres_localhost' for task execution.
[2024-10-03T08:00:02.496+0000] {sql.py:470} INFO - Running statement: 
            insert into dag_run (dt, dag_id) values ('2024-09-27','dag_with_postgres_operator_v2')
            , parameters: None
[2024-10-03T08:00:02.503+0000] {sql.py:479} INFO - Rows affected: 1
[2024-10-03T08:00:02.507+0000] {taskinstance.py:441} INFO - ::group::Post task execution logs
[2024-10-03T08:00:02.519+0000] {taskinstance.py:1206} INFO - Marking task as SUCCESS. dag_id=dag_with_postgres_operator_v2, task_id=insert_into_table, run_id=scheduled__2024-09-27T00:00:00+00:00, execution_date=20240927T000000, start_date=20241003T080002, end_date=20241003T080002
[2024-10-03T08:00:02.564+0000] {local_task_job_runner.py:240} INFO - Task exited with return code 0
[2024-10-03T08:00:02.585+0000] {taskinstance.py:3498} INFO - 0 downstream tasks scheduled from follow-on schedule check
[2024-10-03T08:00:02.588+0000] {local_task_job_runner.py:222} INFO - ::endgroup::
