[2024-10-08T03:00:23.073+0000] {local_task_job_runner.py:120} INFO - ::group::Pre task execution logs
[2024-10-08T03:00:23.116+0000] {taskinstance.py:2076} INFO - Dependencies all met for dep_context=non-requeueable deps ti=<TaskInstance: dag_ETL_JsonData.Process_Gzip_To_Json manual__2024-10-08T03:00:22.408523+00:00 [queued]>
[2024-10-08T03:00:23.130+0000] {taskinstance.py:2076} INFO - Dependencies all met for dep_context=requeueable deps ti=<TaskInstance: dag_ETL_JsonData.Process_Gzip_To_Json manual__2024-10-08T03:00:22.408523+00:00 [queued]>
[2024-10-08T03:00:23.131+0000] {taskinstance.py:2306} INFO - Starting attempt 1 of 6
[2024-10-08T03:00:23.150+0000] {taskinstance.py:2330} INFO - Executing <Task(PythonOperator): Process_Gzip_To_Json> on 2024-10-08 03:00:22.408523+00:00
[2024-10-08T03:00:23.159+0000] {standard_task_runner.py:90} INFO - Running: ['***', 'tasks', 'run', 'dag_ETL_JsonData', 'Process_Gzip_To_Json', 'manual__2024-10-08T03:00:22.408523+00:00', '--job-id', '636', '--raw', '--subdir', 'DAGS_FOLDER/ETLProject/main.py', '--cfg-path', '/tmp/tmp1cj06uo1']
[2024-10-08T03:00:23.161+0000] {standard_task_runner.py:91} INFO - Job 636: Subtask Process_Gzip_To_Json
[2024-10-08T03:00:23.161+0000] {logging_mixin.py:188} WARNING - /home/***/.local/lib/python3.12/site-packages/***/task/task_runner/standard_task_runner.py:61 DeprecationWarning: This process (pid=3079) is multi-threaded, use of fork() may lead to deadlocks in the child.
[2024-10-08T03:00:23.163+0000] {standard_task_runner.py:63} INFO - Started process 3081 to run task
[2024-10-08T03:00:23.216+0000] {task_command.py:426} INFO - Running <TaskInstance: dag_ETL_JsonData.Process_Gzip_To_Json manual__2024-10-08T03:00:22.408523+00:00 [running]> on host ecb02e117702
[2024-10-08T03:00:23.317+0000] {taskinstance.py:2648} INFO - Exporting env vars: AIRFLOW_CTX_DAG_OWNER='admin' AIRFLOW_CTX_DAG_ID='dag_ETL_JsonData' AIRFLOW_CTX_TASK_ID='Process_Gzip_To_Json' AIRFLOW_CTX_EXECUTION_DATE='2024-10-08T03:00:22.408523+00:00' AIRFLOW_CTX_TRY_NUMBER='1' AIRFLOW_CTX_DAG_RUN_ID='manual__2024-10-08T03:00:22.408523+00:00'
[2024-10-08T03:00:23.320+0000] {taskinstance.py:430} INFO - ::endgroup::
[2024-10-08T03:00:23.355+0000] {xcom.py:675} ERROR - Object of type items is not JSON serializable. If you are using pickle instead of JSON for XCom, then you need to enable pickle support for XCom in your *** config or make sure to decorate your object with attr.
[2024-10-08T03:00:23.356+0000] {logging_mixin.py:188} INFO - Lỗi khi giải nén file:Object of type items is not JSON serializable
[2024-10-08T03:00:23.357+0000] {python.py:237} INFO - Done. Returned value was: None
[2024-10-08T03:00:23.358+0000] {taskinstance.py:441} INFO - ::group::Post task execution logs
[2024-10-08T03:00:23.368+0000] {taskinstance.py:1206} INFO - Marking task as SUCCESS. dag_id=dag_ETL_JsonData, task_id=Process_Gzip_To_Json, run_id=manual__2024-10-08T03:00:22.408523+00:00, execution_date=20241008T030022, start_date=20241008T030023, end_date=20241008T030023
[2024-10-08T03:00:23.418+0000] {local_task_job_runner.py:240} INFO - Task exited with return code 0
[2024-10-08T03:00:23.436+0000] {taskinstance.py:3498} INFO - 0 downstream tasks scheduled from follow-on schedule check
[2024-10-08T03:00:23.439+0000] {local_task_job_runner.py:222} INFO - ::endgroup::
