[2024-10-09T08:19:49.957+0000] {local_task_job_runner.py:120} INFO - ::group::Pre task execution logs
[2024-10-09T08:19:49.989+0000] {taskinstance.py:2076} INFO - Dependencies all met for dep_context=non-requeueable deps ti=<TaskInstance: dag_ETL_JsonData.Transfrom_Data_To_DataFrame manual__2024-10-09T08:19:44.361127+00:00 [queued]>
[2024-10-09T08:19:50.001+0000] {taskinstance.py:2076} INFO - Dependencies all met for dep_context=requeueable deps ti=<TaskInstance: dag_ETL_JsonData.Transfrom_Data_To_DataFrame manual__2024-10-09T08:19:44.361127+00:00 [queued]>
[2024-10-09T08:19:50.002+0000] {taskinstance.py:2306} INFO - Starting attempt 1 of 6
[2024-10-09T08:19:50.018+0000] {taskinstance.py:2330} INFO - Executing <Task(PythonOperator): Transfrom_Data_To_DataFrame> on 2024-10-09 08:19:44.361127+00:00
[2024-10-09T08:19:50.028+0000] {logging_mixin.py:188} WARNING - /home/***/.local/lib/python3.12/site-packages/***/task/task_runner/standard_task_runner.py:61 DeprecationWarning: This process (pid=13994) is multi-threaded, use of fork() may lead to deadlocks in the child.
[2024-10-09T08:19:50.027+0000] {standard_task_runner.py:90} INFO - Running: ['***', 'tasks', 'run', 'dag_ETL_JsonData', 'Transfrom_Data_To_DataFrame', 'manual__2024-10-09T08:19:44.361127+00:00', '--job-id', '743', '--raw', '--subdir', 'DAGS_FOLDER/ETLProject/main.py', '--cfg-path', '/tmp/tmptusfsdz8']
[2024-10-09T08:19:50.029+0000] {standard_task_runner.py:63} INFO - Started process 13996 to run task
[2024-10-09T08:19:50.029+0000] {standard_task_runner.py:91} INFO - Job 743: Subtask Transfrom_Data_To_DataFrame
[2024-10-09T08:19:50.083+0000] {task_command.py:426} INFO - Running <TaskInstance: dag_ETL_JsonData.Transfrom_Data_To_DataFrame manual__2024-10-09T08:19:44.361127+00:00 [running]> on host ecb02e117702
[2024-10-09T08:19:50.187+0000] {taskinstance.py:2648} INFO - Exporting env vars: AIRFLOW_CTX_DAG_OWNER='admin' AIRFLOW_CTX_DAG_ID='dag_ETL_JsonData' AIRFLOW_CTX_TASK_ID='Transfrom_Data_To_DataFrame' AIRFLOW_CTX_EXECUTION_DATE='2024-10-09T08:19:44.361127+00:00' AIRFLOW_CTX_TRY_NUMBER='1' AIRFLOW_CTX_DAG_RUN_ID='manual__2024-10-09T08:19:44.361127+00:00'
[2024-10-09T08:19:50.189+0000] {taskinstance.py:430} INFO - ::endgroup::
[2024-10-09T08:19:53.810+0000] {logging_mixin.py:188} INFO - shape: (2_878, 9)
┌────────────┬────────────┬────────────┬───────────┬───┬────────┬──────────┬───────────┬───────────┐
│ date       ┆ track_id   ┆ page_id    ┆ search_te ┆ … ┆ region ┆ platform ┆ max_posit ┆ count_eve │
│ ---        ┆ ---        ┆ ---        ┆ rm        ┆   ┆ ---    ┆ ---      ┆ ion       ┆ nt        │
│ str        ┆ str        ┆ str        ┆ ---       ┆   ┆ str    ┆ str      ┆ ---       ┆ ---       │
│            ┆            ┆            ┆ str       ┆   ┆        ┆          ┆ str       ┆ u32       │
╞════════════╪════════════╪════════════╪═══════════╪═══╪════════╪══════════╪═══════════╪═══════════╡
│ 2024-08-30 ┆ AEB642C3-3 ┆ og_flashsa ┆           ┆ … ┆ 1      ┆ ios      ┆ 8         ┆ 14        │
│ T00:00:00+ ┆ D81-4D9C-A ┆ le         ┆           ┆   ┆        ┆          ┆           ┆           │
│ 07:00      ┆ 7EA-FAE7C1 ┆            ┆           ┆   ┆        ┆          ┆           ┆           │
│            ┆ …          ┆            ┆           ┆   ┆        ┆          ┆           ┆           │
│ 2024-08-30 ┆ 553821EB-E ┆ og_listing ┆           ┆ … ┆ 2      ┆ ios      ┆ 8         ┆ 118       │
│ T00:00:00+ ┆ EC4-4CE1-9 ┆            ┆           ┆   ┆        ┆          ┆           ┆           │
│ 07:00      ┆ 564-1B6F03 ┆            ┆           ┆   ┆        ┆          ┆           ┆           │
│            ┆ …          ┆            ┆           ┆   ┆        ┆          ┆           ┆           │
│ 2024-08-30 ┆ dc57daf8cf ┆ og_home    ┆           ┆ … ┆ 1      ┆ zma      ┆ 200       ┆ 10        │
│ T00:00:00+ ┆ 887ec9a537 ┆            ┆           ┆   ┆        ┆          ┆           ┆           │
│ 07:00      ┆ 1dd8019137 ┆            ┆           ┆   ┆        ┆          ┆           ┆           │
│            ┆ …          ┆            ┆           ┆   ┆        ┆          ┆           ┆           │
│ 2024-08-30 ┆ 5c87a325-9 ┆ og_home    ┆           ┆ … ┆ 2      ┆ android  ┆ 90        ┆ 136       │
│ T00:00:00+ ┆ b18-48c4-b ┆            ┆           ┆   ┆        ┆          ┆           ┆           │
│ 07:00      ┆ 16f-c17ff2 ┆            ┆           ┆   ┆        ┆          ┆           ┆           │
│            ┆ …          ┆            ┆           ┆   ┆        ┆          ┆           ┆           │
│ 2024-08-30 ┆ 33907DE2-B ┆ og_home    ┆           ┆ … ┆ 1      ┆ ios      ┆ 2         ┆ 6         │
│ T00:00:00+ ┆ 69F-4729-9 ┆            ┆           ┆   ┆        ┆          ┆           ┆           │
│ 07:00      ┆ 1BB-458C88 ┆            ┆           ┆   ┆        ┆          ┆           ┆           │
│            ┆ …          ┆            ┆           ┆   ┆        ┆          ┆           ┆           │
│ …          ┆ …          ┆ …          ┆ …         ┆ … ┆ …      ┆ …        ┆ …         ┆ …         │
│ 2024-08-30 ┆ 109242f9fc ┆ og_search  ┆ merino    ┆ … ┆ 2      ┆ zma      ┆ 0         ┆ 2         │
│ T00:00:00+ ┆ ab6e2fc956 ┆            ┆           ┆   ┆        ┆          ┆           ┆           │
│ 07:00      ┆ 00e58876f5 ┆            ┆           ┆   ┆        ┆          ┆           ┆           │
│            ┆ …          ┆            ┆           ┆   ┆        ┆          ┆           ┆           │
│ 2024-08-30 ┆ C6FA8760-4 ┆ og_home    ┆           ┆ … ┆ 1      ┆ ios      ┆ 2         ┆ 6         │
│ T00:00:00+ ┆ AE8-4B73-A ┆            ┆           ┆   ┆        ┆          ┆           ┆           │
│ 07:00      ┆ FBA-81AE37 ┆            ┆           ┆   ┆        ┆          ┆           ┆           │
│            ┆ …          ┆            ┆           ┆   ┆        ┆          ┆           ┆           │
│ 2024-08-30 ┆ 8f37a3c1-5 ┆ og_home    ┆           ┆ … ┆ 2      ┆ android  ┆ 2         ┆ 3         │
│ T00:00:00+ ┆ 53d-445c-b ┆            ┆           ┆   ┆        ┆          ┆           ┆           │
│ 07:00      ┆ 681-6d05cd ┆            ┆           ┆   ┆        ┆          ┆           ┆           │
│            ┆ …          ┆            ┆           ┆   ┆        ┆          ┆           ┆           │
│ 2024-08-30 ┆ b1a54cb9b2 ┆ og_flashsa ┆           ┆ … ┆ 1      ┆ zma      ┆ 9         ┆ 43        │
│ T00:00:00+ ┆ 3295849ec0 ┆ le         ┆           ┆   ┆        ┆          ┆           ┆           │
│ 07:00      ┆ 484cb0bb73 ┆            ┆           ┆   ┆        ┆          ┆           ┆           │
│            ┆ …          ┆            ┆           ┆   ┆        ┆          ┆           ┆           │
│ 2024-08-30 ┆ 230b5b3b-0 ┆ og_listing ┆           ┆ … ┆ 2      ┆ android  ┆ 60        ┆ 27        │
│ T00:00:00+ ┆ ac2-4cdb-a ┆            ┆           ┆   ┆        ┆          ┆           ┆           │
│ 07:00      ┆ 8b6-77eb39 ┆            ┆           ┆   ┆        ┆          ┆           ┆           │
│            ┆ …          ┆            ┆           ┆   ┆        ┆          ┆           ┆           │
└────────────┴────────────┴────────────┴───────────┴───┴────────┴──────────┴───────────┴───────────┘
[2024-10-09T08:19:53.969+0000] {python.py:237} INFO - Done. Returned value was: None
[2024-10-09T08:19:53.970+0000] {taskinstance.py:441} INFO - ::group::Post task execution logs
[2024-10-09T08:19:53.982+0000] {taskinstance.py:1206} INFO - Marking task as SUCCESS. dag_id=dag_ETL_JsonData, task_id=Transfrom_Data_To_DataFrame, run_id=manual__2024-10-09T08:19:44.361127+00:00, execution_date=20241009T081944, start_date=20241009T081949, end_date=20241009T081953
[2024-10-09T08:19:54.022+0000] {local_task_job_runner.py:240} INFO - Task exited with return code 0
[2024-10-09T08:19:54.047+0000] {taskinstance.py:3498} INFO - 1 downstream tasks scheduled from follow-on schedule check
[2024-10-09T08:19:54.050+0000] {local_task_job_runner.py:222} INFO - ::endgroup::
