[2024-10-08T03:24:48.292+0000] {local_task_job_runner.py:120} INFO - ::group::Pre task execution logs
[2024-10-08T03:24:48.324+0000] {taskinstance.py:2076} INFO - Dependencies all met for dep_context=non-requeueable deps ti=<TaskInstance: dag_ETL_JsonData.Transfrom_Data_To_DataFrame manual__2024-10-08T03:24:42.531297+00:00 [queued]>
[2024-10-08T03:24:48.336+0000] {taskinstance.py:2076} INFO - Dependencies all met for dep_context=requeueable deps ti=<TaskInstance: dag_ETL_JsonData.Transfrom_Data_To_DataFrame manual__2024-10-08T03:24:42.531297+00:00 [queued]>
[2024-10-08T03:24:48.337+0000] {taskinstance.py:2306} INFO - Starting attempt 1 of 6
[2024-10-08T03:24:48.353+0000] {taskinstance.py:2330} INFO - Executing <Task(PythonOperator): Transfrom_Data_To_DataFrame> on 2024-10-08 03:24:42.531297+00:00
[2024-10-08T03:24:48.362+0000] {standard_task_runner.py:90} INFO - Running: ['***', 'tasks', 'run', 'dag_ETL_JsonData', 'Transfrom_Data_To_DataFrame', 'manual__2024-10-08T03:24:42.531297+00:00', '--job-id', '647', '--raw', '--subdir', 'DAGS_FOLDER/ETLProject/main.py', '--cfg-path', '/tmp/tmpj8aebgws']
[2024-10-08T03:24:48.364+0000] {standard_task_runner.py:91} INFO - Job 647: Subtask Transfrom_Data_To_DataFrame
[2024-10-08T03:24:48.366+0000] {logging_mixin.py:188} WARNING - /home/***/.local/lib/python3.12/site-packages/***/task/task_runner/standard_task_runner.py:61 DeprecationWarning: This process (pid=4485) is multi-threaded, use of fork() may lead to deadlocks in the child.
[2024-10-08T03:24:48.368+0000] {standard_task_runner.py:63} INFO - Started process 4487 to run task
[2024-10-08T03:24:48.415+0000] {task_command.py:426} INFO - Running <TaskInstance: dag_ETL_JsonData.Transfrom_Data_To_DataFrame manual__2024-10-08T03:24:42.531297+00:00 [running]> on host ecb02e117702
[2024-10-08T03:24:48.512+0000] {taskinstance.py:2648} INFO - Exporting env vars: AIRFLOW_CTX_DAG_OWNER='admin' AIRFLOW_CTX_DAG_ID='dag_ETL_JsonData' AIRFLOW_CTX_TASK_ID='Transfrom_Data_To_DataFrame' AIRFLOW_CTX_EXECUTION_DATE='2024-10-08T03:24:42.531297+00:00' AIRFLOW_CTX_TRY_NUMBER='1' AIRFLOW_CTX_DAG_RUN_ID='manual__2024-10-08T03:24:42.531297+00:00'
[2024-10-08T03:24:48.513+0000] {taskinstance.py:430} INFO - ::endgroup::
[2024-10-08T03:24:52.623+0000] {logging_mixin.py:188} INFO - {'date': shape: (2_878,)
Series: 'date' [str]
[
	"2024-08-30T00:00:00+07:00"
	"2024-08-30T00:00:00+07:00"
	"2024-08-30T00:00:00+07:00"
	"2024-08-30T00:00:00+07:00"
	"2024-08-30T00:00:00+07:00"
	…
	"2024-08-30T00:00:00+07:00"
	"2024-08-30T00:00:00+07:00"
	"2024-08-30T00:00:00+07:00"
	"2024-08-30T00:00:00+07:00"
	"2024-08-30T00:00:00+07:00"
], 'track_id': shape: (2_878,)
Series: 'track_id' [str]
[
	"77f0a05f8949f59ef2ab266d0a29e6…
	"c6c8fe7a-adc6-4506-81a3-d8cdd7…
	"daa46c59-5db1-4c35-9531-418d04…
	"a7c6af16-1198-4343-89da-821a7e…
	"bcfb5c071e21ec0c98d8a2038272d8…
	…
	"5D4CFDD5-095D-43F0-9D21-203D44…
	"47B11DDB-87FE-422B-B042-6BC076…
	"90c2c0e9-2178-43b1-b1b9-5e7173…
	"B8226F86-9A35-428F-8BCF-BBA39E…
	"451d1abd-b5fe-46e6-9cae-4fc5c9…
], 'page_id': shape: (2_878,)
Series: 'page_id' [str]
[
	"og_top_sell"
	"og_flashsale"
	"og_home"
	"og_listing"
	"og_search"
	…
	"og_search"
	"og_home"
	"og_search"
	"og_listing"
	"og_home"
], 'search_term': shape: (2_878,)
Series: 'search_term' [str]
[
	""
	""
	""
	""
	"chân gà"
	…
	"Bánh otto"
	""
	"Mì"
	""
	""
], 'block_id': shape: (2_878,)
Series: 'block_id' [str]
[
	""
	"og_feed_best_price"
	"og_feed_best_price"
	""
	""
	…
	""
	"og_top_sell"
	""
	""
	"og_feed_best_price"
], 'region': shape: (2_878,)
Series: 'region' [str]
[
	"1"
	"1"
	"2"
	"1"
	"2"
	…
	"1"
	"1"
	"2"
	"1"
	"2"
], 'platform': shape: (2_878,)
Series: 'platform' [str]
[
	"zma"
	"android"
	"android"
	"android"
	"zma"
	…
	"ios"
	"ios"
	"android"
	"ios"
	"android"
], 'max_position': shape: (2_878,)
Series: 'max_position' [str]
[
	"7"
	"8"
	"3"
	"7"
	"9"
	…
	"9"
	"2"
	"9"
	"9"
	"8"
], 'count_event': shape: (2_878,)
Series: 'count_event' [u32]
[
	8
	60
	4
	8
	57
	…
	58
	6
	83
	88
	3
]}
[2024-10-08T03:24:52.633+0000] {xcom.py:675} ERROR - Object of type Series is not JSON serializable. If you are using pickle instead of JSON for XCom, then you need to enable pickle support for XCom in your *** config or make sure to decorate your object with attr.
[2024-10-08T03:24:52.635+0000] {logging_mixin.py:188} INFO - Lỗi: Object of type Series is not JSON serializable
[2024-10-08T03:24:52.756+0000] {python.py:237} INFO - Done. Returned value was: []
[2024-10-08T03:24:52.757+0000] {taskinstance.py:441} INFO - ::group::Post task execution logs
[2024-10-08T03:24:52.784+0000] {taskinstance.py:1206} INFO - Marking task as SUCCESS. dag_id=dag_ETL_JsonData, task_id=Transfrom_Data_To_DataFrame, run_id=manual__2024-10-08T03:24:42.531297+00:00, execution_date=20241008T032442, start_date=20241008T032448, end_date=20241008T032452
[2024-10-08T03:24:52.842+0000] {local_task_job_runner.py:240} INFO - Task exited with return code 0
[2024-10-08T03:24:52.862+0000] {taskinstance.py:3498} INFO - 0 downstream tasks scheduled from follow-on schedule check
[2024-10-08T03:24:52.866+0000] {local_task_job_runner.py:222} INFO - ::endgroup::
